{"D:\\CODING\\sparx\\api-sparx\\dist\\src\\app.js": {"path":"D:\\CODING\\sparx\\api-sparx\\dist\\src\\app.js","statementMap":{"0":{"start":{"line":2,"column":22},"end":{"line":4,"column":1}},"1":{"start":{"line":3,"column":4},"end":{"line":3,"column":62}},"2":{"start":{"line":5,"column":0},"end":{"line":5,"column":62}},"3":{"start":{"line":6,"column":18},"end":{"line":6,"column":53}},"4":{"start":{"line":7,"column":15},"end":{"line":7,"column":47}},"5":{"start":{"line":8,"column":17},"end":{"line":8,"column":51}},"6":{"start":{"line":9,"column":24},"end":{"line":9,"column":65}},"7":{"start":{"line":10,"column":17},"end":{"line":10,"column":53}},"8":{"start":{"line":11,"column":0},"end":{"line":11,"column":26}},"9":{"start":{"line":12,"column":12},"end":{"line":12,"column":36}},"10":{"start":{"line":13,"column":13},"end":{"line":13,"column":37}},"11":{"start":{"line":14,"column":0},"end":{"line":14,"column":31}},"12":{"start":{"line":15,"column":0},"end":{"line":15,"column":40}},"13":{"start":{"line":16,"column":0},"end":{"line":16,"column":34}},"14":{"start":{"line":17,"column":0},"end":{"line":17,"column":37}},"15":{"start":{"line":18,"column":0},"end":{"line":18,"column":22}}},"fnMap":{"0":{"name":"(anonymous_0)","decl":{"start":{"line":2,"column":56},"end":{"line":2,"column":57}},"loc":{"start":{"line":2,"column":71},"end":{"line":4,"column":1}},"line":2}},"branchMap":{"0":{"loc":{"start":{"line":2,"column":22},"end":{"line":4,"column":1}},"type":"binary-expr","locations":[{"start":{"line":2,"column":23},"end":{"line":2,"column":27}},{"start":{"line":2,"column":31},"end":{"line":2,"column":51}},{"start":{"line":2,"column":56},"end":{"line":4,"column":1}}],"line":2},"1":{"loc":{"start":{"line":3,"column":11},"end":{"line":3,"column":61}},"type":"cond-expr","locations":[{"start":{"line":3,"column":37},"end":{"line":3,"column":40}},{"start":{"line":3,"column":43},"end":{"line":3,"column":61}}],"line":3},"2":{"loc":{"start":{"line":3,"column":12},"end":{"line":3,"column":33}},"type":"binary-expr","locations":[{"start":{"line":3,"column":12},"end":{"line":3,"column":15}},{"start":{"line":3,"column":19},"end":{"line":3,"column":33}}],"line":3},"3":{"loc":{"start":{"line":13,"column":13},"end":{"line":13,"column":37}},"type":"binary-expr","locations":[{"start":{"line":13,"column":13},"end":{"line":13,"column":29}},{"start":{"line":13,"column":33},"end":{"line":13,"column":37}}],"line":13}},"s":{"0":1,"1":5,"2":1,"3":1,"4":1,"5":1,"6":1,"7":1,"8":1,"9":1,"10":1,"11":1,"12":1,"13":1,"14":1,"15":1},"f":{"0":5},"b":{"0":[1,1,1],"1":[1,4],"2":[5,5],"3":[1,1]},"inputSourceMap":null,"_coverageSchema":"1a1c01bbd47fc00a2c39e90264f33305004495a9","hash":"86c34843954e22909e699f86d812f7a5f76a6227"}
,"D:\\CODING\\sparx\\api-sparx\\dist\\src\\controllers\\authController.js": {"path":"D:\\CODING\\sparx\\api-sparx\\dist\\src\\controllers\\authController.js","statementMap":{"0":{"start":{"line":2,"column":16},"end":{"line":10,"column":1}},"1":{"start":{"line":3,"column":28},"end":{"line":3,"column":110}},"2":{"start":{"line":3,"column":91},"end":{"line":3,"column":106}},"3":{"start":{"line":4,"column":4},"end":{"line":9,"column":7}},"4":{"start":{"line":5,"column":36},"end":{"line":5,"column":97}},"5":{"start":{"line":5,"column":42},"end":{"line":5,"column":70}},"6":{"start":{"line":5,"column":85},"end":{"line":5,"column":95}},"7":{"start":{"line":6,"column":35},"end":{"line":6,"column":100}},"8":{"start":{"line":6,"column":41},"end":{"line":6,"column":73}},"9":{"start":{"line":6,"column":88},"end":{"line":6,"column":98}},"10":{"start":{"line":7,"column":32},"end":{"line":7,"column":116}},"11":{"start":{"line":8,"column":8},"end":{"line":8,"column":78}},"12":{"start":{"line":11,"column":0},"end":{"line":11,"column":62}},"13":{"start":{"line":12,"column":0},"end":{"line":12,"column":23}},"14":{"start":{"line":13,"column":14},"end":{"line":15,"column":2}},"15":{"start":{"line":13,"column":28},"end":{"line":15,"column":2}},"16":{"start":{"line":14,"column":4},"end":{"line":14,"column":37}},"17":{"start":{"line":16,"column":0},"end":{"line":16,"column":22}}},"fnMap":{"0":{"name":"(anonymous_0)","decl":{"start":{"line":2,"column":44},"end":{"line":2,"column":45}},"loc":{"start":{"line":2,"column":89},"end":{"line":10,"column":1}},"line":2},"1":{"name":"adopt","decl":{"start":{"line":3,"column":13},"end":{"line":3,"column":18}},"loc":{"start":{"line":3,"column":26},"end":{"line":3,"column":112}},"line":3},"2":{"name":"(anonymous_2)","decl":{"start":{"line":3,"column":70},"end":{"line":3,"column":71}},"loc":{"start":{"line":3,"column":89},"end":{"line":3,"column":108}},"line":3},"3":{"name":"(anonymous_3)","decl":{"start":{"line":4,"column":36},"end":{"line":4,"column":37}},"loc":{"start":{"line":4,"column":63},"end":{"line":9,"column":5}},"line":4},"4":{"name":"fulfilled","decl":{"start":{"line":5,"column":17},"end":{"line":5,"column":26}},"loc":{"start":{"line":5,"column":34},"end":{"line":5,"column":99}},"line":5},"5":{"name":"rejected","decl":{"start":{"line":6,"column":17},"end":{"line":6,"column":25}},"loc":{"start":{"line":6,"column":33},"end":{"line":6,"column":102}},"line":6},"6":{"name":"step","decl":{"start":{"line":7,"column":17},"end":{"line":7,"column":21}},"loc":{"start":{"line":7,"column":30},"end":{"line":7,"column":118}},"line":7},"7":{"name":"(anonymous_7)","decl":{"start":{"line":13,"column":14},"end":{"line":13,"column":15}},"loc":{"start":{"line":13,"column":28},"end":{"line":15,"column":2}},"line":13},"8":{"name":"(anonymous_8)","decl":{"start":{"line":13,"column":62},"end":{"line":13,"column":63}},"loc":{"start":{"line":13,"column":75},"end":{"line":15,"column":1}},"line":13}},"branchMap":{"0":{"loc":{"start":{"line":2,"column":16},"end":{"line":10,"column":1}},"type":"binary-expr","locations":[{"start":{"line":2,"column":17},"end":{"line":2,"column":21}},{"start":{"line":2,"column":25},"end":{"line":2,"column":39}},{"start":{"line":2,"column":44},"end":{"line":10,"column":1}}],"line":2},"1":{"loc":{"start":{"line":3,"column":35},"end":{"line":3,"column":109}},"type":"cond-expr","locations":[{"start":{"line":3,"column":56},"end":{"line":3,"column":61}},{"start":{"line":3,"column":64},"end":{"line":3,"column":109}}],"line":3},"2":{"loc":{"start":{"line":4,"column":16},"end":{"line":4,"column":34}},"type":"binary-expr","locations":[{"start":{"line":4,"column":16},"end":{"line":4,"column":17}},{"start":{"line":4,"column":22},"end":{"line":4,"column":33}}],"line":4},"3":{"loc":{"start":{"line":7,"column":32},"end":{"line":7,"column":115}},"type":"cond-expr","locations":[{"start":{"line":7,"column":46},"end":{"line":7,"column":67}},{"start":{"line":7,"column":70},"end":{"line":7,"column":115}}],"line":7},"4":{"loc":{"start":{"line":8,"column":51},"end":{"line":8,"column":67}},"type":"binary-expr","locations":[{"start":{"line":8,"column":51},"end":{"line":8,"column":61}},{"start":{"line":8,"column":65},"end":{"line":8,"column":67}}],"line":8}},"s":{"0":1,"1":0,"2":0,"3":0,"4":0,"5":0,"6":0,"7":0,"8":0,"9":0,"10":0,"11":0,"12":1,"13":1,"14":1,"15":0,"16":0,"17":1},"f":{"0":0,"1":0,"2":0,"3":0,"4":0,"5":0,"6":0,"7":0,"8":0},"b":{"0":[1,1,1],"1":[0,0],"2":[0,0],"3":[0,0],"4":[0,0]},"inputSourceMap":null,"_coverageSchema":"1a1c01bbd47fc00a2c39e90264f33305004495a9","hash":"6ccccbb4837033da0fe18b1b6e1fd253122e38d0"}
,"D:\\CODING\\sparx\\api-sparx\\dist\\src\\routes\\authRoutes.js": {"path":"D:\\CODING\\sparx\\api-sparx\\dist\\src\\routes\\authRoutes.js","statementMap":{"0":{"start":{"line":2,"column":22},"end":{"line":4,"column":1}},"1":{"start":{"line":3,"column":4},"end":{"line":3,"column":62}},"2":{"start":{"line":5,"column":0},"end":{"line":5,"column":62}},"3":{"start":{"line":6,"column":18},"end":{"line":6,"column":53}},"4":{"start":{"line":7,"column":25},"end":{"line":7,"column":65}},"5":{"start":{"line":8,"column":15},"end":{"line":8,"column":41}},"6":{"start":{"line":9,"column":0},"end":{"line":9,"column":45}},"7":{"start":{"line":10,"column":0},"end":{"line":10,"column":25}}},"fnMap":{"0":{"name":"(anonymous_0)","decl":{"start":{"line":2,"column":56},"end":{"line":2,"column":57}},"loc":{"start":{"line":2,"column":71},"end":{"line":4,"column":1}},"line":2}},"branchMap":{"0":{"loc":{"start":{"line":2,"column":22},"end":{"line":4,"column":1}},"type":"binary-expr","locations":[{"start":{"line":2,"column":23},"end":{"line":2,"column":27}},{"start":{"line":2,"column":31},"end":{"line":2,"column":51}},{"start":{"line":2,"column":56},"end":{"line":4,"column":1}}],"line":2},"1":{"loc":{"start":{"line":3,"column":11},"end":{"line":3,"column":61}},"type":"cond-expr","locations":[{"start":{"line":3,"column":37},"end":{"line":3,"column":40}},{"start":{"line":3,"column":43},"end":{"line":3,"column":61}}],"line":3},"2":{"loc":{"start":{"line":3,"column":12},"end":{"line":3,"column":33}},"type":"binary-expr","locations":[{"start":{"line":3,"column":12},"end":{"line":3,"column":15}},{"start":{"line":3,"column":19},"end":{"line":3,"column":33}}],"line":3}},"s":{"0":1,"1":1,"2":1,"3":1,"4":1,"5":1,"6":1,"7":1},"f":{"0":1},"b":{"0":[1,1,1],"1":[0,1],"2":[1,1]},"inputSourceMap":null,"_coverageSchema":"1a1c01bbd47fc00a2c39e90264f33305004495a9","hash":"a498e1478db983fde61c0b42db1a726e84303298"}
,"D:\\CODING\\sparx\\api-sparx\\dist\\src\\routes\\index.js": {"path":"D:\\CODING\\sparx\\api-sparx\\dist\\src\\routes\\index.js","statementMap":{"0":{"start":{"line":2,"column":22},"end":{"line":4,"column":1}},"1":{"start":{"line":3,"column":4},"end":{"line":3,"column":62}},"2":{"start":{"line":5,"column":0},"end":{"line":5,"column":62}},"3":{"start":{"line":6,"column":18},"end":{"line":6,"column":53}},"4":{"start":{"line":7,"column":21},"end":{"line":7,"column":69}},"5":{"start":{"line":8,"column":15},"end":{"line":8,"column":41}},"6":{"start":{"line":9,"column":0},"end":{"line":9,"column":42}},"7":{"start":{"line":10,"column":0},"end":{"line":10,"column":25}}},"fnMap":{"0":{"name":"(anonymous_0)","decl":{"start":{"line":2,"column":56},"end":{"line":2,"column":57}},"loc":{"start":{"line":2,"column":71},"end":{"line":4,"column":1}},"line":2}},"branchMap":{"0":{"loc":{"start":{"line":2,"column":22},"end":{"line":4,"column":1}},"type":"binary-expr","locations":[{"start":{"line":2,"column":23},"end":{"line":2,"column":27}},{"start":{"line":2,"column":31},"end":{"line":2,"column":51}},{"start":{"line":2,"column":56},"end":{"line":4,"column":1}}],"line":2},"1":{"loc":{"start":{"line":3,"column":11},"end":{"line":3,"column":61}},"type":"cond-expr","locations":[{"start":{"line":3,"column":37},"end":{"line":3,"column":40}},{"start":{"line":3,"column":43},"end":{"line":3,"column":61}}],"line":3},"2":{"loc":{"start":{"line":3,"column":12},"end":{"line":3,"column":33}},"type":"binary-expr","locations":[{"start":{"line":3,"column":12},"end":{"line":3,"column":15}},{"start":{"line":3,"column":19},"end":{"line":3,"column":33}}],"line":3}},"s":{"0":1,"1":2,"2":1,"3":1,"4":1,"5":1,"6":1,"7":1},"f":{"0":2},"b":{"0":[1,1,1],"1":[1,1],"2":[2,2]},"inputSourceMap":null,"_coverageSchema":"1a1c01bbd47fc00a2c39e90264f33305004495a9","hash":"62b39498a96f2e96984fb32f708b0247b4db1879"}
,"D:\\CODING\\sparx\\api-sparx\\src\\app.ts": {"path":"D:\\CODING\\sparx\\api-sparx\\src\\app.ts","statementMap":{"0":{"start":{"line":1,"column":0},"end":{"line":1,"column":43}},"1":{"start":{"line":2,"column":0},"end":{"line":2,"column":24}},"2":{"start":{"line":3,"column":0},"end":{"line":3,"column":28}},"3":{"start":{"line":4,"column":0},"end":{"line":4,"column":41}},"4":{"start":{"line":5,"column":0},"end":{"line":5,"column":30}},"5":{"start":{"line":6,"column":0},"end":{"line":6,"column":38}},"6":{"start":{"line":7,"column":0},"end":{"line":7,"column":44}},"7":{"start":{"line":9,"column":0},"end":{"line":9,"column":16}},"8":{"start":{"line":11,"column":21},"end":{"line":11,"column":30}},"9":{"start":{"line":13,"column":0},"end":{"line":13,"column":16}},"10":{"start":{"line":14,"column":0},"end":{"line":14,"column":24}},"11":{"start":{"line":16,"column":0},"end":{"line":16,"column":17}},"12":{"start":{"line":17,"column":0},"end":{"line":17,"column":22}},"13":{"start":{"line":18,"column":0},"end":{"line":18,"column":24}},"14":{"start":{"line":19,"column":0},"end":{"line":19,"column":27}},"15":{"start":{"line":21,"column":0},"end":{"line":21,"column":19}}},"fnMap":{},"branchMap":{},"s":{"0":2,"1":2,"2":2,"3":2,"4":2,"5":2,"6":2,"7":2,"8":2,"9":2,"10":2,"11":2,"12":2,"13":2,"14":2,"15":2},"f":{},"b":{}}
,"D:\\CODING\\sparx\\api-sparx\\src\\config\\cloudinary.ts": {"path":"D:\\CODING\\sparx\\api-sparx\\src\\config\\cloudinary.ts","statementMap":{"0":{"start":{"line":1,"column":0},"end":{"line":1,"column":46}},"1":{"start":{"line":2,"column":0},"end":{"line":2,"column":28}},"2":{"start":{"line":4,"column":0},"end":{"line":4,"column":16}},"3":{"start":{"line":6,"column":0},"end":{"line":10,"column":3}},"4":{"start":{"line":12,"column":0},"end":{"line":12,"column":26}}},"fnMap":{},"branchMap":{},"s":{"0":2,"1":2,"2":2,"3":2,"4":2},"f":{},"b":{}}
,"D:\\CODING\\sparx\\api-sparx\\src\\config\\prisma.ts": {"path":"D:\\CODING\\sparx\\api-sparx\\src\\config\\prisma.ts","statementMap":{"0":{"start":{"line":1,"column":0},"end":{"line":1,"column":46}},"1":{"start":{"line":2,"column":15},"end":{"line":2,"column":33}},"2":{"start":{"line":3,"column":0},"end":{"line":33,"column":3}},"3":{"start":{"line":3,"column":40},"end":{"line":33,"column":2}},"4":{"start":{"line":4,"column":2},"end":{"line":15,"column":3}},"5":{"start":{"line":11,"column":4},"end":{"line":11,"column":36}},"6":{"start":{"line":12,"column":4},"end":{"line":12,"column":48}},"7":{"start":{"line":14,"column":4},"end":{"line":14,"column":39}},"8":{"start":{"line":16,"column":2},"end":{"line":21,"column":3}},"9":{"start":{"line":19,"column":4},"end":{"line":19,"column":29}},"10":{"start":{"line":20,"column":4},"end":{"line":20,"column":66}},"11":{"start":{"line":22,"column":2},"end":{"line":30,"column":3}},"12":{"start":{"line":24,"column":4},"end":{"line":24,"column":33}},"13":{"start":{"line":25,"column":4},"end":{"line":29,"column":5}},"14":{"start":{"line":26,"column":6},"end":{"line":26,"column":63}},"15":{"start":{"line":28,"column":6},"end":{"line":28,"column":68}},"16":{"start":{"line":32,"column":2},"end":{"line":32,"column":22}},"17":{"start":{"line":34,"column":0},"end":{"line":34,"column":22}}},"fnMap":{"0":{"name":"(anonymous_7)","decl":{"start":{"line":3,"column":12},"end":{"line":3,"column":19}},"loc":{"start":{"line":3,"column":40},"end":{"line":33,"column":2}}},"1":{"name":"(anonymous_8)","decl":{"start":{"line":3,"column":40},"end":{"line":3,"column":null}},"loc":{"start":{"line":3,"column":40},"end":{"line":33,"column":1}}}},"branchMap":{"0":{"loc":{"start":{"line":4,"column":2},"end":{"line":15,"column":3}},"type":"if","locations":[{"start":{"line":4,"column":2},"end":{"line":15,"column":3}}]},"1":{"loc":{"start":{"line":5,"column":4},"end":{"line":8,"column":33}},"type":"binary-expr","locations":[{"start":{"line":5,"column":4},"end":{"line":5,"column":32}},{"start":{"line":6,"column":4},"end":{"line":6,"column":33}},{"start":{"line":7,"column":4},"end":{"line":7,"column":34}},{"start":{"line":8,"column":4},"end":{"line":8,"column":33}}]},"2":{"loc":{"start":{"line":11,"column":18},"end":{"line":11,"column":35}},"type":"binary-expr","locations":[{"start":{"line":11,"column":18},"end":{"line":11,"column":29}},{"start":{"line":11,"column":33},"end":{"line":11,"column":35}}]},"3":{"loc":{"start":{"line":12,"column":24},"end":{"line":12,"column":47}},"type":"binary-expr","locations":[{"start":{"line":12,"column":24},"end":{"line":12,"column":41}},{"start":{"line":12,"column":45},"end":{"line":12,"column":47}}]},"4":{"loc":{"start":{"line":16,"column":2},"end":{"line":21,"column":3}},"type":"if","locations":[{"start":{"line":16,"column":2},"end":{"line":21,"column":3}}]},"5":{"loc":{"start":{"line":16,"column":6},"end":{"line":16,"column":64}},"type":"binary-expr","locations":[{"start":{"line":16,"column":6},"end":{"line":16,"column":31}},{"start":{"line":16,"column":35},"end":{"line":16,"column":64}}]},"6":{"loc":{"start":{"line":22,"column":2},"end":{"line":30,"column":3}},"type":"if","locations":[{"start":{"line":22,"column":2},"end":{"line":30,"column":3}}]},"7":{"loc":{"start":{"line":22,"column":6},"end":{"line":22,"column":68}},"type":"binary-expr","locations":[{"start":{"line":22,"column":6},"end":{"line":22,"column":35}},{"start":{"line":22,"column":39},"end":{"line":22,"column":68}}]},"8":{"loc":{"start":{"line":25,"column":4},"end":{"line":29,"column":5}},"type":"if","locations":[{"start":{"line":25,"column":4},"end":{"line":29,"column":5}},{"start":{"line":27,"column":11},"end":{"line":29,"column":5}}]}},"s":{"0":2,"1":2,"2":2,"3":84,"4":84,"5":21,"6":21,"7":21,"8":84,"9":1,"10":1,"11":84,"12":0,"13":0,"14":0,"15":0,"16":84,"17":2},"f":{"0":84,"1":84},"b":{"0":[21],"1":[84,83,63,63],"2":[21,1],"3":[21,1],"4":[1],"5":[84,1],"6":[0],"7":[84,0],"8":[0,0]}}
,"D:\\CODING\\sparx\\api-sparx\\src\\controllers\\authController.ts": {"path":"D:\\CODING\\sparx\\api-sparx\\src\\controllers\\authController.ts","statementMap":{"0":{"start":{"line":2,"column":0},"end":{"line":2,"column":36}},"1":{"start":{"line":3,"column":0},"end":{"line":3,"column":null}},"2":{"start":{"line":7,"column":0},"end":{"line":7,"column":35}},"3":{"start":{"line":8,"column":0},"end":{"line":8,"column":46}},"4":{"start":{"line":10,"column":24},"end":{"line":37,"column":2}},"5":{"start":{"line":10,"column":62},"end":{"line":37,"column":2}},"6":{"start":{"line":11,"column":2},"end":{"line":36,"column":3}},"7":{"start":{"line":12,"column":19},"end":{"line":12,"column":50}},"8":{"start":{"line":14,"column":4},"end":{"line":19,"column":5}},"9":{"start":{"line":15,"column":6},"end":{"line":15,"column":58}},"10":{"start":{"line":16,"column":6},"end":{"line":18,"column":67}},"11":{"start":{"line":21,"column":4},"end":{"line":21,"column":61}},"12":{"start":{"line":23,"column":4},"end":{"line":27,"column":7}},"13":{"start":{"line":31,"column":4},"end":{"line":31,"column":60}},"14":{"start":{"line":33,"column":4},"end":{"line":35,"column":65}},"15":{"start":{"line":10,"column":13},"end":{"line":10,"column":24}},"16":{"start":{"line":39,"column":21},"end":{"line":66,"column":2}},"17":{"start":{"line":39,"column":59},"end":{"line":66,"column":2}},"18":{"start":{"line":40,"column":2},"end":{"line":65,"column":3}},"19":{"start":{"line":41,"column":17},"end":{"line":41,"column":45}},"20":{"start":{"line":43,"column":4},"end":{"line":48,"column":5}},"21":{"start":{"line":44,"column":6},"end":{"line":44,"column":64}},"22":{"start":{"line":45,"column":6},"end":{"line":47,"column":72}},"23":{"start":{"line":49,"column":18},"end":{"line":49,"column":28}},"24":{"start":{"line":50,"column":4},"end":{"line":53,"column":7}},"25":{"start":{"line":54,"column":4},"end":{"line":61,"column":7}},"26":{"start":{"line":63,"column":4},"end":{"line":63,"column":49}},"27":{"start":{"line":64,"column":4},"end":{"line":64,"column":77}},"28":{"start":{"line":39,"column":13},"end":{"line":39,"column":21}},"29":{"start":{"line":68,"column":22},"end":{"line":79,"column":2}},"30":{"start":{"line":68,"column":60},"end":{"line":79,"column":2}},"31":{"start":{"line":69,"column":2},"end":{"line":74,"column":3}},"32":{"start":{"line":70,"column":4},"end":{"line":70,"column":51}},"33":{"start":{"line":71,"column":4},"end":{"line":73,"column":66}},"34":{"start":{"line":75,"column":2},"end":{"line":75,"column":27}},"35":{"start":{"line":76,"column":2},"end":{"line":78,"column":63}},"36":{"start":{"line":68,"column":13},"end":{"line":68,"column":22}}},"fnMap":{"0":{"name":"(anonymous_8)","decl":{"start":{"line":10,"column":24},"end":{"line":10,"column":31}},"loc":{"start":{"line":10,"column":62},"end":{"line":37,"column":2}}},"1":{"name":"(anonymous_9)","decl":{"start":{"line":10,"column":62},"end":{"line":10,"column":null}},"loc":{"start":{"line":10,"column":62},"end":{"line":37,"column":1}}},"2":{"name":"(anonymous_10)","decl":{"start":{"line":39,"column":21},"end":{"line":39,"column":28}},"loc":{"start":{"line":39,"column":59},"end":{"line":66,"column":2}}},"3":{"name":"(anonymous_11)","decl":{"start":{"line":39,"column":59},"end":{"line":39,"column":null}},"loc":{"start":{"line":39,"column":59},"end":{"line":66,"column":1}}},"4":{"name":"(anonymous_12)","decl":{"start":{"line":68,"column":22},"end":{"line":68,"column":29}},"loc":{"start":{"line":68,"column":60},"end":{"line":79,"column":2}}},"5":{"name":"(anonymous_13)","decl":{"start":{"line":68,"column":60},"end":{"line":68,"column":null}},"loc":{"start":{"line":68,"column":60},"end":{"line":79,"column":1}}}},"branchMap":{"0":{"loc":{"start":{"line":14,"column":4},"end":{"line":19,"column":5}},"type":"if","locations":[{"start":{"line":14,"column":4},"end":{"line":19,"column":5}}]},"1":{"loc":{"start":{"line":43,"column":4},"end":{"line":48,"column":5}},"type":"if","locations":[{"start":{"line":43,"column":4},"end":{"line":48,"column":5}}]},"2":{"loc":{"start":{"line":69,"column":2},"end":{"line":74,"column":3}},"type":"if","locations":[{"start":{"line":69,"column":2},"end":{"line":74,"column":3}}]},"3":{"loc":{"start":{"line":69,"column":7},"end":{"line":69,"column":26}},"type":"cond-expr","locations":[{"start":{"line":69,"column":19},"end":{"line":69,"column":21}},{"start":{"line":69,"column":19},"end":{"line":69,"column":26}}]},"4":{"loc":{"start":{"line":69,"column":7},"end":{"line":69,"column":21}},"type":"binary-expr","locations":[{"start":{"line":69,"column":7},"end":{"line":69,"column":21}},{"start":{"line":69,"column":19},"end":{"line":69,"column":21}}]},"5":{"loc":{"start":{"line":69,"column":7},"end":{"line":69,"column":19}},"type":"cond-expr","locations":[{"start":{"line":69,"column":10},"end":{"line":69,"column":12}},{"start":{"line":69,"column":7},"end":{"line":69,"column":19}}]},"6":{"loc":{"start":{"line":69,"column":7},"end":{"line":69,"column":12}},"type":"binary-expr","locations":[{"start":{"line":69,"column":7},"end":{"line":69,"column":12}},{"start":{"line":69,"column":7},"end":{"line":69,"column":12}}]}},"s":{"0":2,"1":2,"2":2,"3":2,"4":2,"5":2,"6":2,"7":2,"8":2,"9":1,"10":1,"11":1,"12":1,"13":0,"14":0,"15":2,"16":2,"17":14,"18":14,"19":14,"20":14,"21":1,"22":1,"23":13,"24":13,"25":13,"26":0,"27":0,"28":2,"29":2,"30":2,"31":2,"32":1,"33":1,"34":1,"35":1,"36":2},"f":{"0":2,"1":2,"2":14,"3":14,"4":2,"5":2},"b":{"0":[1],"1":[1],"2":[1],"3":[0,2],"4":[2,2],"5":[0,2],"6":[2,2]}}
,"D:\\CODING\\sparx\\api-sparx\\src\\controllers\\downloadPermissionController.ts": {"path":"D:\\CODING\\sparx\\api-sparx\\src\\controllers\\downloadPermissionController.ts","statementMap":{"0":{"start":{"line":3,"column":0},"end":{"line":3,"column":null}},"1":{"start":{"line":11,"column":0},"end":{"line":11,"column":36}},"2":{"start":{"line":12,"column":0},"end":{"line":12,"column":74}},"3":{"start":{"line":14,"column":32},"end":{"line":32,"column":2}},"4":{"start":{"line":14,"column":70},"end":{"line":32,"column":2}},"5":{"start":{"line":15,"column":2},"end":{"line":31,"column":3}},"6":{"start":{"line":16,"column":19},"end":{"line":16,"column":33}},"7":{"start":{"line":17,"column":4},"end":{"line":17,"column":80}},"8":{"start":{"line":18,"column":4},"end":{"line":24,"column":7}},"9":{"start":{"line":22,"column":8},"end":{"line":22,"column":49}},"10":{"start":{"line":26,"column":4},"end":{"line":26,"column":75}},"11":{"start":{"line":27,"column":4},"end":{"line":30,"column":7}},"12":{"start":{"line":14,"column":13},"end":{"line":14,"column":32}},"13":{"start":{"line":33,"column":35},"end":{"line":50,"column":2}},"14":{"start":{"line":33,"column":73},"end":{"line":50,"column":2}},"15":{"start":{"line":34,"column":2},"end":{"line":49,"column":3}},"16":{"start":{"line":35,"column":19},"end":{"line":35,"column":29}},"17":{"start":{"line":36,"column":19},"end":{"line":36,"column":38}},"18":{"start":{"line":37,"column":4},"end":{"line":37,"column":75}},"19":{"start":{"line":38,"column":4},"end":{"line":42,"column":7}},"20":{"start":{"line":44,"column":4},"end":{"line":44,"column":71}},"21":{"start":{"line":45,"column":4},"end":{"line":48,"column":7}},"22":{"start":{"line":33,"column":13},"end":{"line":33,"column":35}},"23":{"start":{"line":52,"column":30},"end":{"line":67,"column":2}},"24":{"start":{"line":52,"column":68},"end":{"line":67,"column":2}},"25":{"start":{"line":53,"column":2},"end":{"line":66,"column":3}},"26":{"start":{"line":54,"column":19},"end":{"line":54,"column":45}},"27":{"start":{"line":55,"column":4},"end":{"line":55,"column":73}},"28":{"start":{"line":56,"column":4},"end":{"line":60,"column":7}},"29":{"start":{"line":62,"column":4},"end":{"line":62,"column":68}},"30":{"start":{"line":63,"column":4},"end":{"line":65,"column":78}},"31":{"start":{"line":52,"column":13},"end":{"line":52,"column":30}},"32":{"start":{"line":69,"column":32},"end":{"line":86,"column":2}},"33":{"start":{"line":69,"column":70},"end":{"line":86,"column":2}},"34":{"start":{"line":70,"column":2},"end":{"line":85,"column":3}},"35":{"start":{"line":71,"column":19},"end":{"line":71,"column":29}},"36":{"start":{"line":72,"column":19},"end":{"line":72,"column":47}},"37":{"start":{"line":73,"column":4},"end":{"line":73,"column":74}},"38":{"start":{"line":74,"column":4},"end":{"line":78,"column":7}},"39":{"start":{"line":80,"column":4},"end":{"line":80,"column":21}},"40":{"start":{"line":81,"column":4},"end":{"line":81,"column":69}},"41":{"start":{"line":82,"column":4},"end":{"line":84,"column":78}},"42":{"start":{"line":69,"column":13},"end":{"line":69,"column":32}},"43":{"start":{"line":87,"column":32},"end":{"line":107,"column":2}},"44":{"start":{"line":87,"column":70},"end":{"line":107,"column":2}},"45":{"start":{"line":88,"column":2},"end":{"line":106,"column":3}},"46":{"start":{"line":89,"column":19},"end":{"line":89,"column":29}},"47":{"start":{"line":90,"column":4},"end":{"line":95,"column":5}},"48":{"start":{"line":91,"column":6},"end":{"line":91,"column":73}},"49":{"start":{"line":92,"column":6},"end":{"line":94,"column":80}},"50":{"start":{"line":96,"column":4},"end":{"line":96,"column":76}},"51":{"start":{"line":97,"column":4},"end":{"line":100,"column":7}},"52":{"start":{"line":102,"column":4},"end":{"line":102,"column":71}},"53":{"start":{"line":103,"column":4},"end":{"line":105,"column":78}},"54":{"start":{"line":87,"column":13},"end":{"line":87,"column":32}}},"fnMap":{"0":{"name":"(anonymous_8)","decl":{"start":{"line":14,"column":32},"end":{"line":14,"column":39}},"loc":{"start":{"line":14,"column":70},"end":{"line":32,"column":2}}},"1":{"name":"(anonymous_9)","decl":{"start":{"line":14,"column":70},"end":{"line":14,"column":null}},"loc":{"start":{"line":14,"column":70},"end":{"line":32,"column":1}}},"2":{"name":"(anonymous_10)","decl":{"start":{"line":21,"column":23},"end":{"line":21,"column":24}},"loc":{"start":{"line":21,"column":33},"end":{"line":23,"column":7}}},"3":{"name":"(anonymous_11)","decl":{"start":{"line":33,"column":35},"end":{"line":33,"column":42}},"loc":{"start":{"line":33,"column":73},"end":{"line":50,"column":2}}},"4":{"name":"(anonymous_12)","decl":{"start":{"line":33,"column":73},"end":{"line":33,"column":null}},"loc":{"start":{"line":33,"column":73},"end":{"line":50,"column":1}}},"5":{"name":"(anonymous_13)","decl":{"start":{"line":52,"column":30},"end":{"line":52,"column":37}},"loc":{"start":{"line":52,"column":68},"end":{"line":67,"column":2}}},"6":{"name":"(anonymous_14)","decl":{"start":{"line":52,"column":68},"end":{"line":52,"column":null}},"loc":{"start":{"line":52,"column":68},"end":{"line":67,"column":1}}},"7":{"name":"(anonymous_15)","decl":{"start":{"line":69,"column":32},"end":{"line":69,"column":39}},"loc":{"start":{"line":69,"column":70},"end":{"line":86,"column":2}}},"8":{"name":"(anonymous_16)","decl":{"start":{"line":69,"column":70},"end":{"line":69,"column":null}},"loc":{"start":{"line":69,"column":70},"end":{"line":86,"column":1}}},"9":{"name":"(anonymous_17)","decl":{"start":{"line":87,"column":32},"end":{"line":87,"column":39}},"loc":{"start":{"line":87,"column":70},"end":{"line":107,"column":2}}},"10":{"name":"(anonymous_18)","decl":{"start":{"line":87,"column":70},"end":{"line":87,"column":null}},"loc":{"start":{"line":87,"column":70},"end":{"line":107,"column":1}}}},"branchMap":{"0":{"loc":{"start":{"line":41,"column":12},"end":{"line":41,"column":62}},"type":"cond-expr","locations":[{"start":{"line":41,"column":21},"end":{"line":41,"column":55}},{"start":{"line":41,"column":58},"end":{"line":41,"column":62}}]},"1":{"loc":{"start":{"line":90,"column":4},"end":{"line":95,"column":5}},"type":"if","locations":[{"start":{"line":90,"column":4},"end":{"line":95,"column":5}}]}},"s":{"0":2,"1":2,"2":2,"3":2,"4":0,"5":0,"6":0,"7":0,"8":0,"9":0,"10":0,"11":0,"12":2,"13":2,"14":0,"15":0,"16":0,"17":0,"18":0,"19":0,"20":0,"21":0,"22":2,"23":2,"24":0,"25":0,"26":0,"27":0,"28":0,"29":0,"30":0,"31":2,"32":2,"33":0,"34":0,"35":0,"36":0,"37":0,"38":0,"39":0,"40":0,"41":0,"42":2,"43":2,"44":0,"45":0,"46":0,"47":0,"48":0,"49":0,"50":0,"51":0,"52":0,"53":0,"54":2},"f":{"0":0,"1":0,"2":0,"3":0,"4":0,"5":0,"6":0,"7":0,"8":0,"9":0,"10":0},"b":{"0":[0,0],"1":[0]}}
,"D:\\CODING\\sparx\\api-sparx\\src\\controllers\\genresController.ts": {"path":"D:\\CODING\\sparx\\api-sparx\\src\\controllers\\genresController.ts","statementMap":{"0":{"start":{"line":2,"column":0},"end":{"line":2,"column":null}},"1":{"start":{"line":9,"column":0},"end":{"line":9,"column":49}},"2":{"start":{"line":10,"column":0},"end":{"line":10,"column":36}},"3":{"start":{"line":12,"column":32},"end":{"line":29,"column":2}},"4":{"start":{"line":12,"column":70},"end":{"line":29,"column":2}},"5":{"start":{"line":13,"column":2},"end":{"line":28,"column":3}},"6":{"start":{"line":14,"column":19},"end":{"line":14,"column":39}},"7":{"start":{"line":15,"column":4},"end":{"line":15,"column":62}},"8":{"start":{"line":16,"column":4},"end":{"line":22,"column":7}},"9":{"start":{"line":20,"column":8},"end":{"line":20,"column":36}},"10":{"start":{"line":24,"column":4},"end":{"line":24,"column":60}},"11":{"start":{"line":25,"column":4},"end":{"line":27,"column":66}},"12":{"start":{"line":12,"column":13},"end":{"line":12,"column":32}},"13":{"start":{"line":30,"column":35},"end":{"line":46,"column":2}},"14":{"start":{"line":30,"column":73},"end":{"line":46,"column":2}},"15":{"start":{"line":31,"column":2},"end":{"line":45,"column":3}},"16":{"start":{"line":32,"column":19},"end":{"line":32,"column":29}},"17":{"start":{"line":33,"column":19},"end":{"line":33,"column":38}},"18":{"start":{"line":34,"column":4},"end":{"line":34,"column":53}},"19":{"start":{"line":35,"column":4},"end":{"line":39,"column":7}},"20":{"start":{"line":41,"column":4},"end":{"line":41,"column":51}},"21":{"start":{"line":42,"column":4},"end":{"line":44,"column":61}},"22":{"start":{"line":30,"column":13},"end":{"line":30,"column":35}},"23":{"start":{"line":48,"column":30},"end":{"line":63,"column":2}},"24":{"start":{"line":48,"column":68},"end":{"line":63,"column":2}},"25":{"start":{"line":49,"column":2},"end":{"line":62,"column":3}},"26":{"start":{"line":50,"column":19},"end":{"line":50,"column":45}},"27":{"start":{"line":51,"column":4},"end":{"line":51,"column":57}},"28":{"start":{"line":52,"column":4},"end":{"line":56,"column":7}},"29":{"start":{"line":58,"column":4},"end":{"line":58,"column":55}},"30":{"start":{"line":59,"column":4},"end":{"line":61,"column":65}},"31":{"start":{"line":48,"column":13},"end":{"line":48,"column":30}},"32":{"start":{"line":65,"column":32},"end":{"line":81,"column":2}},"33":{"start":{"line":65,"column":70},"end":{"line":81,"column":2}},"34":{"start":{"line":66,"column":2},"end":{"line":80,"column":3}},"35":{"start":{"line":67,"column":19},"end":{"line":67,"column":29}},"36":{"start":{"line":68,"column":19},"end":{"line":68,"column":47}},"37":{"start":{"line":69,"column":4},"end":{"line":69,"column":61}},"38":{"start":{"line":70,"column":4},"end":{"line":74,"column":7}},"39":{"start":{"line":76,"column":4},"end":{"line":76,"column":58}},"40":{"start":{"line":77,"column":4},"end":{"line":79,"column":67}},"41":{"start":{"line":65,"column":13},"end":{"line":65,"column":32}},"42":{"start":{"line":82,"column":32},"end":{"line":102,"column":2}},"43":{"start":{"line":82,"column":70},"end":{"line":102,"column":2}},"44":{"start":{"line":83,"column":2},"end":{"line":101,"column":3}},"45":{"start":{"line":84,"column":19},"end":{"line":84,"column":29}},"46":{"start":{"line":85,"column":4},"end":{"line":90,"column":5}},"47":{"start":{"line":86,"column":6},"end":{"line":86,"column":64}},"48":{"start":{"line":87,"column":6},"end":{"line":89,"column":71}},"49":{"start":{"line":91,"column":4},"end":{"line":91,"column":64}},"50":{"start":{"line":92,"column":4},"end":{"line":95,"column":7}},"51":{"start":{"line":97,"column":4},"end":{"line":97,"column":62}},"52":{"start":{"line":98,"column":4},"end":{"line":100,"column":69}},"53":{"start":{"line":82,"column":13},"end":{"line":82,"column":32}}},"fnMap":{"0":{"name":"(anonymous_8)","decl":{"start":{"line":12,"column":32},"end":{"line":12,"column":39}},"loc":{"start":{"line":12,"column":70},"end":{"line":29,"column":2}}},"1":{"name":"(anonymous_9)","decl":{"start":{"line":12,"column":70},"end":{"line":12,"column":null}},"loc":{"start":{"line":12,"column":70},"end":{"line":29,"column":1}}},"2":{"name":"(anonymous_10)","decl":{"start":{"line":19,"column":23},"end":{"line":19,"column":24}},"loc":{"start":{"line":19,"column":33},"end":{"line":21,"column":7}}},"3":{"name":"(anonymous_11)","decl":{"start":{"line":30,"column":35},"end":{"line":30,"column":42}},"loc":{"start":{"line":30,"column":73},"end":{"line":46,"column":2}}},"4":{"name":"(anonymous_12)","decl":{"start":{"line":30,"column":73},"end":{"line":30,"column":null}},"loc":{"start":{"line":30,"column":73},"end":{"line":46,"column":1}}},"5":{"name":"(anonymous_13)","decl":{"start":{"line":48,"column":30},"end":{"line":48,"column":37}},"loc":{"start":{"line":48,"column":68},"end":{"line":63,"column":2}}},"6":{"name":"(anonymous_14)","decl":{"start":{"line":48,"column":68},"end":{"line":48,"column":null}},"loc":{"start":{"line":48,"column":68},"end":{"line":63,"column":1}}},"7":{"name":"(anonymous_15)","decl":{"start":{"line":65,"column":32},"end":{"line":65,"column":39}},"loc":{"start":{"line":65,"column":70},"end":{"line":81,"column":2}}},"8":{"name":"(anonymous_16)","decl":{"start":{"line":65,"column":70},"end":{"line":65,"column":null}},"loc":{"start":{"line":65,"column":70},"end":{"line":81,"column":1}}},"9":{"name":"(anonymous_17)","decl":{"start":{"line":82,"column":32},"end":{"line":82,"column":39}},"loc":{"start":{"line":82,"column":70},"end":{"line":102,"column":2}}},"10":{"name":"(anonymous_18)","decl":{"start":{"line":82,"column":70},"end":{"line":82,"column":null}},"loc":{"start":{"line":82,"column":70},"end":{"line":102,"column":1}}}},"branchMap":{"0":{"loc":{"start":{"line":38,"column":12},"end":{"line":38,"column":49}},"type":"cond-expr","locations":[{"start":{"line":38,"column":21},"end":{"line":38,"column":42}},{"start":{"line":38,"column":45},"end":{"line":38,"column":49}}]},"1":{"loc":{"start":{"line":85,"column":4},"end":{"line":90,"column":5}},"type":"if","locations":[{"start":{"line":85,"column":4},"end":{"line":90,"column":5}}]}},"s":{"0":2,"1":2,"2":2,"3":2,"4":1,"5":1,"6":1,"7":1,"8":1,"9":0,"10":0,"11":0,"12":2,"13":2,"14":2,"15":2,"16":2,"17":2,"18":2,"19":2,"20":0,"21":0,"22":2,"23":2,"24":5,"25":5,"26":5,"27":5,"28":5,"29":0,"30":0,"31":2,"32":2,"33":1,"34":1,"35":1,"36":1,"37":1,"38":1,"39":0,"40":0,"41":2,"42":2,"43":2,"44":2,"45":2,"46":2,"47":1,"48":1,"49":1,"50":1,"51":0,"52":0,"53":2},"f":{"0":1,"1":1,"2":0,"3":2,"4":2,"5":5,"6":5,"7":1,"8":1,"9":2,"10":2},"b":{"0":[1,1],"1":[1]}}
,"D:\\CODING\\sparx\\api-sparx\\src\\controllers\\playlistController.ts": {"path":"D:\\CODING\\sparx\\api-sparx\\src\\controllers\\playlistController.ts","statementMap":{"0":{"start":{"line":2,"column":0},"end":{"line":2,"column":null}},"1":{"start":{"line":13,"column":0},"end":{"line":13,"column":76}},"2":{"start":{"line":14,"column":0},"end":{"line":14,"column":36}},"3":{"start":{"line":17,"column":0},"end":{"line":17,"column":53}},"4":{"start":{"line":19,"column":32},"end":{"line":43,"column":2}},"5":{"start":{"line":19,"column":76},"end":{"line":43,"column":2}},"6":{"start":{"line":20,"column":2},"end":{"line":42,"column":3}},"7":{"start":{"line":21,"column":4},"end":{"line":26,"column":5}},"8":{"start":{"line":22,"column":6},"end":{"line":22,"column":52}},"9":{"start":{"line":23,"column":6},"end":{"line":25,"column":72}},"10":{"start":{"line":28,"column":19},"end":{"line":28,"column":53}},"11":{"start":{"line":29,"column":4},"end":{"line":29,"column":69}},"12":{"start":{"line":30,"column":4},"end":{"line":36,"column":7}},"13":{"start":{"line":34,"column":8},"end":{"line":34,"column":39}},"14":{"start":{"line":38,"column":4},"end":{"line":38,"column":64}},"15":{"start":{"line":39,"column":4},"end":{"line":41,"column":70}},"16":{"start":{"line":19,"column":13},"end":{"line":19,"column":32}},"17":{"start":{"line":44,"column":35},"end":{"line":69,"column":2}},"18":{"start":{"line":47,"column":4},"end":{"line":69,"column":2}},"19":{"start":{"line":48,"column":2},"end":{"line":68,"column":3}},"20":{"start":{"line":49,"column":19},"end":{"line":49,"column":29}},"21":{"start":{"line":50,"column":4},"end":{"line":55,"column":5}},"22":{"start":{"line":51,"column":6},"end":{"line":51,"column":48}},"23":{"start":{"line":52,"column":6},"end":{"line":54,"column":71}},"24":{"start":{"line":56,"column":19},"end":{"line":56,"column":60}},"25":{"start":{"line":57,"column":4},"end":{"line":57,"column":64}},"26":{"start":{"line":58,"column":4},"end":{"line":62,"column":7}},"27":{"start":{"line":64,"column":4},"end":{"line":64,"column":59}},"28":{"start":{"line":65,"column":4},"end":{"line":67,"column":69}},"29":{"start":{"line":44,"column":13},"end":{"line":44,"column":35}},"30":{"start":{"line":71,"column":30},"end":{"line":94,"column":2}},"31":{"start":{"line":71,"column":74},"end":{"line":94,"column":2}},"32":{"start":{"line":72,"column":2},"end":{"line":93,"column":3}},"33":{"start":{"line":73,"column":4},"end":{"line":78,"column":5}},"34":{"start":{"line":74,"column":6},"end":{"line":74,"column":48}},"35":{"start":{"line":75,"column":6},"end":{"line":77,"column":71}},"36":{"start":{"line":79,"column":4},"end":{"line":79,"column":38}},"37":{"start":{"line":80,"column":19},"end":{"line":80,"column":45}},"38":{"start":{"line":81,"column":4},"end":{"line":81,"column":62}},"39":{"start":{"line":82,"column":4},"end":{"line":86,"column":7}},"40":{"start":{"line":88,"column":4},"end":{"line":88,"column":21}},"41":{"start":{"line":89,"column":4},"end":{"line":89,"column":57}},"42":{"start":{"line":90,"column":4},"end":{"line":92,"column":67}},"43":{"start":{"line":71,"column":13},"end":{"line":71,"column":30}},"44":{"start":{"line":96,"column":32},"end":{"line":136,"column":2}},"45":{"start":{"line":96,"column":76},"end":{"line":136,"column":2}},"46":{"start":{"line":97,"column":2},"end":{"line":135,"column":3}},"47":{"start":{"line":98,"column":19},"end":{"line":98,"column":29}},"48":{"start":{"line":99,"column":4},"end":{"line":104,"column":5}},"49":{"start":{"line":100,"column":6},"end":{"line":100,"column":49}},"50":{"start":{"line":101,"column":6},"end":{"line":103,"column":69}},"51":{"start":{"line":106,"column":24},"end":{"line":106,"column":65}},"52":{"start":{"line":107,"column":4},"end":{"line":112,"column":5}},"53":{"start":{"line":108,"column":6},"end":{"line":108,"column":53}},"54":{"start":{"line":109,"column":6},"end":{"line":111,"column":69}},"55":{"start":{"line":115,"column":4},"end":{"line":120,"column":5}},"56":{"start":{"line":116,"column":6},"end":{"line":116,"column":44}},"57":{"start":{"line":117,"column":6},"end":{"line":119,"column":63}},"58":{"start":{"line":122,"column":19},"end":{"line":122,"column":47}},"59":{"start":{"line":123,"column":4},"end":{"line":123,"column":64}},"60":{"start":{"line":124,"column":4},"end":{"line":128,"column":7}},"61":{"start":{"line":130,"column":4},"end":{"line":130,"column":21}},"62":{"start":{"line":131,"column":4},"end":{"line":131,"column":58}},"63":{"start":{"line":132,"column":4},"end":{"line":134,"column":67}},"64":{"start":{"line":96,"column":13},"end":{"line":96,"column":32}},"65":{"start":{"line":137,"column":32},"end":{"line":181,"column":2}},"66":{"start":{"line":137,"column":76},"end":{"line":181,"column":2}},"67":{"start":{"line":138,"column":2},"end":{"line":180,"column":3}},"68":{"start":{"line":139,"column":19},"end":{"line":139,"column":29}},"69":{"start":{"line":140,"column":4},"end":{"line":145,"column":5}},"70":{"start":{"line":141,"column":6},"end":{"line":141,"column":51}},"71":{"start":{"line":142,"column":6},"end":{"line":144,"column":69}},"72":{"start":{"line":147,"column":24},"end":{"line":147,"column":65}},"73":{"start":{"line":148,"column":4},"end":{"line":153,"column":5}},"74":{"start":{"line":149,"column":6},"end":{"line":149,"column":55}},"75":{"start":{"line":150,"column":6},"end":{"line":152,"column":69}},"76":{"start":{"line":156,"column":4},"end":{"line":161,"column":5}},"77":{"start":{"line":157,"column":6},"end":{"line":157,"column":46}},"78":{"start":{"line":158,"column":6},"end":{"line":160,"column":63}},"79":{"start":{"line":163,"column":4},"end":{"line":168,"column":5}},"80":{"start":{"line":164,"column":6},"end":{"line":164,"column":62}},"81":{"start":{"line":165,"column":6},"end":{"line":167,"column":69}},"82":{"start":{"line":170,"column":4},"end":{"line":170,"column":65}},"83":{"start":{"line":171,"column":4},"end":{"line":174,"column":7}},"84":{"start":{"line":176,"column":4},"end":{"line":176,"column":60}},"85":{"start":{"line":177,"column":4},"end":{"line":179,"column":67}},"86":{"start":{"line":137,"column":13},"end":{"line":137,"column":32}},"87":{"start":{"line":185,"column":38},"end":{"line":220,"column":2}},"88":{"start":{"line":188,"column":4},"end":{"line":220,"column":2}},"89":{"start":{"line":189,"column":2},"end":{"line":219,"column":3}},"90":{"start":{"line":190,"column":19},"end":{"line":190,"column":29}},"91":{"start":{"line":191,"column":4},"end":{"line":196,"column":5}},"92":{"start":{"line":192,"column":6},"end":{"line":192,"column":48}},"93":{"start":{"line":193,"column":6},"end":{"line":195,"column":74}},"94":{"start":{"line":198,"column":21},"end":{"line":198,"column":62}},"95":{"start":{"line":199,"column":4},"end":{"line":204,"column":5}},"96":{"start":{"line":200,"column":6},"end":{"line":200,"column":67}},"97":{"start":{"line":201,"column":6},"end":{"line":203,"column":74}},"98":{"start":{"line":205,"column":4},"end":{"line":205,"column":38}},"99":{"start":{"line":206,"column":19},"end":{"line":206,"column":59}},"100":{"start":{"line":207,"column":4},"end":{"line":207,"column":68}},"101":{"start":{"line":208,"column":4},"end":{"line":212,"column":7}},"102":{"start":{"line":214,"column":4},"end":{"line":214,"column":21}},"103":{"start":{"line":215,"column":4},"end":{"line":215,"column":65}},"104":{"start":{"line":216,"column":4},"end":{"line":218,"column":72}},"105":{"start":{"line":185,"column":13},"end":{"line":185,"column":38}},"106":{"start":{"line":222,"column":43},"end":{"line":281,"column":2}},"107":{"start":{"line":225,"column":4},"end":{"line":281,"column":2}},"108":{"start":{"line":226,"column":2},"end":{"line":280,"column":3}},"109":{"start":{"line":227,"column":27},"end":{"line":227,"column":37}},"110":{"start":{"line":228,"column":4},"end":{"line":233,"column":5}},"111":{"start":{"line":229,"column":6},"end":{"line":229,"column":48}},"112":{"start":{"line":230,"column":6},"end":{"line":232,"column":79}},"113":{"start":{"line":235,"column":24},"end":{"line":235,"column":65}},"114":{"start":{"line":236,"column":4},"end":{"line":241,"column":5}},"115":{"start":{"line":237,"column":6},"end":{"line":237,"column":55}},"116":{"start":{"line":238,"column":6},"end":{"line":240,"column":79}},"117":{"start":{"line":243,"column":30},"end":{"line":245,"column":null}},"118":{"start":{"line":248,"column":4},"end":{"line":253,"column":5}},"119":{"start":{"line":249,"column":6},"end":{"line":249,"column":63}},"120":{"start":{"line":250,"column":6},"end":{"line":252,"column":79}},"121":{"start":{"line":256,"column":4},"end":{"line":261,"column":5}},"122":{"start":{"line":257,"column":6},"end":{"line":257,"column":46}},"123":{"start":{"line":258,"column":6},"end":{"line":260,"column":63}},"124":{"start":{"line":263,"column":4},"end":{"line":268,"column":5}},"125":{"start":{"line":264,"column":6},"end":{"line":264,"column":72}},"126":{"start":{"line":265,"column":6},"end":{"line":267,"column":79}},"127":{"start":{"line":270,"column":4},"end":{"line":270,"column":75}},"128":{"start":{"line":271,"column":4},"end":{"line":274,"column":7}},"129":{"start":{"line":276,"column":4},"end":{"line":276,"column":70}},"130":{"start":{"line":277,"column":4},"end":{"line":279,"column":77}},"131":{"start":{"line":222,"column":13},"end":{"line":222,"column":43}}},"fnMap":{"0":{"name":"(anonymous_8)","decl":{"start":{"line":19,"column":32},"end":{"line":19,"column":39}},"loc":{"start":{"line":19,"column":76},"end":{"line":43,"column":2}}},"1":{"name":"(anonymous_9)","decl":{"start":{"line":19,"column":76},"end":{"line":19,"column":null}},"loc":{"start":{"line":19,"column":76},"end":{"line":43,"column":1}}},"2":{"name":"(anonymous_10)","decl":{"start":{"line":33,"column":23},"end":{"line":33,"column":24}},"loc":{"start":{"line":33,"column":33},"end":{"line":35,"column":7}}},"3":{"name":"(anonymous_11)","decl":{"start":{"line":44,"column":35},"end":{"line":44,"column":null}},"loc":{"start":{"line":47,"column":4},"end":{"line":69,"column":2}}},"4":{"name":"(anonymous_12)","decl":{"start":{"line":47,"column":4},"end":{"line":47,"column":null}},"loc":{"start":{"line":47,"column":4},"end":{"line":69,"column":1}}},"5":{"name":"(anonymous_13)","decl":{"start":{"line":71,"column":30},"end":{"line":71,"column":37}},"loc":{"start":{"line":71,"column":74},"end":{"line":94,"column":2}}},"6":{"name":"(anonymous_14)","decl":{"start":{"line":71,"column":74},"end":{"line":71,"column":null}},"loc":{"start":{"line":71,"column":74},"end":{"line":94,"column":1}}},"7":{"name":"(anonymous_15)","decl":{"start":{"line":96,"column":32},"end":{"line":96,"column":39}},"loc":{"start":{"line":96,"column":76},"end":{"line":136,"column":2}}},"8":{"name":"(anonymous_16)","decl":{"start":{"line":96,"column":76},"end":{"line":96,"column":null}},"loc":{"start":{"line":96,"column":76},"end":{"line":136,"column":1}}},"9":{"name":"(anonymous_17)","decl":{"start":{"line":137,"column":32},"end":{"line":137,"column":39}},"loc":{"start":{"line":137,"column":76},"end":{"line":181,"column":2}}},"10":{"name":"(anonymous_18)","decl":{"start":{"line":137,"column":76},"end":{"line":137,"column":null}},"loc":{"start":{"line":137,"column":76},"end":{"line":181,"column":1}}},"11":{"name":"(anonymous_19)","decl":{"start":{"line":185,"column":38},"end":{"line":185,"column":null}},"loc":{"start":{"line":188,"column":4},"end":{"line":220,"column":2}}},"12":{"name":"(anonymous_20)","decl":{"start":{"line":188,"column":4},"end":{"line":188,"column":null}},"loc":{"start":{"line":188,"column":4},"end":{"line":220,"column":1}}},"13":{"name":"(anonymous_21)","decl":{"start":{"line":222,"column":43},"end":{"line":222,"column":null}},"loc":{"start":{"line":225,"column":4},"end":{"line":281,"column":2}}},"14":{"name":"(anonymous_22)","decl":{"start":{"line":225,"column":4},"end":{"line":225,"column":null}},"loc":{"start":{"line":225,"column":4},"end":{"line":281,"column":1}}}},"branchMap":{"0":{"loc":{"start":{"line":21,"column":4},"end":{"line":26,"column":5}},"type":"if","locations":[{"start":{"line":21,"column":4},"end":{"line":26,"column":5}}]},"1":{"loc":{"start":{"line":21,"column":9},"end":{"line":21,"column":18}},"type":"cond-expr","locations":[{"start":{"line":21,"column":12},"end":{"line":21,"column":14}},{"start":{"line":21,"column":9},"end":{"line":21,"column":18}}]},"2":{"loc":{"start":{"line":21,"column":9},"end":{"line":21,"column":14}},"type":"binary-expr","locations":[{"start":{"line":21,"column":9},"end":{"line":21,"column":14}},{"start":{"line":21,"column":9},"end":{"line":21,"column":14}}]},"3":{"loc":{"start":{"line":50,"column":4},"end":{"line":55,"column":5}},"type":"if","locations":[{"start":{"line":50,"column":4},"end":{"line":55,"column":5}}]},"4":{"loc":{"start":{"line":50,"column":9},"end":{"line":50,"column":18}},"type":"cond-expr","locations":[{"start":{"line":50,"column":12},"end":{"line":50,"column":14}},{"start":{"line":50,"column":9},"end":{"line":50,"column":18}}]},"5":{"loc":{"start":{"line":50,"column":9},"end":{"line":50,"column":14}},"type":"binary-expr","locations":[{"start":{"line":50,"column":9},"end":{"line":50,"column":14}},{"start":{"line":50,"column":9},"end":{"line":50,"column":14}}]},"6":{"loc":{"start":{"line":61,"column":12},"end":{"line":61,"column":52}},"type":"cond-expr","locations":[{"start":{"line":61,"column":21},"end":{"line":61,"column":45}},{"start":{"line":61,"column":48},"end":{"line":61,"column":52}}]},"7":{"loc":{"start":{"line":73,"column":4},"end":{"line":78,"column":5}},"type":"if","locations":[{"start":{"line":73,"column":4},"end":{"line":78,"column":5}}]},"8":{"loc":{"start":{"line":73,"column":9},"end":{"line":73,"column":18}},"type":"cond-expr","locations":[{"start":{"line":73,"column":12},"end":{"line":73,"column":14}},{"start":{"line":73,"column":9},"end":{"line":73,"column":18}}]},"9":{"loc":{"start":{"line":73,"column":9},"end":{"line":73,"column":14}},"type":"binary-expr","locations":[{"start":{"line":73,"column":9},"end":{"line":73,"column":14}},{"start":{"line":73,"column":9},"end":{"line":73,"column":14}}]},"10":{"loc":{"start":{"line":99,"column":4},"end":{"line":104,"column":5}},"type":"if","locations":[{"start":{"line":99,"column":4},"end":{"line":104,"column":5}}]},"11":{"loc":{"start":{"line":99,"column":9},"end":{"line":99,"column":18}},"type":"cond-expr","locations":[{"start":{"line":99,"column":12},"end":{"line":99,"column":14}},{"start":{"line":99,"column":9},"end":{"line":99,"column":18}}]},"12":{"loc":{"start":{"line":99,"column":9},"end":{"line":99,"column":14}},"type":"binary-expr","locations":[{"start":{"line":99,"column":9},"end":{"line":99,"column":14}},{"start":{"line":99,"column":9},"end":{"line":99,"column":14}}]},"13":{"loc":{"start":{"line":107,"column":4},"end":{"line":112,"column":5}},"type":"if","locations":[{"start":{"line":107,"column":4},"end":{"line":112,"column":5}}]},"14":{"loc":{"start":{"line":115,"column":4},"end":{"line":120,"column":5}},"type":"if","locations":[{"start":{"line":115,"column":4},"end":{"line":120,"column":5}}]},"15":{"loc":{"start":{"line":140,"column":4},"end":{"line":145,"column":5}},"type":"if","locations":[{"start":{"line":140,"column":4},"end":{"line":145,"column":5}}]},"16":{"loc":{"start":{"line":140,"column":9},"end":{"line":140,"column":18}},"type":"cond-expr","locations":[{"start":{"line":140,"column":12},"end":{"line":140,"column":14}},{"start":{"line":140,"column":9},"end":{"line":140,"column":18}}]},"17":{"loc":{"start":{"line":140,"column":9},"end":{"line":140,"column":14}},"type":"binary-expr","locations":[{"start":{"line":140,"column":9},"end":{"line":140,"column":14}},{"start":{"line":140,"column":9},"end":{"line":140,"column":14}}]},"18":{"loc":{"start":{"line":148,"column":4},"end":{"line":153,"column":5}},"type":"if","locations":[{"start":{"line":148,"column":4},"end":{"line":153,"column":5}}]},"19":{"loc":{"start":{"line":156,"column":4},"end":{"line":161,"column":5}},"type":"if","locations":[{"start":{"line":156,"column":4},"end":{"line":161,"column":5}}]},"20":{"loc":{"start":{"line":163,"column":4},"end":{"line":168,"column":5}},"type":"if","locations":[{"start":{"line":163,"column":4},"end":{"line":168,"column":5}}]},"21":{"loc":{"start":{"line":191,"column":4},"end":{"line":196,"column":5}},"type":"if","locations":[{"start":{"line":191,"column":4},"end":{"line":196,"column":5}}]},"22":{"loc":{"start":{"line":191,"column":9},"end":{"line":191,"column":18}},"type":"cond-expr","locations":[{"start":{"line":191,"column":12},"end":{"line":191,"column":14}},{"start":{"line":191,"column":9},"end":{"line":191,"column":18}}]},"23":{"loc":{"start":{"line":191,"column":9},"end":{"line":191,"column":14}},"type":"binary-expr","locations":[{"start":{"line":191,"column":9},"end":{"line":191,"column":14}},{"start":{"line":191,"column":9},"end":{"line":191,"column":14}}]},"24":{"loc":{"start":{"line":199,"column":4},"end":{"line":204,"column":5}},"type":"if","locations":[{"start":{"line":199,"column":4},"end":{"line":204,"column":5}}]},"25":{"loc":{"start":{"line":228,"column":4},"end":{"line":233,"column":5}},"type":"if","locations":[{"start":{"line":228,"column":4},"end":{"line":233,"column":5}}]},"26":{"loc":{"start":{"line":228,"column":9},"end":{"line":228,"column":18}},"type":"cond-expr","locations":[{"start":{"line":228,"column":12},"end":{"line":228,"column":14}},{"start":{"line":228,"column":9},"end":{"line":228,"column":18}}]},"27":{"loc":{"start":{"line":228,"column":9},"end":{"line":228,"column":14}},"type":"binary-expr","locations":[{"start":{"line":228,"column":9},"end":{"line":228,"column":14}},{"start":{"line":228,"column":9},"end":{"line":228,"column":14}}]},"28":{"loc":{"start":{"line":236,"column":4},"end":{"line":241,"column":5}},"type":"if","locations":[{"start":{"line":236,"column":4},"end":{"line":241,"column":5}}]},"29":{"loc":{"start":{"line":248,"column":4},"end":{"line":253,"column":5}},"type":"if","locations":[{"start":{"line":248,"column":4},"end":{"line":253,"column":5}}]},"30":{"loc":{"start":{"line":256,"column":4},"end":{"line":261,"column":5}},"type":"if","locations":[{"start":{"line":256,"column":4},"end":{"line":261,"column":5}}]},"31":{"loc":{"start":{"line":263,"column":4},"end":{"line":268,"column":5}},"type":"if","locations":[{"start":{"line":263,"column":4},"end":{"line":268,"column":5}}]}},"s":{"0":2,"1":2,"2":2,"3":2,"4":2,"5":0,"6":0,"7":0,"8":0,"9":0,"10":0,"11":0,"12":0,"13":0,"14":0,"15":0,"16":2,"17":2,"18":0,"19":0,"20":0,"21":0,"22":0,"23":0,"24":0,"25":0,"26":0,"27":0,"28":0,"29":2,"30":2,"31":0,"32":0,"33":0,"34":0,"35":0,"36":0,"37":0,"38":0,"39":0,"40":0,"41":0,"42":0,"43":2,"44":2,"45":0,"46":0,"47":0,"48":0,"49":0,"50":0,"51":0,"52":0,"53":0,"54":0,"55":0,"56":0,"57":0,"58":0,"59":0,"60":0,"61":0,"62":0,"63":0,"64":2,"65":2,"66":0,"67":0,"68":0,"69":0,"70":0,"71":0,"72":0,"73":0,"74":0,"75":0,"76":0,"77":0,"78":0,"79":0,"80":0,"81":0,"82":0,"83":0,"84":0,"85":0,"86":2,"87":2,"88":0,"89":0,"90":0,"91":0,"92":0,"93":0,"94":0,"95":0,"96":0,"97":0,"98":0,"99":0,"100":0,"101":0,"102":0,"103":0,"104":0,"105":2,"106":2,"107":0,"108":0,"109":0,"110":0,"111":0,"112":0,"113":0,"114":0,"115":0,"116":0,"117":0,"118":0,"119":0,"120":0,"121":0,"122":0,"123":0,"124":0,"125":0,"126":0,"127":0,"128":0,"129":0,"130":0,"131":2},"f":{"0":0,"1":0,"2":0,"3":0,"4":0,"5":0,"6":0,"7":0,"8":0,"9":0,"10":0,"11":0,"12":0,"13":0,"14":0},"b":{"0":[0],"1":[0,0],"2":[0,0],"3":[0],"4":[0,0],"5":[0,0],"6":[0,0],"7":[0],"8":[0,0],"9":[0,0],"10":[0],"11":[0,0],"12":[0,0],"13":[0],"14":[0],"15":[0],"16":[0,0],"17":[0,0],"18":[0],"19":[0],"20":[0],"21":[0],"22":[0,0],"23":[0,0],"24":[0],"25":[0],"26":[0,0],"27":[0,0],"28":[0],"29":[0],"30":[0],"31":[0]}}
,"D:\\CODING\\sparx\\api-sparx\\src\\controllers\\publicPlaylistController.ts": {"path":"D:\\CODING\\sparx\\api-sparx\\src\\controllers\\publicPlaylistController.ts","statementMap":{"0":{"start":{"line":2,"column":0},"end":{"line":2,"column":null}},"1":{"start":{"line":8,"column":0},"end":{"line":8,"column":null}},"2":{"start":{"line":12,"column":0},"end":{"line":12,"column":36}},"3":{"start":{"line":14,"column":32},"end":{"line":31,"column":2}},"4":{"start":{"line":14,"column":70},"end":{"line":31,"column":2}},"5":{"start":{"line":15,"column":2},"end":{"line":30,"column":3}},"6":{"start":{"line":16,"column":19},"end":{"line":16,"column":33}},"7":{"start":{"line":17,"column":4},"end":{"line":17,"column":76}},"8":{"start":{"line":18,"column":4},"end":{"line":24,"column":7}},"9":{"start":{"line":22,"column":8},"end":{"line":22,"column":45}},"10":{"start":{"line":26,"column":4},"end":{"line":26,"column":71}},"11":{"start":{"line":27,"column":4},"end":{"line":29,"column":77}},"12":{"start":{"line":14,"column":13},"end":{"line":14,"column":32}},"13":{"start":{"line":32,"column":35},"end":{"line":48,"column":2}},"14":{"start":{"line":32,"column":73},"end":{"line":48,"column":2}},"15":{"start":{"line":33,"column":2},"end":{"line":47,"column":3}},"16":{"start":{"line":34,"column":19},"end":{"line":34,"column":29}},"17":{"start":{"line":35,"column":19},"end":{"line":35,"column":38}},"18":{"start":{"line":36,"column":4},"end":{"line":36,"column":71}},"19":{"start":{"line":37,"column":4},"end":{"line":41,"column":7}},"20":{"start":{"line":43,"column":4},"end":{"line":43,"column":65}},"21":{"start":{"line":44,"column":4},"end":{"line":46,"column":76}},"22":{"start":{"line":32,"column":13},"end":{"line":32,"column":35}},"23":{"start":{"line":49,"column":36},"end":{"line":66,"column":2}},"24":{"start":{"line":49,"column":74},"end":{"line":66,"column":2}},"25":{"start":{"line":50,"column":2},"end":{"line":65,"column":3}},"26":{"start":{"line":51,"column":19},"end":{"line":51,"column":29}},"27":{"start":{"line":52,"column":19},"end":{"line":52,"column":39}},"28":{"start":{"line":53,"column":4},"end":{"line":53,"column":77}},"29":{"start":{"line":54,"column":4},"end":{"line":58,"column":7}},"30":{"start":{"line":60,"column":4},"end":{"line":60,"column":71}},"31":{"start":{"line":61,"column":4},"end":{"line":64,"column":7}},"32":{"start":{"line":49,"column":13},"end":{"line":49,"column":36}}},"fnMap":{"0":{"name":"(anonymous_8)","decl":{"start":{"line":14,"column":32},"end":{"line":14,"column":39}},"loc":{"start":{"line":14,"column":70},"end":{"line":31,"column":2}}},"1":{"name":"(anonymous_9)","decl":{"start":{"line":14,"column":70},"end":{"line":14,"column":null}},"loc":{"start":{"line":14,"column":70},"end":{"line":31,"column":1}}},"2":{"name":"(anonymous_10)","decl":{"start":{"line":21,"column":23},"end":{"line":21,"column":24}},"loc":{"start":{"line":21,"column":33},"end":{"line":23,"column":7}}},"3":{"name":"(anonymous_11)","decl":{"start":{"line":32,"column":35},"end":{"line":32,"column":42}},"loc":{"start":{"line":32,"column":73},"end":{"line":48,"column":2}}},"4":{"name":"(anonymous_12)","decl":{"start":{"line":32,"column":73},"end":{"line":32,"column":null}},"loc":{"start":{"line":32,"column":73},"end":{"line":48,"column":1}}},"5":{"name":"(anonymous_13)","decl":{"start":{"line":49,"column":36},"end":{"line":49,"column":43}},"loc":{"start":{"line":49,"column":74},"end":{"line":66,"column":2}}},"6":{"name":"(anonymous_14)","decl":{"start":{"line":49,"column":74},"end":{"line":49,"column":null}},"loc":{"start":{"line":49,"column":74},"end":{"line":66,"column":1}}}},"branchMap":{"0":{"loc":{"start":{"line":40,"column":12},"end":{"line":40,"column":58}},"type":"cond-expr","locations":[{"start":{"line":40,"column":21},"end":{"line":40,"column":51}},{"start":{"line":40,"column":54},"end":{"line":40,"column":58}}]},"1":{"loc":{"start":{"line":57,"column":12},"end":{"line":57,"column":62}},"type":"cond-expr","locations":[{"start":{"line":57,"column":21},"end":{"line":57,"column":55}},{"start":{"line":57,"column":58},"end":{"line":57,"column":62}}]}},"s":{"0":2,"1":2,"2":2,"3":2,"4":0,"5":0,"6":0,"7":0,"8":0,"9":0,"10":0,"11":0,"12":2,"13":2,"14":0,"15":0,"16":0,"17":0,"18":0,"19":0,"20":0,"21":0,"22":2,"23":2,"24":0,"25":0,"26":0,"27":0,"28":0,"29":0,"30":0,"31":0,"32":2},"f":{"0":0,"1":0,"2":0,"3":0,"4":0,"5":0,"6":0},"b":{"0":[0,0],"1":[0,0]}}
,"D:\\CODING\\sparx\\api-sparx\\src\\controllers\\songController.ts": {"path":"D:\\CODING\\sparx\\api-sparx\\src\\controllers\\songController.ts","statementMap":{"0":{"start":{"line":2,"column":0},"end":{"line":2,"column":null}},"1":{"start":{"line":9,"column":0},"end":{"line":9,"column":46}},"2":{"start":{"line":10,"column":0},"end":{"line":10,"column":36}},"3":{"start":{"line":12,"column":0},"end":{"line":12,"column":50}},"4":{"start":{"line":13,"column":0},"end":{"line":13,"column":45}},"5":{"start":{"line":15,"column":32},"end":{"line":32,"column":2}},"6":{"start":{"line":15,"column":70},"end":{"line":32,"column":2}},"7":{"start":{"line":16,"column":2},"end":{"line":31,"column":3}},"8":{"start":{"line":17,"column":19},"end":{"line":17,"column":39}},"9":{"start":{"line":18,"column":4},"end":{"line":18,"column":62}},"10":{"start":{"line":19,"column":4},"end":{"line":25,"column":7}},"11":{"start":{"line":23,"column":8},"end":{"line":23,"column":35}},"12":{"start":{"line":27,"column":4},"end":{"line":27,"column":60}},"13":{"start":{"line":28,"column":4},"end":{"line":30,"column":66}},"14":{"start":{"line":15,"column":13},"end":{"line":15,"column":32}},"15":{"start":{"line":33,"column":35},"end":{"line":49,"column":2}},"16":{"start":{"line":33,"column":73},"end":{"line":49,"column":2}},"17":{"start":{"line":34,"column":2},"end":{"line":48,"column":3}},"18":{"start":{"line":35,"column":19},"end":{"line":35,"column":29}},"19":{"start":{"line":36,"column":19},"end":{"line":36,"column":38}},"20":{"start":{"line":37,"column":4},"end":{"line":37,"column":53}},"21":{"start":{"line":38,"column":4},"end":{"line":42,"column":7}},"22":{"start":{"line":44,"column":4},"end":{"line":44,"column":51}},"23":{"start":{"line":45,"column":4},"end":{"line":47,"column":61}},"24":{"start":{"line":33,"column":13},"end":{"line":33,"column":35}},"25":{"start":{"line":51,"column":30},"end":{"line":106,"column":2}},"26":{"start":{"line":51,"column":74},"end":{"line":106,"column":2}},"27":{"start":{"line":52,"column":2},"end":{"line":105,"column":3}},"28":{"start":{"line":54,"column":4},"end":{"line":64,"column":5}},"29":{"start":{"line":58,"column":6},"end":{"line":60,"column":8}},"30":{"start":{"line":61,"column":6},"end":{"line":63,"column":69}},"31":{"start":{"line":67,"column":19},"end":{"line":67,"column":66}},"32":{"start":{"line":68,"column":4},"end":{"line":73,"column":5}},"33":{"start":{"line":69,"column":6},"end":{"line":69,"column":55}},"34":{"start":{"line":70,"column":6},"end":{"line":72,"column":67}},"35":{"start":{"line":76,"column":4},"end":{"line":86,"column":5}},"36":{"start":{"line":77,"column":24},"end":{"line":77,"column":76}},"37":{"start":{"line":78,"column":6},"end":{"line":83,"column":7}},"38":{"start":{"line":79,"column":8},"end":{"line":79,"column":57}},"39":{"start":{"line":80,"column":8},"end":{"line":82,"column":69}},"40":{"start":{"line":85,"column":6},"end":{"line":85,"column":48}},"41":{"start":{"line":89,"column":4},"end":{"line":89,"column":42}},"42":{"start":{"line":90,"column":4},"end":{"line":90,"column":40}},"43":{"start":{"line":92,"column":19},"end":{"line":92,"column":45}},"44":{"start":{"line":93,"column":4},"end":{"line":93,"column":56}},"45":{"start":{"line":94,"column":4},"end":{"line":98,"column":7}},"46":{"start":{"line":100,"column":4},"end":{"line":100,"column":21}},"47":{"start":{"line":101,"column":4},"end":{"line":101,"column":54}},"48":{"start":{"line":102,"column":4},"end":{"line":104,"column":64}},"49":{"start":{"line":51,"column":13},"end":{"line":51,"column":30}},"50":{"start":{"line":108,"column":32},"end":{"line":172,"column":2}},"51":{"start":{"line":108,"column":70},"end":{"line":172,"column":2}},"52":{"start":{"line":109,"column":2},"end":{"line":171,"column":3}},"53":{"start":{"line":110,"column":19},"end":{"line":110,"column":29}},"54":{"start":{"line":112,"column":17},"end":{"line":112,"column":36}},"55":{"start":{"line":114,"column":4},"end":{"line":124,"column":5}},"56":{"start":{"line":118,"column":6},"end":{"line":120,"column":8}},"57":{"start":{"line":121,"column":6},"end":{"line":123,"column":69}},"58":{"start":{"line":126,"column":4},"end":{"line":129,"column":5}},"59":{"start":{"line":127,"column":6},"end":{"line":127,"column":49}},"60":{"start":{"line":128,"column":6},"end":{"line":128,"column":78}},"61":{"start":{"line":132,"column":4},"end":{"line":142,"column":5}},"62":{"start":{"line":133,"column":21},"end":{"line":133,"column":67}},"63":{"start":{"line":134,"column":6},"end":{"line":139,"column":7}},"64":{"start":{"line":135,"column":8},"end":{"line":135,"column":57}},"65":{"start":{"line":136,"column":8},"end":{"line":138,"column":69}},"66":{"start":{"line":140,"column":6},"end":{"line":140,"column":57}},"67":{"start":{"line":140,"column":25},"end":{"line":140,"column":57}},"68":{"start":{"line":141,"column":6},"end":{"line":141,"column":44}},"69":{"start":{"line":145,"column":4},"end":{"line":157,"column":5}},"70":{"start":{"line":146,"column":24},"end":{"line":146,"column":76}},"71":{"start":{"line":147,"column":6},"end":{"line":152,"column":7}},"72":{"start":{"line":148,"column":8},"end":{"line":148,"column":57}},"73":{"start":{"line":149,"column":8},"end":{"line":151,"column":69}},"74":{"start":{"line":154,"column":6},"end":{"line":154,"column":59}},"75":{"start":{"line":154,"column":26},"end":{"line":154,"column":59}},"76":{"start":{"line":156,"column":6},"end":{"line":156,"column":48}},"77":{"start":{"line":159,"column":19},"end":{"line":159,"column":47}},"78":{"start":{"line":160,"column":4},"end":{"line":160,"column":60}},"79":{"start":{"line":161,"column":4},"end":{"line":165,"column":7}},"80":{"start":{"line":167,"column":4},"end":{"line":167,"column":57}},"81":{"start":{"line":168,"column":4},"end":{"line":170,"column":66}},"82":{"start":{"line":108,"column":13},"end":{"line":108,"column":32}},"83":{"start":{"line":173,"column":32},"end":{"line":201,"column":2}},"84":{"start":{"line":173,"column":70},"end":{"line":201,"column":2}},"85":{"start":{"line":174,"column":2},"end":{"line":200,"column":3}},"86":{"start":{"line":175,"column":19},"end":{"line":175,"column":29}},"87":{"start":{"line":176,"column":17},"end":{"line":176,"column":36}},"88":{"start":{"line":177,"column":4},"end":{"line":180,"column":5}},"89":{"start":{"line":178,"column":6},"end":{"line":178,"column":51}},"90":{"start":{"line":179,"column":6},"end":{"line":179,"column":78}},"91":{"start":{"line":182,"column":4},"end":{"line":187,"column":5}},"92":{"start":{"line":183,"column":6},"end":{"line":183,"column":63}},"93":{"start":{"line":184,"column":6},"end":{"line":186,"column":70}},"94":{"start":{"line":188,"column":4},"end":{"line":188,"column":55}},"95":{"start":{"line":188,"column":23},"end":{"line":188,"column":55}},"96":{"start":{"line":189,"column":4},"end":{"line":189,"column":57}},"97":{"start":{"line":189,"column":24},"end":{"line":189,"column":57}},"98":{"start":{"line":190,"column":4},"end":{"line":190,"column":63}},"99":{"start":{"line":191,"column":4},"end":{"line":194,"column":7}},"100":{"start":{"line":196,"column":4},"end":{"line":196,"column":61}},"101":{"start":{"line":197,"column":4},"end":{"line":199,"column":68}},"102":{"start":{"line":173,"column":13},"end":{"line":173,"column":32}}},"fnMap":{"0":{"name":"(anonymous_8)","decl":{"start":{"line":15,"column":32},"end":{"line":15,"column":39}},"loc":{"start":{"line":15,"column":70},"end":{"line":32,"column":2}}},"1":{"name":"(anonymous_9)","decl":{"start":{"line":15,"column":70},"end":{"line":15,"column":null}},"loc":{"start":{"line":15,"column":70},"end":{"line":32,"column":1}}},"2":{"name":"(anonymous_10)","decl":{"start":{"line":22,"column":23},"end":{"line":22,"column":24}},"loc":{"start":{"line":22,"column":33},"end":{"line":24,"column":7}}},"3":{"name":"(anonymous_11)","decl":{"start":{"line":33,"column":35},"end":{"line":33,"column":42}},"loc":{"start":{"line":33,"column":73},"end":{"line":49,"column":2}}},"4":{"name":"(anonymous_12)","decl":{"start":{"line":33,"column":73},"end":{"line":33,"column":null}},"loc":{"start":{"line":33,"column":73},"end":{"line":49,"column":1}}},"5":{"name":"(anonymous_13)","decl":{"start":{"line":51,"column":30},"end":{"line":51,"column":37}},"loc":{"start":{"line":51,"column":74},"end":{"line":106,"column":2}}},"6":{"name":"(anonymous_14)","decl":{"start":{"line":51,"column":74},"end":{"line":51,"column":null}},"loc":{"start":{"line":51,"column":74},"end":{"line":106,"column":1}}},"7":{"name":"(anonymous_15)","decl":{"start":{"line":108,"column":32},"end":{"line":108,"column":39}},"loc":{"start":{"line":108,"column":70},"end":{"line":172,"column":2}}},"8":{"name":"(anonymous_16)","decl":{"start":{"line":108,"column":70},"end":{"line":108,"column":null}},"loc":{"start":{"line":108,"column":70},"end":{"line":172,"column":1}}},"9":{"name":"(anonymous_17)","decl":{"start":{"line":173,"column":32},"end":{"line":173,"column":39}},"loc":{"start":{"line":173,"column":70},"end":{"line":201,"column":2}}},"10":{"name":"(anonymous_18)","decl":{"start":{"line":173,"column":70},"end":{"line":173,"column":null}},"loc":{"start":{"line":173,"column":70},"end":{"line":201,"column":1}}}},"branchMap":{"0":{"loc":{"start":{"line":41,"column":12},"end":{"line":41,"column":48}},"type":"cond-expr","locations":[{"start":{"line":41,"column":21},"end":{"line":41,"column":41}},{"start":{"line":41,"column":44},"end":{"line":41,"column":48}}]},"1":{"loc":{"start":{"line":54,"column":4},"end":{"line":64,"column":5}},"type":"if","locations":[{"start":{"line":54,"column":4},"end":{"line":64,"column":5}}]},"2":{"loc":{"start":{"line":55,"column":6},"end":{"line":56,"column":41}},"type":"binary-expr","locations":[{"start":{"line":55,"column":6},"end":{"line":55,"column":40}},{"start":{"line":56,"column":6},"end":{"line":56,"column":41}}]},"3":{"loc":{"start":{"line":55,"column":20},"end":{"line":55,"column":39}},"type":"cond-expr","locations":[{"start":{"line":55,"column":29},"end":{"line":55,"column":31}},{"start":{"line":55,"column":29},"end":{"line":55,"column":39}}]},"4":{"loc":{"start":{"line":55,"column":20},"end":{"line":55,"column":31}},"type":"binary-expr","locations":[{"start":{"line":55,"column":20},"end":{"line":55,"column":31}},{"start":{"line":55,"column":29},"end":{"line":55,"column":31}}]},"5":{"loc":{"start":{"line":56,"column":20},"end":{"line":56,"column":40}},"type":"cond-expr","locations":[{"start":{"line":56,"column":29},"end":{"line":56,"column":31}},{"start":{"line":56,"column":29},"end":{"line":56,"column":40}}]},"6":{"loc":{"start":{"line":56,"column":20},"end":{"line":56,"column":31}},"type":"binary-expr","locations":[{"start":{"line":56,"column":20},"end":{"line":56,"column":31}},{"start":{"line":56,"column":29},"end":{"line":56,"column":31}}]},"7":{"loc":{"start":{"line":67,"column":38},"end":{"line":67,"column":57}},"type":"cond-expr","locations":[{"start":{"line":67,"column":47},"end":{"line":67,"column":49}},{"start":{"line":67,"column":47},"end":{"line":67,"column":57}}]},"8":{"loc":{"start":{"line":67,"column":38},"end":{"line":67,"column":49}},"type":"binary-expr","locations":[{"start":{"line":67,"column":38},"end":{"line":67,"column":49}},{"start":{"line":67,"column":47},"end":{"line":67,"column":49}}]},"9":{"loc":{"start":{"line":68,"column":4},"end":{"line":73,"column":5}},"type":"if","locations":[{"start":{"line":68,"column":4},"end":{"line":73,"column":5}}]},"10":{"loc":{"start":{"line":76,"column":4},"end":{"line":86,"column":5}},"type":"if","locations":[{"start":{"line":76,"column":4},"end":{"line":86,"column":5}}]},"11":{"loc":{"start":{"line":76,"column":8},"end":{"line":76,"column":28}},"type":"cond-expr","locations":[{"start":{"line":76,"column":17},"end":{"line":76,"column":19}},{"start":{"line":76,"column":17},"end":{"line":76,"column":28}}]},"12":{"loc":{"start":{"line":76,"column":8},"end":{"line":76,"column":19}},"type":"binary-expr","locations":[{"start":{"line":76,"column":8},"end":{"line":76,"column":19}},{"start":{"line":76,"column":17},"end":{"line":76,"column":19}}]},"13":{"loc":{"start":{"line":78,"column":6},"end":{"line":83,"column":7}},"type":"if","locations":[{"start":{"line":78,"column":6},"end":{"line":83,"column":7}}]},"14":{"loc":{"start":{"line":90,"column":26},"end":{"line":90,"column":39}},"type":"cond-expr","locations":[{"start":{"line":90,"column":34},"end":{"line":90,"column":36}},{"start":{"line":90,"column":34},"end":{"line":90,"column":39}}]},"15":{"loc":{"start":{"line":90,"column":26},"end":{"line":90,"column":36}},"type":"binary-expr","locations":[{"start":{"line":90,"column":26},"end":{"line":90,"column":36}},{"start":{"line":90,"column":34},"end":{"line":90,"column":36}}]},"16":{"loc":{"start":{"line":114,"column":4},"end":{"line":124,"column":5}},"type":"if","locations":[{"start":{"line":114,"column":4},"end":{"line":124,"column":5}}]},"17":{"loc":{"start":{"line":115,"column":6},"end":{"line":116,"column":41}},"type":"binary-expr","locations":[{"start":{"line":115,"column":6},"end":{"line":115,"column":40}},{"start":{"line":116,"column":6},"end":{"line":116,"column":41}}]},"18":{"loc":{"start":{"line":115,"column":20},"end":{"line":115,"column":39}},"type":"cond-expr","locations":[{"start":{"line":115,"column":29},"end":{"line":115,"column":31}},{"start":{"line":115,"column":29},"end":{"line":115,"column":39}}]},"19":{"loc":{"start":{"line":115,"column":20},"end":{"line":115,"column":31}},"type":"binary-expr","locations":[{"start":{"line":115,"column":20},"end":{"line":115,"column":31}},{"start":{"line":115,"column":29},"end":{"line":115,"column":31}}]},"20":{"loc":{"start":{"line":116,"column":20},"end":{"line":116,"column":40}},"type":"cond-expr","locations":[{"start":{"line":116,"column":29},"end":{"line":116,"column":31}},{"start":{"line":116,"column":29},"end":{"line":116,"column":40}}]},"21":{"loc":{"start":{"line":116,"column":20},"end":{"line":116,"column":31}},"type":"binary-expr","locations":[{"start":{"line":116,"column":20},"end":{"line":116,"column":31}},{"start":{"line":116,"column":29},"end":{"line":116,"column":31}}]},"22":{"loc":{"start":{"line":126,"column":4},"end":{"line":129,"column":5}},"type":"if","locations":[{"start":{"line":126,"column":4},"end":{"line":129,"column":5}}]},"23":{"loc":{"start":{"line":132,"column":4},"end":{"line":142,"column":5}},"type":"if","locations":[{"start":{"line":132,"column":4},"end":{"line":142,"column":5}}]},"24":{"loc":{"start":{"line":132,"column":8},"end":{"line":132,"column":27}},"type":"cond-expr","locations":[{"start":{"line":132,"column":17},"end":{"line":132,"column":19}},{"start":{"line":132,"column":17},"end":{"line":132,"column":27}}]},"25":{"loc":{"start":{"line":132,"column":8},"end":{"line":132,"column":19}},"type":"binary-expr","locations":[{"start":{"line":132,"column":8},"end":{"line":132,"column":19}},{"start":{"line":132,"column":17},"end":{"line":132,"column":19}}]},"26":{"loc":{"start":{"line":134,"column":6},"end":{"line":139,"column":7}},"type":"if","locations":[{"start":{"line":134,"column":6},"end":{"line":139,"column":7}}]},"27":{"loc":{"start":{"line":140,"column":6},"end":{"line":140,"column":57}},"type":"if","locations":[{"start":{"line":140,"column":6},"end":{"line":140,"column":57}}]},"28":{"loc":{"start":{"line":145,"column":4},"end":{"line":157,"column":5}},"type":"if","locations":[{"start":{"line":145,"column":4},"end":{"line":157,"column":5}}]},"29":{"loc":{"start":{"line":145,"column":8},"end":{"line":145,"column":28}},"type":"cond-expr","locations":[{"start":{"line":145,"column":17},"end":{"line":145,"column":19}},{"start":{"line":145,"column":17},"end":{"line":145,"column":28}}]},"30":{"loc":{"start":{"line":145,"column":8},"end":{"line":145,"column":19}},"type":"binary-expr","locations":[{"start":{"line":145,"column":8},"end":{"line":145,"column":19}},{"start":{"line":145,"column":17},"end":{"line":145,"column":19}}]},"31":{"loc":{"start":{"line":147,"column":6},"end":{"line":152,"column":7}},"type":"if","locations":[{"start":{"line":147,"column":6},"end":{"line":152,"column":7}}]},"32":{"loc":{"start":{"line":154,"column":6},"end":{"line":154,"column":59}},"type":"if","locations":[{"start":{"line":154,"column":6},"end":{"line":154,"column":59}}]},"33":{"loc":{"start":{"line":177,"column":4},"end":{"line":180,"column":5}},"type":"if","locations":[{"start":{"line":177,"column":4},"end":{"line":180,"column":5}}]},"34":{"loc":{"start":{"line":182,"column":4},"end":{"line":187,"column":5}},"type":"if","locations":[{"start":{"line":182,"column":4},"end":{"line":187,"column":5}}]},"35":{"loc":{"start":{"line":188,"column":4},"end":{"line":188,"column":55}},"type":"if","locations":[{"start":{"line":188,"column":4},"end":{"line":188,"column":55}}]},"36":{"loc":{"start":{"line":189,"column":4},"end":{"line":189,"column":57}},"type":"if","locations":[{"start":{"line":189,"column":4},"end":{"line":189,"column":57}}]}},"s":{"0":2,"1":2,"2":2,"3":2,"4":2,"5":2,"6":0,"7":0,"8":0,"9":0,"10":0,"11":0,"12":0,"13":0,"14":2,"15":2,"16":0,"17":0,"18":0,"19":0,"20":0,"21":0,"22":0,"23":0,"24":2,"25":2,"26":0,"27":0,"28":0,"29":0,"30":0,"31":0,"32":0,"33":0,"34":0,"35":0,"36":0,"37":0,"38":0,"39":0,"40":0,"41":0,"42":0,"43":0,"44":0,"45":0,"46":0,"47":0,"48":0,"49":2,"50":2,"51":0,"52":0,"53":0,"54":0,"55":0,"56":0,"57":0,"58":0,"59":0,"60":0,"61":0,"62":0,"63":0,"64":0,"65":0,"66":0,"67":0,"68":0,"69":0,"70":0,"71":0,"72":0,"73":0,"74":0,"75":0,"76":0,"77":0,"78":0,"79":0,"80":0,"81":0,"82":2,"83":2,"84":0,"85":0,"86":0,"87":0,"88":0,"89":0,"90":0,"91":0,"92":0,"93":0,"94":0,"95":0,"96":0,"97":0,"98":0,"99":0,"100":0,"101":0,"102":2},"f":{"0":0,"1":0,"2":0,"3":0,"4":0,"5":0,"6":0,"7":0,"8":0,"9":0,"10":0},"b":{"0":[0,0],"1":[0],"2":[0,0],"3":[0,0],"4":[0,0],"5":[0,0],"6":[0,0],"7":[0,0],"8":[0,0],"9":[0],"10":[0],"11":[0,0],"12":[0,0],"13":[0],"14":[0,0],"15":[0,0],"16":[0],"17":[0,0],"18":[0,0],"19":[0,0],"20":[0,0],"21":[0,0],"22":[0],"23":[0],"24":[0,0],"25":[0,0],"26":[0],"27":[0],"28":[0],"29":[0,0],"30":[0,0],"31":[0],"32":[0],"33":[0],"34":[0],"35":[0],"36":[0]}}
,"D:\\CODING\\sparx\\api-sparx\\src\\controllers\\subGenresController.ts": {"path":"D:\\CODING\\sparx\\api-sparx\\src\\controllers\\subGenresController.ts","statementMap":{"0":{"start":{"line":2,"column":0},"end":{"line":2,"column":null}},"1":{"start":{"line":10,"column":0},"end":{"line":10,"column":55}},"2":{"start":{"line":11,"column":0},"end":{"line":11,"column":36}},"3":{"start":{"line":13,"column":32},"end":{"line":31,"column":2}},"4":{"start":{"line":13,"column":70},"end":{"line":31,"column":2}},"5":{"start":{"line":14,"column":2},"end":{"line":30,"column":3}},"6":{"start":{"line":15,"column":19},"end":{"line":15,"column":39}},"7":{"start":{"line":16,"column":4},"end":{"line":16,"column":66}},"8":{"start":{"line":17,"column":4},"end":{"line":24,"column":7}},"9":{"start":{"line":21,"column":8},"end":{"line":21,"column":27}},"10":{"start":{"line":22,"column":8},"end":{"line":22,"column":39}},"11":{"start":{"line":26,"column":4},"end":{"line":26,"column":64}},"12":{"start":{"line":27,"column":4},"end":{"line":29,"column":70}},"13":{"start":{"line":13,"column":13},"end":{"line":13,"column":32}},"14":{"start":{"line":32,"column":35},"end":{"line":48,"column":2}},"15":{"start":{"line":32,"column":73},"end":{"line":48,"column":2}},"16":{"start":{"line":33,"column":2},"end":{"line":47,"column":3}},"17":{"start":{"line":34,"column":19},"end":{"line":34,"column":29}},"18":{"start":{"line":35,"column":19},"end":{"line":35,"column":38}},"19":{"start":{"line":36,"column":4},"end":{"line":36,"column":57}},"20":{"start":{"line":37,"column":4},"end":{"line":41,"column":7}},"21":{"start":{"line":43,"column":4},"end":{"line":43,"column":54}},"22":{"start":{"line":44,"column":4},"end":{"line":46,"column":65}},"23":{"start":{"line":32,"column":13},"end":{"line":32,"column":35}},"24":{"start":{"line":50,"column":30},"end":{"line":65,"column":2}},"25":{"start":{"line":50,"column":68},"end":{"line":65,"column":2}},"26":{"start":{"line":51,"column":2},"end":{"line":64,"column":3}},"2
[...]
.ts": {"path":"D:\\CODING\\sparx\\api-sparx\\src\\validators\\playlistValidator.ts","statementMap":{"0":{"start":{"line":1,"column":0},"end":{"line":1,"column":37}},"1":{"start":{"line":3,"column":0},"end":{"line":3,"column":73}},"2":{"start":{"line":5,"column":28},"end":{"line":22,"column":1}},"3":{"start":{"line":6,"column":2},"end":{"line":21,"column":4}},"4":{"start":{"line":79,"column":2},"end":{"line":79,"column":21}},"5":{"start":{"line":23,"column":42},"end":{"line":46,"column":1}},"6":{"start":{"line":24,"column":2},"end":{"line":45,"column":4}},"7":{"start":{"line":32,"column":30},"end":{"line":44,"column":8}},"8":{"start":{"line":33,"column":8},"end":{"line":43,"column":9}},"9":{"start":{"line":34,"column":25},"end":{"line":38,"column":12}},"10":{"start":{"line":39,"column":10},"end":{"line":39,"column":57}},"11":{"start":{"line":39,"column":23},"end":{"line":39,"column":57}},"12":{"start":{"line":40,"column":10},"end":{"line":40,"column":22}},"13":{"start":{"line":42,"column":10},"end":{"line":42,"column":44}},"14":{"start":{"line":81,"column":2},"end":{"line":81,"column":35}},"15":{"start":{"line":48,"column":28},"end":{"line":65,"column":1}},"16":{"start":{"line":49,"column":2},"end":{"line":64,"column":4}},"17":{"start":{"line":78,"column":2},"end":{"line":78,"column":21}},"18":{"start":{"line":67,"column":17},"end":{"line":75,"column":1}},"19":{"start":{"line":68,"column":17},"end":{"line":68,"column":38}},"20":{"start":{"line":69,"column":2},"end":{"line":71,"column":3}},"21":{"start":{"line":70,"column":4},"end":{"line":70,"column":73}},"22":{"start":{"line":73,"column":2},"end":{"line":73,"column":55}},"23":{"start":{"line":74,"column":2},"end":{"line":74,"column":9}},"24":{"start":{"line":80,"column":2},"end":{"line":80,"column":10}}},"fnMap":{"0":{"name":"(anonymous_8)","decl":{"start":{"line":5,"column":28},"end":{"line":5,"column":31}},"loc":{"start":{"line":5,"column":33},"end":{"line":22,"column":1}}},"1":{"name":"(anonymous_9)","decl":{"start":{"line":23,"column":42},"end":{"line":23,"column":45}},"loc":{"start":{"line":23,"column":47},"end":{"line":46,"column":1}}},"2":{"name":"(anonymous_10)","decl":{"start":{"line":32,"column":14},"end":{"line":32,"column":21}},"loc":{"start":{"line":32,"column":30},"end":{"line":44,"column":8}}},"3":{"name":"(anonymous_11)","decl":{"start":{"line":32,"column":30},"end":{"line":32,"column":null}},"loc":{"start":{"line":32,"column":30},"end":{"line":44,"column":7}}},"4":{"name":"(anonymous_12)","decl":{"start":{"line":48,"column":28},"end":{"line":48,"column":31}},"loc":{"start":{"line":48,"column":33},"end":{"line":65,"column":1}}},"5":{"name":"(anonymous_13)","decl":{"start":{"line":67,"column":17},"end":{"line":67,"column":18}},"loc":{"start":{"line":67,"column":69},"end":{"line":75,"column":1}}}},"branchMap":{"0":{"loc":{"start":{"line":39,"column":10},"end":{"line":39,"column":57}},"type":"if","locations":[{"start":{"line":39,"column":10},"end":{"line":39,"column":57}}]},"1":{"loc":{"start":{"line":69,"column":2},"end":{"line":71,"column":3}},"type":"if","locations":[{"start":{"line":69,"column":2},"end":{"line":71,"column":3}}]}},"s":{"0":2,"1":2,"2":2,"3":2,"4":2,"5":2,"6":2,"7":0,"8":0,"9":0,"10":0,"11":0,"12":0,"13":0,"14":2,"15":2,"16":2,"17":2,"18":2,"19":0,"20":0,"21":0,"22":0,"23":0,"24":2},"f":{"0":2,"1":2,"2":0,"3":0,"4":2,"5":0},"b":{"0":[0],"1":[0]}}
,"D:\\CODING\\sparx\\api-sparx\\src\\validators\\songValidator.ts": {"path":"D:\\CODING\\sparx\\api-sparx\\src\\validators\\songValidator.ts","statementMap":{"0":{"start":{"line":1,"column":0},"end":{"line":1,"column":37}},"1":{"start":{"line":3,"column":0},"end":{"line":3,"column":73}},"2":{"start":{"line":5,"column":28},"end":{"line":77,"column":1}},"3":{"start":{"line":6,"column":2},"end":{"line":76,"column":4}},"4":{"start":{"line":42,"column":30},"end":{"line":54,"column":8}},"5":{"start":{"line":43,"column":8},"end":{"line":53,"column":9}},"6":{"start":{"line":44,"column":25},"end":{"line":48,"column":12}},"7":{"start":{"line":49,"column":10},"end":{"line":49,"column":58}},"8":{"start":{"line":49,"column":23},"end":{"line":49,"column":58}},"9":{"start":{"line":50,"column":10},"end":{"line":50,"column":22}},"10":{"start":{"line":52,"column":10},"end":{"line":52,"column":45}},"11":{"start":{"line":62,"column":30},"end":{"line":74,"column":8}},"12":{"start":{"line":63,"column":8},"end":{"line":73,"column":9}},"13":{"start":{"line":64,"column":25},"end":{"line":68,"column":12}},"14":{"start":{"line":69,"column":10},"end":{"line":69,"column":62}},"15":{"start":{"line":69,"column":23},"end":{"line":69,"column":62}},"16":{"start":{"line":70,"column":10},"end":{"line":70,"column":22}},"17":{"start":{"line":72,"column":10},"end":{"line":72,"column":49}},"18":{"start":{"line":163,"column":30},"end":{"line":163,"column":49}},"19":{"start":{"line":79,"column":28},"end":{"line":151,"column":1}},"20":{"start":{"line":80,"column":2},"end":{"line":150,"column":4}},"21":{"start":{"line":116,"column":30},"end":{"line":128,"column":8}},"22":{"start":{"line":117,"column":8},"end":{"line":127,"column":9}},"23":{"start":{"line":118,"column":25},"end":{"line":122,"column":12}},"24":{"start":{"line":123,"column":10},"end":{"line":123,"column":58}},"25":{"start":{"line":123,"column":23},"end":{"line":123,"column":58}},"26":{"start":{"line":124,"column":10},"end":{"line":124,"column":22}},"27":{"start":{"line":126,"column":10},"end":{"line":126,"column":45}},"28":{"start":{"line":136,"column":30},"end":{"line":148,"column":8}},"29":{"start":{"line":137,"column":8},"end":{"line":147,"column":9}},"30":{"start":{"line":138,"column":25},"end":{"line":142,"column":12}},"31":{"start":{"line":143,"column":10},"end":{"line":143,"column":62}},"32":{"start":{"line":143,"column":23},"end":{"line":143,"column":62}},"33":{"start":{"line":144,"column":10},"end":{"line":144,"column":22}},"34":{"start":{"line":146,"column":10},"end":{"line":146,"column":49}},"35":{"start":{"line":163,"column":9},"end":{"line":163,"column":28}},"36":{"start":{"line":153,"column":17},"end":{"line":161,"column":1}},"37":{"start":{"line":154,"column":17},"end":{"line":154,"column":38}},"38":{"start":{"line":155,"column":2},"end":{"line":157,"column":3}},"39":{"start":{"line":156,"column":4},"end":{"line":156,"column":73}},"40":{"start":{"line":159,"column":2},"end":{"line":159,"column":55}},"41":{"start":{"line":160,"column":2},"end":{"line":160,"column":9}},"42":{"start":{"line":163,"column":51},"end":{"line":163,"column":59}}},"fnMap":{"0":{"name":"(anonymous_8)","decl":{"start":{"line":5,"column":28},"end":{"line":5,"column":31}},"loc":{"start":{"line":5,"column":33},"end":{"line":77,"column":1}}},"1":{"name":"(anonymous_9)","decl":{"start":{"line":42,"column":14},"end":{"line":42,"column":21}},"loc":{"start":{"line":42,"column":30},"end":{"line":54,"column":8}}},"2":{"name":"(anonymous_10)","decl":{"start":{"line":42,"column":30},"end":{"line":42,"column":null}},"loc":{"start":{"line":42,"column":30},"end":{"line":54,"column":7}}},"3":{"name":"(anonymous_11)","decl":{"start":{"line":62,"column":14},"end":{"line":62,"column":21}},"loc":{"start":{"line":62,"column":30},"end":{"line":74,"column":8}}},"4":{"name":"(anonymous_12)","decl":{"start":{"line":62,"column":30},"end":{"line":62,"column":null}},"loc":{"start":{"line":62,"column":30},"end":{"line":74,"column":7}}},"5":{"name":"(anonymous_13)","decl":{"start":{"line":79,"column":28},"end":{"line":79,"column":31}},"loc":{"start":{"line":79,"column":33},"end":{"line":151,"column":1}}},"6":{"name":"(anonymous_14)","decl":{"start":{"line":116,"column":14},"end":{"line":116,"column":21}},"loc":{"start":{"line":116,"column":30},"end":{"line":128,"column":8}}},"7":{"name":"(anonymous_15)","decl":{"start":{"line":116,"column":30},"end":{"line":116,"column":null}},"loc":{"start":{"line":116,"column":30},"end":{"line":128,"column":7}}},"8":{"name":"(anonymous_16)","decl":{"start":{"line":136,"column":14},"end":{"line":136,"column":21}},"loc":{"start":{"line":136,"column":30},"end":{"line":148,"column":8}}},"9":{"name":"(anonymous_17)","decl":{"start":{"line":136,"column":30},"end":{"line":136,"column":null}},"loc":{"start":{"line":136,"column":30},"end":{"line":148,"column":7}}},"10":{"name":"(anonymous_18)","decl":{"start":{"line":153,"column":17},"end":{"line":153,"column":18}},"loc":{"start":{"line":153,"column":69},"end":{"line":161,"column":1}}}},"branchMap":{"0":{"loc":{"start":{"line":49,"column":10},"end":{"line":49,"column":58}},"type":"if","locations":[{"start":{"line":49,"column":10},"end":{"line":49,"column":58}}]},"1":{"loc":{"start":{"line":69,"column":10},"end":{"line":69,"column":62}},"type":"if","locations":[{"start":{"line":69,"column":10},"end":{"line":69,"column":62}}]},"2":{"loc":{"start":{"line":123,"column":10},"end":{"line":123,"column":58}},"type":"if","locations":[{"start":{"line":123,"column":10},"end":{"line":123,"column":58}}]},"3":{"loc":{"start":{"line":143,"column":10},"end":{"line":143,"column":62}},"type":"if","locations":[{"start":{"line":143,"column":10},"end":{"line":143,"column":62}}]},"4":{"loc":{"start":{"line":155,"column":2},"end":{"line":157,"column":3}},"type":"if","locations":[{"start":{"line":155,"column":2},"end":{"line":157,"column":3}}]}},"s":{"0":2,"1":2,"2":2,"3":2,"4":0,"5":0,"6":0,"7":0,"8":0,"9":0,"10":0,"11":0,"12":0,"13":0,"14":0,"15":0,"16":0,"17":0,"18":2,"19":2,"20":2,"21":0,"22":0,"23":0,"24":0,"25":0,"26":0,"27":0,"28":0,"29":0,"30":0,"31":0,"32":0,"33":0,"34":0,"35":2,"36":2,"37":0,"38":0,"39":0,"40":0,"41":0,"42":2},"f":{"0":2,"1":0,"2":0,"3":0,"4":0,"5":2,"6":0,"7":0,"8":0,"9":0,"10":0},"b":{"0":[0],"1":[0],"2":[0],"3":[0],"4":[0]}}
,"D:\\CODING\\sparx\\api-sparx\\src\\validators\\subGenresValidator.ts": {"path":"D:\\CODING\\sparx\\api-sparx\\src\\validators\\subGenresValidator.ts","statementMap":{"0":{"start":{"line":1,"column":0},"end":{"line":1,"column":37}},"1":{"start":{"line":3,"column":0},"end":{"line":3,"column":73}},"2":{"start":{"line":5,"column":28},"end":{"line":34,"column":1}},"3":{"start":{"line":6,"column":2},"end":{"line":33,"column":4}},"4":{"start":{"line":20,"column":30},"end":{"line":32,"column":8}},"5":{"start":{"line":21,"column":8},"end":{"line":31,"column":9}},"6":{"start":{"line":22,"column":25},"end":{"line":26,"column":12}},"7":{"start":{"line":27,"column":10},"end":{"line":27,"column":58}},"8":{"start":{"line":27,"column":23},"end":{"line":27,"column":58}},"9":{"start":{"line":28,"column":10},"end":{"line":28,"column":22}},"10":{"start":{"line":30,"column":10},"end":{"line":30,"column":45}},"11":{"start":{"line":77,"column":30},"end":{"line":77,"column":49}},"12":{"start":{"line":36,"column":28},"end":{"line":65,"column":1}},"13":{"start":{"line":37,"column":2},"end":{"line":64,"column":4}},"14":{"start":{"line":51,"column":30},"end":{"line":63,"column":8}},"15":{"start":{"line":52,"column":8},"end":{"line":62,"column":9}},"16":{"start":{"line":53,"column":25},"end":{"line":57,"column":12}},"17":{"start":{"line":58,"column":10},"end":{"line":58,"column":58}},"18":{"start":{"line":58,"column":23},"end":{"line":58,"column":58}},"19":{"start":{"line":59,"column":10},"end":{"line":59,"column":22}},"20":{"start":{"line":61,"column":10},"end":{"line":61,"column":45}},"21":{"start":{"line":77,"column":9},"end":{"line":77,"column":28}},"22":{"start":{"line":67,"column":17},"end":{"line":75,"column":1}},"23":{"start":{"line":68,"column":17},"end":{"line":68,"column":38}},"24":{"start":{"line":69,"column":2},"end":{"line":71,"column":3}},"25":{"start":{"line":70,"column":4},"end":{"line":70,"column":73}},"26":{"start":{"line":73,"column":2},"end":{"line":73,"column":55}},"27":{"start":{"line":74,"column":2},"end":{"line":74,"column":9}},"28":{"start":{"line":77,"column":51},"end":{"line":77,"column":59}}},"fnMap":{"0":{"name":"(anonymous_8)","decl":{"start":{"line":5,"column":28},"end":{"line":5,"column":31}},"loc":{"start":{"line":5,"column":33},"end":{"line":34,"column":1}}},"1":{"name":"(anonymous_9)","decl":{"start":{"line":20,"column":14},"end":{"line":20,"column":21}},"loc":{"start":{"line":20,"column":30},"end":{"line":32,"column":8}}},"2":{"name":"(anonymous_10)","decl":{"start":{"line":20,"column":30},"end":{"line":20,"column":null}},"loc":{"start":{"line":20,"column":30},"end":{"line":32,"column":7}}},"3":{"name":"(anonymous_11)","decl":{"start":{"line":36,"column":28},"end":{"line":36,"column":31}},"loc":{"start":{"line":36,"column":33},"end":{"line":65,"column":1}}},"4":{"name":"(anonymous_12)","decl":{"start":{"line":51,"column":14},"end":{"line":51,"column":21}},"loc":{"start":{"line":51,"column":30},"end":{"line":63,"column":8}}},"5":{"name":"(anonymous_13)","decl":{"start":{"line":51,"column":30},"end":{"line":51,"column":null}},"loc":{"start":{"line":51,"column":30},"end":{"line":63,"column":7}}},"6":{"name":"(anonymous_14)","decl":{"start":{"line":67,"column":17},"end":{"line":67,"column":18}},"loc":{"start":{"line":67,"column":69},"end":{"line":75,"column":1}}}},"branchMap":{"0":{"loc":{"start":{"line":27,"column":10},"end":{"line":27,"column":58}},"type":"if","locations":[{"start":{"line":27,"column":10},"end":{"line":27,"column":58}}]},"1":{"loc":{"start":{"line":58,"column":10},"end":{"line":58,"column":58}},"type":"if","locations":[{"start":{"line":58,"column":10},"end":{"line":58,"column":58}}]},"2":{"loc":{"start":{"line":69,"column":2},"end":{"line":71,"column":3}},"type":"if","locations":[{"start":{"line":69,"column":2},"end":{"line":71,"column":3}}]}},"s":{"0":2,"1":2,"2":2,"3":2,"4":0,"5":0,"6":0,"7":0,"8":0,"9":0,"10":0,"11":2,"12":2,"13":2,"14":0,"15":0,"16":0,"17":0,"18":0,"19":0,"20":0,"21":2,"22":2,"23":0,"24":0,"25":0,"26":0,"27":0,"28":2},"f":{"0":2,"1":0,"2":0,"3":2,"4":0,"5":0,"6":0},"b":{"0":[0],"1":[0],"2":[0]}}
,"D:\\CODING\\sparx\\api-sparx\\src\\validators\\userValidator.ts": {"path":"D:\\CODING\\sparx\\api-sparx\\src\\validators\\userValidator.ts","statementMap":{"0":{"start":{"line":1,"column":0},"end":{"line":1,"column":37}},"1":{"start":{"line":4,"column":0},"end":{"line":4,"column":73}},"2":{"start":{"line":6,"column":28},"end":{"line":59,"column":1}},"3":{"start":{"line":7,"column":2},"end":{"line":58,"column":4}},"4":{"start":{"line":19,"column":30},"end":{"line":33,"column":8}},"5":{"start":{"line":20,"column":8},"end":{"line":32,"column":9}},"6":{"start":{"line":21,"column":32},"end":{"line":25,"column":12}},"7":{"start":{"line":27,"column":10},"end":{"line":29,"column":11}},"8":{"start":{"line":28,"column":12},"end":{"line":28,"column":71}},"9":{"start":{"line":31,"column":10},"end":{"line":31,"column":69}},"10":{"start":{"line":161,"column":9},"end":{"line":161,"column":28}},"11":{"start":{"line":60,"column":28},"end":{"line":120,"column":1}},"12":{"start":{"line":61,"column":2},"end":{"line":119,"column":4}},"13":{"start":{"line":73,"column":39},"end":{"line":90,"column":8}},"14":{"start":{"line":74,"column":8},"end":{"line":89,"column":9}},"15":{"start":{"line":75,"column":32},"end":{"line":80,"column":12}},"16":{"start":{"line":82,"column":10},"end":{"line":84,"column":11}},"17":{"start":{"line":83,"column":12},"end":{"line":83,"column":71}},"18":{"start":{"line":86,"column":10},"end":{"line":86,"column":22}},"19":{"start":{"line":88,"column":10},"end":{"line":88,"column":69}},"20":{"start":{"line":161,"column":40},"end":{"line":161,"column":59}},"21":{"start":{"line":122,"column":17},"end":{"line":130,"column":1}},"22":{"start":{"line":123,"column":17},"end":{"line":123,"column":38}},"23":{"start":{"line":124,"column":2},"end":{"line":126,"column":3}},"24":{"start":{"line":125,"column":4},"end":{"line":125,"column":73}},"25":{"start":{"line":128,"column":2},"end":{"line":128,"column":55}},"26":{"start":{"line":129,"column":2},"end":{"line":129,"column":9}},"27":{"start":{"line":161,"column":30},"end":{"line":161,"column":38}},"28":{"start":{"line":131,"column":25},"end":{"line":159,"column":2}},"29":{"start":{"line":135,"column":4},"end":{"line":159,"column":2}},"30":{"start":{"line":136,"column":17},"end":{"line":136,"column":38}},"31":{"start":{"line":137,"column":2},"end":{"line":139,"column":3}},"32":{"start":{"line":138,"column":4},"end":{"line":138,"column":73}},"33":{"start":{"line":141,"column":2},"end":{"line":141,"column":55}},"34":{"start":{"line":142,"column":21},"end":{"line":142,"column":31}},"35":{"start":{"line":145,"column":24},"end":{"line":149,"column":4}},"36":{"start":{"line":151,"column":2},"end":{"line":156,"column":3}},"37":{"start":{"line":152,"column":4},"end":{"line":155,"column":7}},"38":{"start":{"line":158,"column":2},"end":{"line":158,"column":9}},"39":{"start":{"line":161,"column":61},"end":{"line":161,"column":77}}},"fnMap":{"0":{"name":"(anonymous_8)","decl":{"start":{"line":6,"column":28},"end":{"line":6,"column":31}},"loc":{"start":{"line":6,"column":33},"end":{"line":59,"column":1}}},"1":{"name":"(anonymous_9)","decl":{"start":{"line":19,"column":14},"end":{"line":19,"column":21}},"loc":{"start":{"line":19,"column":30},"end":{"line":33,"column":8}}},"2":{"name":"(anonymous_10)","decl":{"start":{"line":19,"column":30},"end":{"line":19,"column":null}},"loc":{"start":{"line":19,"column":30},"end":{"line":33,"column":7}}},"3":{"name":"(anonymous_11)","decl":{"start":{"line":60,"column":28},"end":{"line":60,"column":31}},"loc":{"start":{"line":60,"column":33},"end":{"line":120,"column":1}}},"4":{"name":"(anonymous_12)","decl":{"start":{"line":73,"column":14},"end":{"line":73,"column":21}},"loc":{"start":{"line":73,"column":39},"end":{"line":90,"column":8}}},"5":{"name":"(anonymous_13)","decl":{"start":{"line":73,"column":39},"end":{"line":73,"column":null}},"loc":{"start":{"line":73,"column":35},"end":{"line":90,"column":7}}},"6":{"name":"(anonymous_14)","decl":{"start":{"line":122,"column":17},"end":{"line":122,"column":18}},"loc":{"start":{"line":122,"column":69},"end":{"line":130,"column":1}}},"7":{"name":"(anonymous_15)","decl":{"start":{"line":131,"column":25},"end":{"line":131,"column":null}},"loc":{"start":{"line":135,"column":4},"end":{"line":159,"column":2}}},"8":{"name":"(anonymous_16)","decl":{"start":{"line":135,"column":4},"end":{"line":135,"column":null}},"loc":{"start":{"line":135,"column":4},"end":{"line":159,"column":1}}}},"branchMap":{"0":{"loc":{"start":{"line":27,"column":10},"end":{"line":29,"column":11}},"type":"if","locations":[{"start":{"line":27,"column":10},"end":{"line":29,"column":11}}]},"1":{"loc":{"start":{"line":78,"column":34},"end":{"line":78,"column":52}},"type":"cond-expr","locations":[{"start":{"line":78,"column":44},"end":{"line":78,"column":46}},{"start":{"line":78,"column":44},"end":{"line":78,"column":52}}]},"2":{"loc":{"start":{"line":78,"column":34},"end":{"line":78,"column":46}},"type":"binary-expr","locations":[{"start":{"line":78,"column":34},"end":{"line":78,"column":46}},{"start":{"line":78,"column":44},"end":{"line":78,"column":46}}]},"3":{"loc":{"start":{"line":82,"column":10},"end":{"line":84,"column":11}},"type":"if","locations":[{"start":{"line":82,"column":10},"end":{"line":84,"column":11}}]},"4":{"loc":{"start":{"line":124,"column":2},"end":{"line":126,"column":3}},"type":"if","locations":[{"start":{"line":124,"column":2},"end":{"line":126,"column":3}}]},"5":{"loc":{"start":{"line":137,"column":2},"end":{"line":139,"column":3}},"type":"if","locations":[{"start":{"line":137,"column":2},"end":{"line":139,"column":3}}]},"6":{"loc":{"start":{"line":151,"column":2},"end":{"line":156,"column":3}},"type":"if","locations":[{"start":{"line":151,"column":2},"end":{"line":156,"column":3}}]}},"s":{"0":2,"1":2,"2":2,"3":2,"4":0,"5":0,"6":0,"7":0,"8":0,"9":0,"10":2,"11":2,"12":2,"13":0,"14":0,"15":0,"16":0,"17":0,"18":0,"19":0,"20":2,"21":2,"22":0,"23":0,"24":0,"25":0,"26":0,"27":2,"28":2,"29":0,"30":0,"31":0,"32":0,"33":0,"34":0,"35":0,"36":0,"37":0,"38":0,"39":2},"f":{"0":2,"1":0,"2":0,"3":2,"4":0,"5":0,"6":0,"7":0,"8":0},"b":{"0":[0],"1":[0,0],"2":[0,0],"3":[0],"4":[0],"5":[0],"6":[0]}}
}
