{"D:\\CODING\\sparx\\api-sparx\\dist\\src\\app.js": {"path":"D:\\CODING\\sparx\\api-sparx\\dist\\src\\app.js","statementMap":{"0":{"start":{"line":2,"column":22},"end":{"line":4,"column":1}},"1":{"start":{"line":3,"column":4},"end":{"line":3,"column":62}},"2":{"start":{"line":5,"column":0},"end":{"line":5,"column":62}},"3":{"start":{"line":6,"column":18},"end":{"line":6,"column":53}},"4":{"start":{"line":7,"column":15},"end":{"line":7,"column":47}},"5":{"start":{"line":8,"column":17},"end":{"line":8,"column":51}},"6":{"start":{"line":9,"column":24},"end":{"line":9,"column":65}},"7":{"start":{"line":10,"column":16},"end":{"line":10,"column":58}},"8":{"start":{"line":11,"column":18},"end":{"line":11,"column":61}},"9":{"start":{"line":12,"column":29},"end":{"line":12,"column":75}},"10":{"start":{"line":13,"column":0},"end":{"line":13,"column":26}},"11":{"start":{"line":14,"column":12},"end":{"line":14,"column":36}},"12":{"start":{"line":15,"column":0},"end":{"line":15,"column":31}},"13":{"start":{"line":16,"column":0},"end":{"line":16,"column":40}},"14":{"start":{"line":17,"column":0},"end":{"line":17,"column":27}},"15":{"start":{"line":18,"column":0},"end":{"line":18,"column":45}},"16":{"start":{"line":19,"column":0},"end":{"line":19,"column":34}},"17":{"start":{"line":20,"column":0},"end":{"line":20,"column":36}},"18":{"start":{"line":21,"column":0},"end":{"line":21,"column":22}}},"fnMap":{"0":{"name":"(anonymous_0)","decl":{"start":{"line":2,"column":56},"end":{"line":2,"column":57}},"loc":{"start":{"line":2,"column":71},"end":{"line":4,"column":1}},"line":2}},"branchMap":{"0":{"loc":{"start":{"line":2,"column":22},"end":{"line":4,"column":1}},"type":"binary-expr","locations":[{"start":{"line":2,"column":23},"end":{"line":2,"column":27}},{"start":{"line":2,"column":31},"end":{"line":2,"column":51}},{"start":{"line":2,"column":56},"end":{"line":4,"column":1}}],"line":2},"1":{"loc":{"start":{"line":3,"column":11},"end":{"line":3,"column":61}},"type":"cond-expr","locations":[{"start":{"line":3,"column":37},"end":{"line":3,"column":40}},{"start":{"line":3,"column":43},"end":{"line":3,"column":61}}],"line":3},"2":{"loc":{"start":{"line":3,"column":12},"end":{"line":3,"column":33}},"type":"binary-expr","locations":[{"start":{"line":3,"column":12},"end":{"line":3,"column":15}},{"start":{"line":3,"column":19},"end":{"line":3,"column":33}}],"line":3}},"s":{"0":1,"1":7,"2":1,"3":1,"4":1,"5":1,"6":1,"7":1,"8":1,"9":1,"10":1,"11":1,"12":1,"13":1,"14":1,"15":1,"16":1,"17":1,"18":1},"f":{"0":7},"b":{"0":[1,1,1],"1":[2,5],"2":[7,7]},"inputSourceMap":null,"_coverageSchema":"1a1c01bbd47fc00a2c39e90264f33305004495a9","hash":"593fb1911b0e47da7b777b074e3e2677190b0f10"}
,"D:\\CODING\\sparx\\api-sparx\\dist\\src\\config\\cloudinary.js": {"path":"D:\\CODING\\sparx\\api-sparx\\dist\\src\\config\\cloudinary.js","statementMap":{"0":{"start":{"line":2,"column":22},"end":{"line":4,"column":1}},"1":{"start":{"line":3,"column":4},"end":{"line":3,"column":62}},"2":{"start":{"line":5,"column":0},"end":{"line":5,"column":62}},"3":{"start":{"line":6,"column":21},"end":{"line":6,"column":42}},"4":{"start":{"line":7,"column":17},"end":{"line":7,"column":51}},"5":{"start":{"line":8,"column":0},"end":{"line":8,"column":26}},"6":{"start":{"line":9,"column":0},"end":{"line":13,"column":3}},"7":{"start":{"line":14,"column":0},"end":{"line":14,"column":34}}},"fnMap":{"0":{"name":"(anonymous_0)","decl":{"start":{"line":2,"column":56},"end":{"line":2,"column":57}},"loc":{"start":{"line":2,"column":71},"end":{"line":4,"column":1}},"line":2}},"branchMap":{"0":{"loc":{"start":{"line":2,"column":22},"end":{"line":4,"column":1}},"type":"binary-expr","locations":[{"start":{"line":2,"column":23},"end":{"line":2,"column":27}},{"start":{"line":2,"column":31},"end":{"line":2,"column":51}},{"start":{"line":2,"column":56},"end":{"line":4,"column":1}}],"line":2},"1":{"loc":{"start":{"line":3,"column":11},"end":{"line":3,"column":61}},"type":"cond-expr","locations":[{"start":{"line":3,"column":37},"end":{"line":3,"column":40}},{"start":{"line":3,"column":43},"end":{"line":3,"column":61}}],"line":3},"2":{"loc":{"start":{"line":3,"column":12},"end":{"line":3,"column":33}},"type":"binary-expr","locations":[{"start":{"line":3,"column":12},"end":{"line":3,"column":15}},{"start":{"line":3,"column":19},"end":{"line":3,"column":33}}],"line":3}},"s":{"0":1,"1":1,"2":1,"3":1,"4":1,"5":1,"6":1,"7":1},"f":{"0":1},"b":{"0":[1,1,1],"1":[0,1],"2":[1,1]},"inputSourceMap":null,"_coverageSchema":"1a1c01bbd47fc00a2c39e90264f33305004495a9","hash":"805e662df2c768165ce403d1f787a2649c793319"}
,"D:\\CODING\\sparx\\api-sparx\\dist\\src\\config\\prisma.js": {"path":"D:\\CODING\\sparx\\api-sparx\\dist\\src\\config\\prisma.js","statementMap":{"0":{"start":{"line":2,"column":16},"end":{"line":10,"column":1}},"1":{"start":{"line":3,"column":28},"end":{"line":3,"column":110}},"2":{"start":{"line":3,"column":91},"end":{"line":3,"column":106}},"3":{"start":{"line":4,"column":4},"end":{"line":9,"column":7}},"4":{"start":{"line":5,"column":36},"end":{"line":5,"column":97}},"5":{"start":{"line":5,"column":42},"end":{"line":5,"column":70}},"6":{"start":{"line":5,"column":85},"end":{"line":5,"column":95}},"7":{"start":{"line":6,"column":35},"end":{"line":6,"column":100}},"8":{"start":{"line":6,"column":41},"end":{"line":6,"column":73}},"9":{"start":{"line":6,"column":88},"end":{"line":6,"column":98}},"10":{"start":{"line":7,"column":32},"end":{"line":7,"column":116}},"11":{"start":{"line":8,"column":8},"end":{"line":8,"column":78}},"12":{"start":{"line":11,"column":0},"end":{"line":11,"column":62}},"13":{"start":{"line":12,"column":17},"end":{"line":12,"column":42}},"14":{"start":{"line":13,"column":15},"end":{"line":13,"column":42}},"15":{"start":{"line":14,"column":0},"end":{"line":42,"column":4}},"16":{"start":{"line":14,"column":30},"end":{"line":42,"column":2}},"17":{"start":{"line":15,"column":4},"end":{"line":24,"column":5}},"18":{"start":{"line":20,"column":8},"end":{"line":20,"column":40}},"19":{"start":{"line":21,"column":8},"end":{"line":21,"column":52}},"20":{"start":{"line":23,"column":8},"end":{"line":23,"column":43}},"21":{"start":{"line":25,"column":4},"end":{"line":30,"column":5}},"22":{"start":{"line":28,"column":8},"end":{"line":28,"column":33}},"23":{"start":{"line":29,"column":8},"end":{"line":29,"column":70}},"24":{"start":{"line":31,"column":4},"end":{"line":40,"column":5}},"25":{"start":{"line":33,"column":8},"end":{"line":33,"column":37}},"26":{"start":{"line":34,"column":8},"end":{"line":39,"column":9}},"27":{"start":{"line":35,"column":12},"end":{"line":35,"column":69}},"28":{"start":{"line":38,"column":12},"end":{"line":38,"column":74}},"29":{"start":{"line":41,"column":4},"end":{"line":41,"column":24}},"30":{"start":{"line":43,"column":0},"end":{"line":43,"column":25}}},"fnMap":{"0":{"name":"(anonymous_0)","decl":{"start":{"line":2,"column":44},"end":{"line":2,"column":45}},"loc":{"start":{"line":2,"column":89},"end":{"line":10,"column":1}},"line":2},"1":{"name":"adopt","decl":{"start":{"line":3,"column":13},"end":{"line":3,"column":18}},"loc":{"start":{"line":3,"column":26},"end":{"line":3,"column":112}},"line":3},"2":{"name":"(anonymous_2)","decl":{"start":{"line":3,"column":70},"end":{"line":3,"column":71}},"loc":{"start":{"line":3,"column":89},"end":{"line":3,"column":108}},"line":3},"3":{"name":"(anonymous_3)","decl":{"start":{"line":4,"column":36},"end":{"line":4,"column":37}},"loc":{"start":{"line":4,"column":63},"end":{"line":9,"column":5}},"line":4},"4":{"name":"fulfilled","decl":{"start":{"line":5,"column":17},"end":{"line":5,"column":26}},"loc":{"start":{"line":5,"column":34},"end":{"line":5,"column":99}},"line":5},"5":{"name":"rejected","decl":{"start":{"line":6,"column":17},"end":{"line":6,"column":25}},"loc":{"start":{"line":6,"column":33},"end":{"line":6,"column":102}},"line":6},"6":{"name":"step","decl":{"start":{"line":7,"column":17},"end":{"line":7,"column":21}},"loc":{"start":{"line":7,"column":30},"end":{"line":7,"column":118}},"line":7},"7":{"name":"(anonymous_7)","decl":{"start":{"line":14,"column":12},"end":{"line":14,"column":13}},"loc":{"start":{"line":14,"column":30},"end":{"line":42,"column":2}},"line":14},"8":{"name":"(anonymous_8)","decl":{"start":{"line":14,"column":64},"end":{"line":14,"column":65}},"loc":{"start":{"line":14,"column":77},"end":{"line":42,"column":1}},"line":14}},"branchMap":{"0":{"loc":{"start":{"line":2,"column":16},"end":{"line":10,"column":1}},"type":"binary-expr","locations":[{"start":{"line":2,"column":17},"end":{"line":2,"column":21}},{"start":{"line":2,"column":25},"end":{"line":2,"column":39}},{"start":{"line":2,"column":44},"end":{"line":10,"column":1}}],"line":2},"1":{"loc":{"start":{"line":3,"column":35},"end":{"line":3,"column":109}},"type":"cond-expr","locations":[{"start":{"line":3,"column":56},"end":{"line":3,"column":61}},{"start":{"line":3,"column":64},"end":{"line":3,"column":109}}],"line":3},"2":{"loc":{"start":{"line":4,"column":16},"end":{"line":4,"column":34}},"type":"binary-expr","locations":[{"start":{"line":4,"column":16},"end":{"line":4,"column":17}},{"start":{"line":4,"column":22},"end":{"line":4,"column":33}}],"line":4},"3":{"loc":{"start":{"line":7,"column":32},"end":{"line":7,"column":115}},"type":"cond-expr","locations":[{"start":{"line":7,"column":46},"end":{"line":7,"column":67}},{"start":{"line":7,"column":70},"end":{"line":7,"column":115}}],"line":7},"4":{"loc":{"start":{"line":8,"column":51},"end":{"line":8,"column":67}},"type":"binary-expr","locations":[{"start":{"line":8,"column":51},"end":{"line":8,"column":61}},{"start":{"line":8,"column":65},"end":{"line":8,"column":67}}],"line":8},"5":{"loc":{"start":{"line":15,"column":4},"end":{"line":24,"column":5}},"type":"if","locations":[{"start":{"line":15,"column":4},"end":{"line":24,"column":5}},{"start":{},"end":{}}],"line":15},"6":{"loc":{"start":{"line":15,"column":8},"end":{"line":18,"column":37}},"type":"binary-expr","locations":[{"start":{"line":15,"column":8},"end":{"line":15,"column":36}},{"start":{"line":16,"column":8},"end":{"line":16,"column":37}},{"start":{"line":17,"column":8},"end":{"line":17,"column":38}},{"start":{"line":18,"column":8},"end":{"line":18,"column":37}}],"line":15},"7":{"loc":{"start":{"line":20,"column":22},"end":{"line":20,"column":39}},"type":"binary-expr","locations":[{"start":{"line":20,"column":22},"end":{"line":20,"column":33}},{"start":{"line":20,"column":37},"end":{"line":20,"column":39}}],"line":20},"8":{"loc":{"start":{"line":21,"column":28},"end":{"line":21,"column":51}},"type":"binary-expr","locations":[{"start":{"line":21,"column":28},"end":{"line":21,"column":45}},{"start":{"line":21,"column":49},"end":{"line":21,"column":51}}],"line":21},"9":{"loc":{"start":{"line":25,"column":4},"end":{"line":30,"column":5}},"type":"if","locations":[{"start":{"line":25,"column":4},"end":{"line":30,"column":5}},{"start":{},"end":{}}],"line":25},"10":{"loc":{"start":{"line":25,"column":8},"end":{"line":25,"column":66}},"type":"binary-expr","locations":[{"start":{"line":25,"column":8},"end":{"line":25,"column":33}},{"start":{"line":25,"column":37},"end":{"line":25,"column":66}}],"line":25},"11":{"loc":{"start":{"line":31,"column":4},"end":{"line":40,"column":5}},"type":"if","locations":[{"start":{"line":31,"column":4},"end":{"line":40,"column":5}},{"start":{},"end":{}}],"line":31},"12":{"loc":{"start":{"line":31,"column":8},"end":{"line":31,"column":70}},"type":"binary-expr","locations":[{"start":{"line":31,"column":8},"end":{"line":31,"column":37}},{"start":{"line":31,"column":41},"end":{"line":31,"column":70}}],"line":31},"13":{"loc":{"start":{"line":34,"column":8},"end":{"line":39,"column":9}},"type":"if","locations":[{"start":{"line":34,"column":8},"end":{"line":39,"column":9}},{"start":{"line":37,"column":13},"end":{"line":39,"column":9}}],"line":34}},"s":{"0":1,"1":0,"2":0,"3":62,"4":0,"5":0,"6":0,"7":0,"8":0,"9":0,"10":62,"11":62,"12":1,"13":1,"14":1,"15":1,"16":62,"17":62,"18":15,"19":15,"20":15,"21":62,"22":1,"23":1,"24":62,"25":0,"26":0,"27":0,"28":0,"29":62,"30":1},"f":{"0":62,"1":0,"2":0,"3":62,"4":0,"5":0,"6":62,"7":62,"8":62},"b":{"0":[1,1,1],"1":[0,0],"2":[62,62],"3":[62,0],"4":[62,62],"5":[15,47],"6":[62,61,47,47],"7":[15,1],"8":[15,1],"9":[1,61],"10":[62,1],"11":[0,62],"12":[62,0],"13":[0,0]},"inputSourceMap":null,"_coverageSchema":"1a1c01bbd47fc00a2c39e90264f33305004495a9","hash":"a5948221a2b1a989ac0ae87354b4182fc5e31b03"}
,"D:\\CODING\\sparx\\api-sparx\\dist\\src\\controllers\\authController.js": {"path":"D:\\CODING\\sparx\\api-sparx\\dist\\src\\controllers\\authController.js","statementMap":{"0":{"start":{"line":2,"column":16},"end":{"line":10,"column":1}},"1":{"start":{"line":3,"column":28},"end":{"line":3,"column":110}},"2":{"start":{"line":3,"column":91},"end":{"line":3,"column":106}},"3":{"start":{"line":4,"column":4},"end":{"line":9,"column":7}},"4":{"start":{"line":5,"column":36},"end":{"line":5,"column":97}},"5":{"start":{"line":5,"column":42},"end":{"line":5,"column":70}},"6":{"start":{"line":5,"column":85},"end":{"line":5,"column":95}},"7":{"start":{"line":6,"column":35},"end":{"line":6,"column":100}},"8":{"start":{"line":6,"column":41},"end":{"line":6,"column":73}},"9":{"start":{"line":6,"column":88},"end":{"line":6,"column":98}},"10":{"start":{"line":7,"column":32},"end":{"line":7,"column":116}},"11":{"start":{"line":8,"column":8},"end":{"line":8,"column":78}},"12":{"start":{"line":11,"column":22},"end":{"line":13,"column":1}},"13":{"start":{"line":12,"column":4},"end":{"line":12,"column":62}},"14":{"start":{"line":14,"column":0},"end":{"line":14,"column":62}},"15":{"start":{"line":15,"column":0},"end":{"line":15,"column":59}},"16":{"start":{"line":16,"column":17},"end":{"line":16,"column":60}},"17":{"start":{"line":17,"column":23},"end":{"line":17,"column":58}},"18":{"start":{"line":18,"column":14},"end":{"line":18,"column":37}},"19":{"start":{"line":19,"column":19},"end":{"line":19,"column":45}},"20":{"start":{"line":20,"column":17},"end":{"line":43,"column":2}},"21":{"start":{"line":20,"column":31},"end":{"line":43,"column":2}},"22":{"start":{"line":21,"column":4},"end":{"line":42,"column":5}},"23":{"start":{"line":22,"column":23},"end":{"line":22,"column":67}},"24":{"start":{"line":23,"column":8},"end":{"line":28,"column":9}},"25":{"start":{"line":24,"column":12},"end":{"line":24,"column":74}},"26":{"start":{"line":25,"column":12},"end":{"line":27,"column":75}},"27":{"start":{"line":29,"column":8},"end":{"line":29,"column":75}},"28":{"start":{"line":30,"column":8},"end":{"line":34,"column":11}},"29":{"start":{"line":38,"column":8},"end":{"line":38,"column":74}},"30":{"start":{"line":39,"column":8},"end":{"line":41,"column":71}},"31":{"start":{"line":44,"column":0},"end":{"line":44,"column":28}},"32":{"start":{"line":45,"column":14},"end":{"line":72,"column":2}},"33":{"start":{"line":45,"column":28},"end":{"line":72,"column":2}},"34":{"start":{"line":46,"column":4},"end":{"line":71,"column":5}},"35":{"start":{"line":47,"column":21},"end":{"line":47,"column":62}},"36":{"start":{"line":48,"column":8},"end":{"line":53,"column":9}},"37":{"start":{"line":49,"column":12},"end":{"line":49,"column":80}},"38":{"start":{"line":50,"column":12},"end":{"line":52,"column":80}},"39":{"start":{"line":54,"column":22},"end":{"line":54,"column":43}},"40":{"start":{"line":55,"column":8},"end":{"line":58,"column":11}},"41":{"start":{"line":59,"column":8},"end":{"line":66,"column":11}},"42":{"start":{"line":69,"column":8},"end":{"line":69,"column":63}},"43":{"start":{"line":70,"column":8},"end":{"line":70,"column":81}},"44":{"start":{"line":73,"column":0},"end":{"line":73,"column":22}},"45":{"start":{"line":74,"column":15},"end":{"line":86,"column":2}},"46":{"start":{"line":74,"column":29},"end":{"line":86,"column":2}},"47":{"start":{"line":76,"column":4},"end":{"line":81,"column":5}},"48":{"start":{"line":77,"column":8},"end":{"line":77,"column":65}},"49":{"start":{"line":78,"column":8},"end":{"line":80,"column":72}},"50":{"start":{"line":82,"column":4},"end":{"line":82,"column":29}},"51":{"start":{"line":83,"column":4},"end":{"line":85,"column":67}},"52":{"start":{"line":87,"column":0},"end":{"line":87,"column":24}}},"fnMap":{"0":{"name":"(anonymous_0)","decl":{"start":{"line":2,"column":44},"end":{"line":2,"column":45}},"loc":{"start":{"line":2,"column":89},"end":{"line":10,"column":1}},"line":2},"1":{"name":"adopt","decl":{"start":{"line":3,"column":13},"end":{"line":3,"column":18}},"loc":{"start":{"line":3,"column":26},"end":{"line":3,"column":112}},"line":3},"2":{"name":"(anonymous_2)","decl":{"start":{"line":3,"column":70},"end":{"line":3,"column":71}},"loc":{"start":{"line":3,"column":89},"end":{"line":3,"column":108}},"line":3},"3":{"name":"(anonymous_3)","decl":{"start":{"line":4,"column":36},"end":{"line":4,"column":37}},"loc":{"start":{"line":4,"column":63},"end":{"line":9,"column":5}},"line":4},"4":{"name":"fulfilled","decl":{"start":{"line":5,"column":17},"end":{"line":5,"column":26}},"loc":{"start":{"line":5,"column":34},"end":{"line":5,"column":99}},"line":5},"5":{"name":"rejected","decl":{"start":{"line":6,"column":17},"end":{"line":6,"column":25}},"loc":{"start":{"line":6,"column":33},"end":{"line":6,"column":102}},"line":6},"6":{"name":"step","decl":{"start":{"line":7,"column":17},"end":{"line":7,"column":21}},"loc":{"start":{"line":7,"column":30},"end":{"line":7,"column":118}},"line":7},"7":{"name":"(anonymous_7)","decl":{"start":{"line":11,"column":56},"end":{"line":11,"column":57}},"loc":{"start":{"line":11,"column":71},"end":{"line":13,"column":1}},"line":11},"8":{"name":"(anonymous_8)","decl":{"start":{"line":20,"column":17},"end":{"line":20,"column":18}},"loc":{"start":{"line":20,"column":31},"end":{"line":43,"column":2}},"line":20},"9":{"name":"(anonymous_9)","decl":{"start":{"line":20,"column":65},"end":{"line":20,"column":66}},"loc":{"start":{"line":20,"column":78},"end":{"line":43,"column":1}},"line":20},"10":{"name":"(anonymous_10)","decl":{"start":{"line":45,"column":14},"end":{"line":45,"column":15}},"loc":{"start":{"line":45,"column":28},"end":{"line":72,"column":2}},"line":45},"11":{"name":"(anonymous_11)","decl":{"start":{"line":45,"column":62},"end":{"line":45,"column":63}},"loc":{"start":{"line":45,"column":75},"end":{"line":72,"column":1}},"line":45},"12":{"name":"(anonymous_12)","decl":{"start":{"line":74,"column":15},"end":{"line":74,"column":16}},"loc":{"start":{"line":74,"column":29},"end":{"line":86,"column":2}},"line":74},"13":{"name":"(anonymous_13)","decl":{"start":{"line":74,"column":63},"end":{"line":74,"column":64}},"loc":{"start":{"line":74,"column":76},"end":{"line":86,"column":1}},"line":74}},"branchMap":{"0":{"loc":{"start":{"line":2,"column":16},"end":{"line":10,"column":1}},"type":"binary-expr","locations":[{"start":{"line":2,"column":17},"end":{"line":2,"column":21}},{"start":{"line":2,"column":25},"end":{"line":2,"column":39}},{"start":{"line":2,"column":44},"end":{"line":10,"column":1}}],"line":2},"1":{"loc":{"start":{"line":3,"column":35},"end":{"line":3,"column":109}},"type":"cond-expr","locations":[{"start":{"line":3,"column":56},"end":{"line":3,"column":61}},{"start":{"line":3,"column":64},"end":{"line":3,"column":109}}],"line":3},"2":{"loc":{"start":{"line":4,"column":16},"end":{"line":4,"column":34}},"type":"binary-expr","locations":[{"start":{"line":4,"column":16},"end":{"line":4,"column":17}},{"start":{"line":4,"column":22},"end":{"line":4,"column":33}}],"line":4},"3":{"loc":{"start":{"line":7,"column":32},"end":{"line":7,"column":115}},"type":"cond-expr","locations":[{"start":{"line":7,"column":46},"end":{"line":7,"column":67}},{"start":{"line":7,"column":70},"end":{"line":7,"column":115}}],"line":7},"4":{"loc":{"start":{"line":8,"column":51},"end":{"line":8,"column":67}},"type":"binary-expr","locations":[{"start":{"line":8,"column":51},"end":{"line":8,"column":61}},{"start":{"line":8,"column":65},"end":{"line":8,"column":67}}],"line":8},"5":{"loc":{"start":{"line":11,"column":22},"end":{"line":13,"column":1}},"type":"binary-expr","locations":[{"start":{"line":11,"column":23},"end":{"line":11,"column":27}},{"start":{"line":11,"column":31},"end":{"line":11,"column":51}},{"start":{"line":11,"column":56},"end":{"line":13,"column":1}}],"line":11},"6":{"loc":{"start":{"line":12,"column":11},"end":{"line":12,"column":61}},"type":"cond-expr","locations":[{"start":{"line":12,"column":37},"end":{"line":12,"column":40}},{"start":{"line":12,"column":43},"end":{"line":12,"column":61}}],"line":12},"7":{"loc":{"start":{"line":12,"column":12},"end":{"line":12,"column":33}},"type":"binary-expr","locations":[{"start":{"line":12,"column":12},"end":{"line":12,"column":15}},{"start":{"line":12,"column":19},"end":{"line":12,"column":33}}],"line":12},"8":{"loc":{"start":{"line":23,"column":8},"end":{"line":28,"column":9}},"type":"if","locations":[{"start":{"line":23,"column":8},"end":{"line":28,"column":9}},{"start":{},"end":{}}],"line":23},"9":{"loc":{"start":{"line":48,"column":8},"end":{"line":53,"column":9}},"type":"if","locations":[{"start":{"line":48,"column":8},"end":{"line":53,"column":9}},{"start":{},"end":{}}],"line":48},"10":{"loc":{"start":{"line":76,"column":4},"end":{"line":81,"column":5}},"type":"if","locations":[{"start":{"line":76,"column":4},"end":{"line":81,"column":5}},{"start":{},"end":{}}],"line":76},"11":{"loc":{"start":{"line":76,"column":10},"end":{"line":76,"column":116}},"type":"cond-expr","locations":[{"start":{"line":76,"column":99},"end":{"line":76,"column":105}},{"start":{"line":76,"column":108},"end":{"line":76,"column":116}}],"line":76},"12":{"loc":{"start":{"line":76,"column":10},"end":{"line":76,"column":96}},"type":"binary-expr","locations":[{"start":{"line":76,"column":10},"end":{"line":76,"column":79}},{"start":{"line":76,"column":83},"end":{"line":76,"column":96}}],"line":76},"13":{"loc":{"start":{"line":76,"column":16},"end":{"line":76,"column":69}},"type":"cond-expr","locations":[{"start":{"line":76,"column":49},"end":{"line":76,"column":55}},{"start":{"line":76,"column":58},"end":{"line":76,"column":69}}],"line":76},"14":{"loc":{"start":{"line":76,"column":16},"end":{"line":76,"column":46}},"type":"binary-expr","locations":[{"start":{"line":76,"column":16},"end":{"line":76,"column":28}},{"start":{"line":76,"column":32},"end":{"line":76,"column":46}}],"line":76}},"s":{"0":1,"1":10,"2":0,"3":10,"4":10,"5":10,"6":0,"7":0,"8":0,"9":0,"10":20,"11":10,"12":1,"13":1,"14":1,"15":1,"16":1,"17":1,"18":1,"19":1,"20":1,"21":0,"22":0,"23":0,"24":0,"25":0,"26":0,"27":0,"28":0,"29":0,"30":0,"31":1,"32":1,"33":10,"34":10,"35":10,"36":10,"37":0,"38":0,"39":10,"40":10,"41":10,"42":0,"43":0,"44":1,"45":1,"46":0,"47":0,"48":0,"49":0,"50":0,"51":0,"52":1},"f":{"0":10,"1":10,"2":0,"3":10,"4":10,"5":0,"6":20,"7":1,"8":0,"9":0,"10":10,"11":10,"12":0,"13":0},"b":{"0":[1,1,1],"1":[10,0],"2":[10,10],"3":[10,10],"4":[10,10],"5":[1,1,1],"6":[1,0],"7":[1,1],"8":[0,0],"9":[0,10],"10":[0,0],"11":[0,0],"12":[0,0],"13":[0,0],"14":[0,0]},"inputSourceMap":null,"_coverageSchema":"1a1c01bbd47fc00a2c39e90264f33305004495a9","hash":"8c83ac386ce5a3f32145450fa79d92c1879e7fe7"}
,"D:\\CODING\\sparx\\api-sparx\\dist\\src\\controllers\\downloadPermissionController.js": {"path":"D:\\CODING\\sparx\\api-sparx\\dist\\src\\controllers\\downloadPermissionController.js","statementMap":{"0":{"start":{"line":2,"column":16},"end":{"line":10,"column":1}},"1":{"start":{"line":3,"column":28},"end":{"line":3,"column":110}},"2":{"start":{"line":3,"column":91},"end":{"line":3,"column":106}},"3":{"start":{"line":4,"column":4},"end":{"line":9,"column":7}},"4":{"start":{"line":5,"column":36},"end":{"line":5,"column":97}},"5":{"start":{"line":5,"column":42},"end":{"line":5,"column":70}},"6":{"start":{"line":5,"column":85},"end":{"line":5,"column":95}},"7":{"start":{"line":6,"column":35},"end":{"line":6,"column":100}},"8":{"start":{"line":6,"column":41},"end":{"line":6,"column":73}},"9":{"start":{"line":6,"column":88},"end":{"line":6,"column":98}},"10":{"start":{"line":7,"column":32},"end":{"line":7,"column":116}},"11":{"start":{"line":8,"column":8},"end":{"line":8,"column":78}},"12":{"start":{"line":11,"column":22},"end":{"line":13,"column":1}},"13":{"start":{"line":12,"column":4},"end":{"line":12,"column":62}},"14":{"start":{"line":14,"column":0},"end":{"line":14,"column":62}},"15":{"start":{"line":15,"column":0},"end":{"line":15,"column":143}},"16":{"start":{"line":16,"column":36},"end":{"line":16,"column":84}},"17":{"start":{"line":17,"column":17},"end":{"line":17,"column":60}},"18":{"start":{"line":18,"column":33},"end":{"line":18,"column":73}},"19":{"start":{"line":19,"column":25},"end":{"line":38,"column":2}},"20":{"start":{"line":19,"column":39},"end":{"line":38,"column":2}},"21":{"start":{"line":20,"column":4},"end":{"line":37,"column":5}},"22":{"start":{"line":21,"column":23},"end":{"line":21,"column":70}},"23":{"start":{"line":22,"column":8},"end":{"line":22,"column":94}},"24":{"start":{"line":23,"column":8},"end":{"line":29,"column":11}},"25":{"start":{"line":27,"column":16},"end":{"line":27,"column":87}},"26":{"start":{"line":32,"column":8},"end":{"line":32,"column":89}},"27":{"start":{"line":33,"column":8},"end":{"line":36,"column":11}},"28":{"start":{"line":39,"column":0},"end":{"line":39,"column":44}},"29":{"start":{"line":40,"column":28},"end":{"line":58,"column":2}},"30":{"start":{"line":40,"column":42},"end":{"line":58,"column":2}},"31":{"start":{"line":41,"column":4},"end":{"line":57,"column":5}},"32":{"start":{"line":42,"column":23},"end":{"line":42,"column":33}},"33":{"start":{"line":43,"column":23},"end":{"line":43,"column":75}},"34":{"start":{"line":44,"column":8},"end":{"line":44,"column":89}},"35":{"start":{"line":45,"column":8},"end":{"line":49,"column":11}},"36":{"start":{"line":52,"column":8},"end":{"line":52,"column":85}},"37":{"start":{"line":53,"column":8},"end":{"line":56,"column":11}},"38":{"start":{"line":59,"column":0},"end":{"line":59,"column":50}},"39":{"start":{"line":60,"column":23},"end":{"line":76,"column":2}},"40":{"start":{"line":60,"column":37},"end":{"line":76,"column":2}},"41":{"start":{"line":61,"column":4},"end":{"line":75,"column":5}},"42":{"start":{"line":62,"column":23},"end":{"line":62,"column":82}},"43":{"start":{"line":63,"column":8},"end":{"line":63,"column":87}},"44":{"start":{"line":64,"column":8},"end":{"line":68,"column":11}},"45":{"start":{"line":71,"column":8},"end":{"line":71,"column":82}},"46":{"start":{"line":72,"column":8},"end":{"line":74,"column":84}},"47":{"start":{"line":77,"column":0},"end":{"line":77,"column":40}},"48":{"start":{"line":78,"column":25},"end":{"line":96,"column":2}},"49":{"start":{"line":78,"column":39},"end":{"line":96,"column":2}},"50":{"start":{"line":79,"column":4},"end":{"line":95,"column":5}},"51":{"start":{"line":80,"column":23},"end":{"line":80,"column":33}},"52":{"start":{"line":81,"column":23},"end":{"line":81,"column":84}},"53":{"start":{"line":82,"column":8},"end":{"line":82,"column":88}},"54":{"start":{"line":83,"column":8},"end":{"line":87,"column":11}},"55":{"start":{"line":90,"column":8},"end":{"line":90,"column":25}},"56":{"start":{"line":91,"column":8},"end":{"line":91,"column":83}},"57":{"start":{"line":92,"column":8},"end":{"line":94,"column":84}},"58":{"start":{"line":97,"column":0},"end":{"line":97,"column":44}},"59":{"start":{"line":98,"column":25},"end":{"line":119,"column":2}},"60":{"start":{"line":98,"column":39},"end":{"line":119,"column":2}},"61":{"start":{"line":99,"column":4},"end":{"line":118,"column":5}},"62":{"start":{"line":100,"column":23},"end":{"line":100,"column":33}},"63":{"start":{"line":101,"column":8},"end":{"line":106,"column":9}},"64":{"start":{"line":102,"column":12},"end":{"line":102,"column":89}},"65":{"start":{"line":103,"column":12},"end":{"line":105,"column":88}},"66":{"start":{"line":107,"column":8},"end":{"line":107,"column":90}},"67":{"start":{"line":108,"column":8},"end":{"line":111,"column":11}},"68":{"start":{"line":114,"column":8},"end":{"line":114,"column":85}},"69":{"start":{"line":115,"column":8},"end":{"line":117,"column":84}},"70":{"start":{"line":120,"column":0},"end":{"line":120,"column":44}}},"fnMap":{"0":{"name":"(anonymous_0)","decl":{"start":{"line":2,"column":44},"end":{"line":2,"column":45}},"loc":{"start":{"line":2,"column":89},"end":{"line":10,"column":1}},"line":2},"1":{"name":"adopt","decl":{"start":{"line":3,"column":13},"end":{"line":3,"column":18}},"loc":{"start":{"line":3,"column":26},"end":{"line":3,"column":112}},"line":3},"2":{"name":"(anonymous_2)","decl":{"start":{"line":3,"column":70},"end":{"line":3,"column":71}},"loc":{"start":{"line":3,"column":89},"end":{"line":3,"column":108}},"line":3},"3":{"name":"(anonymous_3)","decl":{"start":{"line":4,"column":36},"end":{"line":4,"column":37}},"loc":{"start":{"line":4,"column":63},"end":{"line":9,"column":5}},"line":4},"4":{"name":"fulfilled","decl":{"start":{"line":5,"column":17},"end":{"line":5,"column":26}},"loc":{"start":{"line":5,"column":34},"end":{"line":5,"column":99}},"line":5},"5":{"name":"rejected","decl":{"start":{"line":6,"column":17},"end":{"line":6,"column":25}},"loc":{"start":{"line":6,"column":33},"end":{"line":6,"column":102}},"line":6},"6":{"name":"step","decl":{"start":{"line":7,"column":17},"end":{"line":7,"column":21}},"loc":{"start":{"line":7,"column":30},"end":{"line":7,"column":118}},"line":7},"7":{"name":"(anonymous_7)","decl":{"start":{"line":11,"column":56},"end":{"line":11,"column":57}},"loc":{"start":{"line":11,"column":71},"end":{"line":13,"column":1}},"line":11},"8":{"name":"(anonymous_8)","decl":{"start":{"line":19,"column":25},"end":{"line":19,"column":26}},"loc":{"start":{"line":19,"column":39},"end":{"line":38,"column":2}},"line":19},"9":{"name":"(anonymous_9)","decl":{"start":{"line":19,"column":73},"end":{"line":19,"column":74}},"loc":{"start":{"line":19,"column":86},"end":{"line":38,"column":1}},"line":19},"10":{"name":"(anonymous_10)","decl":{"start":{"line":26,"column":29},"end":{"line":26,"column":30}},"loc":{"start":{"line":26,"column":40},"end":{"line":28,"column":13}},"line":26},"11":{"name":"(anonymous_11)","decl":{"start":{"line":40,"column":28},"end":{"line":40,"column":29}},"loc":{"start":{"line":40,"column":42},"end":{"line":58,"column":2}},"line":40},"12":{"name":"(anonymous_12)","decl":{"start":{"line":40,"column":76},"end":{"line":40,"column":77}},"loc":{"start":{"line":40,"column":89},"end":{"line":58,"column":1}},"line":40},"13":{"name":"(anonymous_13)","decl":{"start":{"line":60,"column":23},"end":{"line":60,"column":24}},"loc":{"start":{"line":60,"column":37},"end":{"line":76,"column":2}},"line":60},"14":{"name":"(anonymous_14)","decl":{"start":{"line":60,"column":71},"end":{"line":60,"column":72}},"loc":{"start":{"line":60,"column":84},"end":{"line":76,"column":1}},"line":60},"15":{"name":"(anonymous_15)","decl":{"start":{"line":78,"column":25},"end":{"line":78,"column":26}},"loc":{"start":{"line":78,"column":39},"end":{"line":96,"column":2}},"line":78},"16":{"name":"(anonymous_16)","decl":{"start":{"line":78,"column":73},"end":{"line":78,"column":74}},"loc":{"start":{"line":78,"column":86},"end":{"line":96,"column":1}},"line":78},"17":{"name":"(anonymous_17)","decl":{"start":{"line":98,"column":25},"end":{"line":98,"column":26}},"loc":{"start":{"line":98,"column":39},"end":{"line":119,"column":2}},"line":98},"18":{"name":"(anonymous_18)","decl":{"start":{"line":98,"column":73},"end":{"line":98,"column":74}},"loc":{"start":{"line":98,"column":86},"end":{"line":119,"column":1}},"line":98}},"branchMap":{"0":{"loc":{"start":{"line":2,"column":16},"end":{"line":10,"column":1}},"type":"binary-expr","locations":[{"start":{"line":2,"column":17},"end":{"line":2,"column":21}},{"start":{"line":2,"column":25},"end":{"line":2,"column":39}},{"start":{"line":2,"column":44},"end":{"line":10,"column":1}}],"line":2},"1":{"loc":{"start":{"line":3,"column":35},"end":{"line":3,"column":109}},"type":"cond-expr","locations":[{"start":{"line":3,"column":56},"end":{"line":3,"column":61}},{"start":{"line":3,"column":64},"end":{"line":3,"column":109}}],"line":3},"2":{"loc":{"start":{"line":4,"column":16},"end":{"line":4,"column":34}},"type":"binary-expr","locations":[{"start":{"line":4,"column":16},"end":{"line":4,"column":17}},{"start":{"line":4,"column":22},"end":{"line":4,"column":33}}],"line":4},"3":{"loc":{"start":{"line":7,"column":32},"end":{"line":7,"column":115}},"type":"cond-expr","locations":[{"start":{"line":7,"column":46},"end":{"line":7,"column":67}},{"start":{"line":7,"column":70},"end":{"line":7,"column":115}}],"line":7},"4":{"loc":{"start":{"line":8,"column":51},"end":{"line":8,"column":67}},"type":"binary-expr","locations":[{"start":{"line":8,"column":51},"end":{"line":8,"column":61}},{"start":{"line":8,"column":65},"end":{"line":8,"column":67}}],"line":8},"5":{"loc":{"start":{"line":11,"column":22},"end":{"line":13,"column":1}},"type":"binary-expr","locations":[{"start":{"line":11,"column":23},"end":{"line":11,"column":27}},{"start":{"line":11,"column":31},"end":{"line":11,"column":51}},{"start":{"line":11,"column":56},"end":{"line":13,"column":1}}],"line":11},"6":{"loc":{"start":{"line":12,"column":11},"end":{"line":12,"column":61}},"type":"cond-expr","locations":[{"start":{"line":12,"column":37},"end":{"line":12,"column":40}},{"start":{"line":12,"column":43},"end":{"line":12,"column":61}}],"line":12},"7":{"loc":{"start":{"line":12,"column":12},"end":{"line":12,"column":33}},"type":"binary-expr","locations":[{"start":{"line":12,"column":12},"end":{"line":12,"column":15}},{"start":{"line":12,"column":19},"end":{"line":12,"column":33}}],"line":12},"8":{"loc":{"start":{"line":48,"column":18},"end":{"line":48,"column":98}},"type":"cond-expr","locations":[{"start":{"line":48,"column":27},"end":{"line":48,"column":91}},{"start":{"line":48,"column":94},"end":{"line":48,"column":98}}],"line":48},"9":{"loc":{"start":{"line":101,"column":8},"end":{"line":106,"column":9}},"type":"if","locations":[{"start":{"line":101,"column":8},"end":{"line":106,"column":9}},{"start":{},"end":{}}],"line":101}},"s":{"0":1,"1":0,"2":0,"3":0,"4":0,"5":0,"6":0,"7":0,"8":0,"9":0,"10":0,"11":0,"12":1,"13":1,"14":1,"15":1,"16":1,"17":1,"18":1,"19":1,"20":0,"21":0,"22":0,"23":0,"24":0,"25":0,"26":0,"27":0,"28":1,"29":1,"30":0,"31":0,"32":0,"33":0,"34":0,"35":0,"36":0,"37":0,"38":1,"39":1,"40":0,"41":0,"42":0,"43":0,"44":0,"45":0,"46":0,"47":1,"48":1,"49":0,"50":0,"51":0,"52":0,"53":0,"54":0,"55":0,"56":0,"57":0,"58":1,"59":1,"60":0,"61":0,"62":0,"63":0,"64":0,"65":0,"66":0,"67":0,"68":0,"69":0,"70":1},"f":{"0":0,"1":0,"2":0,"3":0,"4":0,"5":0,"6":0,"7":1,"8":0,"9":0,"10":0,"11":0,"12":0,"13":0,"14":0,"15":0,"16":0,"17":0,"18":0},"b":{"0":[1,1,1],"1":[0,0],"2":[0,0],"3":[0,0],"4":[0,0],"5":[1,1,1],"6":[1,0],"7":[1,1],"8":[0,0],"9":[0,0]},"inputSourceMap":null,"_coverageSchema":"1a1c01bbd47fc00a2c39e90264f33305004495a9","hash":"b5e8a9b188a735e08fd397f02be9d4271732c47a"}
,"D:\\CODING\\sparx\\api-sparx\\dist\\src\\controllers\\genresController.js": {"path":"D:\\CODING\\sparx\\api-sparx\\dist\\src\\controllers\\genresController.js","statementMap":{"0":{"start":{"line":2,"column":16},"end":{"line":10,"column":1}},"1":{"start":{"line":3,"column":28},"end":{"line":3,"column":110}},"2":{"start":{"line":3,"column":91},"end":{"line":3,"column":106}},"3":{"start":{"line":4,"column":4},"end":{"line":9,"column":7}},"4":{"start":{"line":5,"column":36},"end":{"line":5,"column":97}},"5":{"start":{"line":5,"column":42},"end":{"line":5,"column":70}},"6":{"start":{"line":5,"column":85},"end":{"line":5,"column":95}},"7":{"start":{"line":6,"column":35},"end":{"line":6,"column":100}},"8":{"start":{"line":6,"column":41},"end":{"line":6,"column":73}},"9":{"start":{"line":6,"column":88},"end":{"line":6,"column":98}},"10":{"start":{"line":7,"column":32},"end":{"line":7,"column":116}},"11":{"start":{"line":8,"column":8},"end":{"line":8,"column":78}},"12":{"start":{"line":11,"column":22},"end":{"line":13,"column":1}},"13":{"start":{"line":12,"column":4},"end":{"line":12,"column":62}},"14":{"start":{"line":14,"column":0},"end":{"line":14,"column":62}},"15":{"start":{"line":15,"column":0},"end":{"line":15,"column":143}},"16":{"start":{"line":16,"column":25},"end":{"line":16,"column":62}},"17":{"start":{"line":17,"column":21},"end":{"line":17,"column":49}},"18":{"start":{"line":18,"column":17},"end":{"line":18,"column":60}},"19":{"start":{"line":19,"column":25},"end":{"line":38,"column":2}},"20":{"start":{"line":19,"column":39},"end":{"line":38,"column":2}},"21":{"start":{"line":20,"column":4},"end":{"line":37,"column":5}},"22":{"start":{"line":21,"column":23},"end":{"line":21,"column":59}},"23":{"start":{"line":22,"column":8},"end":{"line":22,"column":76}},"24":{"start":{"line":23,"column":8},"end":{"line":29,"column":11}},"25":{"start":{"line":27,"column":16},"end":{"line":27,"column":62}},"26":{"start":{"line":32,"column":8},"end":{"line":32,"column":25}},"27":{"start":{"line":33,"column":8},"end":{"line":33,"column":74}},"28":{"start":{"line":34,"column":8},"end":{"line":36,"column":72}},"29":{"start":{"line":39,"column":0},"end":{"line":39,"column":44}},"30":{"start":{"line":40,"column":28},"end":{"line":57,"column":2}},"31":{"start":{"line":40,"column":42},"end":{"line":57,"column":2}},"32":{"start":{"line":41,"column":4},"end":{"line":56,"column":5}},"33":{"start":{"line":42,"column":23},"end":{"line":42,"column":33}},"34":{"start":{"line":43,"column":23},"end":{"line":43,"column":64}},"35":{"start":{"line":44,"column":8},"end":{"line":44,"column":67}},"36":{"start":{"line":45,"column":8},"end":{"line":49,"column":11}},"37":{"start":{"line":52,"column":8},"end":{"line":52,"column":65}},"38":{"start":{"line":53,"column":8},"end":{"line":55,"column":67}},"39":{"start":{"line":58,"column":0},"end":{"line":58,"column":50}},"40":{"start":{"line":59,"column":23},"end":{"line":75,"column":2}},"41":{"start":{"line":59,"column":37},"end":{"line":75,"column":2}},"42":{"start":{"line":60,"column":4},"end":{"line":74,"column":5}},"43":{"start":{"line":61,"column":23},"end":{"line":61,"column":71}},"44":{"start":{"line":62,"column":8},"end":{"line":62,"column":71}},"45":{"start":{"line":63,"column":8},"end":{"line":67,"column":11}},"46":{"start":{"line":70,"column":8},"end":{"line":70,"column":69}},"47":{"start":{"line":71,"column":8},"end":{"line":73,"column":71}},"48":{"start":{"line":76,"column":0},"end":{"line":76,"column":40}},"49":{"start":{"line":77,"column":25},"end":{"line":94,"column":2}},"50":{"start":{"line":77,"column":39},"end":{"line":94,"column":2}},"51":{"start":{"line":78,"column":4},"end":{"line":93,"column":5}},"52":{"start":{"line":79,"column":23},"end":{"line":79,"column":33}},"53":{"start":{"line":80,"column":23},"end":{"line":80,"column":73}},"54":{"start":{"line":81,"column":8},"end":{"line":81,"column":75}},"55":{"start":{"line":82,"column":8},"end":{"line":86,"column":11}},"56":{"start":{"line":89,"column":8},"end":{"line":89,"column":72}},"57":{"start":{"line":90,"column":8},"end":{"line":92,"column":73}},"58":{"start":{"line":95,"column":0},"end":{"line":95,"column":44}},"59":{"start":{"line":96,"column":25},"end":{"line":117,"column":2}},"60":{"start":{"line":96,"column":39},"end":{"line":117,"column":2}},"61":{"start":{"line":97,"column":4},"end":{"line":116,"column":5}},"62":{"start":{"line":98,"column":23},"end":{"line":98,"column":33}},"63":{"start":{"line":99,"column":8},"end":{"line":104,"column":9}},"64":{"start":{"line":100,"column":12},"end":{"line":100,"column":80}},"65":{"start":{"line":101,"column":12},"end":{"line":103,"column":79}},"66":{"start":{"line":105,"column":8},"end":{"line":105,"column":78}},"67":{"start":{"line":106,"column":8},"end":{"line":109,"column":11}},"68":{"start":{"line":112,"column":8},"end":{"line":112,"column":76}},"69":{"start":{"line":113,"column":8},"end":{"line":115,"column":75}},"70":{"start":{"line":118,"column":0},"end":{"line":118,"column":44}}},"fnMap":{"0":{"name":"(anonymous_0)","decl":{"start":{"line":2,"column":44},"end":{"line":2,"column":45}},"loc":{"start":{"line":2,"column":89},"end":{"line":10,"column":1}},"line":2},"1":{"name":"adopt","decl":{"start":{"line":3,"column":13},"end":{"line":3,"column":18}},"loc":{"start":{"line":3,"column":26},"end":{"line":3,"column":112}},"line":3},"2":{"name":"(anonymous_2)","decl":{"start":{"line":3,"column":70},"end":{"line":3,"column":71}},"loc":{"start":{"line":3,"column":89},"end":{"line":3,"column":108}},"line":3},"3":{"name":"(anonymous_3)","decl":{"start":{"line":4,"column":36},"end":{"line":4,"column":37}},"loc":{"start":{"line":4,"column":63},"end":{"line":9,"column":5}},"line":4},"4":{"name":"fulfilled","decl":{"start":{"line":5,"column":17},"end":{"line":5,"column":26}},"loc":{"start":{"line":5,"column":34},"end":{"line":5,"column":99}},"line":5},"5":{"name":"rejected","decl":{"start":{"line":6,"column":17},"end":{"line":6,"column":25}},"loc":{"start":{"line":6,"column":33},"end":{"line":6,"column":102}},"line":6},"6":{"name":"step","decl":{"start":{"line":7,"column":17},"end":{"line":7,"column":21}},"loc":{"start":{"line":7,"column":30},"end":{"line":7,"column":118}},"line":7},"7":{"name":"(anonymous_7)","decl":{"start":{"line":11,"column":56},"end":{"line":11,"column":57}},"loc":{"start":{"line":11,"column":71},"end":{"line":13,"column":1}},"line":11},"8":{"name":"(anonymous_8)","decl":{"start":{"line":19,"column":25},"end":{"line":19,"column":26}},"loc":{"start":{"line":19,"column":39},"end":{"line":38,"column":2}},"line":19},"9":{"name":"(anonymous_9)","decl":{"start":{"line":19,"column":73},"end":{"line":19,"column":74}},"loc":{"start":{"line":19,"column":86},"end":{"line":38,"column":1}},"line":19},"10":{"name":"(anonymous_10)","decl":{"start":{"line":26,"column":29},"end":{"line":26,"column":30}},"loc":{"start":{"line":26,"column":40},"end":{"line":28,"column":13}},"line":26},"11":{"name":"(anonymous_11)","decl":{"start":{"line":40,"column":28},"end":{"line":40,"column":29}},"loc":{"start":{"line":40,"column":42},"end":{"line":57,"column":2}},"line":40},"12":{"name":"(anonymous_12)","decl":{"start":{"line":40,"column":76},"end":{"line":40,"column":77}},"loc":{"start":{"line":40,"column":89},"end":{"line":57,"column":1}},"line":40},"13":{"name":"(anonymous_13)","decl":{"start":{"line":59,"column":23},"end":{"line":59,"column":24}},"loc":{"start":{"line":59,"column":37},"end":{"line":75,"column":2}},"line":59},"14":{"name":"(anonymous_14)","decl":{"start":{"line":59,"column":71},"end":{"line":59,"column":72}},"loc":{"start":{"line":59,"column":84},"end":{"line":75,"column":1}},"line":59},"15":{"name":"(anonymous_15)","decl":{"start":{"line":77,"column":25},"end":{"line":77,"column":26}},"loc":{"start":{"line":77,"column":39},"end":{"line":94,"column":2}},"line":77},"16":{"name":"(anonymous_16)","decl":{"start":{"line":77,"column":73},"end":{"line":77,"column":74}},"loc":{"start":{"line":77,"column":86},"end":{"line":94,"column":1}},"line":77},"17":{"name":"(anonymous_17)","decl":{"start":{"line":96,"column":25},"end":{"line":96,"column":26}},"loc":{"start":{"line":96,"column":39},"end":{"line":117,"column":2}},"line":96},"18":{"name":"(anonymous_18)","decl":{"start":{"line":96,"column":73},"end":{"line":96,"column":74}},"loc":{"start":{"line":96,"column":86},"end":{"line":117,"column":1}},"line":96}},"branchMap":{"0":{"loc":{"start":{"line":2,"column":16},"end":{"line":10,"column":1}},"type":"binary-expr","locations":[{"start":{"line":2,"column":17},"end":{"line":2,"column":21}},{"start":{"line":2,"column":25},"end":{"line":2,"column":39}},{"start":{"line":2,"column":44},"end":{"line":10,"column":1}}],"line":2},"1":{"loc":{"start":{"line":3,"column":35},"end":{"line":3,"column":109}},"type":"cond-expr","locations":[{"start":{"line":3,"column":56},"end":{"line":3,"column":61}},{"start":{"line":3,"column":64},"end":{"line":3,"column":109}}],"line":3},"2":{"loc":{"start":{"line":4,"column":16},"end":{"line":4,"column":34}},"type":"binary-expr","locations":[{"start":{"line":4,"column":16},"end":{"line":4,"column":17}},{"start":{"line":4,"column":22},"end":{"line":4,"column":33}}],"line":4},"3":{"loc":{"start":{"line":7,"column":32},"end":{"line":7,"column":115}},"type":"cond-expr","locations":[{"start":{"line":7,"column":46},"end":{"line":7,"column":67}},{"start":{"line":7,"column":70},"end":{"line":7,"column":115}}],"line":7},"4":{"loc":{"start":{"line":8,"column":51},"end":{"line":8,"column":67}},"type":"binary-expr","locations":[{"start":{"line":8,"column":51},"end":{"line":8,"column":61}},{"start":{"line":8,"column":65},"end":{"line":8,"column":67}}],"line":8},"5":{"loc":{"start":{"line":11,"column":22},"end":{"line":13,"column":1}},"type":"binary-expr","locations":[{"start":{"line":11,"column":23},"end":{"line":11,"column":27}},{"start":{"line":11,"column":31},"end":{"line":11,"column":51}},{"start":{"line":11,"column":56},"end":{"line":13,"column":1}}],"line":11},"6":{"loc":{"start":{"line":12,"column":11},"end":{"line":12,"column":61}},"type":"cond-expr","locations":[{"start":{"line":12,"column":37},"end":{"line":12,"column":40}},{"start":{"line":12,"column":43},"end":{"line":12,"column":61}}],"line":12},"7":{"loc":{"start":{"line":12,"column":12},"end":{"line":12,"column":33}},"type":"binary-expr","locations":[{"start":{"line":12,"column":12},"end":{"line":12,"column":15}},{"start":{"line":12,"column":19},"end":{"line":12,"column":33}}],"line":12},"8":{"loc":{"start":{"line":48,"column":18},"end":{"line":48,"column":73}},"type":"cond-expr","locations":[{"start":{"line":48,"column":27},"end":{"line":48,"column":66}},{"start":{"line":48,"column":69},"end":{"line":48,"column":73}}],"line":48},"9":{"loc":{"start":{"line":99,"column":8},"end":{"line":104,"column":9}},"type":"if","locations":[{"start":{"line":99,"column":8},"end":{"line":104,"column":9}},{"start":{},"end":{}}],"line":99}},"s":{"0":1,"1":11,"2":0,"3":11,"4":11,"5":11,"6":0,"7":0,"8":0,"9":0,"10":22,"11":11,"12":1,"13":1,"14":1,"15":1,"16":1,"17":1,"18":1,"19":1,"20":1,"21":1,"22":1,"23":1,"24":1,"25":4,"26":0,"27":0,"28":0,"29":1,"30":1,"31":2,"32":2,"33":2,"34":2,"35":2,"36":2,"37":0,"38":0,"39":1,"40":1,"41":5,"42":5,"43":5,"44":5,"45":5,"46":0,"47":0,"48":1,"49":1,"50":1,"51":1,"52":1,"53":1,"54":1,"55":1,"56":0,"57":0,"58":1,"59":1,"60":2,"61":2,"62":2,"63":2,"64":1,"65":1,"66":1,"67":1,"68":0,"69":0,"70":1},"f":{"0":11,"1":11,"2":0,"3":11,"4":11,"5":0,"6":22,"7":1,"8":1,"9":1,"10":4,"11":2,"12":2,"13":5,"14":5,"15":1,"16":1,"17":2,"18":2},"b":{"0":[1,1,1],"1":[11,0],"2":[11,11],"3":[11,11],"4":[11,11],"5":[1,1,1],"6":[1,0],"7":[1,1],"8":[1,1],"9":[1,1]},"inputSourceMap":null,"_coverageSchema":"1a1c01bbd47fc00a2c39e90264f33305004495a9","hash":"d10e537b2eeb581ce9edafcdc7d4d9201fbecc90"}
,"D:\\CODING\\sparx\\api-sparx\\dist\\src\\controllers\\playlistController.js": {"path":"D:\\CODING\\sparx\\api-sparx\\dist\\src\\controllers\\playlistController.js","statementMap":{"0":{"start":{"line":2,"column":16},"end":{"line":10,"column":1}},"1":{"start":{"line":3,"column":28},"end":{"line":3,"column":110}},"2":{"start":{"line":3,"column":91},"end":{"line":3,"column":106}},"3":{"start":{"line":4,"column":4},"end":{"line":9,"column":7}},"4":{"start":{"line":5,"column":36},"end":{"line":5,"column":97}},"5":{"start":{"line":5,"column":42},"end":{"line":5,"column":70}},"6":{"start":{"line":5,"column":85},"end":{"line":5,"column":95}},"7":{"start":{"line":6,"column":35},"end":{"line":6,"column":100}},"8":{"start":{"line":6,"column":41},"end":{"line":6,"column":73}},"9":{"start":{"line":6,"column":88},"end":{"line":6,"column":98}},"10":{"start":{"line":7,"column":32},"end":{"line":7,"column":116}},"11":{"start":{"line":8,"column":8},"end":{"line":8,"column":78}},"12":{"start":{"line":11,"column":22},"end":{"line":13,"column":1}},"13":{"start":{"line":12,"column":4},"end":{"line":12,"column":62}},"14":{"start":{"line":14,"column":0},"end":{"line":14,"column":62}},"15":{"start":{"line":15,"column":0},"end":{"line":15,"column":214}},"16":{"start":{"line":16,"column":27},"end":{"line":16,"column":66}},"17":{"start":{"line":17,"column":23},"end":{"line":17,"column":53}},"18":{"start":{"line":18,"column":17},"end":{"line":18,"column":60}},"19":{"start":{"line":19,"column":25},"end":{"line":19,"column":77}},"20":{"start":{"line":20,"column":25},"end":{"line":44,"column":2}},"21":{"start":{"line":20,"column":39},"end":{"line":44,"column":2}},"22":{"start":{"line":21,"column":4},"end":{"line":43,"column":5}},"23":{"start":{"line":22,"column":8},"end":{"line":27,"column":9}},"24":{"start":{"line":23,"column":12},"end":{"line":23,"column":68}},"25":{"start":{"line":24,"column":12},"end":{"line":26,"column":80}},"26":{"start":{"line":28,"column":23},"end":{"line":28,"column":81}},"27":{"start":{"line":29,"column":8},"end":{"line":29,"column":83}},"28":{"start":{"line":30,"column":8},"end":{"line":36,"column":11}},"29":{"start":{"line":34,"column":16},"end":{"line":34,"column":67}},"30":{"start":{"line":39,"column":8},"end":{"line":39,"column":78}},"31":{"start":{"line":40,"column":8},"end":{"line":42,"column":76}},"32":{"start":{"line":45,"column":0},"end":{"line":45,"column":44}},"33":{"start":{"line":46,"column":28},"end":{"line":69,"column":2}},"34":{"start":{"line":46,"column":42},"end":{"line":69,"column":2}},"35":{"start":{"line":47,"column":4},"end":{"line":68,"column":5}},"36":{"start":{"line":48,"column":23},"end":{"line":48,"column":33}},"37":{"start":{"line":49,"column":8},"end":{"line":54,"column":9}},"38":{"start":{"line":50,"column":12},"end":{"line":50,"column":64}},"39":{"start":{"line":51,"column":12},"end":{"line":53,"column":79}},"40":{"start":{"line":55,"column":23},"end":{"line":55,"column":88}},"41":{"start":{"line":56,"column":8},"end":{"line":56,"column":78}},"42":{"start":{"line":57,"column":8},"end":{"line":61,"column":11}},"43":{"start":{"line":64,"column":8},"end":{"line":64,"column":73}},"44":{"start":{"line":65,"column":8},"end":{"line":67,"column":75}},"45":{"start":{"line":70,"column":0},"end":{"line":70,"column":50}},"46":{"start":{"line":71,"column":23},"end":{"line":95,"column":2}},"47":{"start":{"line":71,"column":37},"end":{"line":95,"column":2}},"48":{"start":{"line":72,"column":4},"end":{"line":94,"column":5}},"49":{"start":{"line":73,"column":8},"end":{"line":78,"column":9}},"50":{"start":{"line":74,"column":12},"end":{"line":74,"column":64}},"51":{"start":{"line":75,"column":12},"end":{"line":77,"column":79}},"52":{"start":{"line":79,"column":8},"end":{"line":79,"column":42}},"53":{"start":{"line":80,"column":23},"end":{"line":80,"column":73}},"54":{"start":{"line":81,"column":8},"end":{"line":81,"column":76}},"55":{"start":{"line":82,"column":8},"end":{"line":86,"column":11}},"56":{"start":{"line":89,"column":8},"end":{"line":89,"column":25}},"57":{"start":{"line":90,"column":8},"end":{"line":90,"column":71}},"58":{"start":{"line":91,"column":8},"end":{"line":93,"column":73}},"59":{"start":{"line":96,"column":0},"end":{"line":96,"column":40}},"60":{"start":{"line":97,"column":25},"end":{"line":135,"column":2}},"61":{"start":{"line":97,"column":39},"end":{"line":135,"column":2}},"62":{"start":{"line":98,"column":4},"end":{"line":134,"column":5}},"63":{"start":{"line":99,"column":23},"end":{"line":99,"column":33}},"64":{"start":{"line":100,"column":8},"end":{"line":105,"column":9}},"65":{"start":{"line":101,"column":12},"end":{"line":101,"column":65}},"66":{"start":{"line":102,"column":12},"end":{"line":104,"column":77}},"67":{"start":{"line":106,"column":28},"end":{"line":106,"column":93}},"68":{"start":{"line":107,"column":8},"end":{"line":112,"column":9}},"69":{"start":{"line":108,"column":12},"end":{"line":108,"column":69}},"70":{"start":{"line":109,"column":12},"end":{"line":111,"column":77}},"71":{"start":{"line":114,"column":8},"end":{"line":119,"column":9}},"72":{"start":{"line":115,"column":12},"end":{"line":115,"column":60}},"73":{"start":{"line":116,"column":12},"end":{"line":118,"column":71}},"74":{"start":{"line":120,"column":23},"end":{"line":120,"column":75}},"75":{"start":{"line":121,"column":8},"end":{"line":121,"column":78}},"76":{"start":{"line":122,"column":8},"end":{"line":126,"column":11}},"77":{"start":{"line":129,"column":8},"end":{"line":129,"column":25}},"78":{"start":{"line":130,"column":8},"end":{"line":130,"column":72}},"79":{"start":{"line":131,"column":8},"end":{"line":133,"column":73}},"80":{"start":{"line":136,"column":0},"end":{"line":136,"column":44}},"81":{"start":{"line":137,"column":25},"end":{"line":178,"column":2}},"82":{"start":{"line":137,"column":39},"end":{"line":178,"column":2}},"83":{"start":{"line":138,"column":4},"end":{"line":177,"column":5}},"84":{"start":{"line":139,"column":23},"end":{"line":139,"column":33}},"85":{"start":{"line":140,"column":8},"end":{"line":145,"column":9}},"86":{"start":{"line":141,"column":12},"end":{"line":141,"column":67}},"87":{"start":{"line":142,"column":12},"end":{"line":144,"column":77}},"88":{"start":{"line":146,"column":28},"end":{"line":146,"column":93}},"89":{"start":{"line":147,"column":8},"end":{"line":152,"column":9}},"90":{"start":{"line":148,"column":12},"end":{"line":148,"column":71}},"91":{"start":{"line":149,"column":12},"end":{"line":151,"column":77}},"92":{"start":{"line":154,"column":8},"end":{"line":159,"column":9}},"93":{"start":{"line":155,"column":12},"end":{"line":155,"column":62}},"94":{"start":{"line":156,"column":12},"end":{"line":158,"column":71}},"95":{"start":{"line":160,"column":8},"end":{"line":165,"column":9}},"96":{"start":{"line":161,"column":12},"end":{"line":161,"column":78}},"97":{"start":{"line":162,"column":12},"end":{"line":164,"column":77}},"98":{"start":{"line":166,"column":8},"end":{"line":166,"column":79}},"99":{"start":{"line":167,"column":8},"end":{"line":170,"column":11}},"100":{"start":{"line":173,"column":8},"end":{"line":173,"column":74}},"101":{"start":{"line":174,"column":8},"end":{"line":176,"column":73}},"102":{"start":{"line":179,"column":0},"end":{"line":179,"column":44}},"103":{"start":{"line":181,"column":31},"end":{"line":213,"column":2}},"104":{"start":{"line":181,"column":45},"end":{"line":213,"column":2}},"105":{"start":{"line":182,"column":4},"end":{"line":212,"column":5}},"106":{"start":{"line":183,"column":23},"end":{"line":183,"column":33}},"107":{"start":{"line":184,"column":8},"end":{"line":189,"column":9}},"108":{"start":{"line":185,"column":12},"end":{"line":185,"column":64}},"109":{"start":{"line":186,"column":12},"end":{"line":188,"column":82}},"110":{"start":{"line":190,"column":25},"end":{"line":190,"column":90}},"111":{"start":{"line":191,"column":8},"end":{"line":196,"column":9}},"112":{"start":{"line":192,"column":12},"end":{"line":192,"column":83}},"113":{"start":{"line":193,"column":12},"end":{"line":195,"column":82}},"114":{"start":{"line":197,"column":8},"end":{"line":197,"column":42}},"115":{"start":{"line":198,"column":23},"end":{"line":198,"column":87}},"116":{"start":{"line":199,"column":8},"end":{"line":199,"column":82}},"117":{"start":{"line":200,"column":8},"end":{"line":204,"column":11}},"118":{"start":{"line":207,"column":8},"end":{"line":207,"column":25}},"119":{"start":{"line":208,"column":8},"end":{"line":208,"column":79}},"120":{"start":{"line":209,"column":8},"end":{"line":211,"column":78}},"121":{"start":{"line":214,"column":0},"end":{"line":214,"column":56}},"122":{"start":{"line":215,"column":36},"end":{"line":263,"column":2}},"123":{"start":{"line":215,"column":50},"end":{"line":263,"column":2}},"124":{"start":{"line":216,"column":4},"end":{"line":262,"column":5}},"125":{"start":{"line":217,"column":31},"end":{"line":217,"column":41}},"126":{"start":{"line":218,"column":8},"end":{"line":223,"column":9}},"127":{"start":{"line":219,"column":12},"end":{"line":219,"column":64}},"128":{"start":{"line":220,"column":12},"end":{"line":222,"column":87}},"129":{"start":{"line":224,"column":28},"end":{"line":224,"column":93}},"130":{"start":{"line":225,"column":8},"end":{"line":230,"column":9}},"131":{"start":{"line":226,"column":12},"end":{"line":226,"column":71}},"132":{"start":{"line":227,"column":12},"end":{"line":229,"column":87}},"133":{"start":{"line":231,"column":34},"end":{"line":231,"column":119}},"134":{"start":{"line":232,"column":8},"end":{"line":237,"column":9}},"135":{"start":{"line":233,"column":12},"end":{"line":233,"column":79}},"136":{"start":{"line":234,"column":12},"end":{"line":236,"column":87}},"137":{"start":{"line":239,"column":8},"end":{"line":244,"column":9}},"138":{"start":{"line":240,"column":12},"end":{"line":240,"column":62}},"139":{"start":{"line":241,"column":12},"end":{"line":243,"column":71}},"140":{"start":{"line":245,"column":8},"end":{"line":250,"column":9}},"141":{"start":{"line":246,"column":12},"end":{"line":246,"column":88}},"142":{"start":{"line":247,"column":12},"end":{"line":249,"column":87}},"143":{"start":{"line":251,"column":8},"end":{"line":251,"column":89}},"144":{"start":{"line":252,"column":8},"end":{"line":255,"column":11}},"145":{"start":{"line":258,"column":8},"end":{"line":258,"column":84}},"146":{"start":{"line":259,"column":8},"end":{"line":261,"column":83}},"147":{"start":{"line":264,"column":0},"end":{"line":264,"column":66}}},"fnMap":{"0":{"name":"(anonymous_0)","decl":{"start":{"line":2,"column":44},"end":{"line":2,"column":45}},"loc":{"start":{"line":2,"column":89},"end":{"line":10,"column":1}},"line":2},"1":{"name":"adopt","decl":{"start":{"line":3,"column":13},"end":{"line":3,"column":18}},"loc":{"start":{"line":3,"column":26},"end":{"line":3,"column":112}},"line":3},"2":{"name":"(anonymous_2)","decl":{"start":{"line":3,"column":70},"end":{"line":3,"column":71}},"loc":{"start":{"line":3,"column":89},"end":{"line":3,"column":108}},"line":3},"3":{"name":"(anonymous_3)","decl":{"start":{"line":4,"column":36},"end":{"line":4,"column":37}},"loc":{"start":{"line":4,"column":63},"end":{"line":9,"column":5}},"line":4},"4":{"name":"fulfilled","decl":{"start":{"line":5,"column":17},"end":{"line":5,"column":26}},"loc":{"start":{"line":5,"column":34},"end":{"line":5,"column":99}},"line":5},"5":{"name":"rejected","decl":{"start":{"line":6,"column":17},"end":{"line":6,"column":25}},"loc":{"start":{"line":6,"column":33},"end":{"line":6,"column":102}},"line":6},"6":{"name":"step","decl":{"start":{"line":7,"column":17},"end":{"line":7,"column":21}},"loc":{"start":{"line":7,"column":30},"end":{"line":7,"column":118}},"line":7},"7":{"name":"(anonymous_7)","decl":{"start":{"line":11,"column":56},"end":{"line":11,"column":57}},"loc":{"start":{"line":11,"column":71},"end":{"line":13,"column":1}},"line":11},"8":{"name":"(anonymous_8)","decl":{"start":{"line":20,"column":25},"end":{"line":20,"column":26}},"loc":{"start":{"line":20,"column":39},"end":{"line":44,"column":2}},"line":20},"9":{"name":"(anonymous_9)","decl":{"start":{"line":20,"column":73},"end":{"line":20,"column":74}},"loc":{"start":{"line":20,"column":86},"end":{"line":44,"column":1}},"line":20},"10":{"name":"(anonymous_10)","decl":{"start":{"line":33,"column":29},"end":{"line":33,"column":30}},"loc":{"start":{"line":33,"column":40},"end":{"line":35,"column":13}},"line":33},"11":{"name":"(anonymous_11)","decl":{"start":{"line":46,"column":28},"end":{"line":46,"column":29}},"loc":{"start":{"line":46,"column":42},"end":{"line":69,"column":2}},"line":46},"12":{"name":"(anonymous_12)","decl":{"start":{"line":46,"column":76},"end":{"line":46,"column":77}},"loc":{"start":{"line":46,"column":89},"end":{"line":69,"column":1}},"line":46},"13":{"name":"(anonymous_13)","decl":{"start":{"line":71,"column":23},"end":{"line":71,"column":24}},"loc":{"start":{"line":71,"column":37},"end":{"line":95,"column":2}},"line":71},"14":{"name":"(anonymous_14)","decl":{"start":{"line":71,"column":71},"end":{"line":71,"column":72}},"loc":{"start":{"line":71,"column":84},"end":{"line":95,"column":1}},"line":71},"15":{"name":"(anonymous_15)","decl":{"start":{"line":97,"column":25},"end":{"line":97,"column":26}},"loc":{"start":{"line":97,"column":39},"end":{"line":135,"column":2}},"line":97},"16":{"name":"(anonymous_16)","decl":{"start":{"line":97,"column":73},"end":{"line":97,"column":74}},"loc":{"start":{"line":97,"column":86},"end":{"line":135,"column":1}},"line":97},"17":{"name":"(anonymous_17)","decl":{"start":{"line":137,"column":25},"end":{"line":137,"column":26}},"loc":{"start":{"line":137,"column":39},"end":{"line":178,"column":2}},"line":137},"18":{"name":"(anonymous_18)","decl":{"start":{"line":137,"column":73},"end":{"line":137,"column":74}},"loc":{"start":{"line":137,"column":86},"end":{"line":178,"column":1}},"line":137},"19":{"name":"(anonymous_19)","decl":{"start":{"line":181,"column":31},"end":{"line":181,"column":32}},"loc":{"start":{"line":181,"column":45},"end":{"line":213,"column":2}},"line":181},"20":{"name":"(anonymous_20)","decl":{"start":{"line":181,"column":79},"end":{"line":181,"column":80}},"loc":{"start":{"line":181,"column":92},"end":{"line":213,"column":1}},"line":181},"21":{"name":"(anonymous_21)","decl":{"start":{"line":215,"column":36},"end":{"line":215,"column":37}},"loc":{"start":{"line":215,"column":50},"end":{"line":263,"column":2}},"line":215},"22":{"name":"(anonymous_22)","decl":{"start":{"line":215,"column":84},"end":{"line":215,"column":85}},"loc":{"start":{"line":215,"column":97},"end":{"line":263,"column":1}},"line":215}},"branchMap":{"0":{"loc":{"start":{"line":2,"column":16},"end":{"line":10,"column":1}},"type":"binary-expr","locations":[{"start":{"line":2,"column":17},"end":{"line":2,"column":21}},{"start":{"line":2,"column":25},"end":{"line":2,"column":39}},{"start":{"line":2,"column":44},"end":{"line":10,"column":1}}],"line":2},"1":{"loc":{"start":{"line":3,"column":35},"end":{"line":3,"column":109}},"type":"cond-expr","locations":[{"start":{"line":3,"column":56},"end":{"line":3,"column":61}},{"start":{"line":3,"column":64},"end":{"line":3,"column":109}}],"line":3},"2":{"loc":{"start":{"line":4,"column":16},"end":{"line":4,"column":34}},"type":"binary-expr","locations":[{"start":{"line":4,"column":16},"end":{"line":4,"column":17}},{"start":{"line":4,"column":22},"end":{"line":4,"column":33}}],"line":4},"3":{"loc":{"start":{"line":7,"column":32},"end":{"line":7,"column":115}},"type":"cond-expr","locations":[{"start":{"line":7,"column":46},"end":{"line":7,"column":67}},{"start":{"line":7,"column":70},"end":{"line":7,"column":115}}],"line":7},"4":{"loc":{"start":{"line":8,"column":51},"end":{"line":8,"column":67}},"type":"binary-expr","locations":[{"start":{"line":8,"column":51},"end":{"line":8,"column":61}},{"start":{"line":8,"column":65},"end":{"line":8,"column":67}}],"line":8},"5":{"loc":{"start":{"line":11,"column":22},"end":{"line":13,"column":1}},"type":"binary-expr","locations":[{"start":{"line":11,"column":23},"end":{"line":11,"column":27}},{"start":{"line":11,"column":31},"end":{"line":11,"column":51}},{"start":{"line":11,"column":56},"end":{"line":13,"column":1}}],"line":11},"6":{"loc":{"start":{"line":12,"column":11},"end":{"line":12,"column":61}},"type":"cond-expr","locations":[{"start":{"line":12,"column":37},"end":{"line":12,"column":40}},{"start":{"line":12,"column":43},"end":{"line":12,"column":61}}],"line":12},"7":{"loc":{"start":{"line":12,"column":12},"end":{"line":12,"column":33}},"type":"binary-expr","locations":[{"start":{"line":12,"column":12},"end":{"line":12,"column":15}},{"start":{"line":12,"column":19},"end":{"line":12,"column":33}}],"line":12},"8":{"loc":{"start":{"line":22,"column":8},"end":{"line":27,"column":9}},"type":"if","locations":[{"start":{"line":22,"column":8},"end":{"line":27,"column":9}},{"start":{},"end":{}}],"line":22},"9":{"loc":{"start":{"line":22,"column":14},"end":{"line":22,"column":64}},"type":"cond-expr","locations":[{"start":{"line":22,"column":47},"end":{"line":22,"column":53}},{"start":{"line":22,"column":56},"end":{"line":22,"column":64}}],"line":22},"10":{"loc":{"start":{"line":22,"column":14},"end":{"line":22,"column":44}},"type":"binary-expr","locations":[{"start":{"line":22,"column":14},"end":{"line":22,"column":26}},{"start":{"line":22,"column":30},"end":{"line":22,"column":44}}],"line":22},"11":{"loc":{"start":{"line":49,"column":8},"end":{"line":54,"column":9}},"type":"if","locations":[{"start":{"line":49,"column":8},"end":{"line":54,"column":9}},{"start":{},"end":{}}],"line":49},"12":{"loc":{"start":{"line":49,"column":14},"end":{"line":49,"column":64}},"type":"cond-expr","locations":[{"start":{"line":49,"column":47},"end":{"line":49,"column":53}},{"start":{"line":49,"column":56},"end":{"line":49,"column":64}}],"line":49},"13":{"loc":{"start":{"line":49,"column":14},"end":{"line":49,"column":44}},"type":"binary-expr","locations":[{"start":{"line":49,"column":14},"end":{"line":49,"column":26}},{"start":{"line":49,"column":30},"end":{"line":49,"column":44}}],"line":49},"14":{"loc":{"start":{"line":60,"column":18},"end":{"line":60,"column":78}},"type":"cond-expr","locations":[{"start":{"line":60,"column":27},"end":{"line":60,"column":71}},{"start":{"line":60,"column":74},"end":{"line":60,"column":78}}],"line":60},"15":{"loc":{"start":{"line":73,"column":8},"end":{"line":78,"column":9}},"type":"if","locations":[{"start":{"line":73,"column":8},"end":{"line":78,"column":9}},{"start":{},"end":{}}],"line":73},"16":{"loc":{"start":{"line":73,"column":14},"end":{"line":73,"column":64}},"type":"cond-expr","locations":[{"start":{"line":73,"column":47},"end":{"line":73,"column":53}},{"start":{"line":73,"column":56},"end":{"line":73,"column":64}}],"line":73},"17":{"loc":{"start":{"line":73,"column":14},"end":{"line":73,"column":44}},"type":"binary-expr","locations":[{"start":{"line":73,"column":14},"end":{"line":73,"column":26}},{"start":{"line":73,"column":30},"end":{"line":73,"column":44}}],"line":73},"18":{"loc":{"start":{"line":100,"column":8},"end":{"line":105,"column":9}},"type":"if","locations":[{"start":{"line":100,"column":8},"end":{"line":105,"column":9}},{"start":{},"end":{}}],"line":100},"19":{"loc":{"start":{"line":100,"column":14},"end":{"line":100,"column":64}},"type":"cond-expr","locations":[{"start":{"line":100,"column":47},"end":{"line":100,"column":53}},{"start":{"line":100,"column":56},"end":{"line":100,"column":64}}],"line":100},"20":{"loc":{"start":{"line":100,"column":14},"end":{"line":100,"column":44}},"type":"binary-expr","locations":[{"start":{"line":100,"column":14},"end":{"line":100,"column":26}},{"start":{"line":100,"column":30},"end":{"line":100,"column":44}}],"line":100},"21":{"loc":{"start":{"line":107,"column":8},"end":{"line":112,"column":9}},"type":"if","locations":[{"start":{"line":107,"column":8},"end":{"line":112,"column":9}},{"start":{},"end":{}}],"line":107},"22":{"loc":{"start":{"line":114,"column":8},"end":{"line":119,"column":9}},"type":"if","locations":[{"start":{"line":114,"column":8},"end":{"line":119,"column":9}},{"start":{},"end":{}}],"line":114},"23":{"loc":{"start":{"line":140,"column":8},"end":{"line":145,"column":9}},"type":"if","locations":[{"start":{"line":140,"column":8},"end":{"line":145,"column":9}},{"start":{},"end":{}}],"line":140},"24":{"loc":{"start":{"line":140,"column":14},"end":{"line":140,"column":64}},"type":"cond-expr","locations":[{"start":{"line":140,"column":47},"end":{"line":140,"column":53}},{"start":{"line":140,"column":56},"end":{"line":140,"column":64}}],"line":140},"25":{"loc":{"start":{"line":140,"column":14},"end":{"line":140,"column":44}},"type":"binary-expr","locations":[{"start":{"line":140,"column":14},"end":{"line":140,"column":26}},{"start":{"line":140,"column":30},"end":{"line":140,"column":44}}],"line":140},"26":{"loc":{"start":{"line":147,"column":8},"end":{"line":152,"column":9}},"type":"if","locations":[{"start":{"line":147,"column":8},"end":{"line":152,"column":9}},{"start":{},"end":{}}],"line":147},"27":{"loc":{"start":{"line":154,"column":8},"end":{"line":159,"column":9}},"type":"if","locations":[{"start":{"line":154,"column":8},"end":{"line":159,"column":9}},{"start":{},"end":{}}],"line":154},"28":{"loc":{"start":{"line":160,"column":8},"end":{"line":165,"column":9}},"type":"if","locations":[{"start":{"line":160,"column":8},"end":{"line":165,"column":9}},{"start":{},"end":{}}],"line":160},"29":{"loc":{"start":{"line":184,"column":8},"end":{"line":189,"column":9}},"type":"if","locations":[{"start":{"line":184,"column":8},"end":{"line":189,"column":9}},{"start":{},"end":{}}],"line":184},"30":{"loc":{"start":{"line":184,"column":14},"end":{"line":184,"column":64}},"type":"cond-expr","locations":[{"start":{"line":184,"column":47},"end":{"line":184,"column":53}},{"start":{"line":184,"column":56},"end":{"line":184,"column":64}}],"line":184},"31":{"loc":{"start":{"line":184,"column":14},"end":{"line":184,"column":44}},"type":"binary-expr","locations":[{"start":{"line":184,"column":14},"end":{"line":184,"column":26}},{"start":{"line":184,"column":30},"end":{"line":184,"column":44}}],"line":184},"32":{"loc":{"start":{"line":191,"column":8},"end":{"line":196,"column":9}},"type":"if","locations":[{"start":{"line":191,"column":8},"end":{"line":196,"column":9}},{"start":{},"end":{}}],"line":191},"33":{"loc":{"start":{"line":218,"column":8},"end":{"line":223,"column":9}},"type":"if","locations":[{"start":{"line":218,"column":8},"end":{"line":223,"column":9}},{"start":{},"end":{}}],"line":218},"34":{"loc":{"start":{"line":218,"column":14},"end":{"line":218,"column":64}},"type":"cond-expr","locations":[{"start":{"line":218,"column":47},"end":{"line":218,"column":53}},{"start":{"line":218,"column":56},"end":{"line":218,"column":64}}],"line":218},"35":{"loc":{"start":{"line":218,"column":14},"end":{"line":218,"column":44}},"type":"binary-expr","locations":[{"start":{"line":218,"column":14},"end":{"line":218,"column":26}},{"start":{"line":218,"column":30},"end":{"line":218,"column":44}}],"line":218},"36":{"loc":{"start":{"line":225,"column":8},"end":{"line":230,"column":9}},"type":"if","locations":[{"start":{"line":225,"column":8},"end":{"line":230,"column":9}},{"start":{},"end":{}}],"line":225},"37":{"loc":{"start":{"line":232,"column":8},"end":{"line":237,"column":9}},"type":"if","locations":[{"start":{"line":232,"column":8},"end":{"line":237,"column":9}},{"start":{},"end":{}}],"line":232},"38":{"loc":{"start":{"line":239,"column":8},"end":{"line":244,"column":9}},"type":"if","locations":[{"start":{"line":239,"column":8},"end":{"line":244,"column":9}},{"start":{},"end":{}}],"line":239},"39":{"loc":{"start":{"line":245,"column":8},"end":{"line":250,"column":9}},"type":"if","locations":[{"start":{"line":245,"column":8},"end":{"line":250,"column":9}},{"start":{},"end":{}}],"line":245}},"s":{"0":1,"1":0,"2":0,"3":0,"4":0,"5":0,"6":0,"7":0,"8":0,"9":0,"10":0,"11":0,"12":1,"13":2,"14":1,"15":1,"16":1,"17":1,"18":1,"19":1,"20":1,"21":0,"22":0,"23":0,"24":0,"25":0,"26":0,"27":0,"28":0,"29":0,"30":0,"31":0,"32":1,"33":1,"34":0,"35":0,"36":0,"37":0,"38":0,"39":0,"40":0,"41":0,"42":0,"43":0,"44":0,"45":1,"46":1,"47":0,"48":0,"49":0,"50":0,"51":0,"52":0,"53":0,"54":0,"55":0,"56":0,"57":0,"58":0,"59":1,"60":1,"61":0,"62":0,"63":0,"64":0,"65":0,"66":0,"67":0,"68":0,"69":0,"70":0,"71":0,"72":0,"73":0,"74":0,"75":0,"76":0,"77":0,"78":0,"79":0,"80":1,"81":1,"82":0,"83":0,"84":0,"85":0,"86":0,"87":0,"88":0,"89":0,"90":0,"91":0,"92":0,"93":0,"94":0,"95":0,"96":0,"97":0,"98":0,"99":0,"100":0,"101":0,"102":1,"103":1,"104":0,"105":0,"106":0,"107":0,"108":0,"109":0,"110":0,"111":0,"112":0,"113":0,"114":0,"115":0,"116":0,"117":0,"118":0,"119":0,"120":0,"121":1,"122":1,"123":0,"124":0,"125":0,"126":0,"127":0,"128":0,"129":0,"130":0,"131":0,"132":0,"133":0,"134":0,"135":0,"136":0,"137":0,"138":0,"139":0,"140":0,"141":0,"142":0,"143":0,"144":0,"145":0,"146":0,"147":1},"f":{"0":0,"1":0,"2":0,"3":0,"4":0,"5":0,"6":0,"7":2,"8":0,"9":0,"10":0,"11":0,"12":0,"13":0,"14":0,"15":0,"16":0,"17":0,"18":0,"19":0,"20":0,"21":0,"22":0},"b":{"0":[1,1,1],"1":[0,0],"2":[0,0],"3":[0,0],"4":[0,0],"5":[1,1,1],"6":[2,0],"7":[2,2],"8":[0,0],"9":[0,0],"10":[0,0],"11":[0,0],"12":[0,0],"13":[0,0],"14":[0,0],"15":[0,0],"16":[0,0],"17":[0,0],"18":[0,0],"19":[0,0],"20":[0,0],"21":[0,0],"22":[0,0],"23":[0,0],"24":[0,0],"25":[0,0],"26":[0,0],"27":[0,0],"28":[0,0],"29":[0,0],"30":[0,0],"31":[0,0],"32":[0,0],"33":[0,0],"34":[0,0],"35":[0,0],"36":[0,0],"37":[0,0],"38":[0,0],"39":[0,0]},"inputSourceMap":null,"_coverageSchema":"1a1c01bbd47fc00a2c39e90264f33305004495a9","hash":"03efedd9b014101a55d43c986e55a5481abaaaac"}
,"D:\\CODING\\sparx\\api-sparx\\dist\\src\\controllers\\publicPlaylistController.js": {"path":"D:\\CODING\\sparx\\api-sparx\\dist\\src\\controllers\\publicPlaylistController.js","statementMap":{"0":{"start":{"line":2,"column":16},"end":{"line":10,"column":1}},"1":{"start":{"line":3,"column":28},"end":{"line":3,"column":110}},"2":{"start":{"line":3,"column":91},"end":{"line":3,"column":106}},"3":{"start":{"line":4,"column":4},"end":{"line":9,"column":7}},"4":{"start":{"line":5,"column":36},"end":{"line":5,"column":97}},"5":{"start":{"line":5,"column":42},"end":{"line":5,"column":70}},"6":{"start":{"line":5,"column":85},"end":{"line":5,"column":95}},"7":{"start":{"line":6,"column":35},"end":{"line":6,"column":100}},"8":{"start":{"line":6,"column":41},"end":{"line":6,"column":73}},"9":{"start":{"line":6,"column":88},"end":{"line":6,"column":98}},"10":{"start":{"line":7,"column":32},"end":{"line":7,"column":116}},"11":{"start":{"line":8,"column":8},"end":{"line":8,"column":78}},"12":{"start":{"line":11,"column":22},"end":{"line":13,"column":1}},"13":{"start":{"line":12,"column":4},"end":{"line":12,"column":62}},"14":{"start":{"line":14,"column":0},"end":{"line":14,"column":62}},"15":{"start":{"line":15,"column":0},"end":{"line":15,"column":95}},"16":{"start":{"line":16,"column":32},"end":{"line":16,"column":76}},"17":{"start":{"line":17,"column":29},"end":{"line":17,"column":65}},"18":{"start":{"line":18,"column":17},"end":{"line":18,"column":60}},"19":{"start":{"line":19,"column":25},"end":{"line":37,"column":2}},"20":{"start":{"line":19,"column":39},"end":{"line":37,"column":2}},"21":{"start":{"line":20,"column":4},"end":{"line":36,"column":5}},"22":{"start":{"line":21,"column":23},"end":{"line":21,"column":66}},"23":{"start":{"line":22,"column":8},"end":{"line":22,"column":90}},"24":{"start":{"line":23,"column":8},"end":{"line":29,"column":11}},"25":{"start":{"line":27,"column":16},"end":{"line":27,"column":79}},"26":{"start":{"line":32,"column":8},"end":{"line":32,"column":85}},"27":{"start":{"line":33,"column":8},"end":{"line":35,"column":83}},"28":{"start":{"line":38,"column":0},"end":{"line":38,"column":44}},"29":{"start":{"line":39,"column":28},"end":{"line":56,"column":2}},"30":{"start":{"line":39,"column":42},"end":{"line":56,"column":2}},"31":{"start":{"line":40,"column":4},"end":{"line":55,"column":5}},"32":{"start":{"line":41,"column":23},"end":{"line":41,"column":33}},"33":{"start":{"line":42,"column":23},"end":{"line":42,"column":71}},"34":{"start":{"line":43,"column":8},"end":{"line":43,"column":85}},"35":{"start":{"line":44,"column":8},"end":{"line":48,"column":11}},"36":{"start":{"line":51,"column":8},"end":{"line":51,"column":79}},"37":{"start":{"line":52,"column":8},"end":{"line":54,"column":82}},"38":{"start":{"line":57,"column":0},"end":{"line":57,"column":50}},"39":{"start":{"line":58,"column":29},"end":{"line":76,"column":2}},"40":{"start":{"line":58,"column":43},"end":{"line":76,"column":2}},"41":{"start":{"line":59,"column":4},"end":{"line":75,"column":5}},"42":{"start":{"line":60,"column":23},"end":{"line":60,"column":33}},"43":{"start":{"line":61,"column":23},"end":{"line":61,"column":72}},"44":{"start":{"line":62,"column":8},"end":{"line":62,"column":91}},"45":{"start":{"line":63,"column":8},"end":{"line":67,"column":11}},"46":{"start":{"line":70,"column":8},"end":{"line":70,"column":85}},"47":{"start":{"line":71,"column":8},"end":{"line":74,"column":11}},"48":{"start":{"line":77,"column":0},"end":{"line":77,"column":52}}},"fnMap":{"0":{"name":"(anonymous_0)","decl":{"start":{"line":2,"column":44},"end":{"line":2,"column":45}},"loc":{"start":{"line":2,"column":89},"end":{"line":10,"column":1}},"line":2},"1":{"name":"adopt","decl":{"start":{"line":3,"column":13},"end":{"line":3,"column":18}},"loc":{"start":{"line":3,"column":26},"end":{"line":3,"column":112}},"line":3},"2":{"name":"(anonymous_2)","decl":{"start":{"line":3,"column":70},"end":{"line":3,"column":71}},"loc":{"start":{"line":3,"column":89},"end":{"line":3,"column":108}},"line":3},"3":{"name":"(anonymous_3)","decl":{"start":{"line":4,"column":36},"end":{"line":4,"column":37}},"loc":{"start":{"line":4,"column":63},"end":{"line":9,"column":5}},"line":4},"4":{"name":"fulfilled","decl":{"start":{"line":5,"column":17},"end":{"line":5,"column":26}},"loc":{"start":{"line":5,"column":34},"end":{"line":5,"column":99}},"line":5},"5":{"name":"rejected","decl":{"start":{"line":6,"column":17},"end":{"line":6,"column":25}},"loc":{"start":{"line":6,"column":33},"end":{"line":6,"column":102}},"line":6},"6":{"name":"step","decl":{"start":{"line":7,"column":17},"end":{"line":7,"column":21}},"loc":{"start":{"line":7,"column":30},"end":{"line":7,"column":118}},"line":7},"7":{"name":"(anonymous_7)","decl":{"start":{"line":11,"column":56},"end":{"line":11,"column":57}},"loc":{"start":{"line":11,"column":71},"end":{"line":13,"column":1}},"line":11},"8":{"name":"(anonymous_8)","decl":{"start":{"line":19,"column":25},"end":{"line":19,"column":26}},"loc":{"start":{"line":19,"column":39},"end":{"line":37,"column":2}},"line":19},"9":{"name":"(anonymous_9)","decl":{"start":{"line":19,"column":73},"end":{"line":19,"column":74}},"loc":{"start":{"line":19,"column":86},"end":{"line":37,"column":1}},"line":19},"10":{"name":"(anonymous_10)","decl":{"start":{"line":26,"column":29},"end":{"line":26,"column":30}},"loc":{"start":{"line":26,"column":40},"end":{"line":28,"column":13}},"line":26},"11":{"name":"(anonymous_11)","decl":{"start":{"line":39,"column":28},"end":{"line":39,"column":29}},"loc":{"start":{"line":39,"column":42},"end":{"line":56,"column":2}},"line":39},"12":{"name":"(anonymous_12)","decl":{"start":{"line":39,"column":76},"end":{"line":39,"column":77}},"loc":{"start":{"line":39,"column":89},"end":{"line":56,"column":1}},"line":39},"13":{"name":"(anonymous_13)","decl":{"start":{"line":58,"column":29},"end":{"line":58,"column":30}},"loc":{"start":{"line":58,"column":43},"end":{"line":76,"column":2}},"line":58},"14":{"name":"(anonymous_14)","decl":{"start":{"line":58,"column":77},"end":{"line":58,"column":78}},"loc":{"start":{"line":58,"column":90},"end":{"line":76,"column":1}},"line":58}},"branchMap":{"0":{"loc":{"start":{"line":2,"column":16},"end":{"line":10,"column":1}},"type":"binary-expr","locations":[{"start":{"line":2,"column":17},"end":{"line":2,"column":21}},{"start":{"line":2,"column":25},"end":{"line":2,"column":39}},{"start":{"line":2,"column":44},"end":{"line":10,"column":1}}],"line":2},"1":{"loc":{"start":{"line":3,"column":35},"end":{"line":3,"column":109}},"type":"cond-expr","locations":[{"start":{"line":3,"column":56},"end":{"line":3,"column":61}},{"start":{"line":3,"column":64},"end":{"line":3,"column":109}}],"line":3},"2":{"loc":{"start":{"line":4,"column":16},"end":{"line":4,"column":34}},"type":"binary-expr","locations":[{"start":{"line":4,"column":16},"end":{"line":4,"column":17}},{"start":{"line":4,"column":22},"end":{"line":4,"column":33}}],"line":4},"3":{"loc":{"start":{"line":7,"column":32},"end":{"line":7,"column":115}},"type":"cond-expr","locations":[{"start":{"line":7,"column":46},"end":{"line":7,"column":67}},{"start":{"line":7,"column":70},"end":{"line":7,"column":115}}],"line":7},"4":{"loc":{"start":{"line":8,"column":51},"end":{"line":8,"column":67}},"type":"binary-expr","locations":[{"start":{"line":8,"column":51},"end":{"line":8,"column":61}},{"start":{"line":8,"column":65},"end":{"line":8,"column":67}}],"line":8},"5":{"loc":{"start":{"line":11,"column":22},"end"
[...]
.ts": {"path":"D:\\CODING\\sparx\\api-sparx\\src\\validators\\playlistValidator.ts","statementMap":{"0":{"start":{"line":1,"column":0},"end":{"line":1,"column":38}},"1":{"start":{"line":3,"column":0},"end":{"line":3,"column":73}},"2":{"start":{"line":5,"column":28},"end":{"line":22,"column":1}},"3":{"start":{"line":6,"column":2},"end":{"line":21,"column":4}},"4":{"start":{"line":79,"column":2},"end":{"line":79,"column":21}},"5":{"start":{"line":23,"column":42},"end":{"line":46,"column":1}},"6":{"start":{"line":24,"column":2},"end":{"line":45,"column":4}},"7":{"start":{"line":32,"column":30},"end":{"line":44,"column":8}},"8":{"start":{"line":33,"column":8},"end":{"line":43,"column":9}},"9":{"start":{"line":34,"column":25},"end":{"line":38,"column":12}},"10":{"start":{"line":39,"column":10},"end":{"line":39,"column":57}},"11":{"start":{"line":39,"column":23},"end":{"line":39,"column":57}},"12":{"start":{"line":40,"column":10},"end":{"line":40,"column":22}},"13":{"start":{"line":42,"column":10},"end":{"line":42,"column":44}},"14":{"start":{"line":81,"column":2},"end":{"line":81,"column":35}},"15":{"start":{"line":48,"column":28},"end":{"line":65,"column":1}},"16":{"start":{"line":49,"column":2},"end":{"line":64,"column":4}},"17":{"start":{"line":78,"column":2},"end":{"line":78,"column":21}},"18":{"start":{"line":67,"column":17},"end":{"line":75,"column":1}},"19":{"start":{"line":68,"column":17},"end":{"line":68,"column":38}},"20":{"start":{"line":69,"column":2},"end":{"line":71,"column":3}},"21":{"start":{"line":70,"column":4},"end":{"line":70,"column":73}},"22":{"start":{"line":73,"column":2},"end":{"line":73,"column":55}},"23":{"start":{"line":74,"column":2},"end":{"line":74,"column":9}},"24":{"start":{"line":80,"column":2},"end":{"line":80,"column":10}}},"fnMap":{"0":{"name":"(anonymous_8)","decl":{"start":{"line":5,"column":28},"end":{"line":5,"column":31}},"loc":{"start":{"line":5,"column":33},"end":{"line":22,"column":1}}},"1":{"name":"(anonymous_9)","decl":{"start":{"line":23,"column":42},"end":{"line":23,"column":45}},"loc":{"start":{"line":23,"column":47},"end":{"line":46,"column":1}}},"2":{"name":"(anonymous_10)","decl":{"start":{"line":32,"column":14},"end":{"line":32,"column":21}},"loc":{"start":{"line":32,"column":30},"end":{"line":44,"column":8}}},"3":{"name":"(anonymous_11)","decl":{"start":{"line":32,"column":30},"end":{"line":32,"column":null}},"loc":{"start":{"line":32,"column":30},"end":{"line":44,"column":7}}},"4":{"name":"(anonymous_12)","decl":{"start":{"line":48,"column":28},"end":{"line":48,"column":31}},"loc":{"start":{"line":48,"column":33},"end":{"line":65,"column":1}}},"5":{"name":"(anonymous_13)","decl":{"start":{"line":67,"column":17},"end":{"line":67,"column":18}},"loc":{"start":{"line":67,"column":69},"end":{"line":75,"column":1}}}},"branchMap":{"0":{"loc":{"start":{"line":39,"column":10},"end":{"line":39,"column":57}},"type":"if","locations":[{"start":{"line":39,"column":10},"end":{"line":39,"column":57}}]},"1":{"loc":{"start":{"line":69,"column":2},"end":{"line":71,"column":3}},"type":"if","locations":[{"start":{"line":69,"column":2},"end":{"line":71,"column":3}}]}},"s":{"0":2,"1":2,"2":2,"3":2,"4":2,"5":2,"6":2,"7":0,"8":0,"9":0,"10":0,"11":0,"12":0,"13":0,"14":2,"15":2,"16":2,"17":2,"18":2,"19":0,"20":0,"21":0,"22":0,"23":0,"24":2},"f":{"0":2,"1":2,"2":0,"3":0,"4":2,"5":0},"b":{"0":[0],"1":[0]}}
,"D:\\CODING\\sparx\\api-sparx\\src\\validators\\songValidator.ts": {"path":"D:\\CODING\\sparx\\api-sparx\\src\\validators\\songValidator.ts","statementMap":{"0":{"start":{"line":1,"column":0},"end":{"line":1,"column":38}},"1":{"start":{"line":3,"column":0},"end":{"line":3,"column":73}},"2":{"start":{"line":5,"column":28},"end":{"line":77,"column":1}},"3":{"start":{"line":6,"column":2},"end":{"line":76,"column":4}},"4":{"start":{"line":42,"column":30},"end":{"line":54,"column":8}},"5":{"start":{"line":43,"column":8},"end":{"line":53,"column":9}},"6":{"start":{"line":44,"column":25},"end":{"line":48,"column":12}},"7":{"start":{"line":49,"column":10},"end":{"line":49,"column":58}},"8":{"start":{"line":49,"column":23},"end":{"line":49,"column":58}},"9":{"start":{"line":50,"column":10},"end":{"line":50,"column":22}},"10":{"start":{"line":52,"column":10},"end":{"line":52,"column":45}},"11":{"start":{"line":62,"column":30},"end":{"line":74,"column":8}},"12":{"start":{"line":63,"column":8},"end":{"line":73,"column":9}},"13":{"start":{"line":64,"column":25},"end":{"line":68,"column":12}},"14":{"start":{"line":69,"column":10},"end":{"line":69,"column":62}},"15":{"start":{"line":69,"column":23},"end":{"line":69,"column":62}},"16":{"start":{"line":70,"column":10},"end":{"line":70,"column":22}},"17":{"start":{"line":72,"column":10},"end":{"line":72,"column":49}},"18":{"start":{"line":163,"column":30},"end":{"line":163,"column":49}},"19":{"start":{"line":79,"column":28},"end":{"line":151,"column":1}},"20":{"start":{"line":80,"column":2},"end":{"line":150,"column":4}},"21":{"start":{"line":116,"column":30},"end":{"line":128,"column":8}},"22":{"start":{"line":117,"column":8},"end":{"line":127,"column":9}},"23":{"start":{"line":118,"column":25},"end":{"line":122,"column":12}},"24":{"start":{"line":123,"column":10},"end":{"line":123,"column":58}},"25":{"start":{"line":123,"column":23},"end":{"line":123,"column":58}},"26":{"start":{"line":124,"column":10},"end":{"line":124,"column":22}},"27":{"start":{"line":126,"column":10},"end":{"line":126,"column":45}},"28":{"start":{"line":136,"column":30},"end":{"line":148,"column":8}},"29":{"start":{"line":137,"column":8},"end":{"line":147,"column":9}},"30":{"start":{"line":138,"column":25},"end":{"line":142,"column":12}},"31":{"start":{"line":143,"column":10},"end":{"line":143,"column":62}},"32":{"start":{"line":143,"column":23},"end":{"line":143,"column":62}},"33":{"start":{"line":144,"column":10},"end":{"line":144,"column":22}},"34":{"start":{"line":146,"column":10},"end":{"line":146,"column":49}},"35":{"start":{"line":163,"column":9},"end":{"line":163,"column":28}},"36":{"start":{"line":153,"column":17},"end":{"line":161,"column":1}},"37":{"start":{"line":154,"column":17},"end":{"line":154,"column":38}},"38":{"start":{"line":155,"column":2},"end":{"line":157,"column":3}},"39":{"start":{"line":156,"column":4},"end":{"line":156,"column":73}},"40":{"start":{"line":159,"column":2},"end":{"line":159,"column":55}},"41":{"start":{"line":160,"column":2},"end":{"line":160,"column":9}},"42":{"start":{"line":163,"column":51},"end":{"line":163,"column":59}}},"fnMap":{"0":{"name":"(anonymous_8)","decl":{"start":{"line":5,"column":28},"end":{"line":5,"column":31}},"loc":{"start":{"line":5,"column":33},"end":{"line":77,"column":1}}},"1":{"name":"(anonymous_9)","decl":{"start":{"line":42,"column":14},"end":{"line":42,"column":21}},"loc":{"start":{"line":42,"column":30},"end":{"line":54,"column":8}}},"2":{"name":"(anonymous_10)","decl":{"start":{"line":42,"column":30},"end":{"line":42,"column":null}},"loc":{"start":{"line":42,"column":30},"end":{"line":54,"column":7}}},"3":{"name":"(anonymous_11)","decl":{"start":{"line":62,"column":14},"end":{"line":62,"column":21}},"loc":{"start":{"line":62,"column":30},"end":{"line":74,"column":8}}},"4":{"name":"(anonymous_12)","decl":{"start":{"line":62,"column":30},"end":{"line":62,"column":null}},"loc":{"start":{"line":62,"column":30},"end":{"line":74,"column":7}}},"5":{"name":"(anonymous_13)","decl":{"start":{"line":79,"column":28},"end":{"line":79,"column":31}},"loc":{"start":{"line":79,"column":33},"end":{"line":151,"column":1}}},"6":{"name":"(anonymous_14)","decl":{"start":{"line":116,"column":14},"end":{"line":116,"column":21}},"loc":{"start":{"line":116,"column":30},"end":{"line":128,"column":8}}},"7":{"name":"(anonymous_15)","decl":{"start":{"line":116,"column":30},"end":{"line":116,"column":null}},"loc":{"start":{"line":116,"column":30},"end":{"line":128,"column":7}}},"8":{"name":"(anonymous_16)","decl":{"start":{"line":136,"column":14},"end":{"line":136,"column":21}},"loc":{"start":{"line":136,"column":30},"end":{"line":148,"column":8}}},"9":{"name":"(anonymous_17)","decl":{"start":{"line":136,"column":30},"end":{"line":136,"column":null}},"loc":{"start":{"line":136,"column":30},"end":{"line":148,"column":7}}},"10":{"name":"(anonymous_18)","decl":{"start":{"line":153,"column":17},"end":{"line":153,"column":18}},"loc":{"start":{"line":153,"column":69},"end":{"line":161,"column":1}}}},"branchMap":{"0":{"loc":{"start":{"line":49,"column":10},"end":{"line":49,"column":58}},"type":"if","locations":[{"start":{"line":49,"column":10},"end":{"line":49,"column":58}}]},"1":{"loc":{"start":{"line":69,"column":10},"end":{"line":69,"column":62}},"type":"if","locations":[{"start":{"line":69,"column":10},"end":{"line":69,"column":62}}]},"2":{"loc":{"start":{"line":123,"column":10},"end":{"line":123,"column":58}},"type":"if","locations":[{"start":{"line":123,"column":10},"end":{"line":123,"column":58}}]},"3":{"loc":{"start":{"line":143,"column":10},"end":{"line":143,"column":62}},"type":"if","locations":[{"start":{"line":143,"column":10},"end":{"line":143,"column":62}}]},"4":{"loc":{"start":{"line":155,"column":2},"end":{"line":157,"column":3}},"type":"if","locations":[{"start":{"line":155,"column":2},"end":{"line":157,"column":3}}]}},"s":{"0":2,"1":2,"2":2,"3":2,"4":0,"5":0,"6":0,"7":0,"8":0,"9":0,"10":0,"11":0,"12":0,"13":0,"14":0,"15":0,"16":0,"17":0,"18":2,"19":2,"20":2,"21":0,"22":0,"23":0,"24":0,"25":0,"26":0,"27":0,"28":0,"29":0,"30":0,"31":0,"32":0,"33":0,"34":0,"35":2,"36":2,"37":0,"38":0,"39":0,"40":0,"41":0,"42":2},"f":{"0":2,"1":0,"2":0,"3":0,"4":0,"5":2,"6":0,"7":0,"8":0,"9":0,"10":0},"b":{"0":[0],"1":[0],"2":[0],"3":[0],"4":[0]}}
,"D:\\CODING\\sparx\\api-sparx\\src\\validators\\subGenresValidator.ts": {"path":"D:\\CODING\\sparx\\api-sparx\\src\\validators\\subGenresValidator.ts","statementMap":{"0":{"start":{"line":1,"column":0},"end":{"line":1,"column":38}},"1":{"start":{"line":3,"column":0},"end":{"line":3,"column":73}},"2":{"start":{"line":5,"column":28},"end":{"line":34,"column":1}},"3":{"start":{"line":6,"column":2},"end":{"line":33,"column":4}},"4":{"start":{"line":20,"column":30},"end":{"line":32,"column":8}},"5":{"start":{"line":21,"column":8},"end":{"line":31,"column":9}},"6":{"start":{"line":22,"column":25},"end":{"line":26,"column":12}},"7":{"start":{"line":27,"column":10},"end":{"line":27,"column":58}},"8":{"start":{"line":27,"column":23},"end":{"line":27,"column":58}},"9":{"start":{"line":28,"column":10},"end":{"line":28,"column":22}},"10":{"start":{"line":30,"column":10},"end":{"line":30,"column":45}},"11":{"start":{"line":77,"column":30},"end":{"line":77,"column":49}},"12":{"start":{"line":36,"column":28},"end":{"line":65,"column":1}},"13":{"start":{"line":37,"column":2},"end":{"line":64,"column":4}},"14":{"start":{"line":51,"column":30},"end":{"line":63,"column":8}},"15":{"start":{"line":52,"column":8},"end":{"line":62,"column":9}},"16":{"start":{"line":53,"column":25},"end":{"line":57,"column":12}},"17":{"start":{"line":58,"column":10},"end":{"line":58,"column":58}},"18":{"start":{"line":58,"column":23},"end":{"line":58,"column":58}},"19":{"start":{"line":59,"column":10},"end":{"line":59,"column":22}},"20":{"start":{"line":61,"column":10},"end":{"line":61,"column":45}},"21":{"start":{"line":77,"column":9},"end":{"line":77,"column":28}},"22":{"start":{"line":67,"column":17},"end":{"line":75,"column":1}},"23":{"start":{"line":68,"column":17},"end":{"line":68,"column":38}},"24":{"start":{"line":69,"column":2},"end":{"line":71,"column":3}},"25":{"start":{"line":70,"column":4},"end":{"line":70,"column":73}},"26":{"start":{"line":73,"column":2},"end":{"line":73,"column":55}},"27":{"start":{"line":74,"column":2},"end":{"line":74,"column":9}},"28":{"start":{"line":77,"column":51},"end":{"line":77,"column":59}}},"fnMap":{"0":{"name":"(anonymous_8)","decl":{"start":{"line":5,"column":28},"end":{"line":5,"column":31}},"loc":{"start":{"line":5,"column":33},"end":{"line":34,"column":1}}},"1":{"name":"(anonymous_9)","decl":{"start":{"line":20,"column":14},"end":{"line":20,"column":21}},"loc":{"start":{"line":20,"column":30},"end":{"line":32,"column":8}}},"2":{"name":"(anonymous_10)","decl":{"start":{"line":20,"column":30},"end":{"line":20,"column":null}},"loc":{"start":{"line":20,"column":30},"end":{"line":32,"column":7}}},"3":{"name":"(anonymous_11)","decl":{"start":{"line":36,"column":28},"end":{"line":36,"column":31}},"loc":{"start":{"line":36,"column":33},"end":{"line":65,"column":1}}},"4":{"name":"(anonymous_12)","decl":{"start":{"line":51,"column":14},"end":{"line":51,"column":21}},"loc":{"start":{"line":51,"column":30},"end":{"line":63,"column":8}}},"5":{"name":"(anonymous_13)","decl":{"start":{"line":51,"column":30},"end":{"line":51,"column":null}},"loc":{"start":{"line":51,"column":30},"end":{"line":63,"column":7}}},"6":{"name":"(anonymous_14)","decl":{"start":{"line":67,"column":17},"end":{"line":67,"column":18}},"loc":{"start":{"line":67,"column":69},"end":{"line":75,"column":1}}}},"branchMap":{"0":{"loc":{"start":{"line":27,"column":10},"end":{"line":27,"column":58}},"type":"if","locations":[{"start":{"line":27,"column":10},"end":{"line":27,"column":58}}]},"1":{"loc":{"start":{"line":58,"column":10},"end":{"line":58,"column":58}},"type":"if","locations":[{"start":{"line":58,"column":10},"end":{"line":58,"column":58}}]},"2":{"loc":{"start":{"line":69,"column":2},"end":{"line":71,"column":3}},"type":"if","locations":[{"start":{"line":69,"column":2},"end":{"line":71,"column":3}}]}},"s":{"0":2,"1":2,"2":2,"3":2,"4":0,"5":0,"6":0,"7":0,"8":0,"9":0,"10":0,"11":2,"12":2,"13":2,"14":0,"15":0,"16":0,"17":0,"18":0,"19":0,"20":0,"21":2,"22":2,"23":0,"24":0,"25":0,"26":0,"27":0,"28":2},"f":{"0":2,"1":0,"2":0,"3":2,"4":0,"5":0,"6":0},"b":{"0":[0],"1":[0],"2":[0]}}
,"D:\\CODING\\sparx\\api-sparx\\src\\validators\\userValidator.ts": {"path":"D:\\CODING\\sparx\\api-sparx\\src\\validators\\userValidator.ts","statementMap":{"0":{"start":{"line":1,"column":0},"end":{"line":1,"column":38}},"1":{"start":{"line":4,"column":0},"end":{"line":4,"column":73}},"2":{"start":{"line":6,"column":28},"end":{"line":59,"column":1}},"3":{"start":{"line":7,"column":2},"end":{"line":58,"column":4}},"4":{"start":{"line":19,"column":30},"end":{"line":33,"column":8}},"5":{"start":{"line":20,"column":8},"end":{"line":32,"column":9}},"6":{"start":{"line":21,"column":32},"end":{"line":25,"column":12}},"7":{"start":{"line":27,"column":10},"end":{"line":29,"column":11}},"8":{"start":{"line":28,"column":12},"end":{"line":28,"column":71}},"9":{"start":{"line":31,"column":10},"end":{"line":31,"column":69}},"10":{"start":{"line":161,"column":9},"end":{"line":161,"column":28}},"11":{"start":{"line":60,"column":28},"end":{"line":120,"column":1}},"12":{"start":{"line":61,"column":2},"end":{"line":119,"column":4}},"13":{"start":{"line":73,"column":39},"end":{"line":90,"column":8}},"14":{"start":{"line":74,"column":8},"end":{"line":89,"column":9}},"15":{"start":{"line":75,"column":32},"end":{"line":80,"column":12}},"16":{"start":{"line":82,"column":10},"end":{"line":84,"column":11}},"17":{"start":{"line":83,"column":12},"end":{"line":83,"column":71}},"18":{"start":{"line":86,"column":10},"end":{"line":86,"column":22}},"19":{"start":{"line":88,"column":10},"end":{"line":88,"column":69}},"20":{"start":{"line":161,"column":40},"end":{"line":161,"column":59}},"21":{"start":{"line":122,"column":17},"end":{"line":130,"column":1}},"22":{"start":{"line":123,"column":17},"end":{"line":123,"column":38}},"23":{"start":{"line":124,"column":2},"end":{"line":126,"column":3}},"24":{"start":{"line":125,"column":4},"end":{"line":125,"column":73}},"25":{"start":{"line":128,"column":2},"end":{"line":128,"column":55}},"26":{"start":{"line":129,"column":2},"end":{"line":129,"column":9}},"27":{"start":{"line":161,"column":30},"end":{"line":161,"column":38}},"28":{"start":{"line":131,"column":25},"end":{"line":159,"column":2}},"29":{"start":{"line":135,"column":4},"end":{"line":159,"column":2}},"30":{"start":{"line":136,"column":17},"end":{"line":136,"column":38}},"31":{"start":{"line":137,"column":2},"end":{"line":139,"column":3}},"32":{"start":{"line":138,"column":4},"end":{"line":138,"column":73}},"33":{"start":{"line":141,"column":2},"end":{"line":141,"column":55}},"34":{"start":{"line":142,"column":21},"end":{"line":142,"column":31}},"35":{"start":{"line":145,"column":24},"end":{"line":149,"column":4}},"36":{"start":{"line":151,"column":2},"end":{"line":156,"column":3}},"37":{"start":{"line":152,"column":4},"end":{"line":155,"column":7}},"38":{"start":{"line":158,"column":2},"end":{"line":158,"column":9}},"39":{"start":{"line":161,"column":61},"end":{"line":161,"column":77}}},"fnMap":{"0":{"name":"(anonymous_8)","decl":{"start":{"line":6,"column":28},"end":{"line":6,"column":31}},"loc":{"start":{"line":6,"column":33},"end":{"line":59,"column":1}}},"1":{"name":"(anonymous_9)","decl":{"start":{"line":19,"column":14},"end":{"line":19,"column":21}},"loc":{"start":{"line":19,"column":30},"end":{"line":33,"column":8}}},"2":{"name":"(anonymous_10)","decl":{"start":{"line":19,"column":30},"end":{"line":19,"column":null}},"loc":{"start":{"line":19,"column":30},"end":{"line":33,"column":7}}},"3":{"name":"(anonymous_11)","decl":{"start":{"line":60,"column":28},"end":{"line":60,"column":31}},"loc":{"start":{"line":60,"column":33},"end":{"line":120,"column":1}}},"4":{"name":"(anonymous_12)","decl":{"start":{"line":73,"column":14},"end":{"line":73,"column":21}},"loc":{"start":{"line":73,"column":39},"end":{"line":90,"column":8}}},"5":{"name":"(anonymous_13)","decl":{"start":{"line":73,"column":39},"end":{"line":73,"column":null}},"loc":{"start":{"line":73,"column":35},"end":{"line":90,"column":7}}},"6":{"name":"(anonymous_14)","decl":{"start":{"line":122,"column":17},"end":{"line":122,"column":18}},"loc":{"start":{"line":122,"column":69},"end":{"line":130,"column":1}}},"7":{"name":"(anonymous_15)","decl":{"start":{"line":131,"column":25},"end":{"line":131,"column":null}},"loc":{"start":{"line":135,"column":4},"end":{"line":159,"column":2}}},"8":{"name":"(anonymous_16)","decl":{"start":{"line":135,"column":4},"end":{"line":135,"column":null}},"loc":{"start":{"line":135,"column":4},"end":{"line":159,"column":1}}}},"branchMap":{"0":{"loc":{"start":{"line":27,"column":10},"end":{"line":29,"column":11}},"type":"if","locations":[{"start":{"line":27,"column":10},"end":{"line":29,"column":11}}]},"1":{"loc":{"start":{"line":78,"column":34},"end":{"line":78,"column":52}},"type":"cond-expr","locations":[{"start":{"line":78,"column":44},"end":{"line":78,"column":46}},{"start":{"line":78,"column":44},"end":{"line":78,"column":52}}]},"2":{"loc":{"start":{"line":78,"column":34},"end":{"line":78,"column":46}},"type":"binary-expr","locations":[{"start":{"line":78,"column":34},"end":{"line":78,"column":46}},{"start":{"line":78,"column":44},"end":{"line":78,"column":46}}]},"3":{"loc":{"start":{"line":82,"column":10},"end":{"line":84,"column":11}},"type":"if","locations":[{"start":{"line":82,"column":10},"end":{"line":84,"column":11}}]},"4":{"loc":{"start":{"line":124,"column":2},"end":{"line":126,"column":3}},"type":"if","locations":[{"start":{"line":124,"column":2},"end":{"line":126,"column":3}}]},"5":{"loc":{"start":{"line":137,"column":2},"end":{"line":139,"column":3}},"type":"if","locations":[{"start":{"line":137,"column":2},"end":{"line":139,"column":3}}]},"6":{"loc":{"start":{"line":151,"column":2},"end":{"line":156,"column":3}},"type":"if","locations":[{"start":{"line":151,"column":2},"end":{"line":156,"column":3}}]}},"s":{"0":2,"1":2,"2":2,"3":2,"4":0,"5":0,"6":0,"7":0,"8":0,"9":0,"10":2,"11":2,"12":2,"13":0,"14":0,"15":0,"16":0,"17":0,"18":0,"19":0,"20":2,"21":2,"22":0,"23":0,"24":0,"25":0,"26":0,"27":2,"28":2,"29":0,"30":0,"31":0,"32":0,"33":0,"34":0,"35":0,"36":0,"37":0,"38":0,"39":2},"f":{"0":2,"1":0,"2":0,"3":2,"4":0,"5":0,"6":0,"7":0,"8":0},"b":{"0":[0],"1":[0,0],"2":[0,0],"3":[0],"4":[0],"5":[0],"6":[0]}}
}
