TN:
SF:dist\src\app.js
FN:2,(anonymous_0)
FNF:1
FNH:1
FNDA:5,(anonymous_0)
DA:2,1
DA:3,5
DA:5,1
DA:6,1
DA:7,1
DA:8,1
DA:9,1
DA:10,1
DA:11,1
DA:12,1
DA:13,1
DA:14,1
DA:15,1
DA:16,1
DA:17,1
DA:18,1
LF:16
LH:16
BRDA:2,0,0,1
BRDA:2,0,1,1
BRDA:2,0,2,1
BRDA:3,1,0,1
BRDA:3,1,1,4
BRDA:3,2,0,5
BRDA:3,2,1,5
BRDA:13,3,0,1
BRDA:13,3,1,1
BRF:9
BRH:9
end_of_record
TN:
SF:dist\src\controllers\authController.js
FN:2,(anonymous_0)
FN:3,adopt
FN:3,(anonymous_2)
FN:4,(anonymous_3)
FN:5,fulfilled
FN:6,rejected
FN:7,step
FN:13,(anonymous_7)
FN:13,(anonymous_8)
FNF:9
FNH:0
FNDA:0,(anonymous_0)
FNDA:0,adopt
FNDA:0,(anonymous_2)
FNDA:0,(anonymous_3)
FNDA:0,fulfilled
FNDA:0,rejected
FNDA:0,step
FNDA:0,(anonymous_7)
FNDA:0,(anonymous_8)
DA:2,1
DA:3,0
DA:4,0
DA:5,0
DA:6,0
DA:7,0
DA:8,0
DA:11,1
DA:12,1
DA:13,1
DA:14,0
DA:16,1
LF:12
LH:5
BRDA:2,0,0,1
BRDA:2,0,1,1
BRDA:2,0,2,1
BRDA:3,1,0,0
BRDA:3,1,1,0
BRDA:4,2,0,0
BRDA:4,2,1,0
BRDA:7,3,0,0
BRDA:7,3,1,0
BRDA:8,4,0,0
BRDA:8,4,1,0
BRF:11
BRH:3
end_of_record
TN:
SF:dist\src\routes\authRoutes.js
FN:2,(anonymous_0)
FNF:1
FNH:1
FNDA:1,(anonymous_0)
DA:2,1
DA:3,1
DA:5,1
DA:6,1
DA:7,1
DA:8,1
DA:9,1
DA:10,1
LF:8
LH:8
BRDA:2,0,0,1
BRDA:2,0,1,1
BRDA:2,0,2,1
BRDA:3,1,0,0
BRDA:3,1,1,1
BRDA:3,2,0,1
BRDA:3,2,1,1
BRF:7
BRH:6
end_of_record
TN:
SF:dist\src\routes\index.js
FN:2,(anonymous_0)
FNF:1
FNH:1
FNDA:2,(anonymous_0)
DA:2,1
DA:3,2
DA:5,1
DA:6,1
DA:7,1
DA:8,1
DA:9,1
DA:10,1
LF:8
LH:8
BRDA:2,0,0,1
BRDA:2,0,1,1
BRDA:2,0,2,1
BRDA:3,1,0,1
BRDA:3,1,1,1
BRDA:3,2,0,2
BRDA:3,2,1,2
BRF:7
BRH:7
end_of_record
TN:
SF:src\app.ts
FNF:0
FNH:0
DA:1,2
DA:2,2
DA:3,2
DA:4,2
DA:5,2
DA:6,2
DA:7,2
DA:9,2
DA:11,2
DA:13,2
DA:14,2
DA:16,2
DA:17,2
DA:18,2
DA:19,2
DA:21,2
LF:16
LH:16
BRF:0
BRH:0
end_of_record
TN:
SF:src\config\cloudinary.ts
FNF:0
FNH:0
DA:1,2
DA:2,2
DA:4,2
DA:6,2
DA:12,2
LF:5
LH:5
BRF:0
BRH:0
end_of_record
TN:
SF:src\config\prisma.ts
FN:3,(anonymous_7)
FN:3,(anonymous_8)
FNF:2
FNH:2
FNDA:84,(anonymous_7)
FNDA:84,(anonymous_8)
DA:1,2
DA:2,2
DA:3,84
DA:4,84
DA:11,21
DA:12,21
DA:14,21
DA:16,84
DA:19,1
DA:20,1
DA:22,84
DA:24,0
DA:25,0
DA:26,0
DA:28,0
DA:32,84
DA:34,2
LF:17
LH:13
BRDA:4,0,0,21
BRDA:5,1,0,84
BRDA:5,1,1,83
BRDA:5,1,2,63
BRDA:5,1,3,63
BRDA:11,2,0,21
BRDA:11,2,1,1
BRDA:12,3,0,21
BRDA:12,3,1,1
BRDA:16,4,0,1
BRDA:16,5,0,84
BRDA:16,5,1,1
BRDA:22,6,0,0
BRDA:22,7,0,84
BRDA:22,7,1,0
BRDA:25,8,0,0
BRDA:25,8,1,0
BRF:17
BRH:13
end_of_record
TN:
SF:src\controllers\authController.ts
FN:10,(anonymous_8)
FN:10,(anonymous_9)
FN:39,(anonymous_10)
FN:39,(anonymous_11)
FN:68,(anonymous_12)
FN:68,(anonymous_13)
FNF:6
FNH:6
FNDA:2,(anonymous_8)
FNDA:2,(anonymous_9)
FNDA:14,(anonymous_10)
FNDA:14,(anonymous_11)
FNDA:2,(anonymous_12)
FNDA:2,(anonymous_13)
DA:2,2
DA:3,2
DA:7,2
DA:8,2
DA:10,2
DA:11,2
DA:12,2
DA:14,2
DA:15,1
DA:16,1
DA:21,1
DA:23,1
DA:31,0
DA:33,0
DA:39,14
DA:40,14
DA:41,14
DA:43,14
DA:44,1
DA:45,1
DA:49,13
DA:50,13
DA:54,13
DA:63,0
DA:64,0
DA:68,2
DA:69,2
DA:70,1
DA:71,1
DA:75,1
DA:76,1
LF:31
LH:27
BRDA:14,0,0,1
BRDA:43,1,0,1
BRDA:69,2,0,1
BRDA:69,3,0,0
BRDA:69,3,1,2
BRDA:69,4,0,2
BRDA:69,4,1,2
BRDA:69,5,0,0
BRDA:69,5,1,2
BRDA:69,6,0,2
BRDA:69,6,1,2
BRF:11
BRH:9
end_of_record
TN:
SF:src\controllers\downloadPermissionController.ts
FN:14,(anonymous_8)
FN:14,(anonymous_9)
FN:21,(anonymous_10)
FN:33,(anonymous_11)
FN:33,(anonymous_12)
FN:52,(anonymous_13)
FN:52,(anonymous_14)
FN:69,(anonymous_15)
FN:69,(anonymous_16)
FN:87,(anonymous_17)
FN:87,(anonymous_18)
FNF:11
FNH:0
FNDA:0,(anonymous_8)
FNDA:0,(anonymous_9)
FNDA:0,(anonymous_10)
FNDA:0,(anonymous_11)
FNDA:0,(anonymous_12)
FNDA:0,(anonymous_13)
FNDA:0,(anonymous_14)
FNDA:0,(anonymous_15)
FNDA:0,(anonymous_16)
FNDA:0,(anonymous_17)
FNDA:0,(anonymous_18)
DA:3,2
DA:11,2
DA:12,2
DA:14,2
DA:15,0
DA:16,0
DA:17,0
DA:18,0
DA:22,0
DA:26,0
DA:27,0
DA:33,2
DA:34,0
DA:35,0
DA:36,0
DA:37,0
DA:38,0
DA:44,0
DA:45,0
DA:52,2
DA:53,0
DA:54,0
DA:55,0
DA:56,0
DA:62,0
DA:63,0
DA:69,2
DA:70,0
DA:71,0
DA:72,0
DA:73,0
DA:74,0
DA:80,0
DA:81,0
DA:82,0
DA:87,2
DA:88,0
DA:89,0
DA:90,0
DA:91,0
DA:92,0
DA:96,0
DA:97,0
DA:102,0
DA:103,0
LF:45
LH:8
BRDA:41,0,0,0
BRDA:41,0,1,0
BRDA:90,1,0,0
BRF:3
BRH:0
end_of_record
TN:
SF:src\controllers\genresController.ts
FN:12,(anonymous_8)
FN:12,(anonymous_9)
FN:19,(anonymous_10)
FN:30,(anonymous_11)
FN:30,(anonymous_12)
FN:48,(anonymous_13)
FN:48,(anonymous_14)
FN:65,(anonymous_15)
FN:65,(anonymous_16)
FN:82,(anonymous_17)
FN:82,(anonymous_18)
FNF:11
FNH:10
FNDA:1,(anonymous_8)
FNDA:1,(anonymous_9)
FNDA:0,(anonymous_10)
FNDA:2,(anonymous_11)
FNDA:2,(anonymous_12)
FNDA:5,(anonymous_13)
FNDA:5,(anonymous_14)
FNDA:1,(anonymous_15)
FNDA:1,(anonymous_16)
FNDA:2,(anonymous_17)
FNDA:2,(anonymous_18)
DA:2,2
DA:9,2
DA:10,2
DA:12,2
DA:13,1
DA:14,1
DA:15,1
DA:16,1
DA:20,0
DA:24,0
DA:25,0
DA:30,2
DA:31,2
DA:32,2
DA:33,2
DA:34,2
DA:35,2
DA:41,0
DA:42,0
DA:48,5
DA:49,5
DA:50,5
DA:51,5
DA:52,5
DA:58,0
DA:59,0
DA:65,2
DA:66,1
DA:67,1
DA:68,1
DA:69,1
DA:70,1
DA:76,0
DA:77,0
DA:82,2
DA:83,2
DA:84,2
DA:85,2
DA:86,1
DA:87,1
DA:91,1
DA:92,1
DA:97,0
DA:98,0
LF:44
LH:33
BRDA:38,0,0,1
BRDA:38,0,1,1
BRDA:85,1,0,1
BRF:3
BRH:3
end_of_record
TN:
SF:src\controllers\playlistController.ts
FN:19,(anonymous_8)
FN:19,(anonymous_9)
FN:33,(anonymous_10)
FN:44,(anonymous_11)
FN:47,(anonymous_12)
FN:71,(anonymous_13)
FN:71,(anonymous_14)
FN:96,(anonymous_15)
FN:96,(anonymous_16)
FN:137,(anonymous_17)
FN:137,(anonymous_18)
FN:185,(anonymous_19)
FN:188,(anonymous_20)
FN:222,(anonymous_21)
FN:225,(anonymous_22)
FNF:15
FNH:0
FNDA:0,(anonymous_8)
FNDA:0,(anonymous_9)
FNDA:0,(anonymous_10)
FNDA:0,(anonymous_11)
FNDA:0,(anonymous_12)
FNDA:0,(anonymous_13)
FNDA:0,(anonymous_14)
FNDA:0,(anonymous_15)
FNDA:0,(anonymous_16)
FNDA:0,(anonymous_17)
FNDA:0,(anonymous_18)
FNDA:0,(anonymous_19)
FNDA:0,(anonymous_20)
FNDA:0,(anonymous_21)
FNDA:0,(anonymous_22)
DA:2,2
DA:13,2
DA:14,2
DA:17,2
DA:19,2
DA:20,0
DA:21,0
DA:22,0
DA:23,0
DA:28,0
DA:29,0
DA:30,0
DA:34,0
DA:38,0
DA:39,0
DA:44,2
DA:47,0
DA:48,0
DA:49,0
DA:50,0
DA:51,0
DA:52,0
DA:56,0
DA:57,0
DA:58,0
DA:64,0
DA:65,0
DA:71,2
DA:72,0
DA:73,0
DA:74,0
DA:75,0
DA:79,0
DA:80,0
DA:81,0
DA:82,0
DA:88,0
DA:89,0
DA:90,0
DA:96,2
DA:97,0
DA:98,0
DA:99,0
DA:100,0
DA:101,0
DA:106,0
DA:107,0
DA:108,0
DA:109,0
DA:115,0
DA:116,0
DA:117,0
DA:122,0
DA:123,0
DA:124,0
DA:130,0
DA:131,0
DA:132,0
DA:137,2
DA:138,0
DA:139,0
DA:140,0
DA:141,0
DA:142,0
DA:147,0
DA:148,0
DA:149,0
DA:150,0
DA:156,0
DA:157,0
DA:158,0
DA:163,0
DA:164,0
DA:165,0
DA:170,0
DA:171,0
DA:176,0
DA:177,0
DA:185,2
DA:188,0
DA:189,0
DA:190,0
DA:191,0
DA:192,0
DA:193,0
DA:198,0
DA:199,0
DA:200,0
DA:201,0
DA:205,0
DA:206,0
DA:207,0
DA:208,0
DA:214,0
DA:215,0
DA:216,0
DA:222,2
DA:225,0
DA:226,0
DA:227,0
DA:228,0
DA:229,0
DA:230,0
DA:235,0
DA:236,0
DA:237,0
DA:238,0
DA:243,0
DA:248,0
DA:249,0
DA:250,0
DA:256,0
DA:257,0
DA:258,0
DA:263,0
DA:264,0
DA:265,0
DA:270,0
DA:271,0
DA:276,0
DA:277,0
LF:121
LH:11
BRDA:21,0,0,0
BRDA:21,1,0,0
BRDA:21,1,1,0
BRDA:21,2,0,0
BRDA:21,2,1,0
BRDA:50,3,0,0
BRDA:50,4,0,0
BRDA:50,4,1,0
BRDA:50,5,0,0
BRDA:50,5,1,0
BRDA:61,6,0,0
BRDA:61,6,1,0
BRDA:73,7,0,0
BRDA:73,8,0,0
BRDA:73,8,1,0
BRDA:73,9,0,0
BRDA:73,9,1,0
BRDA:99,10,0,0
BRDA:99,11,0,0
BRDA:99,11,1,0
BRDA:99,12,0,0
BRDA:99,12,1,0
BRDA:107,13,0,0
BRDA:115,14,0,0
BRDA:140,15,0,0
BRDA:140,16,0,0
BRDA:140,16,1,0
BRDA:140,17,0,0
BRDA:140,17,1,0
BRDA:148,18,0,0
BRDA:156,19,0,0
BRDA:163,20,0,0
BRDA:191,21,0,0
BRDA:191,22,0,0
BRDA:191,22,1,0
BRDA:191,23,0,0
BRDA:191,23,1,0
BRDA:199,24,0,0
BRDA:228,25,0,0
BRDA:228,26,0,0
BRDA:228,26,1,0
BRDA:228,27,0,0
BRDA:228,27,1,0
BRDA:236,28,0,0
BRDA:248,29,0,0
BRDA:256,30,0,0
BRDA:263,31,0,0
BRF:47
BRH:0
end_of_record
TN:
SF:src\controllers\publicPlaylistController.ts
FN:14,(anonymous_8)
FN:14,(anonymous_9)
FN:21,(anonymous_10)
FN:32,(anonymous_11)
FN:32,(anonymous_12)
FN:49,(anonymous_13)
FN:49,(anonymous_14)
FNF:7
FNH:0
FNDA:0,(anonymous_8)
FNDA:0,(anonymous_9)
FNDA:0,(anonymous_10)
FNDA:0,(anonymous_11)
FNDA:0,(anonymous_12)
FNDA:0,(anonymous_13)
FNDA:0,(anonymous_14)
DA:2,2
DA:8,2
DA:12,2
DA:14,2
DA:15,0
DA:16,0
DA:17,0
DA:18,0
DA:22,0
DA:26,0
DA:27,0
DA:32,2
DA:33,0
DA:34,0
DA:35,0
DA:36,0
DA:37,0
DA:43,0
DA:44,0
DA:49,2
DA:50,0
DA:51,0
DA:52,0
DA:53,0
DA:54,0
DA:60,0
DA:61,0
LF:27
LH:6
BRDA:40,0,0,0
BRDA:40,0,1,0
BRDA:57,1,0,0
BRDA:57,1,1,0
BRF:4
BRH:0
end_of_record
TN:
SF:src\controllers\songController.ts
FN:15,(anonymous_8)
FN:15,(anonymous_9)
FN:22,(anonymous_10)
FN:33,(anonymous_11)
FN:33,(anonymous_12)
FN:51,(anonymous_13)
FN:51,(anonymous_14)
FN:108,(anonymous_15)
FN:108,(anonymous_16)
FN:173,(anonymous_17)
FN:173,(anonymous_18)
FNF:11
FNH:0
FNDA:0,(anonymous_8)
FNDA:0,(anonymous_9)
FNDA:0,(anonymous_10)
FNDA:0,(anonymous_11)
FNDA:0,(anonymous_12)
FNDA:0,(anonymous_13)
FNDA:0,(anonymous_14)
FNDA:0,(anonymous_15)
FNDA:0,(anonymous_16)
FNDA:0,(anonymous_17)
FNDA:0,(anonymous_18)
DA:2,2
DA:9,2
DA:10,2
DA:12,2
DA:13,2
DA:15,2
DA:16,0
DA:17,0
DA:18,0
DA:19,0
DA:23,0
DA:27,0
DA:28,0
DA:33,2
DA:34,0
DA:35,0
DA:36,0
DA:37,0
DA:38,0
DA:44,0
DA:45,0
DA:51,2
DA:52,0
DA:54,0
DA:58,0
DA:61,0
DA:67,0
DA:68,0
DA:69,0
DA:70,0
DA:76,0
DA:77,0
DA:78,0
DA:79,0
DA:80,0
DA:85,0
DA:89,0
DA:90,0
DA:92,0
DA:93,0
DA:94,0
DA:100,0
DA:101,0
DA:102,0
DA:108,2
DA:109,0
DA:110,0
DA:112,0
DA:114,0
DA:118,0
DA:121,0
DA:126,0
DA:127,0
DA:128,0
DA:132,0
DA:133,0
DA:134,0
DA:135,0
DA:136,0
DA:140,0
DA:141,0
DA:145,0
DA:146,0
DA:147,0
DA:148,0
DA:149,0
DA:154,0
DA:156,0
DA:159,0
DA:160,0
DA:161,0
DA:167,0
DA:168,0
DA:173,2
DA:174,0
DA:175,0
DA:176,0
DA:177,0
DA:178,0
DA:179,0
DA:182,0
DA:183,0
DA:184,0
DA:188,0
DA:189,0
DA:190,0
DA:191,0
DA:196,0
DA:197,0
LF:89
LH:10
BRDA:41,0,0,0
BRDA:41,0,1,0
BRDA:54,1,0,0
BRDA:55,2,0,0
BRDA:55,2,1,0
BRDA:55,3,0,0
BRDA:55,3,1,0
BRDA:55,4,0,0
BRDA:55,4,1,0
BRDA:56,5,0,0
BRDA:56,5,1,0
BRDA:56,6,0,0
BRDA:56,6,1,0
BRDA:67,7,0,0
BRDA:67,7,1,0
BRDA:67,8,0,0
BRDA:67,8,1,0
BRDA:68,9,0,0
BRDA:76,10,0,0
BRDA:76,11,0,0
BRDA:76,11,1,0
BRDA:76,12,0,0
BRDA:76,12,1,0
BRDA:78,13,0,0
BRDA:90,14,0,0
BRDA:90,14,1,0
BRDA:90,15,0,0
BRDA:90,15,1,0
BRDA:114,16,0,0
BRDA:115,17,0,0
BRDA:115,17,1,0
BRDA:115,18,0,0
BRDA:115,18,1,0
BRDA:115,19,0,0
BRDA:115,19,1,0
BRDA:116,20,0,0
BRDA:116,20,1,0
BRDA:116,21,0,0
BRDA:116,21,1,0
BRDA:126,22,0,0
BRDA:132,23,0,0
BRDA:132,24,0,0
BRDA:132,24,1,0
BRDA:132,25,0,0
BRDA:132,25,1,0
BRDA:134,26,0,0
BRDA:140,27,0,0
BRDA:145,28,0,0
BRDA:145,29,0,0
BRDA:145,29,1,0
BRDA:145,30,0,0
BRDA:145,30,1,0
BRDA:147,31,0,0
BRDA:154,32,0,0
BRDA:177,33,0,0
BRDA:182,34,0,0
BRDA:188,35,0,0
BRDA:189,36,0,0
BRF:58
BRH:0
end_of_record
TN:
SF:src\controllers\subGenresController.ts
FN:13,(anonymous_8)
FN:13,(anonymous_9)
FN:20,(anonymous_10)
FN:32,(anonymous_11)
FN:32,(anonymous_12)
FN:50,(anonymous_13)
FN:50,(anonymous_14)
FN:67,(anonymous_15)
FN:67,(anonymous_16)
FN:84,(anonymous_17)
FN:84,(anonymous_18)
FNF:11
FNH:0
FNDA:0,(anonymous_8)
FNDA:0,(anonymous_9)
FNDA:0,(anonymous_10)
FNDA:0,(anonymous_11)
FNDA:0,(anonymous_12)
FNDA:0,(anonymous_13)
FNDA:0,(anonymous_14)
FNDA:0,(anonymous_15)
FNDA:0,(anonymous_16)
FNDA:0,(anonymous_17)
FNDA:0,(anonymous_18)
DA:2,2
DA:10,2
DA:11,2
DA:13,2
DA:14,0
DA:15,0
DA:16,0
DA:17,0
DA:21,0
DA:22,0
DA:26,0
DA:27,0
DA:32,2
DA:33,0
DA:34,0
DA:35,0
DA:36,0
DA:37,0
DA:43,0
DA:44,0
DA:50,2
DA:51,0
DA:52,0
DA:53,0
DA:54,0
DA:60,0
DA:61,0
DA:67,2
DA:68,0
DA:69,0
DA:70,0
DA:71,0
DA:72,0
DA:78,0
DA:79,0
DA:84,2
DA:85,0
DA:86,0
DA:88,0
DA:89,0
DA:90,0
DA:94,0
DA:95,0
DA:100,0
DA:101,0
LF:45
LH:8
BRDA:40,0,0,0
BRDA:40,0,1,0
BRDA:88,1,0,0
BRF:3
BRH:0
end_of_record
TN:
SF:src\controllers\userController.ts
FN:13,(anonymous_8)
FN:13,(anonymous_9)
FN:33,(anonymous_10)
FN:33,(anonymous_11)
FN:56,(anonymous_12)
FN:56,(anonymous_13)
FN:75,(anonymous_14)
FN:75,(anonymous_15)
FN:84,(anonymous_16)
FN:96,(anonymous_17)
FN:96,(anonymous_18)
FNF:11
FNH:0
FNDA:0,(anonymous_8)
FNDA:0,(anonymous_9)
FNDA:0,(anonymous_10)
FNDA:0,(anonymous_11)
FNDA:0,(anonymous_12)
FNDA:0,(anonymous_13)
FNDA:0,(anonymous_14)
FNDA:0,(anonymous_15)
FNDA:0,(anonymous_16)
FNDA:0,(anonymous_17)
FNDA:0,(anonymous_18)
DA:2,2
DA:3,2
DA:11,2
DA:13,2
DA:14,0
DA:15,0
DA:17,0
DA:19,0
DA:25,0
DA:27,0
DA:33,2
DA:34,0
DA:35,0
DA:40,0
DA:42,0
DA:48,0
DA:50,0
DA:56,2
DA:57,0
DA:58,0
DA:60,0
DA:62,0
DA:67,0
DA:69,0
DA:75,2
DA:76,0
DA:77,0
DA:79,0
DA:81,0
DA:85,0
DA:89,0
DA:91,0
DA:96,2
DA:97,0
DA:98,0
DA:100,0
DA:102,0
DA:108,0
DA:110,0
LF:39
LH:8
BRDA:37,0,0,0
BRDA:37,0,1,0
BRDA:37,1,0,0
BRDA:37,1,1,0
BRDA:58,2,0,0
BRDA:58,2,1,0
BRDA:58,3,0,0
BRDA:58,3,1,0
BRDA:98,4,0,0
BRDA:98,4,1,0
BRDA:98,5,0,0
BRDA:98,5,1,0
BRF:12
BRH:0
end_of_record
TN:
SF:src\dto\downloadPermission.dto.ts
FN:3,(anonymous_0)
FNF:1
FNH:0
FNDA:0,(anonymous_0)
DA:3,2
DA:4,0
LF:2
LH:1
BRF:0
BRH:0
end_of_record
TN:
SF:src\dto\genres.dto.ts
FN:3,(anonymous_0)
FNF:1
FNH:1
FNDA:7,(anonymous_0)
DA:3,2
DA:4,7
LF:2
LH:2
BRF:0
BRH:0
end_of_record
TN:
SF:src\dto\playlist.dto.ts
FN:3,(anonymous_0)
FN:14,(anonymous_1)
FNF:2
FNH:0
FNDA:0,(anonymous_0)
FNDA:0,(anonymous_1)
DA:3,2
DA:4,0
DA:14,2
DA:15,0
LF:4
LH:2
BRF:0
BRH:0
end_of_record
TN:
SF:src\dto\publicPlaylist.dto.ts
FN:20,(anonymous_0)
FN:37,(anonymous_1)
FN:46,(anonymous_2)
FNF:3
FNH:0
FNDA:0,(anonymous_0)
FNDA:0,(anonymous_1)
FNDA:0,(anonymous_2)
DA:20,2
DA:21,0
DA:37,2
DA:38,0
DA:47,0
LF:5
LH:2
BRF:0
BRH:0
end_of_record
TN:
SF:src\dto\song.dto.ts
FN:3,(anonymous_0)
FNF:1
FNH:0
FNDA:0,(anonymous_0)
DA:3,2
DA:4,0
LF:2
LH:1
BRF:0
BRH:0
end_of_record
TN:
SF:src\dto\subGenres.dto.ts
FN:9,(anonymous_0)
FNF:1
FNH:0
FNDA:0,(anonymous_0)
DA:9,2
DA:10,0
LF:2
LH:1
BRDA:13,0,0,0
BRDA:13,0,1,0
BRDA:13,1,0,0
BRDA:13,1,1,0
BRF:4
BRH:0
end_of_record
TN:
SF:src\dto\user.dto.ts
FN:3,(anonymous_0)
FNF:1
FNH:1
FNDA:14,(anonymous_0)
DA:3,2
DA:4,14
LF:2
LH:2
BRF:0
BRH:0
end_of_record
TN:
SF:src\middlewares\authMiddleware.ts
FN:11,(anonymous_0)
FN:12,(anonymous_1)
FNF:2
FNH:2
FNDA:52,(anonymous_0)
FNDA:16,(anonymous_1)
DA:5,2
DA:11,2
DA:12,52
DA:13,16
DA:14,16
DA:15,16
DA:17,16
DA:18,3
DA:21,13
DA:22,13
DA:23,13
DA:25,0
DA:28,13
LF:13
LH:12
BRDA:14,0,0,3
BRDA:14,0,1,13
BRDA:14,1,0,16
BRDA:14,1,1,16
BRDA:15,2,0,0
BRDA:15,2,1,16
BRDA:15,3,0,16
BRDA:15,3,1,16
BRDA:15,4,0,0
BRDA:15,4,1,16
BRDA:15,5,0,16
BRDA:15,5,1,16
BRDA:17,6,0,3
BRDA:17,7,0,16
BRDA:17,7,1,13
BRF:15
BRH:13
end_of_record
TN:
SF:src\middlewares\rbacMiddleware.ts
FN:9,rbacMiddleware
FN:13,(anonymous_1)
FNF:2
FNH:2
FNDA:38,rbacMiddleware
FNDA:13,(anonymous_1)
DA:4,2
DA:9,2
DA:13,38
DA:14,13
DA:15,0
DA:17,13
DA:18,13
DA:23,10
DA:25,3
DA:32,2
LF:10
LH:9
BRDA:14,0,0,0
BRDA:18,1,0,10
BRDA:18,1,1,3
BRDA:19,2,0,13
BRDA:19,2,1,13
BRDA:19,2,2,10
BRF:6
BRH:5
end_of_record
TN:
SF:src\middlewares\songMiddleware.ts
FN:7,(anonymous_14)
FN:8,(anonymous_15)
FN:8,(anonymous_16)
FN:43,(anonymous_17)
FN:44,(anonymous_18)
FN:44,(anonymous_19)
FNF:6
FNH:2
FNDA:4,(anonymous_14)
FNDA:0,(anonymous_15)
FNDA:0,(anonymous_16)
FNDA:4,(anonymous_17)
FNDA:0,(anonymous_18)
FNDA:0,(anonymous_19)
DA:2,2
DA:5,2
DA:7,2
DA:8,4
DA:9,0
DA:11,0
DA:12,0
DA:13,0
DA:18,0
DA:19,0
DA:22,0
DA:23,0
DA:25,0
DA:29,0
DA:34,0
DA:35,0
DA:39,0
DA:43,2
DA:44,4
DA:45,0
DA:47,0
DA:48,0
DA:49,0
DA:51,0
DA:52,0
DA:57,0
LF:26
LH:6
BRDA:9,0,0,0
BRDA:9,0,1,0
BRDA:11,1,0,0
BRDA:11,1,1,0
BRDA:12,2,0,0
BRDA:25,3,0,0
BRDA:26,4,0,0
BRDA:26,4,1,0
BRDA:35,5,0,0
BRDA:35,5,1,0
BRDA:35,6,0,0
BRDA:35,6,1,0
BRDA:35,7,0,0
BRDA:35,7,1,0
BRDA:45,8,0,0
BRDA:45,8,1,0
BRDA:47,9,0,0
BRDA:51,10,0,0
BRDA:51,11,0,0
BRDA:51,11,1,0
BRF:20
BRH:0
end_of_record
TN:
SF:src\policy\playlistPolicy.ts
FN:4,(anonymous_0)
FNF:1
FNH:0
FNDA:0,(anonymous_0)
DA:4,2
DA:5,0
DA:6,0
DA:9,0
DA:10,0
DA:13,0
LF:6
LH:1
BRDA:5,0,0,0
BRDA:9,1,0,0
BRF:2
BRH:0
end_of_record
TN:
SF:src\routes\authRoutes.ts
FNF:0
FNH:0
DA:1,2
DA:2,2
DA:3,2
DA:9,2
DA:11,2
DA:12,2
DA:13,2
DA:15,2
LF:8
LH:8
BRF:0
BRH:0
end_of_record
TN:
SF:src\routes\downloadPermissionRoutes.ts
FNF:0
FNH:0
DA:1,2
DA:8,2
DA:9,2
DA:10,2
DA:18,2
DA:20,2
DA:22,2
DA:28,2
DA:34,2
DA:43,2
DA:51,2
DA:59,2
LF:12
LH:12
BRF:0
BRH:0
end_of_record
TN:
SF:src\routes\genresRoutes.ts
FNF:0
FNH:0
DA:1,2
DA:8,2
DA:9,2
DA:10,2
DA:11,2
DA:15,2
DA:17,2
DA:19,2
DA:20,2
DA:21,2
DA:29,2
DA:37,2
DA:45,2
LF:13
LH:13
BRF:0
BRH:0
end_of_record
TN:
SF:src\routes\index.ts
FNF:0
FNH:0
DA:1,2
DA:2,2
DA:3,2
DA:4,2
DA:5,2
DA:6,2
DA:7,2
DA:8,2
DA:9,2
DA:11,2
DA:13,2
DA:14,2
DA:15,2
DA:16,2
DA:17,2
DA:18,2
DA:19,2
DA:20,2
DA:22,2
LF:19
LH:19
BRF:0
BRH:0
end_of_record
TN:
SF:src\routes\playlistRoutes.ts
FNF:0
FNH:0
DA:1,2
DA:10,2
DA:12,2
DA:13,2
DA:19,2
DA:21,2
DA:23,2
DA:24,2
DA:25,2
DA:32,2
DA:40,2
DA:43,2
DA:50,2
DA:56,2
LF:14
LH:14
BRF:0
BRH:0
end_of_record
TN:
SF:src\routes\publicPlaylistRoutes.ts
FNF:0
FNH:0
DA:1,2
DA:7,2
DA:9,2
DA:11,2
DA:12,2
DA:13,2
DA:15,2
LF:7
LH:7
BRF:0
BRH:0
end_of_record
TN:
SF:src\routes\songRoutes.ts
FNF:0
FNH:0
DA:1,2
DA:8,2
DA:9,2
DA:10,2
DA:11,2
DA:15,2
DA:16,2
DA:18,2
DA:20,2
DA:21,2
DA:22,2
DA:32,2
DA:42,2
DA:50,2
LF:14
LH:14
BRF:0
BRH:0
end_of_record
TN:
SF:src\routes\subGenresRoutes.ts
FNF:0
FNH:0
DA:1,2
DA:8,2
DA:9,2
DA:10,2
DA:11,2
DA:15,2
DA:17,2
DA:19,2
DA:20,2
DA:21,2
DA:29,2
DA:37,2
DA:45,2
LF:13
LH:13
BRF:0
BRH:0
end_of_record
TN:
SF:src\routes\userRoutes.ts
FNF:0
FNH:0
DA:1,2
DA:2,2
DA:9,2
DA:15,2
DA:16,2
DA:18,2
DA:20,2
DA:26,2
DA:33,2
DA:41,2
DA:49,2
DA:57,2
LF:12
LH:12
BRF:0
BRH:0
end_of_record
TN:
SF:src\services\authServices.ts
FN:6,(anonymous_8)
FN:6,(anonymous_9)
FN:30,(anonymous_10)
FN:30,(anonymous_11)
FNF:4
FNH:4
FNDA:2,(anonymous_8)
FNDA:2,(anonymous_9)
FNDA:14,(anonymous_10)
FNDA:14,(anonymous_11)
DA:1,2
DA:3,2
DA:6,2
DA:7,2
DA:11,2
DA:12,1
DA:15,1
DA:16,1
DA:17,0
DA:20,1
DA:30,14
DA:31,14
DA:35,14
DA:36,1
DA:39,13
DA:40,0
DA:43,13
LF:17
LH:15
BRDA:11,0,0,1
BRDA:16,1,0,0
BRDA:35,2,0,1
BRDA:39,3,0,0
BRF:4
BRH:2
end_of_record
TN:
SF:src\services\downloadPermissionService.ts
FN:4,(anonymous_8)
FN:4,(anonymous_9)
FN:8,(anonymous_10)
FN:8,(anonymous_11)
FN:17,(anonymous_12)
FN:17,(anonymous_13)
FN:24,(anonymous_14)
FN:24,(anonymous_15)
FN:34,(anonymous_16)
FN:34,(anonymous_17)
FNF:10
FNH:0
FNDA:0,(anonymous_8)
FNDA:0,(anonymous_9)
FNDA:0,(anonymous_10)
FNDA:0,(anonymous_11)
FNDA:0,(anonymous_12)
FNDA:0,(anonymous_13)
FNDA:0,(anonymous_14)
FNDA:0,(anonymous_15)
FNDA:0,(anonymous_16)
FNDA:0,(anonymous_17)
DA:1,2
DA:4,2
DA:5,0
DA:6,0
DA:8,2
DA:9,0
DA:14,0
DA:17,2
DA:18,0
DA:22,0
DA:24,2
DA:25,0
DA:32,0
DA:34,2
DA:35,0
DA:41,0
DA:42,0
DA:48,0
LF:18
LH:6
BRDA:41,0,0,0
BRF:1
BRH:0
end_of_record
TN:
SF:src\services\genresServices.ts
FN:4,(anonymous_8)
FN:4,(anonymous_9)
FN:8,(anonymous_10)
FN:8,(anonymous_11)
FN:17,(anonymous_12)
FN:17,(anonymous_13)
FN:24,(anonymous_14)
FN:24,(anonymous_15)
FN:34,(anonymous_16)
FN:34,(anonymous_17)
FNF:10
FNH:10
FNDA:1,(anonymous_8)
FNDA:1,(anonymous_9)
FNDA:2,(anonymous_10)
FNDA:2,(anonymous_11)
FNDA:5,(anonymous_12)
FNDA:5,(anonymous_13)
FNDA:1,(anonymous_14)
FNDA:1,(anonymous_15)
FNDA:2,(anonymous_16)
FNDA:2,(anonymous_17)
DA:1,2
DA:4,2
DA:5,1
DA:6,1
DA:8,2
DA:9,2
DA:14,2
DA:17,5
DA:18,5
DA:22,5
DA:24,2
DA:25,1
DA:32,1
DA:34,2
DA:35,2
DA:41,2
DA:42,1
DA:48,1
LF:18
LH:18
BRDA:41,0,0,1
BRF:1
BRH:1
end_of_record
TN:
SF:src\services\playlistServices.ts
FN:4,(anonymous_8)
FN:4,(anonymous_9)
FN:12,(anonymous_10)
FN:12,(anonymous_11)
FN:22,(anonymous_12)
FN:22,(anonymous_13)
FN:29,(anonymous_14)
FN:29,(anonymous_15)
FN:39,(anonymous_16)
FN:39,(anonymous_17)
FN:56,(anonymous_18)
FN:56,(anonymous_19)
FN:63,(anonymous_20)
FN:66,(anonymous_21)
FN:77,(anonymous_22)
FN:80,(anonymous_23)
FNF:16
FNH:0
FNDA:0,(anonymous_8)
FNDA:0,(anonymous_9)
FNDA:0,(anonymous_10)
FNDA:0,(anonymous_11)
FNDA:0,(anonymous_12)
FNDA:0,(anonymous_13)
FNDA:0,(anonymous_14)
FNDA:0,(anonymous_15)
FNDA:0,(anonymous_16)
FNDA:0,(anonymous_17)
FNDA:0,(anonymous_18)
FNDA:0,(anonymous_19)
FNDA:0,(anonymous_20)
FNDA:0,(anonymous_21)
FNDA:0,(anonymous_22)
FNDA:0,(anonymous_23)
DA:1,2
DA:4,2
DA:5,0
DA:10,0
DA:12,2
DA:13,0
DA:19,0
DA:22,2
DA:23,0
DA:27,0
DA:29,2
DA:30,0
DA:37,0
DA:39,2
DA:40,0
DA:46,0
DA:47,0
DA:53,0
DA:56,2
DA:57,0
DA:61,0
DA:63,2
DA:66,0
DA:67,0
DA:74,0
DA:77,2
DA:80,0
DA:81,0
DA:88,0
DA:89,0
DA:96,0
LF:31
LH:9
BRDA:46,0,0,0
BRDA:88,1,0,0
BRF:2
BRH:0
end_of_record
TN:
SF:src\services\publicPlaylistService.ts
FN:3,(anonymous_8)
FN:3,(anonymous_9)
FN:26,(anonymous_10)
FN:26,(anonymous_11)
FN:49,(anonymous_12)
FN:49,(anonymous_13)
FNF:6
FNH:0
FNDA:0,(anonymous_8)
FNDA:0,(anonymous_9)
FNDA:0,(anonymous_10)
FNDA:0,(anonymous_11)
FNDA:0,(anonymous_12)
FNDA:0,(anonymous_13)
DA:1,2
DA:3,2
DA:4,0
DA:24,0
DA:26,2
DA:27,0
DA:47,0
DA:49,2
DA:50,0
DA:63,0
LF:10
LH:4
BRF:0
BRH:0
end_of_record
TN:
SF:src\services\songServices.ts
FN:4,(anonymous_8)
FN:4,(anonymous_9)
FN:8,(anonymous_10)
FN:8,(anonymous_11)
FN:17,(anonymous_12)
FN:17,(anonymous_13)
FN:24,(anonymous_14)
FN:24,(anonymous_15)
FN:34,(anonymous_16)
FN:34,(anonymous_17)
FNF:10
FNH:0
FNDA:0,(anonymous_8)
FNDA:0,(anonymous_9)
FNDA:0,(anonymous_10)
FNDA:0,(anonymous_11)
FNDA:0,(anonymous_12)
FNDA:0,(anonymous_13)
FNDA:0,(anonymous_14)
FNDA:0,(anonymous_15)
FNDA:0,(anonymous_16)
FNDA:0,(anonymous_17)
DA:1,2
DA:4,2
DA:5,0
DA:6,0
DA:8,2
DA:9,0
DA:14,0
DA:17,2
DA:18,0
DA:22,0
DA:24,2
DA:25,0
DA:32,0
DA:34,2
DA:35,0
DA:41,0
DA:42,0
DA:48,0
LF:18
LH:6
BRDA:41,0,0,0
BRF:1
BRH:0
end_of_record
TN:
SF:src\services\subGenresServices.ts
FN:4,(anonymous_8)
FN:4,(anonymous_9)
FN:16,(anonymous_10)
FN:16,(anonymous_11)
FN:27,(anonymous_12)
FN:27,(anonymous_13)
FN:34,(anonymous_14)
FN:34,(anonymous_15)
FN:44,(anonymous_16)
FN:44,(anonymous_17)
FNF:10
FNH:0
FNDA:0,(anonymous_8)
FNDA:0,(anonymous_9)
FNDA:0,(anonymous_10)
FNDA:0,(anonymous_11)
FNDA:0,(anonymous_12)
FNDA:0,(anonymous_13)
FNDA:0,(anonymous_14)
FNDA:0,(anonymous_15)
FNDA:0,(anonymous_16)
FNDA:0,(anonymous_17)
DA:1,2
DA:4,2
DA:5,0
DA:14,0
DA:16,2
DA:17,0
DA:24,0
DA:27,2
DA:28,0
DA:32,0
DA:34,2
DA:35,0
DA:42,0
DA:44,2
DA:45,0
DA:51,0
DA:53,0
DA:59,0
LF:18
LH:6
BRDA:51,0,0,0
BRF:1
BRH:0
end_of_record
TN:
SF:src\services\userServices.ts
FN:6,(anonymous_8)
FN:6,(anonymous_9)
FN:22,(anonymous_10)
FN:22,(anonymous_11)
FN:42,(anonymous_12)
FN:42,(anonymous_13)
FN:53,(anonymous_14)
FN:53,(anonymous_15)
FN:59,(anonymous_16)
FN:59,(anonymous_17)
FNF:10
FNH:0
FNDA:0,(anonymous_8)
FNDA:0,(anonymous_9)
FNDA:0,(anonymous_10)
FNDA:0,(anonymous_11)
FNDA:0,(anonymous_12)
FNDA:0,(anonymous_13)
FNDA:0,(anonymous_14)
FNDA:0,(anonymous_15)
FNDA:0,(anonymous_16)
FNDA:0,(anonymous_17)
DA:1,2
DA:3,2
DA:6,2
DA:7,0
DA:8,0
DA:9,0
DA:12,0
DA:22,2
DA:23,0
DA:24,0
DA:25,0
DA:26,0
DA:28,0
DA:31,0
DA:38,0
DA:39,0
DA:42,2
DA:43,0
DA:49,0
DA:50,0
DA:53,2
DA:54,0
DA:56,0
DA:57,0
DA:59,2
DA:60,0
DA:66,0
DA:67,0
LF:28
LH:7
BRDA:8,0,0,0
BRDA:23,1,0,0
BRDA:23,2,0,0
BRDA:23,2,1,0
BRDA:23,3,0,0
BRDA:23,3,1,0
BRDA:25,4,0,0
BRDA:38,5,0,0
BRDA:49,6,0,0
BRDA:56,7,0,0
BRDA:66,8,0,0
BRF:11
BRH:0
end_of_record
TN:
SF:src\utils\deleteFiles.ts
FN:3,deleteFile
FNF:1
FNH:0
FNDA:0,deleteFile
DA:1,2
DA:3,2
DA:4,0
DA:6,0
DA:7,0
DA:10,0
LF:6
LH:2
BRDA:6,0,0,0
BRF:1
BRH:0
end_of_record
TN:
SF:src\utils\hashPassword.ts
FN:2,(anonymous_8)
FN:4,(anonymous_9)
FN:13,(anonymous_10)
FN:16,(anonymous_11)
FNF:4
FNH:4
FNDA:15,(anonymous_8)
FNDA:15,(anonymous_9)
FNDA:13,(anonymous_10)
FNDA:13,(anonymous_11)
DA:1,2
DA:2,2
DA:4,15
DA:5,15
DA:6,15
DA:7,15
DA:9,0
DA:13,2
DA:16,13
DA:17,13
DA:18,13
DA:20,0
LF:12
LH:10
BRF:0
BRH:0
end_of_record
TN:
SF:src\utils\jwt.ts
FN:12,(anonymous_1)
FN:20,(anonymous_2)
FNF:2
FNH:2
FNDA:13,(anonymous_1)
FNDA:26,(anonymous_2)
DA:2,2
DA:12,2
DA:13,13
DA:20,2
DA:21,26
DA:24,2
LF:6
LH:6
BRF:0
BRH:0
end_of_record
TN:
SF:src\utils\limiter.ts
FNF:0
FNH:0
DA:1,2
DA:2,2
DA:11,2
LF:3
LH:3
BRF:0
BRH:0
end_of_record
TN:
SF:src\utils\logger.ts
FNF:0
FNH:0
DA:1,2
DA:2,2
LF:2
LH:2
BRF:0
BRH:0
end_of_record
TN:
SF:src\utils\uploadFile.ts
FN:7,(anonymous_8)
FN:10,(anonymous_9)
FN:13,(anonymous_10)
FN:25,(anonymous_11)
FN:38,(anonymous_12)
FN:38,(anonymous_13)
FNF:6
FNH:0
FNDA:0,(anonymous_8)
FNDA:0,(anonymous_9)
FNDA:0,(anonymous_10)
FNDA:0,(anonymous_11)
FNDA:0,(anonymous_12)
FNDA:0,(anonymous_13)
DA:3,2
DA:4,2
DA:7,2
DA:10,0
DA:13,0
DA:14,0
DA:15,0
DA:18,0
DA:19,0
DA:26,0
DA:28,0
DA:34,0
DA:38,2
DA:40,0
DA:41,0
DA:43,0
DA:91,2
LF:17
LH:5
BRDA:14,0,0,0
BRDA:26,1,0,0
BRDA:29,2,0,0
BRDA:29,2,1,0
BRDA:29,3,0,0
BRDA:29,3,1,0
BRF:6
BRH:0
end_of_record
TN:
SF:src\validators\authValidator.ts
FN:5,(anonymous_0)
FN:46,(anonymous_1)
FN:65,(anonymous_2)
FNF:3
FNH:3
FNDA:2,(anonymous_0)
FNDA:2,(anonymous_1)
FNDA:28,(anonymous_2)
DA:3,2
DA:5,2
DA:6,2
DA:46,2
DA:47,2
DA:65,2
DA:66,28
DA:67,28
DA:68,6
DA:71,22
DA:72,22
DA:75,2
LF:12
LH:12
BRDA:67,0,0,6
BRF:1
BRH:1
end_of_record
TN:
SF:src\validators\downloadPermissionvalidator.ts
FN:6,(anonymous_8)
FN:15,(anonymous_9)
FN:15,(anonymous_10)
FN:35,(anonymous_11)
FN:35,(anonymous_12)
FN:56,(anonymous_13)
FN:56,(anonymous_14)
FN:80,(anonymous_15)
FN:89,(anonymous_16)
FN:89,(anonymous_17)
FN:109,(anonymous_18)
FN:109,(anonymous_19)
FN:130,(anonymous_20)
FN:130,(anonymous_21)
FN:154,(anonymous_22)
FN:164,(anonymous_23)
FN:168,(anonymous_24)
FN:196,(anonymous_25)
FN:200,(anonymous_26)
FNF:19
FNH:2
FNDA:2,(anonymous_8)
FNDA:0,(anonymous_9)
FNDA:0,(anonymous_10)
FNDA:0,(anonymous_11)
FNDA:0,(anonymous_12)
FNDA:0,(anonymous_13)
FNDA:0,(anonymous_14)
FNDA:2,(anonymous_15)
FNDA:0,(anonymous_16)
FNDA:0,(anonymous_17)
FNDA:0,(anonymous_18)
FNDA:0,(anonymous_19)
FNDA:0,(anonymous_20)
FNDA:0,(anonymous_21)
FNDA:0,(anonymous_22)
FNDA:0,(anonymous_23)
FNDA:0,(anonymous_24)
FNDA:0,(anonymous_25)
FNDA:0,(anonymous_26)
DA:1,2
DA:4,2
DA:6,2
DA:7,2
DA:15,0
DA:16,0
DA:17,0
DA:22,0
DA:23,0
DA:25,0
DA:35,0
DA:36,0
DA:37,0
DA:42,0
DA:43,0
DA:45,0
DA:56,0
DA:57,0
DA:58,0
DA:63,0
DA:64,0
DA:66,0
DA:80,2
DA:81,2
DA:89,0
DA:90,0
DA:91,0
DA:96,0
DA:97,0
DA:99,0
DA:109,0
DA:110,0
DA:111,0
DA:116,0
DA:117,0
DA:119,0
DA:130,0
DA:131,0
DA:132,0
DA:137,0
DA:138,0
DA:140,0
DA:154,2
DA:155,0
DA:156,0
DA:157,0
DA:160,0
DA:161,0
DA:164,2
DA:168,0
DA:169,0
DA:170,0
DA:171,0
DA:173,0
DA:174,0
DA:177,0
DA:185,0
DA:186,0
DA:194,0
DA:196,2
DA:200,0
DA:201,0
DA:202,0
DA:203,0
DA:205,0
DA:206,0
DA:207,0
DA:209,0
DA:214,0
DA:215,0
DA:221,0
DA:225,2
DA:226,2
DA:227,2
DA:228,2
DA:229,2
LF:76
LH:14
BRDA:22,0,0,0
BRDA:42,1,0,0
BRDA:63,2,0,0
BRDA:96,3,0,0
BRDA:116,4,0,0
BRDA:137,5,0,0
BRDA:156,6,0,0
BRDA:170,7,0,0
BRDA:180,8,0,0
BRDA:180,8,1,0
BRDA:181,9,0,0
BRDA:181,9,1,0
BRDA:185,10,0,0
BRDA:202,11,0,0
BRDA:214,12,0,0
BRF:15
BRH:0
end_of_record
TN:
SF:src\validators\genresValidator.ts
FN:4,(anonymous_0)
FN:16,(anonymous_1)
FN:28,(anonymous_2)
FNF:3
FNH:2
FNDA:2,(anonymous_0)
FNDA:2,(anonymous_1)
FNDA:0,(anonymous_2)
DA:2,2
DA:4,2
DA:5,2
DA:16,2
DA:17,2
DA:28,2
DA:29,0
DA:30,0
DA:31,0
DA:34,0
DA:35,0
DA:38,2
LF:12
LH:7
BRDA:30,0,0,0
BRF:1
BRH:0
end_of_record
TN:
SF:src\validators\playlistValidator.ts
FN:5,(anonymous_8)
FN:23,(anonymous_9)
FN:32,(anonymous_10)
FN:32,(anonymous_11)
FN:48,(anonymous_12)
FN:67,(anonymous_13)
FNF:6
FNH:3
FNDA:2,(anonymous_8)
FNDA:2,(anonymous_9)
FNDA:0,(anonymous_10)
FNDA:0,(anonymous_11)
FNDA:2,(anonymous_12)
FNDA:0,(anonymous_13)
DA:1,2
DA:3,2
DA:5,2
DA:6,2
DA:23,2
DA:24,2
DA:32,0
DA:33,0
DA:34,0
DA:39,0
DA:40,0
DA:42,0
DA:48,2
DA:49,2
DA:67,2
DA:68,0
DA:69,0
DA:70,0
DA:73,0
DA:74,0
DA:78,2
DA:79,2
DA:80,2
DA:81,2
LF:24
LH:13
BRDA:39,0,0,0
BRDA:69,1,0,0
BRF:2
BRH:0
end_of_record
TN:
SF:src\validators\songValidator.ts
FN:5,(anonymous_8)
FN:42,(anonymous_9)
FN:42,(anonymous_10)
FN:62,(anonymous_11)
FN:62,(anonymous_12)
FN:79,(anonymous_13)
FN:116,(anonymous_14)
FN:116,(anonymous_15)
FN:136,(anonymous_16)
FN:136,(anonymous_17)
FN:153,(anonymous_18)
FNF:11
FNH:2
FNDA:2,(anonymous_8)
FNDA:0,(anonymous_9)
FNDA:0,(anonymous_10)
FNDA:0,(anonymous_11)
FNDA:0,(anonymous_12)
FNDA:2,(anonymous_13)
FNDA:0,(anonymous_14)
FNDA:0,(anonymous_15)
FNDA:0,(anonymous_16)
FNDA:0,(anonymous_17)
FNDA:0,(anonymous_18)
DA:1,2
DA:3,2
DA:5,2
DA:6,2
DA:42,0
DA:43,0
DA:44,0
DA:49,0
DA:50,0
DA:52,0
DA:62,0
DA:63,0
DA:64,0
DA:69,0
DA:70,0
DA:72,0
DA:79,2
DA:80,2
DA:116,0
DA:117,0
DA:118,0
DA:123,0
DA:124,0
DA:126,0
DA:136,0
DA:137,0
DA:138,0
DA:143,0
DA:144,0
DA:146,0
DA:153,2
DA:154,0
DA:155,0
DA:156,0
DA:159,0
DA:160,0
DA:163,2
LF:37
LH:8
BRDA:49,0,0,0
BRDA:69,1,0,0
BRDA:123,2,0,0
BRDA:143,3,0,0
BRDA:155,4,0,0
BRF:5
BRH:0
end_of_record
TN:
SF:src\validators\subGenresValidator.ts
FN:5,(anonymous_8)
FN:20,(anonymous_9)
FN:20,(anonymous_10)
FN:36,(anonymous_11)
FN:51,(anonymous_12)
FN:51,(anonymous_13)
FN:67,(anonymous_14)
FNF:7
FNH:2
FNDA:2,(anonymous_8)
FNDA:0,(anonymous_9)
FNDA:0,(anonymous_10)
FNDA:2,(anonymous_11)
FNDA:0,(anonymous_12)
FNDA:0,(anonymous_13)
FNDA:0,(anonymous_14)
DA:1,2
DA:3,2
DA:5,2
DA:6,2
DA:20,0
DA:21,0
DA:22,0
DA:27,0
DA:28,0
DA:30,0
DA:36,2
DA:37,2
DA:51,0
DA:52,0
DA:53,0
DA:58,0
DA:59,0
DA:61,0
DA:67,2
DA:68,0
DA:69,0
DA:70,0
DA:73,0
DA:74,0
DA:77,2
LF:25
LH:8
BRDA:27,0,0,0
BRDA:58,1,0,0
BRDA:69,2,0,0
BRF:3
BRH:0
end_of_record
TN:
SF:src\validators\userValidator.ts
FN:6,(anonymous_8)
FN:19,(anonymous_9)
FN:19,(anonymous_10)
FN:60,(anonymous_11)
FN:73,(anonymous_12)
FN:73,(anonymous_13)
FN:122,(anonymous_14)
FN:131,(anonymous_15)
FN:135,(anonymous_16)
FNF:9
FNH:2
FNDA:2,(anonymous_8)
FNDA:0,(anonymous_9)
FNDA:0,(anonymous_10)
FNDA:2,(anonymous_11)
FNDA:0,(anonymous_12)
FNDA:0,(anonymous_13)
FNDA:0,(anonymous_14)
FNDA:0,(anonymous_15)
FNDA:0,(anonymous_16)
DA:1,2
DA:4,2
DA:6,2
DA:7,2
DA:19,0
DA:20,0
DA:21,0
DA:27,0
DA:28,0
DA:31,0
DA:60,2
DA:61,2
DA:73,0
DA:74,0
DA:75,0
DA:82,0
DA:83,0
DA:86,0
DA:88,0
DA:122,2
DA:123,0
DA:124,0
DA:125,0
DA:128,0
DA:129,0
DA:131,2
DA:135,0
DA:136,0
DA:137,0
DA:138,0
DA:141,0
DA:142,0
DA:145,0
DA:151,0
DA:152,0
DA:158,0
DA:161,2
LF:37
LH:9
BRDA:27,0,0,0
BRDA:78,1,0,0
BRDA:78,1,1,0
BRDA:78,2,0,0
BRDA:78,2,1,0
BRDA:82,3,0,0
BRDA:124,4,0,0
BRDA:137,5,0,0
BRDA:151,6,0,0
BRF:9
BRH:0
end_of_record
