TN:
SF:dist\src\app.js
FN:2,(anonymous_0)
FNF:1
FNH:1
FNDA:7,(anonymous_0)
DA:2,1
DA:3,7
DA:5,1
DA:6,1
DA:7,1
DA:8,1
DA:9,1
DA:10,1
DA:11,1
DA:12,1
DA:13,1
DA:14,1
DA:15,1
DA:16,1
DA:17,1
DA:18,1
DA:19,1
DA:20,1
DA:21,1
LF:19
LH:19
BRDA:2,0,0,1
BRDA:2,0,1,1
BRDA:2,0,2,1
BRDA:3,1,0,2
BRDA:3,1,1,5
BRDA:3,2,0,7
BRDA:3,2,1,7
BRF:7
BRH:7
end_of_record
TN:
SF:dist\src\config\cloudinary.js
FN:2,(anonymous_0)
FNF:1
FNH:1
FNDA:1,(anonymous_0)
DA:2,1
DA:3,1
DA:5,1
DA:6,1
DA:7,1
DA:8,1
DA:9,1
DA:14,1
LF:8
LH:8
BRDA:2,0,0,1
BRDA:2,0,1,1
BRDA:2,0,2,1
BRDA:3,1,0,0
BRDA:3,1,1,1
BRDA:3,2,0,1
BRDA:3,2,1,1
BRF:7
BRH:6
end_of_record
TN:
SF:dist\src\config\prisma.js
FN:2,(anonymous_0)
FN:3,adopt
FN:3,(anonymous_2)
FN:4,(anonymous_3)
FN:5,fulfilled
FN:6,rejected
FN:7,step
FN:14,(anonymous_7)
FN:14,(anonymous_8)
FNF:9
FNH:5
FNDA:62,(anonymous_0)
FNDA:0,adopt
FNDA:0,(anonymous_2)
FNDA:62,(anonymous_3)
FNDA:0,fulfilled
FNDA:0,rejected
FNDA:62,step
FNDA:62,(anonymous_7)
FNDA:62,(anonymous_8)
DA:2,1
DA:3,0
DA:4,62
DA:5,0
DA:6,0
DA:7,62
DA:8,62
DA:11,1
DA:12,1
DA:13,1
DA:14,62
DA:15,62
DA:20,15
DA:21,15
DA:23,15
DA:25,62
DA:28,1
DA:29,1
DA:31,62
DA:33,0
DA:34,0
DA:35,0
DA:38,0
DA:41,62
DA:43,1
LF:25
LH:18
BRDA:2,0,0,1
BRDA:2,0,1,1
BRDA:2,0,2,1
BRDA:3,1,0,0
BRDA:3,1,1,0
BRDA:4,2,0,62
BRDA:4,2,1,62
BRDA:7,3,0,62
BRDA:7,3,1,0
BRDA:8,4,0,62
BRDA:8,4,1,62
BRDA:15,5,0,15
BRDA:15,5,1,47
BRDA:15,6,0,62
BRDA:15,6,1,61
BRDA:15,6,2,47
BRDA:15,6,3,47
BRDA:20,7,0,15
BRDA:20,7,1,1
BRDA:21,8,0,15
BRDA:21,8,1,1
BRDA:25,9,0,1
BRDA:25,9,1,61
BRDA:25,10,0,62
BRDA:25,10,1,1
BRDA:31,11,0,0
BRDA:31,11,1,62
BRDA:31,12,0,62
BRDA:31,12,1,0
BRDA:34,13,0,0
BRDA:34,13,1,0
BRF:31
BRH:24
end_of_record
TN:
SF:dist\src\controllers\authController.js
FN:2,(anonymous_0)
FN:3,adopt
FN:3,(anonymous_2)
FN:4,(anonymous_3)
FN:5,fulfilled
FN:6,rejected
FN:7,step
FN:11,(anonymous_7)
FN:20,(anonymous_8)
FN:20,(anonymous_9)
FN:45,(anonymous_10)
FN:45,(anonymous_11)
FN:74,(anonymous_12)
FN:74,(anonymous_13)
FNF:14
FNH:8
FNDA:10,(anonymous_0)
FNDA:10,adopt
FNDA:0,(anonymous_2)
FNDA:10,(anonymous_3)
FNDA:10,fulfilled
FNDA:0,rejected
FNDA:20,step
FNDA:1,(anonymous_7)
FNDA:0,(anonymous_8)
FNDA:0,(anonymous_9)
FNDA:10,(anonymous_10)
FNDA:10,(anonymous_11)
FNDA:0,(anonymous_12)
FNDA:0,(anonymous_13)
DA:2,1
DA:3,10
DA:4,10
DA:5,10
DA:6,0
DA:7,20
DA:8,10
DA:11,1
DA:12,1
DA:14,1
DA:15,1
DA:16,1
DA:17,1
DA:18,1
DA:19,1
DA:20,1
DA:21,0
DA:22,0
DA:23,0
DA:24,0
DA:25,0
DA:29,0
DA:30,0
DA:38,0
DA:39,0
DA:44,1
DA:45,10
DA:46,10
DA:47,10
DA:48,10
DA:49,0
DA:50,0
DA:54,10
DA:55,10
DA:59,10
DA:69,0
DA:70,0
DA:73,1
DA:74,1
DA:76,0
DA:77,0
DA:78,0
DA:82,0
DA:83,0
DA:87,1
LF:45
LH:26
BRDA:2,0,0,1
BRDA:2,0,1,1
BRDA:2,0,2,1
BRDA:3,1,0,10
BRDA:3,1,1,0
BRDA:4,2,0,10
BRDA:4,2,1,10
BRDA:7,3,0,10
BRDA:7,3,1,10
BRDA:8,4,0,10
BRDA:8,4,1,10
BRDA:11,5,0,1
BRDA:11,5,1,1
BRDA:11,5,2,1
BRDA:12,6,0,1
BRDA:12,6,1,0
BRDA:12,7,0,1
BRDA:12,7,1,1
BRDA:23,8,0,0
BRDA:23,8,1,0
BRDA:48,9,0,0
BRDA:48,9,1,10
BRDA:76,10,0,0
BRDA:76,10,1,0
BRDA:76,11,0,0
BRDA:76,11,1,0
BRDA:76,12,0,0
BRDA:76,12,1,0
BRDA:76,13,0,0
BRDA:76,13,1,0
BRDA:76,14,0,0
BRDA:76,14,1,0
BRF:32
BRH:17
end_of_record
TN:
SF:dist\src\controllers\downloadPermissionController.js
FN:2,(anonymous_0)
FN:3,adopt
FN:3,(anonymous_2)
FN:4,(anonymous_3)
FN:5,fulfilled
FN:6,rejected
FN:7,step
FN:11,(anonymous_7)
FN:19,(anonymous_8)
FN:19,(anonymous_9)
FN:26,(anonymous_10)
FN:40,(anonymous_11)
FN:40,(anonymous_12)
FN:60,(anonymous_13)
FN:60,(anonymous_14)
FN:78,(anonymous_15)
FN:78,(anonymous_16)
FN:98,(anonymous_17)
FN:98,(anonymous_18)
FNF:19
FNH:1
FNDA:0,(anonymous_0)
FNDA:0,adopt
FNDA:0,(anonymous_2)
FNDA:0,(anonymous_3)
FNDA:0,fulfilled
FNDA:0,rejected
FNDA:0,step
FNDA:1,(anonymous_7)
FNDA:0,(anonymous_8)
FNDA:0,(anonymous_9)
FNDA:0,(anonymous_10)
FNDA:0,(anonymous_11)
FNDA:0,(anonymous_12)
FNDA:0,(anonymous_13)
FNDA:0,(anonymous_14)
FNDA:0,(anonymous_15)
FNDA:0,(anonymous_16)
FNDA:0,(anonymous_17)
FNDA:0,(anonymous_18)
DA:2,1
DA:3,0
DA:4,0
DA:5,0
DA:6,0
DA:7,0
DA:8,0
DA:11,1
DA:12,1
DA:14,1
DA:15,1
DA:16,1
DA:17,1
DA:18,1
DA:19,1
DA:20,0
DA:21,0
DA:22,0
DA:23,0
DA:27,0
DA:32,0
DA:33,0
DA:39,1
DA:40,1
DA:41,0
DA:42,0
DA:43,0
DA:44,0
DA:45,0
DA:52,0
DA:53,0
DA:59,1
DA:60,1
DA:61,0
DA:62,0
DA:63,0
DA:64,0
DA:71,0
DA:72,0
DA:77,1
DA:78,1
DA:79,0
DA:80,0
DA:81,0
DA:82,0
DA:83,0
DA:90,0
DA:91,0
DA:92,0
DA:97,1
DA:98,1
DA:99,0
DA:100,0
DA:101,0
DA:102,0
DA:103,0
DA:107,0
DA:108,0
DA:114,0
DA:115,0
DA:120,1
LF:61
LH:18
BRDA:2,0,0,1
BRDA:2,0,1,1
BRDA:2,0,2,1
BRDA:3,1,0,0
BRDA:3,1,1,0
BRDA:4,2,0,0
BRDA:4,2,1,0
BRDA:7,3,0,0
BRDA:7,3,1,0
BRDA:8,4,0,0
BRDA:8,4,1,0
BRDA:11,5,0,1
BRDA:11,5,1,1
BRDA:11,5,2,1
BRDA:12,6,0,1
BRDA:12,6,1,0
BRDA:12,7,0,1
BRDA:12,7,1,1
BRDA:48,8,0,0
BRDA:48,8,1,0
BRDA:101,9,0,0
BRDA:101,9,1,0
BRF:22
BRH:9
end_of_record
TN:
SF:dist\src\controllers\genresController.js
FN:2,(anonymous_0)
FN:3,adopt
FN:3,(anonymous_2)
FN:4,(anonymous_3)
FN:5,fulfilled
FN:6,rejected
FN:7,step
FN:11,(anonymous_7)
FN:19,(anonymous_8)
FN:19,(anonymous_9)
FN:26,(anonymous_10)
FN:40,(anonymous_11)
FN:40,(anonymous_12)
FN:59,(anonymous_13)
FN:59,(anonymous_14)
FN:77,(anonymous_15)
FN:77,(anonymous_16)
FN:96,(anonymous_17)
FN:96,(anonymous_18)
FNF:19
FNH:17
FNDA:11,(anonymous_0)
FNDA:11,adopt
FNDA:0,(anonymous_2)
FNDA:11,(anonymous_3)
FNDA:11,fulfilled
FNDA:0,rejected
FNDA:22,step
FNDA:1,(anonymous_7)
FNDA:1,(anonymous_8)
FNDA:1,(anonymous_9)
FNDA:4,(anonymous_10)
FNDA:2,(anonymous_11)
FNDA:2,(anonymous_12)
FNDA:5,(anonymous_13)
FNDA:5,(anonymous_14)
FNDA:1,(anonymous_15)
FNDA:1,(anonymous_16)
FNDA:2,(anonymous_17)
FNDA:2,(anonymous_18)
DA:2,1
DA:3,11
DA:4,11
DA:5,11
DA:6,0
DA:7,22
DA:8,11
DA:11,1
DA:12,1
DA:14,1
DA:15,1
DA:16,1
DA:17,1
DA:18,1
DA:19,1
DA:20,1
DA:21,1
DA:22,1
DA:23,1
DA:27,4
DA:32,0
DA:33,0
DA:34,0
DA:39,1
DA:40,2
DA:41,2
DA:42,2
DA:43,2
DA:44,2
DA:45,2
DA:52,0
DA:53,0
DA:58,1
DA:59,5
DA:60,5
DA:61,5
DA:62,5
DA:63,5
DA:70,0
DA:71,0
DA:76,1
DA:77,1
DA:78,1
DA:79,1
DA:80,1
DA:81,1
DA:82,1
DA:89,0
DA:90,0
DA:95,1
DA:96,2
DA:97,2
DA:98,2
DA:99,2
DA:100,1
DA:101,1
DA:105,1
DA:106,1
DA:112,0
DA:113,0
DA:118,1
LF:61
LH:49
BRDA:2,0,0,1
BRDA:2,0,1,1
BRDA:2,0,2,1
BRDA:3,1,0,11
BRDA:3,1,1,0
BRDA:4,2,0,11
BRDA:4,2,1,11
BRDA:7,3,0,11
BRDA:7,3,1,11
BRDA:8,4,0,11
BRDA:8,4,1,11
BRDA:11,5,0,1
BRDA:11,5,1,1
BRDA:11,5,2,1
BRDA:12,6,0,1
BRDA:12,6,1,0
BRDA:12,7,0,1
BRDA:12,7,1,1
BRDA:48,8,0,1
BRDA:48,8,1,1
BRDA:99,9,0,1
BRDA:99,9,1,1
BRF:22
BRH:20
end_of_record
TN:
SF:dist\src\controllers\playlistController.js
FN:2,(anonymous_0)
FN:3,adopt
FN:3,(anonymous_2)
FN:4,(anonymous_3)
FN:5,fulfilled
FN:6,rejected
FN:7,step
FN:11,(anonymous_7)
FN:20,(anonymous_8)
FN:20,(anonymous_9)
FN:33,(anonymous_10)
FN:46,(anonymous_11)
FN:46,(anonymous_12)
FN:71,(anonymous_13)
FN:71,(anonymous_14)
FN:97,(anonymous_15)
FN:97,(anonymous_16)
FN:137,(anonymous_17)
FN:137,(anonymous_18)
FN:181,(anonymous_19)
FN:181,(anonymous_20)
FN:215,(anonymous_21)
FN:215,(anonymous_22)
FNF:23
FNH:1
FNDA:0,(anonymous_0)
FNDA:0,adopt
FNDA:0,(anonymous_2)
FNDA:0,(anonymous_3)
FNDA:0,fulfilled
FNDA:0,rejected
FNDA:0,step
FNDA:2,(anonymous_7)
FNDA:0,(anonymous_8)
FNDA:0,(anonymous_9)
FNDA:0,(anonymous_10)
FNDA:0,(anonymous_11)
FNDA:0,(anonymous_12)
FNDA:0,(anonymous_13)
FNDA:0,(anonymous_14)
FNDA:0,(anonymous_15)
FNDA:0,(anonymous_16)
FNDA:0,(anonymous_17)
FNDA:0,(anonymous_18)
FNDA:0,(anonymous_19)
FNDA:0,(anonymous_20)
FNDA:0,(anonymous_21)
FNDA:0,(anonymous_22)
DA:2,1
DA:3,0
DA:4,0
DA:5,0
DA:6,0
DA:7,0
DA:8,0
DA:11,1
DA:12,2
DA:14,1
DA:15,1
DA:16,1
DA:17,1
DA:18,1
DA:19,1
DA:20,1
DA:21,0
DA:22,0
DA:23,0
DA:24,0
DA:28,0
DA:29,0
DA:30,0
DA:34,0
DA:39,0
DA:40,0
DA:45,1
DA:46,1
DA:47,0
DA:48,0
DA:49,0
DA:50,0
DA:51,0
DA:55,0
DA:56,0
DA:57,0
DA:64,0
DA:65,0
DA:70,1
DA:71,1
DA:72,0
DA:73,0
DA:74,0
DA:75,0
DA:79,0
DA:80,0
DA:81,0
DA:82,0
DA:89,0
DA:90,0
DA:91,0
DA:96,1
DA:97,1
DA:98,0
DA:99,0
DA:100,0
DA:101,0
DA:102,0
DA:106,0
DA:107,0
DA:108,0
DA:109,0
DA:114,0
DA:115,0
DA:116,0
DA:120,0
DA:121,0
DA:122,0
DA:129,0
DA:130,0
DA:131,0
DA:136,1
DA:137,1
DA:138,0
DA:139,0
DA:140,0
DA:141,0
DA:142,0
DA:146,0
DA:147,0
DA:148,0
DA:149,0
DA:154,0
DA:155,0
DA:156,0
DA:160,0
DA:161,0
DA:162,0
DA:166,0
DA:167,0
DA:173,0
DA:174,0
DA:179,1
DA:181,1
DA:182,0
DA:183,0
DA:184,0
DA:185,0
DA:186,0
DA:190,0
DA:191,0
DA:192,0
DA:193,0
DA:197,0
DA:198,0
DA:199,0
DA:200,0
DA:207,0
DA:208,0
DA:209,0
DA:214,1
DA:215,1
DA:216,0
DA:217,0
DA:218,0
DA:219,0
DA:220,0
DA:224,0
DA:225,0
DA:226,0
DA:227,0
DA:231,0
DA:232,0
DA:233,0
DA:234,0
DA:239,0
DA:240,0
DA:241,0
DA:245,0
DA:246,0
DA:247,0
DA:251,0
DA:252,0
DA:258,0
DA:259,0
DA:264,1
LF:136
LH:23
BRDA:2,0,0,1
BRDA:2,0,1,1
BRDA:2,0,2,1
BRDA:3,1,0,0
BRDA:3,1,1,0
BRDA:4,2,0,0
BRDA:4,2,1,0
BRDA:7,3,0,0
BRDA:7,3,1,0
BRDA:8,4,0,0
BRDA:8,4,1,0
BRDA:11,5,0,1
BRDA:11,5,1,1
BRDA:11,5,2,1
BRDA:12,6,0,2
BRDA:12,6,1,0
BRDA:12,7,0,2
BRDA:12,7,1,2
BRDA:22,8,0,0
BRDA:22,8,1,0
BRDA:22,9,0,0
BRDA:22,9,1,0
BRDA:22,10,0,0
BRDA:22,10,1,0
BRDA:49,11,0,0
BRDA:49,11,1,0
BRDA:49,12,0,0
BRDA:49,12,1,0
BRDA:49,13,0,0
BRDA:49,13,1,0
BRDA:60,14,0,0
BRDA:60,14,1,0
BRDA:73,15,0,0
BRDA:73,15,1,0
BRDA:73,16,0,0
BRDA:73,16,1,0
BRDA:73,17,0,0
BRDA:73,17,1,0
BRDA:100,18,0,0
BRDA:100,18,1,0
BRDA:100,19,0,0
BRDA:100,19,1,0
BRDA:100,20,0,0
BRDA:100,20,1,0
BRDA:107,21,0,0
BRDA:107,21,1,0
BRDA:114,22,0,0
BRDA:114,22,1,0
BRDA:140,23,0,0
BRDA:140,23,1,0
BRDA:140,24,0,0
BRDA:140,24,1,0
BRDA:140,25,0,0
BRDA:140,25,1,0
BRDA:147,26,0,0
BRDA:147,26,1,0
BRDA:154,27,0,0
BRDA:154,27,1,0
BRDA:160,28,0,0
BRDA:160,28,1,0
BRDA:184,29,0,0
BRDA:184,29,1,0
BRDA:184,30,0,0
BRDA:184,30,1,0
BRDA:184,31,0,0
BRDA:184,31,1,0
BRDA:191,32,0,0
BRDA:191,32,1,0
BRDA:218,33,0,0
BRDA:218,33,1,0
BRDA:218,34,0,0
BRDA:218,34,1,0
BRDA:218,35,0,0
BRDA:218,35,1,0
BRDA:225,36,0,0
BRDA:225,36,1,0
BRDA:232,37,0,0
BRDA:232,37,1,0
BRDA:239,38,0,0
BRDA:239,38,1,0
BRDA:245,39,0,0
BRDA:245,39,1,0
BRF:82
BRH:9
end_of_record
TN:
SF:dist\src\controllers\publicPlaylistController.js
FN:2,(anonymous_0)
FN:3,adopt
FN:3,(anonymous_2)
FN:4,(anonymous_3)
FN:5,fulfilled
FN:6,rejected
FN:7,step
FN:11,(anonymous_7)
FN:19,(anonymous_8)
FN:19,(anonymous_9)
FN:26,(anonymous_10)
FN:39,(anonymous_11)
FN:39,(anonymous_12)
FN:58,(anonymous_13)
FN:58,(anonymous_14)
FNF:15
FNH:1
FNDA:0,(anonymous_0)
FNDA:0,adopt
FNDA:0,(anonymous_2)
FNDA:0,(anonymous_3)
FNDA:0,fulfilled
FNDA:0,rejected
FNDA:0,step
FNDA:1,(anonymous_7)
FNDA:0,(anonymous_8)
FNDA:0,(anonymous_9)
FNDA:0,(anonymous_10)
FNDA:0,(anonymous_11)
FNDA:0,(anonymous_12)
FNDA:0,(anonymous_13)
FNDA:0,(anonymous_14)
DA:2,1
DA:3,0
DA:4,0
DA:5,0
DA:6,0
DA:7,0
DA:8,0
DA:11,1
DA:12,1
DA:14,1
DA:15,1
DA:16,1
DA:17,1
DA:18,1
DA:19,1
DA:20,0
DA:21,0
DA:22,0
DA:23,0
DA:27,0
DA:32,0
DA:33,0
DA:38,1
DA:39,1
DA:40,0
DA:41,0
DA:42,0
DA:43,0
DA:44,0
DA:51,0
DA:52,0
DA:57,1
DA:58,1
DA:59,0
DA:60,0
DA:61,0
DA:62,0
DA:63,0
DA:70,0
DA:71,0
DA:77,1
LF:41
LH:14
BRDA:2,0,0,1
BRDA:2,0,1,1
BRDA:2,0,2,1
BRDA:3,1,0,0
BRDA:3,1,1,0
BRDA:4,2,0,0
BRDA:4,2,1,0
BRDA:7,3,0,0
BRDA:7,3,1,0
BRDA:8,4,0,0
BRDA:8,4,1,0
BRDA:11,5,0,1
BRDA:11,5,1,1
BRDA:11,5,2,1
BRDA:12,6,0,1
BRDA:12,6,1,0
BRDA:12,7,0,1
BRDA:12,7,1,1
BRDA:47,8,0,0
BRDA:47,8,1,0
BRDA:66,9,0,0
BRDA:66,9,1,0
BRF:22
BRH:9
end_of_record
TN:
SF:dist\src\controllers\songController.js
FN:2,(anonymous_0)
FN:3,adopt
FN:3,(anonymous_2)
FN:4,(anonymous_3)
FN:5,fulfilled
FN:6,rejected
FN:7,step
FN:11,(anonymous_7)
FN:21,(anonymous_8)
FN:21,(anonymous_9)
FN:28,(anonymous_10)
FN:41,(anonymous_11)
FN:41,(anonymous_12)
FN:60,(anonymous_13)
FN:60,(anonymous_14)
FN:111,(anonymous_15)
FN:111,(anonymous_16)
FN:171,(anonymous_17)
FN:171,(anonymous_18)
FNF:19
FNH:1
FNDA:0,(anonymous_0)
FNDA:0,adopt
FNDA:0,(anonymous_2)
FNDA:0,(anonymous_3)
FNDA:0,fulfilled
FNDA:0,rejected
FNDA:0,step
FNDA:2,(anonymous_7)
FNDA:0,(anonymous_8)
FNDA:0,(anonymous_9)
FNDA:0,(anonymous_10)
FNDA:0,(anonymous_11)
FNDA:0,(anonymous_12)
FNDA:0,(anonymous_13)
FNDA:0,(anonymous_14)
FNDA:0,(anonymous_15)
FNDA:0,(anonymous_16)
FNDA:0,(anonymous_17)
FNDA:0,(anonymous_18)
DA:2,1
DA:3,0
DA:4,0
DA:5,0
DA:6,0
DA:7,0
DA:8,0
DA:11,1
DA:12,2
DA:14,1
DA:15,1
DA:16,1
DA:17,1
DA:18,1
DA:19,1
DA:20,1
DA:21,1
DA:22,0
DA:23,0
DA:24,0
DA:25,0
DA:29,0
DA:34,0
DA:35,0
DA:40,1
DA:41,1
DA:42,0
DA:43,0
DA:44,0
DA:45,0
DA:46,0
DA:53,0
DA:54,0
DA:59,1
DA:60,1
DA:62,0
DA:64,0
DA:66,0
DA:67,0
DA:72,0
DA:73,0
DA:74,0
DA:75,0
DA:80,0
DA:81,0
DA:82,0
DA:83,0
DA:84,0
DA:89,0
DA:92,0
DA:93,0
DA:94,0
DA:95,0
DA:96,0
DA:103,0
DA:104,0
DA:105,0
DA:110,1
DA:111,1
DA:113,0
DA:114,0
DA:115,0
DA:117,0
DA:119,0
DA:120,0
DA:124,0
DA:125,0
DA:126,0
DA:129,0
DA:130,0
DA:131,0
DA:132,0
DA:133,0
DA:137,0
DA:138,0
DA:139,0
DA:142,0
DA:143,0
DA:144,0
DA:145,0
DA:146,0
DA:150,0
DA:151,0
DA:153,0
DA:155,0
DA:156,0
DA:157,0
DA:164,0
DA:165,0
DA:170,1
DA:171,1
DA:172,0
DA:173,0
DA:174,0
DA:175,0
DA:176,0
DA:177,0
DA:179,0
DA:180,0
DA:181,0
DA:185,0
DA:186,0
DA:187,0
DA:188,0
DA:189,0
DA:190,0
DA:196,0
DA:197,0
DA:202,1
LF:109
LH:20
BRDA:2,0,0,1
BRDA:2,0,1,1
BRDA:2,0,2,1
BRDA:3,1,0,0
BRDA:3,1,1,0
BRDA:4,2,0,0
BRDA:4,2,1,0
BRDA:7,3,0,0
BRDA:7,3,1,0
BRDA:8,4,0,0
BRDA:8,4,1,0
BRDA:11,5,0,1
BRDA:11,5,1,1
BRDA:11,5,2,1
BRDA:12,6,0,2
BRDA:12,6,1,0
BRDA:12,7,0,2
BRDA:12,7,1,2
BRDA:49,8,0,0
BRDA:49,8,1,0
BRDA:64,9,0,0
BRDA:64,9,1,0
BRDA:64,10,0,0
BRDA:64,10,1,0
BRDA:64,11,0,0
BRDA:64,11,1,0
BRDA:64,12,0,0
BRDA:64,12,1,0
BRDA:65,13,0,0
BRDA:65,13,1,0
BRDA:65,14,0,0
BRDA:65,14,1,0
BRDA:72,15,0,0
BRDA:72,15,1,0
BRDA:72,16,0,0
BRDA:72,16,1,0
BRDA:73,17,0,0
BRDA:73,17,1,0
BRDA:80,18,0,0
BRDA:80,18,1,0
BRDA:80,19,0,0
BRDA:80,19,1,0
BRDA:80,20,0,0
BRDA:80,20,1,0
BRDA:82,21,0,0
BRDA:82,21,1,0
BRDA:93,22,0,0
BRDA:93,22,1,0
BRDA:93,23,0,0
BRDA:93,23,1,0
BRDA:117,24,0,0
BRDA:117,24,1,0
BRDA:117,25,0,0
BRDA:117,25,1,0
BRDA:117,26,0,0
BRDA:117,26,1,0
BRDA:117,27,0,0
BRDA:117,27,1,0
BRDA:118,28,0,0
BRDA:118,28,1,0
BRDA:118,29,0,0
BRDA:118,29,1,0
BRDA:124,30,0,0
BRDA:124,30,1,0
BRDA:129,31,0,0
BRDA:129,31,1,0
BRDA:129,32,0,0
BRDA:129,32,1,0
BRDA:129,33,0,0
BRDA:129,33,1,0
BRDA:131,34,0,0
BRDA:131,34,1,0
BRDA:137,35,0,0
BRDA:137,35,1,0
BRDA:142,36,0,0
BRDA:142,36,1,0
BRDA:142,37,0,0
BRDA:142,37,1,0
BRDA:142,38,0,0
BRDA:142,38,1,0
BRDA:144,39,0,0
BRDA:144,39,1,0
BRDA:150,40,0,0
BRDA:150,40,1,0
BRDA:175,41,0,0
BRDA:175,41,1,0
BRDA:179,42,0,0
BRDA:179,42,1,0
BRDA:185,43,0,0
BRDA:185,43,1,0
BRDA:187,44,0,0
BRDA:187,44,1,0
BRF:92
BRH:9
end_of_record
TN:
SF:dist\src\controllers\subGenresController.js
FN:2,(anonymous_0)
FN:3,adopt
FN:3,(anonymous_2)
FN:4,(anonymous_3)
FN:5,fulfilled
FN:6,rejected
FN:7,step
FN:11,(anonymous_7)
FN:19,(anonymous_8)
FN:19,(anonymous_9)
FN:26,(anonymous_10)
FN:40,(anonymous_11)
FN:40,(anonymous_12)
FN:59,(anonymous_13)
FN:59,(anonymous_14)
FN:77,(anonymous_15)
FN:77,(anonymous_16)
FN:96,(anonymous_17)
FN:96,(anonymous_18)
FNF:19
FNH:1
FNDA:0,(anonymous_0)
FNDA:0,adopt
FNDA:0,(anonymous_2)
FNDA:0,(anonymous_3)
FNDA:0,fulfilled
FNDA:0,rejected
FNDA:0,step
FNDA:1,(anonymous_7)
FNDA:0,(anonymous_8)
FNDA:0,(anonymous_9)
FNDA:0,(anonymous_10)
FNDA:0,(anonymous_11)
FNDA:0,(anonymous_12)
FNDA:0,(anonymous_13)
FNDA:0,(anonymous_14)
FNDA:0,(anonymous_15)
FNDA:0,(anonymous_16)
FNDA:0,(anonymous_17)
FNDA:0,(anonymous_18)
DA:2,1
DA:3,0
DA:4,0
DA:5,0
DA:6,0
DA:7,0
DA:8,0
DA:11,1
DA:12,1
DA:14,1
DA:15,1
DA:16,1
DA:17,1
DA:18,1
DA:19,1
DA:20,0
DA:21,0
DA:22,0
DA:23,0
DA:27,0
DA:28,0
DA:33,0
DA:34,0
DA:39,1
DA:40,1
DA:41,0
DA:42,0
DA:43,0
DA:44,0
DA:45,0
DA:52,0
DA:53,0
DA:58,1
DA:59,1
DA:60,0
DA:61,0
DA:62,0
DA:63,0
DA:70,0
DA:71,0
DA:76,1
DA:77,1
DA:78,0
DA:79,0
DA:80,0
DA:81,0
DA:82,0
DA:89,0
DA:90,0
DA:95,1
DA:96,1
DA:97,0
DA:98,0
DA:99,0
DA:100,0
DA:101,0
DA:105,0
DA:106,0
DA:112,0
DA:113,0
DA:118,1
LF:61
LH:18
BRDA:2,0,0,1
BRDA:2,0,1,1
BRDA:2,0,2,1
BRDA:3,1,0,0
BRDA:3,1,1,0
BRDA:4,2,0,0
BRDA:4,2,1,0
BRDA:7,3,0,0
BRDA:7,3,1,0
BRDA:8,4,0,0
BRDA:8,4,1,0
BRDA:11,5,0,1
BRDA:11,5,1,1
BRDA:11,5,2,1
BRDA:12,6,0,1
BRDA:12,6,1,0
BRDA:12,7,0,1
BRDA:12,7,1,1
BRDA:48,8,0,0
BRDA:48,8,1,0
BRDA:99,9,0,0
BRDA:99,9,1,0
BRF:22
BRH:9
end_of_record
TN:
SF:dist\src\controllers\userController.js
FN:2,(anonymous_0)
FN:3,adopt
FN:3,(anonymous_2)
FN:4,(anonymous_3)
FN:5,fulfilled
FN:6,rejected
FN:7,step
FN:11,(anonymous_7)
FN:19,(anonymous_8)
FN:19,(anonymous_9)
FN:37,(anonymous_10)
FN:37,(anonymous_11)
FN:56,(anonymous_12)
FN:56,(anonymous_13)
FN:74,(anonymous_14)
FN:74,(anonymous_15)
FN:81,(anonymous_16)
FN:94,(anonymous_17)
FN:94,(anonymous_18)
FNF:19
FNH:1
FNDA:0,(anonymous_0)
FNDA:0,adopt
FNDA:0,(anonymous_2)
FNDA:0,(anonymous_3)
FNDA:0,fulfilled
FNDA:0,rejected
FNDA:0,step
FNDA:1,(anonymous_7)
FNDA:0,(anonymous_8)
FNDA:0,(anonymous_9)
FNDA:0,(anonymous_10)
FNDA:0,(anonymous_11)
FNDA:0,(anonymous_12)
FNDA:0,(anonymous_13)
FNDA:0,(anonymous_14)
FNDA:0,(anonymous_15)
FNDA:0,(anonymous_16)
FNDA:0,(anonymous_17)
FNDA:0,(anonymous_18)
DA:2,1
DA:3,0
DA:4,0
DA:5,0
DA:6,0
DA:7,0
DA:8,0
DA:11,1
DA:12,1
DA:14,1
DA:15,1
DA:16,1
DA:17,1
DA:18,1
DA:19,1
DA:20,0
DA:21,0
DA:22,0
DA:23,0
DA:30,0
DA:31,0
DA:36,1
DA:37,1
DA:39,0
DA:40,0
DA:41,0
DA:42,0
DA:49,0
DA:50,0
DA:55,1
DA:56,1
DA:58,0
DA:59,0
DA:60,0
DA:61,0
DA:67,0
DA:68,0
DA:73,1
DA:74,1
DA:75,0
DA:76,0
DA:77,0
DA:78,0
DA:82,0
DA:87,0
DA:88,0
DA:93,1
DA:94,1
DA:96,0
DA:97,0
DA:98,0
DA:99,0
DA:106,0
DA:107,0
DA:112,1
LF:55
LH:18
BRDA:2,0,0,1
BRDA:2,0,1,1
BRDA:2,0,2,1
BRDA:3,1,0,0
BRDA:3,1,1,0
BRDA:4,2,0,0
BRDA:4,2,1,0
BRDA:7,3,0,0
BRDA:7,3,1,0
BRDA:8,4,0,0
BRDA:8,4,1,0
BRDA:11,5,0,1
BRDA:11,5,1,1
BRDA:11,5,2,1
BRDA:12,6,0,1
BRDA:12,6,1,0
BRDA:12,7,0,1
BRDA:12,7,1,1
BRDA:40,8,0,0
BRDA:40,8,1,0
BRDA:40,9,0,0
BRDA:40,9,1,0
BRDA:59,10,0,0
BRDA:59,10,1,0
BRDA:59,11,0,0
BRDA:59,11,1,0
BRDA:97,12,0,0
BRDA:97,12,1,0
BRDA:97,13,0,0
BRDA:97,13,1,0
BRF:30
BRH:9
end_of_record
TN:
SF:dist\src\dto\downloadPermission.dto.js
FN:4,(anonymous_0)
FNF:1
FNH:0
FNDA:0,(anonymous_0)
DA:2,1
DA:3,1
DA:4,1
DA:5,0
DA:16,1
LF:5
LH:4
BRF:0
BRH:0
end_of_record
TN:
SF:dist\src\dto\genres.dto.js
FN:4,(anonymous_0)
FNF:1
FNH:1
FNDA:11,(anonymous_0)
DA:2,1
DA:3,1
DA:4,1
DA:5,11
DA:13,1
LF:5
LH:5
BRF:0
BRH:0
end_of_record
TN:
SF:dist\src\dto\playlist.dto.js
FN:4,(anonymous_0)
FN:16,(anonymous_1)
FNF:2
FNH:0
FNDA:0,(anonymous_0)
FNDA:0,(anonymous_1)
DA:2,1
DA:3,1
DA:4,1
DA:5,0
DA:15,1
DA:16,1
DA:17,0
DA:26,1
LF:8
LH:6
BRF:0
BRH:0
end_of_record
TN:
SF:dist\src\dto\publicPlaylist.dto.js
FN:4,(anonymous_0)
FN:21,(anonymous_1)
FN:30,(anonymous_2)
FNF:3
FNH:0
FNDA:0,(anonymous_0)
FNDA:0,(anonymous_1)
FNDA:0,(anonymous_2)
DA:2,1
DA:3,1
DA:4,1
DA:5,0
DA:20,1
DA:21,1
DA:22,0
DA:31,0
DA:48,1
LF:9
LH:6
BRF:0
BRH:0
end_of_record
TN:
SF:dist\src\dto\song.dto.js
FN:4,(anonymous_0)
FNF:1
FNH:0
FNDA:0,(anonymous_0)
DA:2,1
DA:3,1
DA:4,1
DA:5,0
DA:23,1
LF:5
LH:4
BRF:0
BRH:0
end_of_record
TN:
SF:dist\src\dto\subGenres.dto.js
FN:4,(anonymous_0)
FNF:1
FNH:0
FNDA:0,(anonymous_0)
DA:2,1
DA:3,1
DA:4,1
DA:6,0
DA:15,1
LF:5
LH:4
BRDA:9,0,0,0
BRDA:9,0,1,0
BRDA:9,1,0,0
BRDA:9,1,1,0
BRF:4
BRH:0
end_of_record
TN:
SF:dist\src\dto\user.dto.js
FN:4,(anonymous_0)
FNF:1
FNH:1
FNDA:10,(anonymous_0)
DA:2,1
DA:3,1
DA:4,1
DA:5,10
DA:15,1
LF:5
LH:5
BRF:0
BRH:0
end_of_record
TN:
SF:dist\src\middlewares\authMiddleware.js
FN:5,(anonymous_0)
FN:6,(anonymous_1)
FNF:2
FNH:2
FNDA:26,(anonymous_0)
FNDA:16,(anonymous_1)
DA:2,1
DA:3,1
DA:4,1
DA:5,1
DA:6,26
DA:8,16
DA:9,16
DA:10,16
DA:11,16
DA:12,3
DA:14,13
DA:15,13
DA:16,13
DA:19,0
DA:21,13
DA:24,1
LF:16
LH:15
BRDA:9,0,0,3
BRDA:9,0,1,13
BRDA:9,1,0,16
BRDA:9,1,1,16
BRDA:10,2,0,0
BRDA:10,2,1,16
BRDA:10,3,0,16
BRDA:10,3,1,16
BRDA:10,4,0,0
BRDA:10,4,1,16
BRDA:10,5,0,16
BRDA:10,5,1,16
BRDA:11,6,0,3
BRDA:11,6,1,13
BRDA:11,7,0,16
BRDA:11,7,1,13
BRF:16
BRH:14
end_of_record
TN:
SF:dist\src\middlewares\rbacMiddleware.js
FN:8,rbacMiddleware
FN:9,(anonymous_1)
FNF:2
FNH:2
FNDA:19,rbacMiddleware
FNDA:13,(anonymous_1)
DA:2,1
DA:3,1
DA:4,1
DA:9,19
DA:10,13
DA:11,0
DA:13,13
DA:14,13
DA:17,10
DA:20,3
DA:26,1
LF:11
LH:10
BRDA:10,0,0,0
BRDA:10,0,1,13
BRDA:14,1,0,10
BRDA:14,1,1,3
BRDA:14,2,0,13
BRDA:14,2,1,13
BRDA:14,2,2,10
BRF:7
BRH:6
end_of_record
TN:
SF:dist\src\middlewares\songMiddleware.js
FN:2,(anonymous_0)
FN:6,(anonymous_1)
FN:9,(anonymous_2)
FN:13,(anonymous_3)
FN:15,(anonymous_4)
FN:18,(anonymous_5)
FN:25,(anonymous_6)
FN:26,adopt
FN:26,(anonymous_8)
FN:27,(anonymous_9)
FN:28,fulfilled
FN:29,rejected
FN:30,step
FN:34,(anonymous_13)
FN:41,(anonymous_14)
FN:42,(anonymous_15)
FN:42,(anonymous_16)
FN:72,(anonymous_17)
FN:73,(anonymous_18)
FN:73,(anonymous_19)
FNF:20
FNH:4
FNDA:0,(anonymous_0)
FNDA:0,(anonymous_1)
FNDA:0,(anonymous_2)
FNDA:0,(anonymous_3)
FNDA:0,(anonymous_4)
FNDA:1,(anonymous_5)
FNDA:0,(anonymous_6)
FNDA:0,adopt
FNDA:0,(anonymous_8)
FNDA:0,(anonymous_9)
FNDA:0,fulfilled
FNDA:0,rejected
FNDA:0,step
FNDA:1,(anonymous_13)
FNDA:2,(anonymous_14)
FNDA:0,(anonymous_15)
FNDA:0,(anonymous_16)
FNDA:2,(anonymous_17)
FNDA:0,(anonymous_18)
FNDA:0,(anonymous_19)
DA:2,1
DA:3,0
DA:4,0
DA:5,0
DA:6,0
DA:8,0
DA:10,0
DA:11,0
DA:13,1
DA:14,0
DA:16,0
DA:18,1
DA:19,1
DA:20,0
DA:21,0
DA:22,0
DA:23,0
DA:25,1
DA:26,0
DA:27,0
DA:28,0
DA:29,0
DA:30,0
DA:31,0
DA:34,1
DA:35,1
DA:37,1
DA:38,1
DA:39,1
DA:40,1
DA:41,1
DA:42,2
DA:44,0
DA:45,0
DA:46,0
DA:47,0
DA:53,0
DA:54,0
DA:56,0
DA:57,0
DA:58,0
DA:60,0
DA:64,0
DA:65,0
DA:68,0
DA:71,1
DA:72,1
DA:73,2
DA:74,0
DA:75,0
DA:76,0
DA:77,0
DA:78,0
DA:79,0
DA:84,0
DA:87,1
LF:56
LH:17
BRDA:2,0,0,1
BRDA:2,0,1,1
BRDA:2,0,2,1
BRDA:2,1,0,1
BRDA:2,1,1,0
BRDA:3,2,0,0
BRDA:3,2,1,0
BRDA:5,3,0,0
BRDA:5,3,1,0
BRDA:5,4,0,0
BRDA:5,4,1,0
BRDA:5,5,0,0
BRDA:5,5,1,0
BRDA:5,6,0,0
BRDA:5,6,1,0
BRDA:10,7,0,0
BRDA:10,7,1,0
BRDA:13,8,0,1
BRDA:13,8,1,1
BRDA:13,8,2,1
BRDA:13,9,0,1
BRDA:13,9,1,0
BRDA:18,10,0,1
BRDA:18,10,1,1
BRDA:18,10,2,1
BRDA:19,11,0,1
BRDA:19,11,1,0
BRDA:19,12,0,1
BRDA:19,12,1,1
BRDA:21,13,0,0
BRDA:21,13,1,0
BRDA:21,14,0,0
BRDA:21,14,1,0
BRDA:21,15,0,0
BRDA:21,15,1,0
BRDA:25,16,0,1
BRDA:25,16,1,1
BRDA:25,16,2,1
BRDA:26,17,0,0
BRDA:26,17,1,0
BRDA:27,18,0,0
BRDA:27,18,1,0
BRDA:30,19,0,0
BRDA:30,19,1,0
BRDA:31,20,0,0
BRDA:31,20,1,0
BRDA:34,21,0,1
BRDA:34,21,1,1
BRDA:34,21,2,1
BRDA:35,22,0,0
BRDA:35,22,1,1
BRDA:35,23,0,1
BRDA:35,23,1,1
BRDA:44,24,0,0
BRDA:44,24,1,0
BRDA:45,25,0,0
BRDA:45,25,1,0
BRDA:46,26,0,0
BRDA:46,26,1,0
BRDA:58,27,0,0
BRDA:58,27,1,0
BRDA:58,28,0,0
BRDA:58,28,1,0
BRDA:65,29,0,0
BRDA:65,29,1,0
BRDA:65,30,0,0
BRDA:65,30,1,0
BRDA:65,31,0,0
BRDA:65,31,1,0
BRDA:74,32,0,0
BRDA:74,32,1,0
BRDA:75,33,0,0
BRDA:75,33,1,0
BRDA:78,34,0,0
BRDA:78,34,1,0
BRDA:78,35,0,0
BRDA:78,35,1,0
BRF:77
BRH:23
end_of_record
TN:
SF:dist\src\policy\playlistPolicy.js
FN:3,(anonymous_0)
FNF:1
FNH:0
FNDA:0,(anonymous_0)
DA:2,1
DA:3,1
DA:4,0
DA:5,0
DA:7,0
DA:8,0
DA:10,0
LF:7
LH:2
BRDA:4,0,0,0
BRDA:4,0,1,0
BRDA:7,1,0,0
BRDA:7,1,1,0
BRF:4
BRH:0
end_of_record
TN:
SF:dist\src\routes\authRoutes.js
FN:2,(anonymous_0)
FNF:1
FNH:1
FNDA:1,(anonymous_0)
DA:2,1
DA:3,1
DA:5,1
DA:6,1
DA:7,1
DA:8,1
DA:9,1
DA:10,1
DA:11,1
DA:12,1
DA:13,1
LF:11
LH:11
BRDA:2,0,0,1
BRDA:2,0,1,1
BRDA:2,0,2,1
BRDA:3,1,0,0
BRDA:3,1,1,1
BRDA:3,2,0,1
BRDA:3,2,1,1
BRF:7
BRH:6
end_of_record
TN:
SF:dist\src\routes\downloadPermissionRoutes.js
FN:2,(anonymous_0)
FNF:1
FNH:1
FNDA:2,(anonymous_0)
DA:2,1
DA:3,2
DA:5,1
DA:6,1
DA:7,1
DA:8,1
DA:9,1
DA:10,1
DA:11,1
DA:12,1
DA:13,1
DA:14,1
DA:15,1
DA:16,1
DA:17,1
LF:15
LH:15
BRDA:2,0,0,1
BRDA:2,0,1,1
BRDA:2,0,2,1
BRDA:3,1,0,0
BRDA:3,1,1,2
BRDA:3,2,0,2
BRDA:3,2,1,2
BRF:7
BRH:6
end_of_record
TN:
SF:dist\src\routes\genresRoutes.js
FN:2,(anonymous_0)
FNF:1
FNH:1
FNDA:2,(anonymous_0)
DA:2,1
DA:3,2
DA:5,1
DA:6,1
DA:7,1
DA:8,1
DA:9,1
DA:10,1
DA:11,1
DA:12,1
DA:13,1
DA:14,1
DA:15,1
DA:16,1
DA:17,1
DA:18,1
LF:16
LH:16
BRDA:2,0,0,1
BRDA:2,0,1,1
BRDA:2,0,2,1
BRDA:3,1,0,0
BRDA:3,1,1,2
BRDA:3,2,0,2
BRDA:3,2,1,2
BRF:7
BRH:6
end_of_record
TN:
SF:dist\src\routes\index.js
FN:2,(anonymous_0)
FNF:1
FNH:1
FNDA:9,(anonymous_0)
DA:2,1
DA:3,9
DA:5,1
DA:6,1
DA:7,1
DA:8,1
DA:9,1
DA:10,1
DA:11,1
DA:12,1
DA:13,1
DA:14,1
DA:15,1
DA:16,1
DA:17,1
DA:18,1
DA:19,1
DA:20,1
DA:21,1
DA:22,1
DA:23,1
DA:24,1
LF:22
LH:22
BRDA:2,0,0,1
BRDA:2,0,1,1
BRDA:2,0,2,1
BRDA:3,1,0,8
BRDA:3,1,1,1
BRDA:3,2,0,9
BRDA:3,2,1,9
BRF:7
BRH:7
end_of_record
TN:
SF:dist\src\routes\playlistRoutes.js
FN:2,(anonymous_0)
FNF:1
FNH:1
FNDA:1,(anonymous_0)
DA:2,1
DA:3,1
DA:5,1
DA:6,1
DA:7,1
DA:8,1
DA:9,1
DA:10,1
DA:11,1
DA:12,1
DA:13,1
DA:14,1
DA:15,1
DA:16,1
DA:18,1
DA:19,1
DA:20,1
LF:17
LH:17
BRDA:2,0,0,1
BRDA:2,0,1,1
BRDA:2,0,2,1
BRDA:3,1,0,0
BRDA:3,1,1,1
BRDA:3,2,0,1
BRDA:3,2,1,1
BRF:7
BRH:6
end_of_record
TN:
SF:dist\src\routes\publicPlaylistRoutes.js
FN:2,(anonymous_0)
FNF:1
FNH:1
FNDA:1,(anonymous_0)
DA:2,1
DA:3,1
DA:5,1
DA:6,1
DA:7,1
DA:8,1
DA:9,1
DA:10,1
DA:11,1
DA:12,1
LF:10
LH:10
BRDA:2,0,0,1
BRDA:2,0,1,1
BRDA:2,0,2,1
BRDA:3,1,0,0
BRDA:3,1,1,1
BRDA:3,2,0,1
BRDA:3,2,1,1
BRF:7
BRH:6
end_of_record
TN:
SF:dist\src\routes\songRoutes.js
FN:2,(anonymous_0)
FNF:1
FNH:1
FNDA:2,(anonymous_0)
DA:2,1
DA:3,2
DA:5,1
DA:6,1
DA:7,1
DA:8,1
DA:9,1
DA:10,1
DA:11,1
DA:12,1
DA:13,1
DA:14,1
DA:15,1
DA:16,1
DA:17,1
DA:18,1
DA:19,1
LF:17
LH:17
BRDA:2,0,0,1
BRDA:2,0,1,1
BRDA:2,0,2,1
BRDA:3,1,0,0
BRDA:3,1,1,2
BRDA:3,2,0,2
BRDA:3,2,1,2
BRF:7
BRH:6
end_of_record
TN:
SF:dist\src\routes\subGenresRoutes.js
FN:2,(anonymous_0)
FNF:1
FNH:1
FNDA:2,(anonymous_0)
DA:2,1
DA:3,2
DA:5,1
DA:6,1
DA:7,1
DA:8,1
DA:9,1
DA:10,1
DA:11,1
DA:12,1
DA:13,1
DA:14,1
DA:15,1
DA:16,1
DA:17,1
DA:18,1
LF:16
LH:16
BRDA:2,0,0,1
BRDA:2,0,1,1
BRDA:2,0,2,1
BRDA:3,1,0,0
BRDA:3,1,1,2
BRDA:3,2,0,2
BRDA:3,2,1,2
BRF:7
BRH:6
end_of_record
TN:
SF:dist\src\routes\userRoutes.js
FN:2,(anonymous_0)
FNF:1
FNH:1
FNDA:2,(anonymous_0)
DA:2,1
DA:3,2
DA:5,1
DA:6,1
DA:7,1
DA:8,1
DA:9,1
DA:10,1
DA:11,1
DA:12,1
DA:13,1
DA:14,1
DA:15,1
DA:16,1
DA:17,1
LF:15
LH:15
BRDA:2,0,0,1
BRDA:2,0,1,1
BRDA:2,0,2,1
BRDA:3,1,0,0
BRDA:3,1,1,2
BRDA:3,2,0,2
BRDA:3,2,1,2
BRF:7
BRH:6
end_of_record
TN:
SF:dist\src\services\authServices.js
FN:2,(anonymous_0)
FN:3,adopt
FN:3,(anonymous_2)
FN:4,(anonymous_3)
FN:5,fulfilled
FN:6,rejected
FN:7,step
FN:11,(anonymous_7)
FN:18,(anonymous_8)
FN:18,(anonymous_9)
FN:39,(anonymous_10)
FN:39,(anonymous_11)
FNF:12
FNH:9
FNDA:10,(anonymous_0)
FNDA:20,adopt
FNDA:10,(anonymous_2)
FNDA:10,(anonymous_3)
FNDA:20,fulfilled
FNDA:0,rejected
FNDA:30,step
FNDA:1,(anonymous_7)
FNDA:0,(anonymous_8)
FNDA:0,(anonymous_9)
FNDA:10,(anonymous_10)
FNDA:10,(anonymous_11)
DA:2,1
DA:3,20
DA:4,10
DA:5,20
DA:6,0
DA:7,30
DA:8,10
DA:11,1
DA:12,1
DA:14,1
DA:15,1
DA:16,1
DA:17,1
DA:18,1
DA:19,0
DA:22,0
DA:23,0
DA:25,0
DA:26,0
DA:27,0
DA:29,0
DA:38,1
DA:39,10
DA:40,10
DA:43,10
DA:44,0
DA:46,10
DA:47,0
DA:49,10
DA:51,1
LF:30
LH:20
BRDA:2,0,0,1
BRDA:2,0,1,1
BRDA:2,0,2,1
BRDA:3,1,0,10
BRDA:3,1,1,10
BRDA:4,2,0,10
BRDA:4,2,1,10
BRDA:7,3,0,10
BRDA:7,3,1,20
BRDA:8,4,0,10
BRDA:8,4,1,10
BRDA:11,5,0,1
BRDA:11,5,1,1
BRDA:11,5,2,1
BRDA:12,6,0,1
BRDA:12,6,1,0
BRDA:12,7,0,1
BRDA:12,7,1,1
BRDA:22,8,0,0
BRDA:22,8,1,0
BRDA:26,9,0,0
BRDA:26,9,1,0
BRDA:43,10,0,0
BRDA:43,10,1,10
BRDA:46,11,0,0
BRDA:46,11,1,10
BRF:26
BRH:19
end_of_record
TN:
SF:dist\src\services\downloadPermissionService.js
FN:2,(anonymous_0)
FN:3,adopt
FN:3,(anonymous_2)
FN:4,(anonymous_3)
FN:5,fulfilled
FN:6,rejected
FN:7,step
FN:11,(anonymous_7)
FN:17,(anonymous_8)
FN:17,(anonymous_9)
FN:22,(anonymous_10)
FN:22,(anonymous_11)
FN:31,(anonymous_12)
FN:31,(anonymous_13)
FN:38,(anonymous_14)
FN:38,(anonymous_15)
FN:48,(anonymous_16)
FN:48,(anonymous_17)
FNF:18
FNH:1
FNDA:0,(anonymous_0)
FNDA:0,adopt
FNDA:0,(anonymous_2)
FNDA:0,(anonymous_3)
FNDA:0,fulfilled
FNDA:0,rejected
FNDA:0,step
FNDA:1,(anonymous_7)
FNDA:0,(anonymous_8)
FNDA:0,(anonymous_9)
FNDA:0,(anonymous_10)
FNDA:0,(anonymous_11)
FNDA:0,(anonymous_12)
FNDA:0,(anonymous_13)
FNDA:0,(anonymous_14)
FNDA:0,(anonymous_15)
FNDA:0,(anonymous_16)
FNDA:0,(anonymous_17)
DA:2,1
DA:3,0
DA:4,0
DA:5,0
DA:6,0
DA:7,0
DA:8,0
DA:11,1
DA:12,1
DA:14,1
DA:15,1
DA:16,1
DA:17,1
DA:18,0
DA:19,0
DA:21,1
DA:22,1
DA:23,0
DA:28,0
DA:30,1
DA:31,1
DA:32,0
DA:35,0
DA:37,1
DA:38,1
DA:39,0
DA:45,0
DA:47,1
DA:48,1
DA:49,0
DA:54,0
DA:55,0
DA:56,0
DA:61,0
DA:63,1
LF:35
LH:16
BRDA:2,0,0,1
BRDA:2,0,1,1
BRDA:2,0,2,1
BRDA:3,1,0,0
BRDA:3,1,1,0
BRDA:4,2,0,0
BRDA:4,2,1,0
BRDA:7,3,0,0
BRDA:7,3,1,0
BRDA:8,4,0,0
BRDA:8,4,1,0
BRDA:11,5,0,1
BRDA:11,5,1,1
BRDA:11,5,2,1
BRDA:12,6,0,1
BRDA:12,6,1,0
BRDA:12,7,0,1
BRDA:12,7,1,1
BRDA:54,8,0,0
BRDA:54,8,1,0
BRF:20
BRH:9
end_of_record
TN:
SF:dist\src\services\genresServices.js
FN:2,(anonymous_0)
FN:3,adopt
FN:3,(anonymous_2)
FN:4,(anonymous_3)
FN:5,fulfilled
FN:6,rejected
FN:7,step
FN:11,(anonymous_7)
FN:17,(anonymous_8)
FN:17,(anonymous_9)
FN:22,(anonymous_10)
FN:22,(anonymous_11)
FN:31,(anonymous_12)
FN:31,(anonymous_13)
FN:38,(anonymous_14)
FN:38,(anonymous_15)
FN:48,(anonymous_16)
FN:48,(anonymous_17)
FNF:18
FNH:17
FNDA:11,(anonymous_0)
FNDA:12,adopt
FNDA:12,(anonymous_2)
FNDA:11,(anonymous_3)
FNDA:12,fulfilled
FNDA:0,rejected
FNDA:23,step
FNDA:1,(anonymous_7)
FNDA:1,(anonymous_8)
FNDA:1,(anonymous_9)
FNDA:2,(anonymous_10)
FNDA:2,(anonymous_11)
FNDA:5,(anonymous_12)
FNDA:5,(anonymous_13)
FNDA:1,(anonymous_14)
FNDA:1,(anonymous_15)
FNDA:2,(anonymous_16)
FNDA:2,(anonymous_17)
DA:2,1
DA:3,12
DA:4,11
DA:5,12
DA:6,0
DA:7,23
DA:8,11
DA:11,1
DA:12,1
DA:14,1
DA:15,1
DA:16,1
DA:17,1
DA:18,1
DA:19,1
DA:21,1
DA:22,2
DA:23,2
DA:28,2
DA:30,1
DA:31,5
DA:32,5
DA:35,5
DA:37,1
DA:38,1
DA:39,1
DA:45,1
DA:47,1
DA:48,2
DA:49,2
DA:54,2
DA:55,1
DA:56,1
DA:61,1
DA:63,1
LF:35
LH:34
BRDA:2,0,0,1
BRDA:2,0,1,1
BRDA:2,0,2,1
BRDA:3,1,0,0
BRDA:3,1,1,12
BRDA:4,2,0,11
BRDA:4,2,1,11
BRDA:7,3,0,11
BRDA:7,3,1,12
BRDA:8,4,0,11
BRDA:8,4,1,11
BRDA:11,5,0,1
BRDA:11,5,1,1
BRDA:11,5,2,1
BRDA:12,6,0,1
BRDA:12,6,1,0
BRDA:12,7,0,1
BRDA:12,7,1,1
BRDA:54,8,0,1
BRDA:54,8,1,1
BRF:20
BRH:18
end_of_record
TN:
SF:dist\src\services\playlistServices.js
FN:2,(anonymous_0)
FN:3,adopt
FN:3,(anonymous_2)
FN:4,(anonymous_3)
FN:5,fulfilled
FN:6,rejected
FN:7,step
FN:11,(anonymous_7)
FN:17,(anonymous_8)
FN:17,(anonymous_9)
FN:26,(anonymous_10)
FN:26,(anonymous_11)
FN:36,(anonymous_12)
FN:36,(anonymous_13)
FN:43,(anonymous_14)
FN:43,(anonymous_15)
FN:53,(anonymous_16)
FN:53,(anonymous_17)
FN:69,(anonymous_18)
FN:69,(anonymous_19)
FN:76,(anonymous_20)
FN:76,(anonymous_21)
FN:86,(anonymous_22)
FN:86,(anonymous_23)
FNF:24
FNH:1
FNDA:0,(anonymous_0)
FNDA:0,adopt
FNDA:0,(anonymous_2)
FNDA:0,(anonymous_3)
FNDA:0,fulfilled
FNDA:0,rejected
FNDA:0,step
FNDA:1,(anonymous_7)
FNDA:0,(anonymous_8)
FNDA:0,(anonymous_9)
FNDA:0,(anonymous_10)
FNDA:0,(anonymous_11)
FNDA:0,(anonymous_12)
FNDA:0,(anonymous_13)
FNDA:0,(anonymous_14)
FNDA:0,(anonymous_15)
FNDA:0,(anonymous_16)
FNDA:0,(anonymous_17)
FNDA:0,(anonymous_18)
FNDA:0,(anonymous_19)
FNDA:0,(anonymous_20)
FNDA:0,(anonymous_21)
FNDA:0,(anonymous_22)
FNDA:0,(anonymous_23)
DA:2,1
DA:3,0
DA:4,0
DA:5,0
DA:6,0
DA:7,0
DA:8,0
DA:11,1
DA:12,1
DA:14,1
DA:15,1
DA:16,1
DA:17,1
DA:18,0
DA:23,0
DA:25,1
DA:26,1
DA:27,0
DA:33,0
DA:35,1
DA:36,1
DA:37,0
DA:40,0
DA:42,1
DA:43,1
DA:44,0
DA:50,0
DA:52,1
DA:53,1
DA:54,0
DA:59,0
DA:60,0
DA:61,0
DA:66,0
DA:68,1
DA:69,1
DA:70,0
DA:73,0
DA:75,1
DA:76,1
DA:77,0
DA:83,0
DA:85,1
DA:86,1
DA:87,0
DA:93,0
DA:94,0
DA:95,0
DA:101,0
DA:103,1
LF:50
LH:22
BRDA:2,0,0,1
BRDA:2,0,1,1
BRDA:2,0,2,1
BRDA:3,1,0,0
BRDA:3,1,1,0
BRDA:4,2,0,0
BRDA:4,2,1,0
BRDA:7,3,0,0
BRDA:7,3,1,0
BRDA:8,4,0,0
BRDA:8,4,1,0
BRDA:11,5,0,1
BRDA:11,5,1,1
BRDA:11,5,2,1
BRDA:12,6,0,1
BRDA:12,6,1,0
BRDA:12,7,0,1
BRDA:12,7,1,1
BRDA:59,8,0,0
BRDA:59,8,1,0
BRDA:93,9,0,0
BRDA:93,9,1,0
BRF:22
BRH:9
end_of_record
TN:
SF:dist\src\services\publicPlaylistService.js
FN:2,(anonymous_0)
FN:3,adopt
FN:3,(anonymous_2)
FN:4,(anonymous_3)
FN:5,fulfilled
FN:6,rejected
FN:7,step
FN:11,(anonymous_7)
FN:17,(anonymous_8)
FN:17,(anonymous_9)
FN:39,(anonymous_10)
FN:39,(anonymous_11)
FN:62,(anonymous_12)
FN:62,(anonymous_13)
FNF:14
FNH:1
FNDA:0,(anonymous_0)
FNDA:0,adopt
FNDA:0,(anonymous_2)
FNDA:0,(anonymous_3)
FNDA:0,fulfilled
FNDA:0,rejected
FNDA:0,step
FNDA:1,(anonymous_7)
FNDA:0,(anonymous_8)
FNDA:0,(anonymous_9)
FNDA:0,(anonymous_10)
FNDA:0,(anonymous_11)
FNDA:0,(anonymous_12)
FNDA:0,(anonymous_13)
DA:2,1
DA:3,0
DA:4,0
DA:5,0
DA:6,0
DA:7,0
DA:8,0
DA:11,1
DA:12,1
DA:14,1
DA:15,1
DA:16,1
DA:17,1
DA:18,0
DA:36,0
DA:38,1
DA:39,1
DA:40,0
DA:59,0
DA:61,1
DA:62,1
DA:63,0
DA:75,0
DA:77,1
LF:24
LH:12
BRDA:2,0,0,1
BRDA:2,0,1,1
BRDA:2,0,2,1
BRDA:3,1,0,0
BRDA:3,1,1,0
BRDA:4,2,0,0
BRDA:4,2,1,0
BRDA:7,3,0,0
BRDA:7,3,1,0
BRDA:8,4,0,0
BRDA:8,4,1,0
BRDA:11,5,0,1
BRDA:11,5,1,1
BRDA:11,5,2,1
BRDA:12,6,0,1
BRDA:12,6,1,0
BRDA:12,7,0,1
BRDA:12,7,1,1
BRF:18
BRH:9
end_of_record
TN:
SF:dist\src\services\songServices.js
FN:2,(anonymous_0)
FN:3,adopt
FN:3,(anonymous_2)
FN:4,(anonymous_3)
FN:5,fulfilled
FN:6,rejected
FN:7,step
FN:11,(anonymous_7)
FN:17,(anonymous_8)
FN:17,(anonymous_9)
FN:22,(anonymous_10)
FN:22,(anonymous_11)
FN:31,(anonymous_12)
FN:31,(anonymous_13)
FN:38,(anonymous_14)
FN:38,(anonymous_15)
FN:48,(anonymous_16)
FN:48,(anonymous_17)
FNF:18
FNH:1
FNDA:0,(anonymous_0)
FNDA:0,adopt
FNDA:0,(anonymous_2)
FNDA:0,(anonymous_3)
FNDA:0,fulfilled
FNDA:0,rejected
FNDA:0,step
FNDA:1,(anonymous_7)
FNDA:0,(anonymous_8)
FNDA:0,(anonymous_9)
FNDA:0,(anonymous_10)
FNDA:0,(anonymous_11)
FNDA:0,(anonymous_12)
FNDA:0,(anonymous_13)
FNDA:0,(anonymous_14)
FNDA:0,(anonymous_15)
FNDA:0,(anonymous_16)
FNDA:0,(anonymous_17)
DA:2,1
DA:3,0
DA:4,0
DA:5,0
DA:6,0
DA:7,0
DA:8,0
DA:11,1
DA:12,1
DA:14,1
DA:15,1
DA:16,1
DA:17,1
DA:18,0
DA:19,0
DA:21,1
DA:22,1
DA:23,0
DA:28,0
DA:30,1
DA:31,1
DA:32,0
DA:35,0
DA:37,1
DA:38,1
DA:39,0
DA:45,0
DA:47,1
DA:48,1
DA:49,0
DA:54,0
DA:55,0
DA:56,0
DA:61,0
DA:63,1
LF:35
LH:16
BRDA:2,0,0,1
BRDA:2,0,1,1
BRDA:2,0,2,1
BRDA:3,1,0,0
BRDA:3,1,1,0
BRDA:4,2,0,0
BRDA:4,2,1,0
BRDA:7,3,0,0
BRDA:7,3,1,0
BRDA:8,4,0,0
BRDA:8,4,1,0
BRDA:11,5,0,1
BRDA:11,5,1,1
BRDA:11,5,2,1
BRDA:12,6,0,1
BRDA:12,6,1,0
BRDA:12,7,0,1
BRDA:12,7,1,1
BRDA:54,8,0,0
BRDA:54,8,1,0
BRF:20
BRH:9
end_of_record
TN:
SF:dist\src\services\subGenresServices.js
FN:2,(anonymous_0)
FN:3,adopt
FN:3,(anonymous_2)
FN:4,(anonymous_3)
FN:5,fulfilled
FN:6,rejected
FN:7,step
FN:11,(anonymous_7)
FN:17,(anonymous_8)
FN:17,(anonymous_9)
FN:29,(anonymous_10)
FN:29,(anonymous_11)
FN:40,(anonymous_12)
FN:40,(anonymous_13)
FN:47,(anonymous_14)
FN:47,(anonymous_15)
FN:57,(anonymous_16)
FN:57,(anonymous_17)
FNF:18
FNH:1
FNDA:0,(anonymous_0)
FNDA:0,adopt
FNDA:0,(anonymous_2)
FNDA:0,(anonymous_3)
FNDA:0,fulfilled
FNDA:0,rejected
FNDA:0,step
FNDA:1,(anonymous_7)
FNDA:0,(anonymous_8)
FNDA:0,(anonymous_9)
FNDA:0,(anonymous_10)
FNDA:0,(anonymous_11)
FNDA:0,(anonymous_12)
FNDA:0,(anonymous_13)
FNDA:0,(anonymous_14)
FNDA:0,(anonymous_15)
FNDA:0,(anonymous_16)
FNDA:0,(anonymous_17)
DA:2,1
DA:3,0
DA:4,0
DA:5,0
DA:6,0
DA:7,0
DA:8,0
DA:11,1
DA:12,1
DA:14,1
DA:15,1
DA:16,1
DA:17,1
DA:18,0
DA:26,0
DA:28,1
DA:29,1
DA:30,0
DA:37,0
DA:39,1
DA:40,1
DA:41,0
DA:44,0
DA:46,1
DA:47,1
DA:48,0
DA:54,0
DA:56,1
DA:57,1
DA:58,0
DA:63,0
DA:64,0
DA:65,0
DA:70,0
DA:72,1
LF:35
LH:16
BRDA:2,0,0,1
BRDA:2,0,1,1
BRDA:2,0,2,1
BRDA:3,1,0,0
BRDA:3,1,1,0
BRDA:4,2,0,0
BRDA:4,2,1,0
BRDA:7,3,0,0
BRDA:7,3,1,0
BRDA:8,4,0,0
BRDA:8,4,1,0
BRDA:11,5,0,1
BRDA:11,5,1,1
BRDA:11,5,2,1
BRDA:12,6,0,1
BRDA:12,6,1,0
BRDA:12,7,0,1
BRDA:12,7,1,1
BRDA:63,8,0,0
BRDA:63,8,1,0
BRF:20
BRH:9
end_of_record
TN:
SF:dist\src\services\userServices.js
FN:2,(anonymous_0)
FN:3,adopt
FN:3,(anonymous_2)
FN:4,(anonymous_3)
FN:5,fulfilled
FN:6,rejected
FN:7,step
FN:11,(anonymous_7)
FN:18,(anonymous_8)
FN:18,(anonymous_9)
FN:33,(anonymous_10)
FN:33,(anonymous_11)
FN:52,(anonymous_12)
FN:52,(anonymous_13)
FN:63,(anonymous_14)
FN:63,(anonymous_15)
FN:70,(anonymous_16)
FN:70,(anonymous_17)
FNF:18
FNH:1
FNDA:0,(anonymous_0)
FNDA:0,adopt
FNDA:0,(anonymous_2)
FNDA:0,(anonymous_3)
FNDA:0,fulfilled
FNDA:0,rejected
FNDA:0,step
FNDA:1,(anonymous_7)
FNDA:0,(anonymous_8)
FNDA:0,(anonymous_9)
FNDA:0,(anonymous_10)
FNDA:0,(anonymous_11)
FNDA:0,(anonymous_12)
FNDA:0,(anonymous_13)
FNDA:0,(anonymous_14)
FNDA:0,(anonymous_15)
FNDA:0,(anonymous_16)
FNDA:0,(anonymous_17)
DA:2,1
DA:3,0
DA:4,0
DA:5,0
DA:6,0
DA:7,0
DA:8,0
DA:11,1
DA:12,1
DA:14,1
DA:15,1
DA:16,1
DA:17,1
DA:18,1
DA:19,0
DA:20,0
DA:21,0
DA:23,0
DA:32,1
DA:33,1
DA:34,0
DA:35,0
DA:36,0
DA:37,0
DA:39,0
DA:41,0
DA:47,0
DA:48,0
DA:49,0
DA:51,1
DA:52,1
DA:53,0
DA:58,0
DA:59,0
DA:60,0
DA:62,1
DA:63,1
DA:64,0
DA:65,0
DA:66,0
DA:67,0
DA:69,1
DA:70,1
DA:71,0
DA:76,0
DA:77,0
DA:78,0
DA:80,1
LF:48
LH:17
BRDA:2,0,0,1
BRDA:2,0,1,1
BRDA:2,0,2,1
BRDA:3,1,0,0
BRDA:3,1,1,0
BRDA:4,2,0,0
BRDA:4,2,1,0
BRDA:7,3,0,0
BRDA:7,3,1,0
BRDA:8,4,0,0
BRDA:8,4,1,0
BRDA:11,5,0,1
BRDA:11,5,1,1
BRDA:11,5,2,1
BRDA:12,6,0,1
BRDA:12,6,1,0
BRDA:12,7,0,1
BRDA:12,7,1,1
BRDA:20,8,0,0
BRDA:20,8,1,0
BRDA:34,9,0,0
BRDA:34,9,1,0
BRDA:34,10,0,0
BRDA:34,10,1,0
BRDA:34,11,0,0
BRDA:34,11,1,0
BRDA:36,12,0,0
BRDA:36,12,1,0
BRDA:47,13,0,0
BRDA:47,13,1,0
BRDA:58,14,0,0
BRDA:58,14,1,0
BRDA:65,15,0,0
BRDA:65,15,1,0
BRDA:76,16,0,0
BRDA:76,16,1,0
BRF:36
BRH:9
end_of_record
TN:
SF:dist\src\utils\deleteFiles.js
FN:2,(anonymous_0)
FN:3,adopt
FN:3,(anonymous_2)
FN:4,(anonymous_3)
FN:5,fulfilled
FN:6,rejected
FN:7,step
FN:14,deleteFile
FN:15,(anonymous_8)
FNF:9
FNH:0
FNDA:0,(anonymous_0)
FNDA:0,adopt
FNDA:0,(anonymous_2)
FNDA:0,(anonymous_3)
FNDA:0,fulfilled
FNDA:0,rejected
FNDA:0,step
FNDA:0,deleteFile
FNDA:0,(anonymous_8)
DA:2,1
DA:3,0
DA:4,0
DA:5,0
DA:6,0
DA:7,0
DA:8,0
DA:11,1
DA:12,1
DA:13,1
DA:15,0
DA:16,0
DA:17,0
DA:18,0
DA:20,0
LF:15
LH:4
BRDA:2,0,0,1
BRDA:2,0,1,1
BRDA:2,0,2,1
BRDA:3,1,0,0
BRDA:3,1,1,0
BRDA:4,2,0,0
BRDA:4,2,1,0
BRDA:7,3,0,0
BRDA:7,3,1,0
BRDA:8,4,0,0
BRDA:8,4,1,0
BRDA:17,5,0,0
BRDA:17,5,1,0
BRF:13
BRH:3
end_of_record
TN:
SF:dist\src\utils\hashPassword.js
FN:2,(anonymous_0)
FN:3,adopt
FN:3,(anonymous_2)
FN:4,(anonymous_3)
FN:5,fulfilled
FN:6,rejected
FN:7,step
FN:11,(anonymous_7)
FN:17,(anonymous_8)
FN:17,(anonymous_9)
FN:27,(anonymous_10)
FN:27,(anonymous_11)
FNF:12
FNH:10
FNDA:20,(anonymous_0)
FNDA:20,adopt
FNDA:0,(anonymous_2)
FNDA:20,(anonymous_3)
FNDA:20,fulfilled
FNDA:0,rejected
FNDA:40,step
FNDA:1,(anonymous_7)
FNDA:10,(anonymous_8)
FNDA:10,(anonymous_9)
FNDA:10,(anonymous_10)
FNDA:10,(anonymous_11)
DA:2,1
DA:3,20
DA:4,20
DA:5,20
DA:6,0
DA:7,40
DA:8,20
DA:11,1
DA:12,1
DA:14,1
DA:15,1
DA:16,1
DA:17,10
DA:18,10
DA:19,10
DA:20,10
DA:23,0
DA:26,1
DA:27,10
DA:28,10
DA:29,10
DA:32,0
DA:35,1
LF:23
LH:20
BRDA:2,0,0,1
BRDA:2,0,1,1
BRDA:2,0,2,1
BRDA:3,1,0,20
BRDA:3,1,1,0
BRDA:4,2,0,20
BRDA:4,2,1,20
BRDA:7,3,0,20
BRDA:7,3,1,20
BRDA:8,4,0,20
BRDA:8,4,1,20
BRDA:11,5,0,1
BRDA:11,5,1,1
BRDA:11,5,2,1
BRDA:12,6,0,0
BRDA:12,6,1,1
BRDA:12,7,0,1
BRDA:12,7,1,1
BRF:18
BRH:16
end_of_record
TN:
SF:dist\src\utils\jwt.js
FN:2,(anonymous_0)
FN:8,(anonymous_1)
FN:12,(anonymous_2)
FNF:3
FNH:3
FNDA:1,(anonymous_0)
FNDA:10,(anonymous_1)
FNDA:26,(anonymous_2)
DA:2,1
DA:3,1
DA:5,1
DA:6,1
DA:7,1
DA:8,1
DA:9,10
DA:11,1
DA:12,1
DA:13,26
DA:15,1
LF:11
LH:11
BRDA:2,0,0,1
BRDA:2,0,1,1
BRDA:2,0,2,1
BRDA:3,1,0,0
BRDA:3,1,1,1
BRDA:3,2,0,1
BRDA:3,2,1,1
BRF:7
BRH:6
end_of_record
TN:
SF:dist\src\utils\limiter.js
FN:2,(anonymous_0)
FNF:1
FNH:1
FNDA:1,(anonymous_0)
DA:2,1
DA:3,1
DA:5,1
DA:6,1
DA:7,1
DA:15,1
LF:6
LH:6
BRDA:2,0,0,1
BRDA:2,0,1,1
BRDA:2,0,2,1
BRDA:3,1,0,0
BRDA:3,1,1,1
BRDA:3,2,0,1
BRDA:3,2,1,1
BRF:7
BRH:6
end_of_record
TN:
SF:dist\src\utils\logger.js
FN:2,(anonymous_0)
FNF:1
FNH:1
FNDA:1,(anonymous_0)
DA:2,1
DA:3,1
DA:5,1
DA:6,1
DA:7,1
LF:5
LH:5
BRDA:2,0,0,1
BRDA:2,0,1,1
BRDA:2,0,2,1
BRDA:3,1,0,0
BRDA:3,1,1,1
BRDA:3,2,0,1
BRDA:3,2,1,1
BRF:7
BRH:6
end_of_record
TN:
SF:dist\src\utils\uploadFile.js
FN:2,(anonymous_0)
FN:3,adopt
FN:3,(anonymous_2)
FN:4,(anonymous_3)
FN:5,fulfilled
FN:6,rejected
FN:7,step
FN:11,(anonymous_7)
FN:18,(anonymous_8)
FN:18,(anonymous_9)
FN:20,(anonymous_10)
FN:29,(anonymous_11)
FN:41,(anonymous_12)
FN:41,(anonymous_13)
FNF:14
FNH:1
FNDA:0,(anonymous_0)
FNDA:0,adopt
FNDA:0,(anonymous_2)
FNDA:0,(anonymous_3)
FNDA:0,fulfilled
FNDA:0,rejected
FNDA:0,step
FNDA:2,(anonymous_7)
FNDA:0,(anonymous_8)
FNDA:0,(anonymous_9)
FNDA:0,(anonymous_10)
FNDA:0,(anonymous_11)
FNDA:0,(anonymous_12)
FNDA:0,(anonymous_13)
DA:2,1
DA:3,0
DA:4,0
DA:5,0
DA:6,0
DA:7,0
DA:8,0
DA:11,1
DA:12,2
DA:14,1
DA:15,1
DA:16,1
DA:17,1
DA:18,1
DA:20,0
DA:21,0
DA:22,0
DA:24,0
DA:25,0
DA:30,0
DA:31,0
DA:32,0
DA:37,0
DA:40,1
DA:41,1
DA:43,0
DA:44,0
DA:45,0
DA:49,1
DA:85,1
LF:30
LH:12
BRDA:2,0,0,1
BRDA:2,0,1,1
BRDA:2,0,2,1
BRDA:3,1,0,0
BRDA:3,1,1,0
BRDA:4,2,0,0
BRDA:4,2,1,0
BRDA:7,3,0,0
BRDA:7,3,1,0
BRDA:8,4,0,0
BRDA:8,4,1,0
BRDA:11,5,0,1
BRDA:11,5,1,1
BRDA:11,5,2,1
BRDA:12,6,0,1
BRDA:12,6,1,1
BRDA:12,7,0,2
BRDA:12,7,1,2
BRDA:21,8,0,0
BRDA:21,8,1,0
BRDA:30,9,0,0
BRDA:30,9,1,0
BRDA:33,10,0,0
BRDA:33,10,1,0
BRDA:33,11,0,0
BRDA:33,11,1,0
BRF:26
BRH:10
end_of_record
TN:
SF:dist\src\validators\authValidator.js
FN:5,(anonymous_0)
FN:44,(anonymous_1)
FN:63,(anonymous_2)
FNF:3
FNH:3
FNDA:1,(anonymous_0)
FNDA:1,(anonymous_1)
FNDA:18,(anonymous_2)
DA:2,1
DA:3,1
DA:4,1
DA:5,1
DA:6,1
DA:43,1
DA:44,1
DA:45,1
DA:62,1
DA:63,1
DA:64,18
DA:65,18
DA:66,2
DA:68,16
DA:69,16
DA:71,1
LF:16
LH:16
BRDA:65,0,0,2
BRDA:65,0,1,16
BRF:2
BRH:2
end_of_record
TN:
SF:dist\src\validators\downloadPermissionvalidator.js
FN:2,(anonymous_0)
FN:3,adopt
FN:3,(anonymous_2)
FN:4,(anonymous_3)
FN:5,fulfilled
FN:6,rejected
FN:7,step
FN:11,(anonymous_7)
FN:18,(anonymous_8)
FN:27,(anonymous_9)
FN:27,(anonymous_10)
FN:49,(anonymous_11)
FN:49,(anonymous_12)
FN:72,(anonymous_13)
FN:72,(anonymous_14)
FN:98,(anonymous_15)
FN:107,(anonymous_16)
FN:107,(anonymous_17)
FN:129,(anonymous_18)
FN:129,(anonymous_19)
FN:152,(anonymous_20)
FN:152,(anonymous_21)
FN:178,(anonymous_22)
FN:187,(anonymous_23)
FN:187,(anonymous_24)
FN:213,(anonymous_25)
FN:213,(anonymous_26)
FNF:27
FNH:3
FNDA:0,(anonymous_0)
FNDA:0,adopt
FNDA:0,(anonymous_2)
FNDA:0,(anonymous_3)
FNDA:0,fulfilled
FNDA:0,rejected
FNDA:0,step
FNDA:1,(anonymous_7)
FNDA:1,(anonymous_8)
FNDA:0,(anonymous_9)
FNDA:0,(anonymous_10)
FNDA:0,(anonymous_11)
FNDA:0,(anonymous_12)
FNDA:0,(anonymous_13)
FNDA:0,(anonymous_14)
FNDA:1,(anonymous_15)
FNDA:0,(anonymous_16)
FNDA:0,(anonymous_17)
FNDA:0,(anonymous_18)
FNDA:0,(anonymous_19)
FNDA:0,(anonymous_20)
FNDA:0,(anonymous_21)
FNDA:0,(anonymous_22)
FNDA:0,(anonymous_23)
FNDA:0,(anonymous_24)
FNDA:0,(anonymous_25)
FNDA:0,(anonymous_26)
DA:2,1
DA:3,0
DA:4,0
DA:5,0
DA:6,0
DA:7,0
DA:8,0
DA:11,1
DA:12,1
DA:14,1
DA:15,1
DA:16,1
DA:17,1
DA:18,1
DA:19,1
DA:27,0
DA:28,0
DA:29,0
DA:34,0
DA:35,0
DA:36,0
DA:39,0
DA:49,0
DA:50,0
DA:51,0
DA:56,0
DA:57,0
DA:58,0
DA:61,0
DA:72,0
DA:73,0
DA:74,0
DA:79,0
DA:80,0
DA:81,0
DA:84,0
DA:97,1
DA:98,1
DA:99,1
DA:107,0
DA:108,0
DA:109,0
DA:114,0
DA:115,0
DA:116,0
DA:119,0
DA:129,0
DA:130,0
DA:131,0
DA:136,0
DA:137,0
DA:138,0
DA:141,0
DA:152,0
DA:153,0
DA:154,0
DA:159,0
DA:160,0
DA:161,0
DA:164,0
DA:177,1
DA:178,1
DA:179,0
DA:180,0
DA:181,0
DA:183,0
DA:184,0
DA:186,1
DA:187,1
DA:188,0
DA:189,0
DA:190,0
DA:192,0
DA:193,0
DA:195,0
DA:202,0
DA:203,0
DA:210,0
DA:212,1
DA:213,1
DA:214,0
DA:215,0
DA:216,0
DA:218,0
DA:219,0
DA:220,0
DA:221,0
DA:226,0
DA:227,0
DA:232,0
DA:234,1
LF:91
LH:19
BRDA:2,0,0,1
BRDA:2,0,1,1
BRDA:2,0,2,1
BRDA:3,1,0,0
BRDA:3,1,1,0
BRDA:4,2,0,0
BRDA:4,2,1,0
BRDA:7,3,0,0
BRDA:7,3,1,0
BRDA:8,4,0,0
BRDA:8,4,1,0
BRDA:11,5,0,1
BRDA:11,5,1,1
BRDA:11,5,2,1
BRDA:12,6,0,1
BRDA:12,6,1,0
BRDA:12,7,0,1
BRDA:12,7,1,1
BRDA:34,8,0,0
BRDA:34,8,1,0
BRDA:56,9,0,0
BRDA:56,9,1,0
BRDA:79,10,0,0
BRDA:79,10,1,0
BRDA:114,11,0,0
BRDA:114,11,1,0
BRDA:136,12,0,0
BRDA:136,12,1,0
BRDA:159,13,0,0
BRDA:159,13,1,0
BRDA:180,14,0,0
BRDA:180,14,1,0
BRDA:189,15,0,0
BRDA:189,15,1,0
BRDA:198,16,0,0
BRDA:198,16,1,0
BRDA:199,17,0,0
BRDA:199,17,1,0
BRDA:202,18,0,0
BRDA:202,18,1,0
BRDA:215,19,0,0
BRDA:215,19,1,0
BRDA:226,20,0,0
BRDA:226,20,1,0
BRF:44
BRH:9
end_of_record
TN:
SF:dist\src\validators\genresValidator.js
FN:5,(anonymous_0)
FN:17,(anonymous_1)
FN:29,(anonymous_2)
FNF:3
FNH:2
FNDA:1,(anonymous_0)
FNDA:1,(anonymous_1)
FNDA:0,(anonymous_2)
DA:2,1
DA:3,1
DA:4,1
DA:5,1
DA:6,1
DA:16,1
DA:17,1
DA:18,1
DA:28,1
DA:29,1
DA:30,0
DA:31,0
DA:32,0
DA:34,0
DA:35,0
DA:37,1
LF:16
LH:11
BRDA:31,0,0,0
BRDA:31,0,1,0
BRF:2
BRH:0
end_of_record
TN:
SF:dist\src\validators\playlistValidator.js
FN:2,(anonymous_0)
FN:3,adopt
FN:3,(anonymous_2)
FN:4,(anonymous_3)
FN:5,fulfilled
FN:6,rejected
FN:7,step
FN:11,(anonymous_7)
FN:18,(anonymous_8)
FN:37,(anonymous_9)
FN:46,(anonymous_10)
FN:46,(anonymous_11)
FN:64,(anonymous_12)
FN:83,(anonymous_13)
FNF:14
FNH:4
FNDA:0,(anonymous_0)
FNDA:0,adopt
FNDA:0,(anonymous_2)
FNDA:0,(anonymous_3)
FNDA:0,fulfilled
FNDA:0,rejected
FNDA:0,step
FNDA:1,(anonymous_7)
FNDA:1,(anonymous_8)
FNDA:1,(anonymous_9)
FNDA:0,(anonymous_10)
FNDA:0,(anonymous_11)
FNDA:1,(anonymous_12)
FNDA:0,(anonymous_13)
DA:2,1
DA:3,0
DA:4,0
DA:5,0
DA:6,0
DA:7,0
DA:8,0
DA:11,1
DA:12,1
DA:14,1
DA:15,1
DA:16,1
DA:17,1
DA:18,1
DA:19,1
DA:36,1
DA:37,1
DA:38,1
DA:46,0
DA:47,0
DA:48,0
DA:53,0
DA:54,0
DA:55,0
DA:58,0
DA:63,1
DA:64,1
DA:65,1
DA:82,1
DA:83,1
DA:84,0
DA:85,0
DA:86,0
DA:88,0
DA:89,0
DA:91,1
LF:36
LH:18
BRDA:2,0,0,1
BRDA:2,0,1,1
BRDA:2,0,2,1
BRDA:3,1,0,0
BRDA:3,1,1,0
BRDA:4,2,0,0
BRDA:4,2,1,0
BRDA:7,3,0,0
BRDA:7,3,1,0
BRDA:8,4,0,0
BRDA:8,4,1,0
BRDA:11,5,0,1
BRDA:11,5,1,1
BRDA:11,5,2,1
BRDA:12,6,0,1
BRDA:12,6,1,0
BRDA:12,7,0,1
BRDA:12,7,1,1
BRDA:53,8,0,0
BRDA:53,8,1,0
BRDA:85,9,0,0
BRDA:85,9,1,0
BRF:22
BRH:9
end_of_record
TN:
SF:dist\src\validators\songValidator.js
FN:2,(anonymous_0)
FN:3,adopt
FN:3,(anonymous_2)
FN:4,(anonymous_3)
FN:5,fulfilled
FN:6,rejected
FN:7,step
FN:11,(anonymous_7)
FN:18,(anonymous_8)
FN:55,(anonymous_9)
FN:55,(anonymous_10)
FN:77,(anonymous_11)
FN:77,(anonymous_12)
FN:96,(anonymous_13)
FN:133,(anonymous_14)
FN:133,(anonymous_15)
FN:155,(anonymous_16)
FN:155,(anonymous_17)
FN:174,(anonymous_18)
FNF:19
FNH:3
FNDA:0,(anonymous_0)
FNDA:0,adopt
FNDA:0,(anonymous_2)
FNDA:0,(anonymous_3)
FNDA:0,fulfilled
FNDA:0,rejected
FNDA:0,step
FNDA:1,(anonymous_7)
FNDA:1,(anonymous_8)
FNDA:0,(anonymous_9)
FNDA:0,(anonymous_10)
FNDA:0,(anonymous_11)
FNDA:0,(anonymous_12)
FNDA:1,(anonymous_13)
FNDA:0,(anonymous_14)
FNDA:0,(anonymous_15)
FNDA:0,(anonymous_16)
FNDA:0,(anonymous_17)
FNDA:0,(anonymous_18)
DA:2,1
DA:3,0
DA:4,0
DA:5,0
DA:6,0
DA:7,0
DA:8,0
DA:11,1
DA:12,1
DA:14,1
DA:15,1
DA:16,1
DA:17,1
DA:18,1
DA:19,1
DA:55,0
DA:56,0
DA:57,0
DA:62,0
DA:63,0
DA:64,0
DA:67,0
DA:77,0
DA:78,0
DA:79,0
DA:84,0
DA:85,0
DA:86,0
DA:89,0
DA:95,1
DA:96,1
DA:97,1
DA:133,0
DA:134,0
DA:135,0
DA:140,0
DA:141,0
DA:142,0
DA:145,0
DA:155,0
DA:156,0
DA:157,0
DA:162,0
DA:163,0
DA:164,0
DA:167,0
DA:173,1
DA:174,1
DA:175,0
DA:176,0
DA:177,0
DA:179,0
DA:180,0
DA:182,1
LF:54
LH:15
BRDA:2,0,0,1
BRDA:2,0,1,1
BRDA:2,0,2,1
BRDA:3,1,0,0
BRDA:3,1,1,0
BRDA:4,2,0,0
BRDA:4,2,1,0
BRDA:7,3,0,0
BRDA:7,3,1,0
BRDA:8,4,0,0
BRDA:8,4,1,0
BRDA:11,5,0,1
BRDA:11,5,1,1
BRDA:11,5,2,1
BRDA:12,6,0,1
BRDA:12,6,1,0
BRDA:12,7,0,1
BRDA:12,7,1,1
BRDA:62,8,0,0
BRDA:62,8,1,0
BRDA:84,9,0,0
BRDA:84,9,1,0
BRDA:140,10,0,0
BRDA:140,10,1,0
BRDA:162,11,0,0
BRDA:162,11,1,0
BRDA:176,12,0,0
BRDA:176,12,1,0
BRF:28
BRH:9
end_of_record
TN:
SF:dist\src\validators\subGenresValidator.js
FN:2,(anonymous_0)
FN:3,adopt
FN:3,(anonymous_2)
FN:4,(anonymous_3)
FN:5,fulfilled
FN:6,rejected
FN:7,step
FN:11,(anonymous_7)
FN:18,(anonymous_8)
FN:33,(anonymous_9)
FN:33,(anonymous_10)
FN:51,(anonymous_11)
FN:66,(anonymous_12)
FN:66,(anonymous_13)
FN:84,(anonymous_14)
FNF:15
FNH:3
FNDA:0,(anonymous_0)
FNDA:0,adopt
FNDA:0,(anonymous_2)
FNDA:0,(anonymous_3)
FNDA:0,fulfilled
FNDA:0,rejected
FNDA:0,step
FNDA:1,(anonymous_7)
FNDA:1,(anonymous_8)
FNDA:0,(anonymous_9)
FNDA:0,(anonymous_10)
FNDA:1,(anonymous_11)
FNDA:0,(anonymous_12)
FNDA:0,(anonymous_13)
FNDA:0,(anonymous_14)
DA:2,1
DA:3,0
DA:4,0
DA:5,0
DA:6,0
DA:7,0
DA:8,0
DA:11,1
DA:12,1
DA:14,1
DA:15,1
DA:16,1
DA:17,1
DA:18,1
DA:19,1
DA:33,0
DA:34,0
DA:35,0
DA:40,0
DA:41,0
DA:42,0
DA:45,0
DA:50,1
DA:51,1
DA:52,1
DA:66,0
DA:67,0
DA:68,0
DA:73,0
DA:74,0
DA:75,0
DA:78,0
DA:83,1
DA:84,1
DA:85,0
DA:86,0
DA:87,0
DA:89,0
DA:90,0
DA:92,1
LF:40
LH:15
BRDA:2,0,0,1
BRDA:2,0,1,1
BRDA:2,0,2,1
BRDA:3,1,0,0
BRDA:3,1,1,0
BRDA:4,2,0,0
BRDA:4,2,1,0
BRDA:7,3,0,0
BRDA:7,3,1,0
BRDA:8,4,0,0
BRDA:8,4,1,0
BRDA:11,5,0,1
BRDA:11,5,1,1
BRDA:11,5,2,1
BRDA:12,6,0,1
BRDA:12,6,1,0
BRDA:12,7,0,1
BRDA:12,7,1,1
BRDA:40,8,0,0
BRDA:40,8,1,0
BRDA:73,9,0,0
BRDA:73,9,1,0
BRDA:86,10,0,0
BRDA:86,10,1,0
BRF:24
BRH:9
end_of_record
TN:
SF:dist\src\validators\userValidator.js
FN:2,(anonymous_0)
FN:3,adopt
FN:3,(anonymous_2)
FN:4,(anonymous_3)
FN:5,fulfilled
FN:6,rejected
FN:7,step
FN:11,(anonymous_7)
FN:18,(anonymous_8)
FN:31,(anonymous_9)
FN:31,(anonymous_10)
FN:71,(anonymous_11)
FN:84,(anonymous_12)
FN:84,(anonymous_13)
FN:131,(anonymous_14)
FN:140,(anonymous_15)
FN:140,(anonymous_16)
FNF:17
FNH:3
FNDA:0,(anonymous_0)
FNDA:0,adopt
FNDA:0,(anonymous_2)
FNDA:0,(anonymous_3)
FNDA:0,fulfilled
FNDA:0,rejected
FNDA:0,step
FNDA:1,(anonymous_7)
FNDA:1,(anonymous_8)
FNDA:0,(anonymous_9)
FNDA:0,(anonymous_10)
FNDA:1,(anonymous_11)
FNDA:0,(anonymous_12)
FNDA:0,(anonymous_13)
FNDA:0,(anonymous_14)
FNDA:0,(anonymous_15)
FNDA:0,(anonymous_16)
DA:2,1
DA:3,0
DA:4,0
DA:5,0
DA:6,0
DA:7,0
DA:8,0
DA:11,1
DA:12,1
DA:14,1
DA:15,1
DA:16,1
DA:17,1
DA:18,1
DA:19,1
DA:31,0
DA:32,0
DA:33,0
DA:38,0
DA:39,0
DA:43,0
DA:70,1
DA:71,1
DA:72,1
DA:84,0
DA:86,0
DA:87,0
DA:93,0
DA:94,0
DA:96,0
DA:99,0
DA:130,1
DA:131,1
DA:132,0
DA:133,0
DA:134,0
DA:136,0
DA:137,0
DA:139,1
DA:140,1
DA:141,0
DA:142,0
DA:143,0
DA:145,0
DA:146,0
DA:148,0
DA:153,0
DA:154,0
DA:159,0
DA:161,1
LF:50
LH:17
BRDA:2,0,0,1
BRDA:2,0,1,1
BRDA:2,0,2,1
BRDA:3,1,0,0
BRDA:3,1,1,0
BRDA:4,2,0,0
BRDA:4,2,1,0
BRDA:7,3,0,0
BRDA:7,3,1,0
BRDA:8,4,0,0
BRDA:8,4,1,0
BRDA:11,5,0,1
BRDA:11,5,1,1
BRDA:11,5,2,1
BRDA:12,6,0,1
BRDA:12,6,1,0
BRDA:12,7,0,1
BRDA:12,7,1,1
BRDA:38,8,0,0
BRDA:38,8,1,0
BRDA:90,9,0,0
BRDA:90,9,1,0
BRDA:90,10,0,0
BRDA:90,10,1,0
BRDA:93,11,0,0
BRDA:93,11,1,0
BRDA:133,12,0,0
BRDA:133,12,1,0
BRDA:142,13,0,0
BRDA:142,13,1,0
BRDA:153,14,0,0
BRDA:153,14,1,0
BRF:32
BRH:9
end_of_record
TN:
SF:src\app.ts
FNF:0
FNH:0
DA:1,2
DA:2,2
DA:3,2
DA:4,2
DA:5,2
DA:6,2
DA:7,2
DA:9,2
DA:11,2
DA:13,2
DA:14,2
DA:16,2
DA:17,2
DA:18,2
DA:19,2
DA:21,2
LF:16
LH:16
BRF:0
BRH:0
end_of_record
TN:
SF:src\config\cloudinary.ts
FNF:0
FNH:0
DA:1,2
DA:2,2
DA:4,2
DA:6,2
DA:12,2
LF:5
LH:5
BRF:0
BRH:0
end_of_record
TN:
SF:src\config\prisma.ts
FN:3,(anonymous_7)
FN:3,(anonymous_8)
FNF:2
FNH:2
FNDA:172,(anonymous_7)
FNDA:172,(anonymous_8)
DA:1,2
DA:2,2
DA:3,172
DA:4,172
DA:11,42
DA:12,42
DA:14,42
DA:16,172
DA:19,2
DA:20,2
DA:22,172
DA:24,0
DA:25,0
DA:26,0
DA:28,0
DA:32,172
DA:34,2
LF:17
LH:13
BRDA:4,0,0,42
BRDA:5,1,0,172
BRDA:5,1,1,170
BRDA:5,1,2,130
BRDA:5,1,3,130
BRDA:11,2,0,42
BRDA:11,2,1,2
BRDA:12,3,0,42
BRDA:12,3,1,2
BRDA:16,4,0,2
BRDA:16,5,0,172
BRDA:16,5,1,2
BRDA:22,6,0,0
BRDA:22,7,0,172
BRDA:22,7,1,0
BRDA:25,8,0,0
BRDA:25,8,1,0
BRF:17
BRH:13
end_of_record
TN:
SF:src\controllers\authController.ts
FN:10,(anonymous_8)
FN:10,(anonymous_9)
FN:39,(anonymous_10)
FN:39,(anonymous_11)
FN:68,(anonymous_12)
FN:68,(anonymous_13)
FNF:6
FNH:6
FNDA:4,(anonymous_8)
FNDA:4,(anonymous_9)
FNDA:28,(anonymous_10)
FNDA:28,(anonymous_11)
FNDA:4,(anonymous_12)
FNDA:4,(anonymous_13)
DA:2,2
DA:3,2
DA:7,2
DA:8,2
DA:10,4
DA:11,4
DA:12,4
DA:14,4
DA:15,2
DA:16,2
DA:21,2
DA:23,2
DA:31,0
DA:33,0
DA:39,28
DA:40,28
DA:41,28
DA:43,28
DA:44,2
DA:45,2
DA:49,26
DA:50,26
DA:54,26
DA:63,0
DA:64,0
DA:68,4
DA:69,4
DA:70,2
DA:71,2
DA:75,2
DA:76,2
LF:31
LH:27
BRDA:14,0,0,2
BRDA:43,1,0,2
BRDA:69,2,0,2
BRDA:69,3,0,0
BRDA:69,3,1,4
BRDA:69,4,0,4
BRDA:69,4,1,4
BRDA:69,5,0,0
BRDA:69,5,1,4
BRDA:69,6,0,4
BRDA:69,6,1,4
BRF:11
BRH:9
end_of_record
TN:
SF:src\controllers\downloadPermissionController.ts
FN:14,(anonymous_8)
FN:14,(anonymous_9)
FN:21,(anonymous_10)
FN:33,(anonymous_11)
FN:33,(anonymous_12)
FN:52,(anonymous_13)
FN:52,(anonymous_14)
FN:69,(anonymous_15)
FN:69,(anonymous_16)
FN:87,(anonymous_17)
FN:87,(anonymous_18)
FNF:11
FNH:0
FNDA:0,(anonymous_8)
FNDA:0,(anonymous_9)
FNDA:0,(anonymous_10)
FNDA:0,(anonymous_11)
FNDA:0,(anonymous_12)
FNDA:0,(anonymous_13)
FNDA:0,(anonymous_14)
FNDA:0,(anonymous_15)
FNDA:0,(anonymous_16)
FNDA:0,(anonymous_17)
FNDA:0,(anonymous_18)
DA:3,2
DA:11,2
DA:12,2
DA:14,2
DA:15,0
DA:16,0
DA:17,0
DA:18,0
DA:22,0
DA:26,0
DA:27,0
DA:33,2
DA:34,0
DA:35,0
DA:36,0
DA:37,0
DA:38,0
DA:44,0
DA:45,0
DA:52,2
DA:53,0
DA:54,0
DA:55,0
DA:56,0
DA:62,0
DA:63,0
DA:69,2
DA:70,0
DA:71,0
DA:72,0
DA:73,0
DA:74,0
DA:80,0
DA:81,0
DA:82,0
DA:87,2
DA:88,0
DA:89,0
DA:90,0
DA:91,0
DA:92,0
DA:96,0
DA:97,0
DA:102,0
DA:103,0
LF:45
LH:8
BRDA:41,0,0,0
BRDA:41,0,1,0
BRDA:90,1,0,0
BRF:3
BRH:0
end_of_record
TN:
SF:src\controllers\genresController.ts
FN:12,(anonymous_8)
FN:12,(anonymous_9)
FN:19,(anonymous_10)
FN:31,(anonymous_11)
FN:31,(anonymous_12)
FN:49,(anonymous_13)
FN:49,(anonymous_14)
FN:66,(anonymous_15)
FN:66,(anonymous_16)
FN:83,(anonymous_17)
FN:83,(anonymous_18)
FNF:11
FNH:10
FNDA:2,(anonymous_8)
FNDA:2,(anonymous_9)
FNDA:0,(anonymous_10)
FNDA:4,(anonymous_11)
FNDA:4,(anonymous_12)
FNDA:10,(anonymous_13)
FNDA:10,(anonymous_14)
FNDA:2,(anonymous_15)
FNDA:2,(anonymous_16)
FNDA:4,(anonymous_17)
FNDA:4,(anonymous_18)
DA:2,2
DA:9,2
DA:10,2
DA:12,2
DA:13,2
DA:14,2
DA:15,2
DA:16,2
DA:20,0
DA:24,0
DA:25,0
DA:26,0
DA:31,4
DA:32,4
DA:33,4
DA:34,4
DA:35,4
DA:36,4
DA:42,0
DA:43,0
DA:49,10
DA:50,10
DA:51,10
DA:52,10
DA:53,10
DA:59,0
DA:60,0
DA:66,2
DA:67,2
DA:68,2
DA:69,2
DA:70,2
DA:71,2
DA:77,0
DA:78,0
DA:83,4
DA:84,4
DA:85,4
DA:86,4
DA:87,2
DA:88,2
DA:92,2
DA:93,2
DA:98,0
DA:99,0
LF:45
LH:33
BRDA:39,0,0,2
BRDA:39,0,1,2
BRDA:86,1,0,2
BRF:3
BRH:3
end_of_record
TN:
SF:src\controllers\playlistController.ts
FN:19,(anonymous_8)
FN:19,(anonymous_9)
FN:33,(anonymous_10)
FN:44,(anonymous_11)
FN:47,(anonymous_12)
FN:71,(anonymous_13)
FN:71,(anonymous_14)
FN:96,(anonymous_15)
FN:96,(anonymous_16)
FN:137,(anonymous_17)
FN:137,(anonymous_18)
FN:185,(anonymous_19)
FN:188,(anonymous_20)
FN:222,(anonymous_21)
FN:225,(anonymous_22)
FNF:15
FNH:0
FNDA:0,(anonymous_8)
FNDA:0,(anonymous_9)
FNDA:0,(anonymous_10)
FNDA:0,(anonymous_11)
FNDA:0,(anonymous_12)
FNDA:0,(anonymous_13)
FNDA:0,(anonymous_14)
FNDA:0,(anonymous_15)
FNDA:0,(anonymous_16)
FNDA:0,(anonymous_17)
FNDA:0,(anonymous_18)
FNDA:0,(anonymous_19)
FNDA:0,(anonymous_20)
FNDA:0,(anonymous_21)
FNDA:0,(anonymous_22)
DA:2,2
DA:13,2
DA:14,2
DA:17,2
DA:19,2
DA:20,0
DA:21,0
DA:22,0
DA:23,0
DA:28,0
DA:29,0
DA:30,0
DA:34,0
DA:38,0
DA:39,0
DA:44,2
DA:47,0
DA:48,0
DA:49,0
DA:50,0
DA:51,0
DA:52,0
DA:56,0
DA:57,0
DA:58,0
DA:64,0
DA:65,0
DA:71,2
DA:72,0
DA:73,0
DA:74,0
DA:75,0
DA:79,0
DA:80,0
DA:81,0
DA:82,0
DA:88,0
DA:89,0
DA:90,0
DA:96,2
DA:97,0
DA:98,0
DA:99,0
DA:100,0
DA:101,0
DA:106,0
DA:107,0
DA:108,0
DA:109,0
DA:115,0
DA:116,0
DA:117,0
DA:122,0
DA:123,0
DA:124,0
DA:130,0
DA:131,0
DA:132,0
DA:137,2
DA:138,0
DA:139,0
DA:140,0
DA:141,0
DA:142,0
DA:147,0
DA:148,0
DA:149,0
DA:150,0
DA:156,0
DA:157,0
DA:158,0
DA:163,0
DA:164,0
DA:165,0
DA:170,0
DA:171,0
DA:176,0
DA:177,0
DA:185,2
DA:188,0
DA:189,0
DA:190,0
DA:191,0
DA:192,0
DA:193,0
DA:198,0
DA:199,0
DA:200,0
DA:201,0
DA:205,0
DA:206,0
DA:207,0
DA:208,0
DA:214,0
DA:215,0
DA:216,0
DA:222,2
DA:225,0
DA:226,0
DA:227,0
DA:228,0
DA:229,0
DA:230,0
DA:235,0
DA:236,0
DA:237,0
DA:238,0
DA:243,0
DA:248,0
DA:249,0
DA:250,0
DA:256,0
DA:257,0
DA:258,0
DA:263,0
DA:264,0
DA:265,0
DA:270,0
DA:271,0
DA:276,0
DA:277,0
LF:121
LH:11
BRDA:21,0,0,0
BRDA:21,1,0,0
BRDA:21,1,1,0
BRDA:21,2,0,0
BRDA:21,2,1,0
BRDA:50,3,0,0
BRDA:50,4,0,0
BRDA:50,4,1,0
BRDA:50,5,0,0
BRDA:50,5,1,0
BRDA:61,6,0,0
BRDA:61,6,1,0
BRDA:73,7,0,0
BRDA:73,8,0,0
BRDA:73,8,1,0
BRDA:73,9,0,0
BRDA:73,9,1,0
BRDA:99,10,0,0
BRDA:99,11,0,0
BRDA:99,11,1,0
BRDA:99,12,0,0
BRDA:99,12,1,0
BRDA:107,13,0,0
BRDA:115,14,0,0
BRDA:140,15,0,0
BRDA:140,16,0,0
BRDA:140,16,1,0
BRDA:140,17,0,0
BRDA:140,17,1,0
BRDA:148,18,0,0
BRDA:156,19,0,0
BRDA:163,20,0,0
BRDA:191,21,0,0
BRDA:191,22,0,0
BRDA:191,22,1,0
BRDA:191,23,0,0
BRDA:191,23,1,0
BRDA:199,24,0,0
BRDA:228,25,0,0
BRDA:228,26,0,0
BRDA:228,26,1,0
BRDA:228,27,0,0
BRDA:228,27,1,0
BRDA:236,28,0,0
BRDA:248,29,0,0
BRDA:256,30,0,0
BRDA:263,31,0,0
BRF:47
BRH:0
end_of_record
TN:
SF:src\controllers\publicPlaylistController.ts
FN:14,(anonymous_8)
FN:14,(anonymous_9)
FN:21,(anonymous_10)
FN:32,(anonymous_11)
FN:32,(anonymous_12)
FN:49,(anonymous_13)
FN:49,(anonymous_14)
FNF:7
FNH:0
FNDA:0,(anonymous_8)
FNDA:0,(anonymous_9)
FNDA:0,(anonymous_10)
FNDA:0,(anonymous_11)
FNDA:0,(anonymous_12)
FNDA:0,(anonymous_13)
FNDA:0,(anonymous_14)
DA:2,2
DA:8,2
DA:12,2
DA:14,2
DA:15,0
DA:16,0
DA:17,0
DA:18,0
DA:22,0
DA:26,0
DA:27,0
DA:32,2
DA:33,0
DA:34,0
DA:35,0
DA:36,0
DA:37,0
DA:43,0
DA:44,0
DA:49,2
DA:50,0
DA:51,0
DA:52,0
DA:53,0
DA:54,0
DA:60,0
DA:61,0
LF:27
LH:6
BRDA:40,0,0,0
BRDA:40,0,1,0
BRDA:57,1,0,0
BRDA:57,1,1,0
BRF:4
BRH:0
end_of_record
TN:
SF:src\controllers\songController.ts
FN:15,(anonymous_8)
FN:15,(anonymous_9)
FN:22,(anonymous_10)
FN:33,(anonymous_11)
FN:33,(anonymous_12)
FN:51,(anonymous_13)
FN:51,(anonymous_14)
FN:108,(anonymous_15)
FN:108,(anonymous_16)
FN:173,(anonymous_17)
FN:173,(anonymous_18)
FNF:11
FNH:0
FNDA:0,(anonymous_8)
FNDA:0,(anonymous_9)
FNDA:0,(anonymous_10)
FNDA:0,(anonymous_11)
FNDA:0,(anonymous_12)
FNDA:0,(anonymous_13)
FNDA:0,(anonymous_14)
FNDA:0,(anonymous_15)
FNDA:0,(anonymous_16)
FNDA:0,(anonymous_17)
FNDA:0,(anonymous_18)
DA:2,2
DA:9,2
DA:10,2
DA:12,2
DA:13,2
DA:15,2
DA:16,0
DA:17,0
DA:18,0
DA:19,0
DA:23,0
DA:27,0
DA:28,0
DA:33,2
DA:34,0
DA:35,0
DA:36,0
DA:37,0
DA:38,0
DA:44,0
DA:45,0
DA:51,2
DA:52,0
DA:54,0
DA:58,0
DA:61,0
DA:67,0
DA:68,0
DA:69,0
DA:70,0
DA:76,0
DA:77,0
DA:78,0
DA:79,0
DA:80,0
DA:85,0
DA:89,0
DA:90,0
DA:92,0
DA:93,0
DA:94,0
DA:100,0
DA:101,0
DA:102,0
DA:108,2
DA:109,0
DA:110,0
DA:112,0
DA:114,0
DA:118,0
DA:121,0
DA:126,0
DA:127,0
DA:128,0
DA:132,0
DA:133,0
DA:134,0
DA:135,0
DA:136,0
DA:140,0
DA:141,0
DA:145,0
DA:146,0
DA:147,0
DA:148,0
DA:149,0
DA:154,0
DA:156,0
DA:159,0
DA:160,0
DA:161,0
DA:167,0
DA:168,0
DA:173,2
DA:174,0
DA:175,0
DA:176,0
DA:177,0
DA:178,0
DA:179,0
DA:182,0
DA:183,0
DA:184,0
DA:188,0
DA:189,0
DA:190,0
DA:191,0
DA:196,0
DA:197,0
LF:89
LH:10
BRDA:41,0,0,0
BRDA:41,0,1,0
BRDA:54,1,0,0
BRDA:55,2,0,0
BRDA:55,2,1,0
BRDA:55,3,0,0
BRDA:55,3,1,0
BRDA:55,4,0,0
BRDA:55,4,1,0
BRDA:56,5,0,0
BRDA:56,5,1,0
BRDA:56,6,0,0
BRDA:56,6,1,0
BRDA:67,7,0,0
BRDA:67,7,1,0
BRDA:67,8,0,0
BRDA:67,8,1,0
BRDA:68,9,0,0
BRDA:76,10,0,0
BRDA:76,11,0,0
BRDA:76,11,1,0
BRDA:76,12,0,0
BRDA:76,12,1,0
BRDA:78,13,0,0
BRDA:90,14,0,0
BRDA:90,14,1,0
BRDA:90,15,0,0
BRDA:90,15,1,0
BRDA:114,16,0,0
BRDA:115,17,0,0
BRDA:115,17,1,0
BRDA:115,18,0,0
BRDA:115,18,1,0
BRDA:115,19,0,0
BRDA:115,19,1,0
BRDA:116,20,0,0
BRDA:116,20,1,0
BRDA:116,21,0,0
BRDA:116,21,1,0
BRDA:126,22,0,0
BRDA:132,23,0,0
BRDA:132,24,0,0
BRDA:132,24,1,0
BRDA:132,25,0,0
BRDA:132,25,1,0
BRDA:134,26,0,0
BRDA:140,27,0,0
BRDA:145,28,0,0
BRDA:145,29,0,0
BRDA:145,29,1,0
BRDA:145,30,0,0
BRDA:145,30,1,0
BRDA:147,31,0,0
BRDA:154,32,0,0
BRDA:177,33,0,0
BRDA:182,34,0,0
BRDA:188,35,0,0
BRDA:189,36,0,0
BRF:58
BRH:0
end_of_record
TN:
SF:src\controllers\subGenresController.ts
FN:13,(anonymous_8)
FN:13,(anonymous_9)
FN:20,(anonymous_10)
FN:32,(anonymous_11)
FN:32,(anonymous_12)
FN:50,(anonymous_13)
FN:50,(anonymous_14)
FN:67,(anonymous_15)
FN:67,(anonymous_16)
FN:84,(anonymous_17)
FN:84,(anonymous_18)
FNF:11
FNH:0
FNDA:0,(anonymous_8)
FNDA:0,(anonymous_9)
FNDA:0,(anonymous_10)
FNDA:0,(anonymous_11)
FNDA:0,(anonymous_12)
FNDA:0,(anonymous_13)
FNDA:0,(anonymous_14)
FNDA:0,(anonymous_15)
FNDA:0,(anonymous_16)
FNDA:0,(anonymous_17)
FNDA:0,(anonymous_18)
DA:2,2
DA:10,2
DA:11,2
DA:13,2
DA:14,0
DA:15,0
DA:16,0
DA:17,0
DA:21,0
DA:22,0
DA:26,0
DA:27,0
DA:32,2
DA:33,0
DA:34,0
DA:35,0
DA:36,0
DA:37,0
DA:43,0
DA:44,0
DA:50,2
DA:51,0
DA:52,0
DA:53,0
DA:54,0
DA:60,0
DA:61,0
DA:67,2
DA:68,0
DA:69,0
DA:70,0
DA:71,0
DA:72,0
DA:78,0
DA:79,0
DA:84,2
DA:85,0
DA:86,0
DA:88,0
DA:89,0
DA:90,0
DA:94,0
DA:95,0
DA:100,0
DA:101,0
LF:45
LH:8
BRDA:40,0,0,0
BRDA:40,0,1,0
BRDA:88,1,0,0
BRF:3
BRH:0
end_of_record
TN:
SF:src\controllers\userController.ts
FN:13,(anonymous_8)
FN:13,(anonymous_9)
FN:33,(anonymous_10)
FN:33,(anonymous_11)
FN:56,(anonymous_12)
FN:56,(anonymous_13)
FN:75,(anonymous_14)
FN:75,(anonymous_15)
FN:84,(anonymous_16)
FN:96,(anonymous_17)
FN:96,(anonymous_18)
FNF:11
FNH:0
FNDA:0,(anonymous_8)
FNDA:0,(anonymous_9)
FNDA:0,(anonymous_10)
FNDA:0,(anonymous_11)
FNDA:0,(anonymous_12)
FNDA:0,(anonymous_13)
FNDA:0,(anonymous_14)
FNDA:0,(anonymous_15)
FNDA:0,(anonymous_16)
FNDA:0,(anonymous_17)
FNDA:0,(anonymous_18)
DA:2,2
DA:3,2
DA:11,2
DA:13,2
DA:14,0
DA:15,0
DA:17,0
DA:19,0
DA:25,0
DA:27,0
DA:33,2
DA:34,0
DA:35,0
DA:40,0
DA:42,0
DA:48,0
DA:50,0
DA:56,2
DA:57,0
DA:58,0
DA:60,0
DA:62,0
DA:67,0
DA:69,0
DA:75,2
DA:76,0
DA:77,0
DA:79,0
DA:81,0
DA:85,0
DA:89,0
DA:91,0
DA:96,2
DA:97,0
DA:98,0
DA:100,0
DA:102,0
DA:108,0
DA:110,0
LF:39
LH:8
BRDA:37,0,0,0
BRDA:37,0,1,0
BRDA:37,1,0,0
BRDA:37,1,1,0
BRDA:58,2,0,0
BRDA:58,2,1,0
BRDA:58,3,0,0
BRDA:58,3,1,0
BRDA:98,4,0,0
BRDA:98,4,1,0
BRDA:98,5,0,0
BRDA:98,5,1,0
BRF:12
BRH:0
end_of_record
TN:
SF:src\dto\downloadPermission.dto.ts
FN:3,(anonymous_0)
FNF:1
FNH:0
FNDA:0,(anonymous_0)
DA:3,2
DA:4,0
LF:2
LH:1
BRF:0
BRH:0
end_of_record
TN:
SF:src\dto\genres.dto.ts
FN:3,(anonymous_0)
FNF:1
FNH:1
FNDA:14,(anonymous_0)
DA:3,2
DA:4,14
LF:2
LH:2
BRF:0
BRH:0
end_of_record
TN:
SF:src\dto\playlist.dto.ts
FN:3,(anonymous_0)
FN:14,(anonymous_1)
FNF:2
FNH:0
FNDA:0,(anonymous_0)
FNDA:0,(anonymous_1)
DA:3,2
DA:4,0
DA:14,2
DA:15,0
LF:4
LH:2
BRF:0
BRH:0
end_of_record
TN:
SF:src\dto\publicPlaylist.dto.ts
FN:20,(anonymous_0)
FN:37,(anonymous_1)
FN:46,(anonymous_2)
FNF:3
FNH:0
FNDA:0,(anonymous_0)
FNDA:0,(anonymous_1)
FNDA:0,(anonymous_2)
DA:20,2
DA:21,0
DA:37,2
DA:38,0
DA:47,0
LF:5
LH:2
BRF:0
BRH:0
end_of_record
TN:
SF:src\dto\song.dto.ts
FN:3,(anonymous_0)
FNF:1
FNH:0
FNDA:0,(anonymous_0)
DA:3,2
DA:4,0
LF:2
LH:1
BRF:0
BRH:0
end_of_record
TN:
SF:src\dto\subGenres.dto.ts
FN:9,(anonymous_0)
FNF:1
FNH:0
FNDA:0,(anonymous_0)
DA:9,2
DA:10,0
LF:2
LH:1
BRDA:13,0,0,0
BRDA:13,0,1,0
BRDA:13,1,0,0
BRDA:13,1,1,0
BRF:4
BRH:0
end_of_record
TN:
SF:src\dto\user.dto.ts
FN:3,(anonymous_0)
FNF:1
FNH:1
FNDA:28,(anonymous_0)
DA:3,2
DA:4,28
LF:2
LH:2
BRF:0
BRH:0
end_of_record
TN:
SF:src\middlewares\authMiddleware.ts
FN:11,(anonymous_0)
FN:12,(anonymous_1)
FNF:2
FNH:2
FNDA:52,(anonymous_0)
FNDA:32,(anonymous_1)
DA:5,2
DA:11,2
DA:12,52
DA:13,32
DA:14,32
DA:15,32
DA:17,32
DA:18,6
DA:21,26
DA:22,26
DA:23,26
DA:25,0
DA:28,26
LF:13
LH:12
BRDA:14,0,0,6
BRDA:14,0,1,26
BRDA:14,1,0,32
BRDA:14,1,1,32
BRDA:15,2,0,0
BRDA:15,2,1,32
BRDA:15,3,0,32
BRDA:15,3,1,32
BRDA:15,4,0,0
BRDA:15,4,1,32
BRDA:15,5,0,32
BRDA:15,5,1,32
BRDA:17,6,0,6
BRDA:17,7,0,32
BRDA:17,7,1,26
BRF:15
BRH:13
end_of_record
TN:
SF:src\middlewares\rbacMiddleware.ts
FN:9,rbacMiddleware
FN:13,(anonymous_1)
FNF:2
FNH:2
FNDA:38,rbacMiddleware
FNDA:26,(anonymous_1)
DA:4,2
DA:9,2
DA:13,38
DA:14,26
DA:15,0
DA:17,26
DA:18,26
DA:23,20
DA:25,6
DA:32,2
LF:10
LH:9
BRDA:14,0,0,0
BRDA:18,1,0,20
BRDA:18,1,1,6
BRDA:19,2,0,26
BRDA:19,2,1,26
BRDA:19,2,2,20
BRF:6
BRH:5
end_of_record
TN:
SF:src\middlewares\songMiddleware.ts
FN:7,(anonymous_14)
FN:8,(anonymous_15)
FN:8,(anonymous_16)
FN:43,(anonymous_17)
FN:44,(anonymous_18)
FN:44,(anonymous_19)
FNF:6
FNH:2
FNDA:4,(anonymous_14)
FNDA:0,(anonymous_15)
FNDA:0,(anonymous_16)
FNDA:4,(anonymous_17)
FNDA:0,(anonymous_18)
FNDA:0,(anonymous_19)
DA:2,2
DA:5,2
DA:7,2
DA:8,4
DA:9,0
DA:11,0
DA:12,0
DA:13,0
DA:18,0
DA:19,0
DA:22,0
DA:23,0
DA:25,0
DA:29,0
DA:34,0
DA:35,0
DA:39,0
DA:43,2
DA:44,4
DA:45,0
DA:47,0
DA:48,0
DA:49,0
DA:51,0
DA:52,0
DA:57,0
LF:26
LH:6
BRDA:9,0,0,0
BRDA:9,0,1,0
BRDA:11,1,0,0
BRDA:11,1,1,0
BRDA:12,2,0,0
BRDA:25,3,0,0
BRDA:26,4,0,0
BRDA:26,4,1,0
BRDA:35,5,0,0
BRDA:35,5,1,0
BRDA:35,6,0,0
BRDA:35,6,1,0
BRDA:35,7,0,0
BRDA:35,7,1,0
BRDA:45,8,0,0
BRDA:45,8,1,0
BRDA:47,9,0,0
BRDA:51,10,0,0
BRDA:51,11,0,0
BRDA:51,11,1,0
BRF:20
BRH:0
end_of_record
TN:
SF:src\policy\playlistPolicy.ts
FN:4,(anonymous_0)
FNF:1
FNH:0
FNDA:0,(anonymous_0)
DA:4,2
DA:5,0
DA:6,0
DA:9,0
DA:10,0
DA:13,0
LF:6
LH:1
BRDA:5,0,0,0
BRDA:9,1,0,0
BRF:2
BRH:0
end_of_record
TN:
SF:src\routes\authRoutes.ts
FNF:0
FNH:0
DA:1,2
DA:2,2
DA:3,2
DA:9,2
DA:11,2
DA:12,2
DA:13,2
DA:15,2
LF:8
LH:8
BRF:0
BRH:0
end_of_record
TN:
SF:src\routes\downloadPermissionRoutes.ts
FNF:0
FNH:0
DA:1,2
DA:8,2
DA:9,2
DA:10,2
DA:18,2
DA:20,2
DA:22,2
DA:28,2
DA:34,2
DA:43,2
DA:51,2
DA:59,2
LF:12
LH:12
BRF:0
BRH:0
end_of_record
TN:
SF:src\routes\genresRoutes.ts
FNF:0
FNH:0
DA:1,2
DA:8,2
DA:9,2
DA:10,2
DA:11,2
DA:15,2
DA:17,2
DA:19,2
DA:20,2
DA:21,2
DA:29,2
DA:37,2
DA:45,2
LF:13
LH:13
BRF:0
BRH:0
end_of_record
TN:
SF:src\routes\index.ts
FNF:0
FNH:0
DA:1,2
DA:2,2
DA:3,2
DA:4,2
DA:5,2
DA:6,2
DA:7,2
DA:8,2
DA:9,2
DA:11,2
DA:13,2
DA:14,2
DA:15,2
DA:16,2
DA:17,2
DA:18,2
DA:19,2
DA:20,2
DA:22,2
LF:19
LH:19
BRF:0
BRH:0
end_of_record
TN:
SF:src\routes\playlistRoutes.ts
FNF:0
FNH:0
DA:1,2
DA:10,2
DA:12,2
DA:13,2
DA:19,2
DA:21,2
DA:23,2
DA:24,2
DA:25,2
DA:32,2
DA:40,2
DA:43,2
DA:50,2
DA:56,2
LF:14
LH:14
BRF:0
BRH:0
end_of_record
TN:
SF:src\routes\publicPlaylistRoutes.ts
FNF:0
FNH:0
DA:1,2
DA:7,2
DA:9,2
DA:11,2
DA:12,2
DA:13,2
DA:15,2
LF:7
LH:7
BRF:0
BRH:0
end_of_record
TN:
SF:src\routes\songRoutes.ts
FNF:0
FNH:0
DA:1,2
DA:8,2
DA:9,2
DA:10,2
DA:11,2
DA:15,2
DA:16,2
DA:18,2
DA:20,2
DA:21,2
DA:22,2
DA:32,2
DA:42,2
DA:50,2
LF:14
LH:14
BRF:0
BRH:0
end_of_record
TN:
SF:src\routes\subGenresRoutes.ts
FNF:0
FNH:0
DA:1,2
DA:8,2
DA:9,2
DA:10,2
DA:11,2
DA:15,2
DA:17,2
DA:19,2
DA:20,2
DA:21,2
DA:29,2
DA:37,2
DA:45,2
LF:13
LH:13
BRF:0
BRH:0
end_of_record
TN:
SF:src\routes\userRoutes.ts
FNF:0
FNH:0
DA:1,2
DA:2,2
DA:9,2
DA:15,2
DA:16,2
DA:18,2
DA:20,2
DA:26,2
DA:33,2
DA:41,2
DA:49,2
DA:57,2
LF:12
LH:12
BRF:0
BRH:0
end_of_record
TN:
SF:src\services\authServices.ts
FN:6,(anonymous_8)
FN:6,(anonymous_9)
FN:30,(anonymous_10)
FN:30,(anonymous_11)
FNF:4
FNH:4
FNDA:4,(anonymous_8)
FNDA:4,(anonymous_9)
FNDA:28,(anonymous_10)
FNDA:28,(anonymous_11)
DA:1,2
DA:3,2
DA:6,4
DA:7,4
DA:11,4
DA:12,2
DA:15,2
DA:16,2
DA:17,0
DA:20,2
DA:30,28
DA:31,28
DA:35,28
DA:36,2
DA:39,26
DA:40,0
DA:43,26
LF:17
LH:15
BRDA:11,0,0,2
BRDA:16,1,0,0
BRDA:35,2,0,2
BRDA:39,3,0,0
BRF:4
BRH:2
end_of_record
TN:
SF:src\services\downloadPermissionService.ts
FN:4,(anonymous_8)
FN:4,(anonymous_9)
FN:8,(anonymous_10)
FN:8,(anonymous_11)
FN:17,(anonymous_12)
FN:17,(anonymous_13)
FN:24,(anonymous_14)
FN:24,(anonymous_15)
FN:34,(anonymous_16)
FN:34,(anonymous_17)
FNF:10
FNH:0
FNDA:0,(anonymous_8)
FNDA:0,(anonymous_9)
FNDA:0,(anonymous_10)
FNDA:0,(anonymous_11)
FNDA:0,(anonymous_12)
FNDA:0,(anonymous_13)
FNDA:0,(anonymous_14)
FNDA:0,(anonymous_15)
FNDA:0,(anonymous_16)
FNDA:0,(anonymous_17)
DA:1,2
DA:4,2
DA:5,0
DA:6,0
DA:8,2
DA:9,0
DA:14,0
DA:17,2
DA:18,0
DA:22,0
DA:24,2
DA:25,0
DA:32,0
DA:34,2
DA:35,0
DA:41,0
DA:42,0
DA:48,0
LF:18
LH:6
BRDA:41,0,0,0
BRF:1
BRH:0
end_of_record
TN:
SF:src\services\genresServices.ts
FN:4,(anonymous_8)
FN:4,(anonymous_9)
FN:8,(anonymous_10)
FN:8,(anonymous_11)
FN:17,(anonymous_12)
FN:17,(anonymous_13)
FN:24,(anonymous_14)
FN:24,(anonymous_15)
FN:34,(anonymous_16)
FN:34,(anonymous_17)
FNF:10
FNH:10
FNDA:2,(anonymous_8)
FNDA:2,(anonymous_9)
FNDA:4,(anonymous_10)
FNDA:4,(anonymous_11)
FNDA:10,(anonymous_12)
FNDA:10,(anonymous_13)
FNDA:2,(anonymous_14)
FNDA:2,(anonymous_15)
FNDA:4,(anonymous_16)
FNDA:4,(anonymous_17)
DA:1,2
DA:4,2
DA:5,2
DA:6,2
DA:8,4
DA:9,4
DA:14,4
DA:17,10
DA:18,10
DA:22,10
DA:24,2
DA:25,2
DA:32,2
DA:34,4
DA:35,4
DA:41,4
DA:42,2
DA:48,2
LF:18
LH:18
BRDA:41,0,0,2
BRF:1
BRH:1
end_of_record
TN:
SF:src\services\playlistServices.ts
FN:4,(anonymous_8)
FN:4,(anonymous_9)
FN:12,(anonymous_10)
FN:12,(anonymous_11)
FN:22,(anonymous_12)
FN:22,(anonymous_13)
FN:29,(anonymous_14)
FN:29,(anonymous_15)
FN:39,(anonymous_16)
FN:39,(anonymous_17)
FN:56,(anonymous_18)
FN:56,(anonymous_19)
FN:63,(anonymous_20)
FN:66,(anonymous_21)
FN:77,(anonymous_22)
FN:80,(anonymous_23)
FNF:16
FNH:0
FNDA:0,(anonymous_8)
FNDA:0,(anonymous_9)
FNDA:0,(anonymous_10)
FNDA:0,(anonymous_11)
FNDA:0,(anonymous_12)
FNDA:0,(anonymous_13)
FNDA:0,(anonymous_14)
FNDA:0,(anonymous_15)
FNDA:0,(anonymous_16)
FNDA:0,(anonymous_17)
FNDA:0,(anonymous_18)
FNDA:0,(anonymous_19)
FNDA:0,(anonymous_20)
FNDA:0,(anonymous_21)
FNDA:0,(anonymous_22)
FNDA:0,(anonymous_23)
DA:1,2
DA:4,2
DA:5,0
DA:10,0
DA:12,2
DA:13,0
DA:19,0
DA:22,2
DA:23,0
DA:27,0
DA:29,2
DA:30,0
DA:37,0
DA:39,2
DA:40,0
DA:46,0
DA:47,0
DA:53,0
DA:56,2
DA:57,0
DA:61,0
DA:63,2
DA:66,0
DA:67,0
DA:74,0
DA:77,2
DA:80,0
DA:81,0
DA:88,0
DA:89,0
DA:96,0
LF:31
LH:9
BRDA:46,0,0,0
BRDA:88,1,0,0
BRF:2
BRH:0
end_of_record
TN:
SF:src\services\publicPlaylistService.ts
FN:2,(anonymous_8)
FN:2,(anonymous_9)
FN:25,(anonymous_10)
FN:25,(anonymous_11)
FN:48,(anonymous_12)
FN:48,(anonymous_13)
FNF:6
FNH:0
FNDA:0,(anonymous_8)
FNDA:0,(anonymous_9)
FNDA:0,(anonymous_10)
FNDA:0,(anonymous_11)
FNDA:0,(anonymous_12)
FNDA:0,(anonymous_13)
DA:1,2
DA:2,2
DA:3,0
DA:23,0
DA:25,2
DA:26,0
DA:46,0
DA:48,2
DA:49,0
DA:62,0
LF:10
LH:4
BRF:0
BRH:0
end_of_record
TN:
SF:src\services\songServices.ts
FN:4,(anonymous_8)
FN:4,(anonymous_9)
FN:8,(anonymous_10)
FN:8,(anonymous_11)
FN:17,(anonymous_12)
FN:17,(anonymous_13)
FN:24,(anonymous_14)
FN:24,(anonymous_15)
FN:34,(anonymous_16)
FN:34,(anonymous_17)
FNF:10
FNH:0
FNDA:0,(anonymous_8)
FNDA:0,(anonymous_9)
FNDA:0,(anonymous_10)
FNDA:0,(anonymous_11)
FNDA:0,(anonymous_12)
FNDA:0,(anonymous_13)
FNDA:0,(anonymous_14)
FNDA:0,(anonymous_15)
FNDA:0,(anonymous_16)
FNDA:0,(anonymous_17)
DA:1,2
DA:4,2
DA:5,0
DA:6,0
DA:8,2
DA:9,0
DA:14,0
DA:17,2
DA:18,0
DA:22,0
DA:24,2
DA:25,0
DA:32,0
DA:34,2
DA:35,0
DA:41,0
DA:42,0
DA:48,0
LF:18
LH:6
BRDA:41,0,0,0
BRF:1
BRH:0
end_of_record
TN:
SF:src\services\subGenresServices.ts
FN:4,(anonymous_8)
FN:4,(anonymous_9)
FN:16,(anonymous_10)
FN:16,(anonymous_11)
FN:27,(anonymous_12)
FN:27,(anonymous_13)
FN:34,(anonymous_14)
FN:34,(anonymous_15)
FN:44,(anonymous_16)
FN:44,(anonymous_17)
FNF:10
FNH:0
FNDA:0,(anonymous_8)
FNDA:0,(anonymous_9)
FNDA:0,(anonymous_10)
FNDA:0,(anonymous_11)
FNDA:0,(anonymous_12)
FNDA:0,(anonymous_13)
FNDA:0,(anonymous_14)
FNDA:0,(anonymous_15)
FNDA:0,(anonymous_16)
FNDA:0,(anonymous_17)
DA:1,2
DA:4,2
DA:5,0
DA:14,0
DA:16,2
DA:17,0
DA:24,0
DA:27,2
DA:28,0
DA:32,0
DA:34,2
DA:35,0
DA:42,0
DA:44,2
DA:45,0
DA:51,0
DA:53,0
DA:59,0
LF:18
LH:6
BRDA:51,0,0,0
BRF:1
BRH:0
end_of_record
TN:
SF:src\services\userServices.ts
FN:6,(anonymous_8)
FN:6,(anonymous_9)
FN:22,(anonymous_10)
FN:22,(anonymous_11)
FN:42,(anonymous_12)
FN:42,(anonymous_13)
FN:53,(anonymous_14)
FN:53,(anonymous_15)
FN:59,(anonymous_16)
FN:59,(anonymous_17)
FNF:10
FNH:0
FNDA:0,(anonymous_8)
FNDA:0,(anonymous_9)
FNDA:0,(anonymous_10)
FNDA:0,(anonymous_11)
FNDA:0,(anonymous_12)
FNDA:0,(anonymous_13)
FNDA:0,(anonymous_14)
FNDA:0,(anonymous_15)
FNDA:0,(anonymous_16)
FNDA:0,(anonymous_17)
DA:1,2
DA:3,2
DA:6,2
DA:7,0
DA:8,0
DA:9,0
DA:12,0
DA:22,2
DA:23,0
DA:24,0
DA:25,0
DA:26,0
DA:28,0
DA:31,0
DA:38,0
DA:39,0
DA:42,2
DA:43,0
DA:49,0
DA:50,0
DA:53,2
DA:54,0
DA:56,0
DA:57,0
DA:59,2
DA:60,0
DA:66,0
DA:67,0
LF:28
LH:7
BRDA:8,0,0,0
BRDA:23,1,0,0
BRDA:23,2,0,0
BRDA:23,2,1,0
BRDA:23,3,0,0
BRDA:23,3,1,0
BRDA:25,4,0,0
BRDA:38,5,0,0
BRDA:49,6,0,0
BRDA:56,7,0,0
BRDA:66,8,0,0
BRF:11
BRH:0
end_of_record
TN:
SF:src\utils\deleteFiles.ts
FN:3,deleteFile
FNF:1
FNH:0
FNDA:0,deleteFile
DA:1,2
DA:3,2
DA:4,0
DA:6,0
DA:7,0
DA:10,0
LF:6
LH:2
BRDA:6,0,0,0
BRF:1
BRH:0
end_of_record
TN:
SF:src\utils\hashPassword.ts
FN:2,(anonymous_8)
FN:4,(anonymous_9)
FN:13,(anonymous_10)
FN:16,(anonymous_11)
FNF:4
FNH:4
FNDA:30,(anonymous_8)
FNDA:30,(anonymous_9)
FNDA:26,(anonymous_10)
FNDA:26,(anonymous_11)
DA:1,2
DA:2,2
DA:4,30
DA:5,30
DA:6,30
DA:7,30
DA:9,0
DA:13,2
DA:16,26
DA:17,26
DA:18,26
DA:20,0
LF:12
LH:10
BRF:0
BRH:0
end_of_record
TN:
SF:src\utils\jwt.ts
FN:12,(anonymous_1)
FN:20,(anonymous_2)
FNF:2
FNH:2
FNDA:26,(anonymous_1)
FNDA:52,(anonymous_2)
DA:2,2
DA:12,2
DA:13,26
DA:20,2
DA:21,52
DA:24,2
LF:6
LH:6
BRF:0
BRH:0
end_of_record
TN:
SF:src\utils\limiter.ts
FNF:0
FNH:0
DA:1,2
DA:2,2
DA:11,2
LF:3
LH:3
BRF:0
BRH:0
end_of_record
TN:
SF:src\utils\logger.ts
FNF:0
FNH:0
DA:1,2
DA:2,2
LF:2
LH:2
BRF:0
BRH:0
end_of_record
TN:
SF:src\utils\uploadFile.ts
FN:7,(anonymous_8)
FN:10,(anonymous_9)
FN:13,(anonymous_10)
FN:25,(anonymous_11)
FN:38,(anonymous_12)
FN:38,(anonymous_13)
FNF:6
FNH:0
FNDA:0,(anonymous_8)
FNDA:0,(anonymous_9)
FNDA:0,(anonymous_10)
FNDA:0,(anonymous_11)
FNDA:0,(anonymous_12)
FNDA:0,(anonymous_13)
DA:3,2
DA:4,2
DA:7,2
DA:10,0
DA:13,0
DA:14,0
DA:15,0
DA:18,0
DA:19,0
DA:26,0
DA:28,0
DA:34,0
DA:38,2
DA:40,0
DA:41,0
DA:43,0
DA:91,2
LF:17
LH:5
BRDA:14,0,0,0
BRDA:26,1,0,0
BRDA:29,2,0,0
BRDA:29,2,1,0
BRDA:29,3,0,0
BRDA:29,3,1,0
BRF:6
BRH:0
end_of_record
TN:
SF:src\validators\authValidator.ts
FN:5,(anonymous_0)
FN:46,(anonymous_1)
FN:65,(anonymous_2)
FNF:3
FNH:3
FNDA:2,(anonymous_0)
FNDA:2,(anonymous_1)
FNDA:56,(anonymous_2)
DA:3,2
DA:5,2
DA:6,2
DA:46,2
DA:47,2
DA:65,2
DA:66,56
DA:67,56
DA:68,12
DA:71,44
DA:72,44
DA:75,2
LF:12
LH:12
BRDA:67,0,0,12
BRF:1
BRH:1
end_of_record
TN:
SF:src\validators\downloadPermissionvalidator.ts
FN:6,(anonymous_8)
FN:15,(anonymous_9)
FN:15,(anonymous_10)
FN:35,(anonymous_11)
FN:35,(anonymous_12)
FN:56,(anonymous_13)
FN:56,(anonymous_14)
FN:80,(anonymous_15)
FN:89,(anonymous_16)
FN:89,(anonymous_17)
FN:109,(anonymous_18)
FN:109,(anonymous_19)
FN:130,(anonymous_20)
FN:130,(anonymous_21)
FN:154,(anonymous_22)
FN:164,(anonymous_23)
FN:168,(anonymous_24)
FN:196,(anonymous_25)
FN:200,(anonymous_26)
FNF:19
FNH:2
FNDA:2,(anonymous_8)
FNDA:0,(anonymous_9)
FNDA:0,(anonymous_10)
FNDA:0,(anonymous_11)
FNDA:0,(anonymous_12)
FNDA:0,(anonymous_13)
FNDA:0,(anonymous_14)
FNDA:2,(anonymous_15)
FNDA:0,(anonymous_16)
FNDA:0,(anonymous_17)
FNDA:0,(anonymous_18)
FNDA:0,(anonymous_19)
FNDA:0,(anonymous_20)
FNDA:0,(anonymous_21)
FNDA:0,(anonymous_22)
FNDA:0,(anonymous_23)
FNDA:0,(anonymous_24)
FNDA:0,(anonymous_25)
FNDA:0,(anonymous_26)
DA:1,2
DA:4,2
DA:6,2
DA:7,2
DA:15,0
DA:16,0
DA:17,0
DA:22,0
DA:23,0
DA:25,0
DA:35,0
DA:36,0
DA:37,0
DA:42,0
DA:43,0
DA:45,0
DA:56,0
DA:57,0
DA:58,0
DA:63,0
DA:64,0
DA:66,0
DA:80,2
DA:81,2
DA:89,0
DA:90,0
DA:91,0
DA:96,0
DA:97,0
DA:99,0
DA:109,0
DA:110,0
DA:111,0
DA:116,0
DA:117,0
DA:119,0
DA:130,0
DA:131,0
DA:132,0
DA:137,0
DA:138,0
DA:140,0
DA:154,2
DA:155,0
DA:156,0
DA:157,0
DA:160,0
DA:161,0
DA:164,2
DA:168,0
DA:169,0
DA:170,0
DA:171,0
DA:173,0
DA:174,0
DA:177,0
DA:185,0
DA:186,0
DA:194,0
DA:196,2
DA:200,0
DA:201,0
DA:202,0
DA:203,0
DA:205,0
DA:206,0
DA:207,0
DA:209,0
DA:214,0
DA:215,0
DA:221,0
DA:225,2
DA:226,2
DA:227,2
DA:228,2
DA:229,2
LF:76
LH:14
BRDA:22,0,0,0
BRDA:42,1,0,0
BRDA:63,2,0,0
BRDA:96,3,0,0
BRDA:116,4,0,0
BRDA:137,5,0,0
BRDA:156,6,0,0
BRDA:170,7,0,0
BRDA:180,8,0,0
BRDA:180,8,1,0
BRDA:181,9,0,0
BRDA:181,9,1,0
BRDA:185,10,0,0
BRDA:202,11,0,0
BRDA:214,12,0,0
BRF:15
BRH:0
end_of_record
TN:
SF:src\validators\genresValidator.ts
FN:4,(anonymous_0)
FN:16,(anonymous_1)
FN:28,(anonymous_2)
FNF:3
FNH:2
FNDA:2,(anonymous_0)
FNDA:2,(anonymous_1)
FNDA:0,(anonymous_2)
DA:2,2
DA:4,2
DA:5,2
DA:16,2
DA:17,2
DA:28,2
DA:29,0
DA:30,0
DA:31,0
DA:34,0
DA:35,0
DA:38,2
LF:12
LH:7
BRDA:30,0,0,0
BRF:1
BRH:0
end_of_record
TN:
SF:src\validators\playlistValidator.ts
FN:5,(anonymous_8)
FN:23,(anonymous_9)
FN:32,(anonymous_10)
FN:32,(anonymous_11)
FN:48,(anonymous_12)
FN:67,(anonymous_13)
FNF:6
FNH:3
FNDA:2,(anonymous_8)
FNDA:2,(anonymous_9)
FNDA:0,(anonymous_10)
FNDA:0,(anonymous_11)
FNDA:2,(anonymous_12)
FNDA:0,(anonymous_13)
DA:1,2
DA:3,2
DA:5,2
DA:6,2
DA:23,2
DA:24,2
DA:32,0
DA:33,0
DA:34,0
DA:39,0
DA:40,0
DA:42,0
DA:48,2
DA:49,2
DA:67,2
DA:68,0
DA:69,0
DA:70,0
DA:73,0
DA:74,0
DA:78,2
DA:79,2
DA:80,2
DA:81,2
LF:24
LH:13
BRDA:39,0,0,0
BRDA:69,1,0,0
BRF:2
BRH:0
end_of_record
TN:
SF:src\validators\songValidator.ts
FN:5,(anonymous_8)
FN:42,(anonymous_9)
FN:42,(anonymous_10)
FN:62,(anonymous_11)
FN:62,(anonymous_12)
FN:79,(anonymous_13)
FN:116,(anonymous_14)
FN:116,(anonymous_15)
FN:136,(anonymous_16)
FN:136,(anonymous_17)
FN:153,(anonymous_18)
FNF:11
FNH:2
FNDA:2,(anonymous_8)
FNDA:0,(anonymous_9)
FNDA:0,(anonymous_10)
FNDA:0,(anonymous_11)
FNDA:0,(anonymous_12)
FNDA:2,(anonymous_13)
FNDA:0,(anonymous_14)
FNDA:0,(anonymous_15)
FNDA:0,(anonymous_16)
FNDA:0,(anonymous_17)
FNDA:0,(anonymous_18)
DA:1,2
DA:3,2
DA:5,2
DA:6,2
DA:42,0
DA:43,0
DA:44,0
DA:49,0
DA:50,0
DA:52,0
DA:62,0
DA:63,0
DA:64,0
DA:69,0
DA:70,0
DA:72,0
DA:79,2
DA:80,2
DA:116,0
DA:117,0
DA:118,0
DA:123,0
DA:124,0
DA:126,0
DA:136,0
DA:137,0
DA:138,0
DA:143,0
DA:144,0
DA:146,0
DA:153,2
DA:154,0
DA:155,0
DA:156,0
DA:159,0
DA:160,0
DA:163,2
LF:37
LH:8
BRDA:49,0,0,0
BRDA:69,1,0,0
BRDA:123,2,0,0
BRDA:143,3,0,0
BRDA:155,4,0,0
BRF:5
BRH:0
end_of_record
TN:
SF:src\validators\subGenresValidator.ts
FN:5,(anonymous_8)
FN:20,(anonymous_9)
FN:20,(anonymous_10)
FN:36,(anonymous_11)
FN:51,(anonymous_12)
FN:51,(anonymous_13)
FN:67,(anonymous_14)
FNF:7
FNH:2
FNDA:2,(anonymous_8)
FNDA:0,(anonymous_9)
FNDA:0,(anonymous_10)
FNDA:2,(anonymous_11)
FNDA:0,(anonymous_12)
FNDA:0,(anonymous_13)
FNDA:0,(anonymous_14)
DA:1,2
DA:3,2
DA:5,2
DA:6,2
DA:20,0
DA:21,0
DA:22,0
DA:27,0
DA:28,0
DA:30,0
DA:36,2
DA:37,2
DA:51,0
DA:52,0
DA:53,0
DA:58,0
DA:59,0
DA:61,0
DA:67,2
DA:68,0
DA:69,0
DA:70,0
DA:73,0
DA:74,0
DA:77,2
LF:25
LH:8
BRDA:27,0,0,0
BRDA:58,1,0,0
BRDA:69,2,0,0
BRF:3
BRH:0
end_of_record
TN:
SF:src\validators\userValidator.ts
FN:6,(anonymous_8)
FN:19,(anonymous_9)
FN:19,(anonymous_10)
FN:60,(anonymous_11)
FN:73,(anonymous_12)
FN:73,(anonymous_13)
FN:122,(anonymous_14)
FN:131,(anonymous_15)
FN:135,(anonymous_16)
FNF:9
FNH:2
FNDA:2,(anonymous_8)
FNDA:0,(anonymous_9)
FNDA:0,(anonymous_10)
FNDA:2,(anonymous_11)
FNDA:0,(anonymous_12)
FNDA:0,(anonymous_13)
FNDA:0,(anonymous_14)
FNDA:0,(anonymous_15)
FNDA:0,(anonymous_16)
DA:1,2
DA:4,2
DA:6,2
DA:7,2
DA:19,0
DA:20,0
DA:21,0
DA:27,0
DA:28,0
DA:31,0
DA:60,2
DA:61,2
DA:73,0
DA:74,0
DA:75,0
DA:82,0
DA:83,0
DA:86,0
DA:88,0
DA:122,2
DA:123,0
DA:124,0
DA:125,0
DA:128,0
DA:129,0
DA:131,2
DA:135,0
DA:136,0
DA:137,0
DA:138,0
DA:141,0
DA:142,0
DA:145,0
DA:151,0
DA:152,0
DA:158,0
DA:161,2
LF:37
LH:9
BRDA:27,0,0,0
BRDA:78,1,0,0
BRDA:78,1,1,0
BRDA:78,2,0,0
BRDA:78,2,1,0
BRDA:82,3,0,0
BRDA:124,4,0,0
BRDA:137,5,0,0
BRDA:151,6,0,0
BRF:9
BRH:0
end_of_record
